2025-02-14 15:22:20 - Arquivo: clear.0004.jpg | Prob: 0.0000 | Threshold: 0.6000
2025-02-14 15:24:14 - Arquivo: clear.0012.jpg | Prob: 0.2516 | Threshold: 0.6000
2025-02-14 15:24:56 - Arquivo: clear.0015.jpg | Prob: 0.1782 | Threshold: 0.6000
2025-02-14 15:28:46 - Arquivo: clear.0031.jpg | Prob: 0.0001 | Threshold: 0.6000
2025-02-14 15:29:00 - Arquivo: clear.0032.jpg | Prob: 0.0642 | Threshold: 0.6000
2025-02-14 15:29:15 - Arquivo: clear.0033.jpg | Prob: 0.0002 | Threshold: 0.6000
2025-02-14 15:33:33 - Arquivo: clear.0051.jpg | Prob: 0.0012 | Threshold: 0.6000
2025-02-14 15:36:14 - Arquivo: clear.0061.jpg | Prob: 0.2997 | Threshold: 0.6000
2025-02-14 15:36:42 - Arquivo: clear.0063.jpg | Prob: 0.1053 | Threshold: 0.6000
2025-02-14 15:38:08 - Arquivo: clear.0069.jpg | Prob: 0.0006 | Threshold: 0.6000
2025-02-14 15:40:33 - Arquivo: clear.0079.jpg | Prob: 0.0175 | Threshold: 0.6000
2025-02-14 15:42:18 - Arquivo: clear.0086.jpg | Prob: 0.1842 | Threshold: 0.6000
2025-02-14 15:42:48 - Arquivo: clear.0088.jpg | Prob: 0.0262 | Threshold: 0.6000
2025-02-14 15:45:18 - Arquivo: clear.0098.jpg | Prob: 0.0081 | Threshold: 0.6000
2025-02-14 15:46:45 - Arquivo: clear.0104.jpg | Prob: 0.1702 | Threshold: 0.6000
2025-02-14 15:47:13 - Arquivo: clear.0106.jpg | Prob: 0.0084 | Threshold: 0.6000
2025-02-14 15:51:16 - Arquivo: clear.0122.jpg | Prob: 0.1576 | Threshold: 0.6000
2025-02-14 15:54:06 - Arquivo: clear.0133.jpg | Prob: 0.0297 | Threshold: 0.6000
2025-02-14 15:54:52 - Arquivo: clear.0136.jpg | Prob: 0.3018 | Threshold: 0.6000
2025-02-14 15:55:37 - Arquivo: clear.0139.jpg | Prob: 0.0008 | Threshold: 0.6000
2025-02-14 16:01:28 - Arquivo: clear.0162.jpg | Prob: 0.0000 | Threshold: 0.6000
2025-02-14 16:01:57 - Arquivo: clear.0164.jpg | Prob: 0.1692 | Threshold: 0.6000
2025-02-14 16:04:51 - Arquivo: clear.0175.jpg | Prob: 0.2881 | Threshold: 0.6000
2025-02-14 16:06:06 - Arquivo: clear.0180.jpg | Prob: 0.0012 | Threshold: 0.6000
2025-02-14 16:08:03 - Arquivo: clear.0188.jpg | Prob: 0.0279 | Threshold: 0.6000
2025-02-14 16:08:18 - Arquivo: clear.0189.jpg | Prob: 0.0001 | Threshold: 0.6000
2025-02-14 16:29:44 - Arquivo: clear.0272.jpeg | Prob: 0.0077 | Threshold: 0.6000
2025-02-14 16:31:11 - Arquivo: clear.0277.jpeg | Prob: 0.0015 | Threshold: 0.6000
2025-02-14 16:48:08 - Arquivo: clear.0341.jpeg | Prob: 0.0115 | Threshold: 0.6000
2025-02-14 16:56:49 - Arquivo: clear.0376.jpeg | Prob: 0.0000 | Threshold: 0.6000
2025-02-14 16:57:06 - Arquivo: clear.0377.jpeg | Prob: 0.1157 | Threshold: 0.6000
2025-02-14 16:57:19 - Arquivo: clear.0378.jpeg | Prob: 0.0180 | Threshold: 0.6000
2025-02-14 16:57:33 - Arquivo: clear.0379.jpeg | Prob: 0.0544 | Threshold: 0.6000
2025-02-14 17:07:30 - Arquivo: clear.0419.jpg | Prob: 0.2069 | Threshold: 0.6000
2025-02-14 17:07:44 - Arquivo: clear.0420.jpg | Prob: 0.0156 | Threshold: 0.6000
2025-02-14 17:09:40 - Arquivo: clear.0428.jpg | Prob: 0.0009 | Threshold: 0.6000
2025-02-14 17:11:29 - Arquivo: clear.0435.jpg | Prob: 0.0002 | Threshold: 0.6000
2025-02-14 17:11:43 - Arquivo: clear.0436.jpg | Prob: 0.0000 | Threshold: 0.6000
2025-02-14 17:16:56 - Arquivo: clear.0457.jpg | Prob: 0.0000 | Threshold: 0.6000
2025-02-14 17:18:51 - Arquivo: clear.0465.jpg | Prob: 0.2175 | Threshold: 0.6000
2025-02-14 17:24:42 - Arquivo: clear.0489.jpg | Prob: 0.0010 | Threshold: 0.6000
2025-02-14 17:26:20 - Arquivo: clear.0496.jpg | Prob: 0.1047 | Threshold: 0.6000
2025-02-14 17:29:45 - Arquivo: clear.0510.jpg | Prob: 0.0000 | Threshold: 0.6000
2025-02-14 17:35:30 - Arquivo: clear.0533.jpg | Prob: 0.2222 | Threshold: 0.6000
2025-02-14 17:37:09 - Arquivo: clear.0540.jpg | Prob: 0.0340 | Threshold: 0.6000
2025-02-14 17:40:59 - Arquivo: clear.0556.jpg | Prob: 0.0123 | Threshold: 0.6000
2025-02-14 17:45:51 - Arquivo: clear.0576.jpg | Prob: 0.1715 | Threshold: 0.6000
2025-02-14 17:46:05 - Arquivo: clear.0577.jpg | Prob: 0.1305 | Threshold: 0.6000
2025-02-14 17:57:51 - Arquivo: clear.0617.jpg | Prob: 0.0035 | Threshold: 0.6000
2025-02-14 18:14:12 - Arquivo: clear.0675.jpg | Prob: 0.0077 | Threshold: 0.6000
2025-02-14 18:14:28 - Arquivo: clear.0676.jpg | Prob: 0.0004 | Threshold: 0.6000
2025-02-14 18:23:38 - Arquivo: clear.0706.jpg | Prob: 0.1465 | Threshold: 0.6000
2025-02-14 18:49:01 - Arquivo: clear.0794.jpg | Prob: 0.0221 | Threshold: 0.6000
2025-02-14 19:00:53 - Arquivo: clear.0834.jpg | Prob: 0.0001 | Threshold: 0.6000
2025-02-14 19:01:46 - Arquivo: clear.0837.jpg | Prob: 0.3197 | Threshold: 0.6000
2025-02-14 19:02:38 - Arquivo: clear.0840.jpg | Prob: 0.2974 | Threshold: 0.6000
2025-02-14 19:04:51 - Arquivo: clear.0848.jpg | Prob: 0.0983 | Threshold: 0.6000
2025-02-14 19:05:07 - Arquivo: clear.0849.jpg | Prob: 0.0003 | Threshold: 0.6000
2025-02-14 19:10:17 - Arquivo: clear.0867.jpg | Prob: 0.0003 | Threshold: 0.6000
2025-02-14 19:12:52 - Arquivo: clear.0876.jpg | Prob: 0.0022 | Threshold: 0.6000
2025-02-14 19:19:05 - Arquivo: clear.0898.jpg | Prob: 0.1311 | Threshold: 0.6000
2025-02-14 19:25:46 - Arquivo: clear.0921.jpg | Prob: 0.0779 | Threshold: 0.6000
2025-02-14 19:26:04 - Arquivo: clear.0922.jpg | Prob: 0.0177 | Threshold: 0.6000
2025-02-14 19:26:40 - Arquivo: clear.0924.jpg | Prob: 0.0038 | Threshold: 0.6000
2025-02-14 19:28:42 - Arquivo: clear.0931.jpg | Prob: 0.0002 | Threshold: 0.6000
2025-02-14 19:29:52 - Arquivo: clear.0935.jpg | Prob: 0.0950 | Threshold: 0.6000
2025-02-14 19:30:31 - Arquivo: clear.0937.jpg | Prob: 0.0005 | Threshold: 0.6000
2025-02-14 19:34:17 - Arquivo: clear.0950.jpg | Prob: 0.0000 | Threshold: 0.6000
2025-02-14 19:34:34 - Arquivo: clear.0951.jpg | Prob: 0.0000 | Threshold: 0.6000
2025-02-14 19:43:13 - Arquivo: clear.0981.jpg | Prob: 0.0378 | Threshold: 0.6000
2025-02-14 19:45:54 - Arquivo: clear.0990.jpeg | Prob: 0.2410 | Threshold: 0.6000
2025-02-14 19:46:11 - Arquivo: clear.0991.jpeg | Prob: 0.0003 | Threshold: 0.6000
2025-02-14 19:50:36 - Arquivo: clear.1006.jpg | Prob: 0.0000 | Threshold: 0.6000
2025-02-14 19:54:13 - Arquivo: nonclear.0000.jpg | Prob: 0.0001 | Threshold: 0.6000
2025-02-14 19:54:29 - Arquivo: nonclear.0001.jpg | Prob: 0.0002 | Threshold: 0.6000
2025-02-14 19:54:47 - Arquivo: nonclear.0002.jpg | Prob: 0.0000 | Threshold: 0.6000
2025-02-14 19:55:03 - Arquivo: nonclear.0003.jpg | Prob: 0.0000 | Threshold: 0.6000
2025-02-14 19:55:19 - Arquivo: nonclear.0004.jpg | Prob: 0.2958 | Threshold: 0.6000
2025-02-14 19:55:36 - Arquivo: nonclear.0005.jpg | Prob: 0.0000 | Threshold: 0.6000
2025-02-14 19:55:53 - Arquivo: nonclear.0006.jpg | Prob: 0.0000 | Threshold: 0.6000
2025-02-14 19:56:09 - Arquivo: nonclear.0007.jpg | Prob: 0.0004 | Threshold: 0.6000
2025-02-14 19:56:25 - Arquivo: nonclear.0008.jpg | Prob: 0.0007 | Threshold: 0.6000
2025-02-14 19:56:41 - Arquivo: nonclear.0009.jpg | Prob: 0.0012 | Threshold: 0.6000
2025-02-14 19:56:58 - Arquivo: nonclear.0010.jpg | Prob: 0.0000 | Threshold: 0.6000
2025-02-14 19:57:15 - Arquivo: nonclear.0011.jpg | Prob: 0.0162 | Threshold: 0.6000
2025-02-14 19:57:33 - Arquivo: nonclear.0012.jpg | Prob: 0.0000 | Threshold: 0.6000
2025-02-14 19:57:49 - Arquivo: nonclear.0013.jpg | Prob: 0.0728 | Threshold: 0.6000
2025-02-14 19:58:05 - Arquivo: nonclear.0014.jpg | Prob: 0.9882 | Threshold: 0.6000
2025-02-14 19:58:24 - Arquivo: nonclear.0015.jpg | Prob: 0.0000 | Threshold: 0.6000
2025-02-14 19:58:40 - Arquivo: nonclear.0016.jpg | Prob: 0.0000 | Threshold: 0.6000
2025-02-14 19:58:57 - Arquivo: nonclear.0017.jpg | Prob: 1.0000 | Threshold: 0.6000
2025-02-14 19:59:13 - Arquivo: nonclear.0018.jpg | Prob: 0.0000 | Threshold: 0.6000
2025-02-14 19:59:28 - Arquivo: nonclear.0019.jpg | Prob: 0.0000 | Threshold: 0.6000
2025-02-14 19:59:45 - Arquivo: nonclear.0020.jpg | Prob: 1.0000 | Threshold: 0.6000
2025-02-14 20:00:01 - Arquivo: nonclear.0021.jpg | Prob: 0.0001 | Threshold: 0.6000
2025-02-14 20:00:19 - Arquivo: nonclear.0022.jpg | Prob: 0.0029 | Threshold: 0.6000
2025-02-14 20:00:35 - Arquivo: nonclear.0023.jpg | Prob: 0.0000 | Threshold: 0.6000
2025-02-14 20:00:51 - Arquivo: nonclear.0024.jpg | Prob: 0.0000 | Threshold: 0.6000
2025-02-14 20:01:08 - Arquivo: nonclear.0025.jpg | Prob: 0.0000 | Threshold: 0.6000
2025-02-14 20:01:24 - Arquivo: nonclear.0026.jpg | Prob: 0.0000 | Threshold: 0.6000
2025-02-14 20:01:41 - Arquivo: nonclear.0027.jpg | Prob: 0.0000 | Threshold: 0.6000
2025-02-14 20:01:58 - Arquivo: nonclear.0028.jpg | Prob: 0.0001 | Threshold: 0.6000
2025-02-14 20:02:14 - Arquivo: nonclear.0029.jpg | Prob: 0.0000 | Threshold: 0.6000
2025-02-14 20:02:35 - Arquivo: nonclear.0030.jpg | Prob: 0.0000 | Threshold: 0.6000
2025-02-14 20:02:51 - Arquivo: nonclear.0031.jpg | Prob: 0.0000 | Threshold: 0.6000
2025-02-14 20:03:12 - Arquivo: nonclear.0032.jpg | Prob: 0.0000 | Threshold: 0.6000
2025-02-14 20:03:34 - Arquivo: nonclear.0033.jpg | Prob: 0.0000 | Threshold: 0.6000
2025-02-14 20:03:52 - Arquivo: nonclear.0034.jpg | Prob: 0.0000 | Threshold: 0.6000
2025-02-14 20:04:13 - Arquivo: nonclear.0035.jpg | Prob: 0.2110 | Threshold: 0.6000
2025-02-14 20:04:31 - Arquivo: nonclear.0036.jpg | Prob: 0.0000 | Threshold: 0.6000
2025-02-14 20:04:49 - Arquivo: nonclear.0037.jpg | Prob: 0.0000 | Threshold: 0.6000
2025-02-14 20:05:08 - Arquivo: nonclear.0038.jpg | Prob: 0.0000 | Threshold: 0.6000
2025-02-14 20:05:25 - Arquivo: nonclear.0039.jpg | Prob: 0.6939 | Threshold: 0.6000
2025-02-14 20:05:43 - Arquivo: nonclear.0040.jpg | Prob: 0.1084 | Threshold: 0.6000
2025-02-14 20:05:59 - Arquivo: nonclear.0041.jpg | Prob: 0.0000 | Threshold: 0.6000
2025-02-14 20:06:17 - Arquivo: nonclear.0042.jpg | Prob: 0.0000 | Threshold: 0.6000
2025-02-14 20:06:34 - Arquivo: nonclear.0043.jpg | Prob: 0.0003 | Threshold: 0.6000
2025-02-14 20:06:51 - Arquivo: nonclear.0044.jpg | Prob: 0.0000 | Threshold: 0.6000
2025-02-14 20:07:07 - Arquivo: nonclear.0045.jpg | Prob: 0.0000 | Threshold: 0.6000
2025-02-14 20:07:28 - Arquivo: nonclear.0046.jpg | Prob: 0.0000 | Threshold: 0.6000
2025-02-14 20:07:45 - Arquivo: nonclear.0047.jpg | Prob: 0.0000 | Threshold: 0.6000
2025-02-14 20:08:02 - Arquivo: nonclear.0048.jpg | Prob: 0.0000 | Threshold: 0.6000
2025-02-14 20:08:20 - Arquivo: nonclear.0049.jpg | Prob: 0.0000 | Threshold: 0.6000
2025-02-14 20:08:44 - Arquivo: nonclear.0050.jpg | Prob: 0.0000 | Threshold: 0.6000
2025-02-14 20:09:01 - Arquivo: nonclear.0051.jpg | Prob: 0.0042 | Threshold: 0.6000
2025-02-14 20:09:17 - Arquivo: nonclear.0052.jpg | Prob: 0.0000 | Threshold: 0.6000
2025-02-14 20:09:35 - Arquivo: nonclear.0053.jpg | Prob: 0.4355 | Threshold: 0.6000
2025-02-14 20:09:52 - Arquivo: nonclear.0054.jpg | Prob: 0.0000 | Threshold: 0.6000
2025-02-14 20:10:09 - Arquivo: nonclear.0055.jpg | Prob: 0.0000 | Threshold: 0.6000
2025-02-14 20:10:26 - Arquivo: nonclear.0056.jpg | Prob: 0.0004 | Threshold: 0.6000
2025-02-14 20:10:43 - Arquivo: nonclear.0057.jpg | Prob: 0.0000 | Threshold: 0.6000
2025-02-14 20:11:00 - Arquivo: nonclear.0058.jpg | Prob: 0.0000 | Threshold: 0.6000
2025-02-14 20:11:16 - Arquivo: nonclear.0059.jpg | Prob: 0.0010 | Threshold: 0.6000
2025-02-14 20:11:34 - Arquivo: nonclear.0060.jpg | Prob: 0.5994 | Threshold: 0.6000
2025-02-14 20:11:52 - Arquivo: nonclear.0061.jpg | Prob: 0.0004 | Threshold: 0.6000
2025-02-14 20:12:12 - Arquivo: nonclear.0062.jpg | Prob: 0.0000 | Threshold: 0.6000
2025-02-14 20:12:29 - Arquivo: nonclear.0063.jpg | Prob: 1.0000 | Threshold: 0.6000
2025-02-14 20:12:48 - Arquivo: nonclear.0064.jpg | Prob: 0.0000 | Threshold: 0.6000
2025-02-14 20:13:06 - Arquivo: nonclear.0065.jpg | Prob: 0.0000 | Threshold: 0.6000
2025-02-14 20:13:26 - Arquivo: nonclear.0066.jpg | Prob: 0.0000 | Threshold: 0.6000
2025-02-14 20:13:49 - Arquivo: nonclear.0067.jpg | Prob: 0.0000 | Threshold: 0.6000
2025-02-14 20:14:13 - Arquivo: nonclear.0068.jpg | Prob: 0.0000 | Threshold: 0.6000
2025-02-14 20:14:30 - Arquivo: nonclear.0069.jpg | Prob: 0.0000 | Threshold: 0.6000
2025-02-14 20:14:46 - Arquivo: nonclear.0070.jpg | Prob: 0.0000 | Threshold: 0.6000
2025-02-14 20:15:03 - Arquivo: nonclear.0071.jpg | Prob: 0.0000 | Threshold: 0.6000
2025-02-14 20:15:21 - Arquivo: nonclear.0072.jpg | Prob: 0.0003 | Threshold: 0.6000
2025-02-14 20:15:39 - Arquivo: nonclear.0073.jpg | Prob: 0.0000 | Threshold: 0.6000
2025-02-14 20:16:01 - Arquivo: nonclear.0074.jpg | Prob: 0.0000 | Threshold: 0.6000
2025-02-14 20:16:18 - Arquivo: nonclear.0075.jpg | Prob: 0.0000 | Threshold: 0.6000
2025-02-14 20:16:34 - Arquivo: nonclear.0076.jpg | Prob: 0.0021 | Threshold: 0.6000
2025-02-14 20:16:51 - Arquivo: nonclear.0077.jpg | Prob: 0.0000 | Threshold: 0.6000
2025-02-14 20:17:14 - Arquivo: nonclear.0078.jpg | Prob: 0.0000 | Threshold: 0.6000
2025-02-14 20:17:30 - Arquivo: nonclear.0079.jpg | Prob: 0.0000 | Threshold: 0.6000
2025-02-14 20:17:46 - Arquivo: nonclear.0080.jpg | Prob: 0.0000 | Threshold: 0.6000
2025-02-14 20:18:02 - Arquivo: nonclear.0081.jpg | Prob: 0.0000 | Threshold: 0.6000
2025-02-14 20:18:31 - Arquivo: nonclear.0082.jpg | Prob: 0.0000 | Threshold: 0.6000
2025-02-14 20:18:47 - Arquivo: nonclear.0083.jpg | Prob: 0.0000 | Threshold: 0.6000
2025-02-14 20:19:04 - Arquivo: nonclear.0084.jpg | Prob: 0.0000 | Threshold: 0.6000
2025-02-14 20:19:20 - Arquivo: nonclear.0085.jpg | Prob: 0.0000 | Threshold: 0.6000
2025-02-14 20:19:37 - Arquivo: nonclear.0086.jpg | Prob: 0.5691 | Threshold: 0.6000
2025-02-14 20:19:55 - Arquivo: nonclear.0087.jpg | Prob: 0.0000 | Threshold: 0.6000
2025-02-14 20:20:12 - Arquivo: nonclear.0088.jpg | Prob: 0.0001 | Threshold: 0.6000
2025-02-14 20:20:32 - Arquivo: nonclear.0089.jpg | Prob: 1.0000 | Threshold: 0.6000
2025-02-14 20:20:49 - Arquivo: nonclear.0090.jpg | Prob: 0.0001 | Threshold: 0.6000
2025-02-14 20:21:04 - Arquivo: nonclear.0091.jpg | Prob: 1.0000 | Threshold: 0.6000
2025-02-14 20:21:21 - Arquivo: nonclear.0092.jpg | Prob: 0.0000 | Threshold: 0.6000
2025-02-14 20:21:37 - Arquivo: nonclear.0093.jpg | Prob: 1.0000 | Threshold: 0.6000
2025-02-14 20:21:54 - Arquivo: nonclear.0094.jpg | Prob: 0.0001 | Threshold: 0.6000
2025-02-14 20:22:12 - Arquivo: nonclear.0095.jpg | Prob: 0.0000 | Threshold: 0.6000
2025-02-14 20:22:29 - Arquivo: nonclear.0096.jpg | Prob: 0.0000 | Threshold: 0.6000
2025-02-14 20:22:48 - Arquivo: nonclear.0097.jpg | Prob: 0.0000 | Threshold: 0.6000
2025-02-14 20:23:05 - Arquivo: nonclear.0098.jpg | Prob: 0.0000 | Threshold: 0.6000
2025-02-14 20:23:23 - Arquivo: nonclear.0099.jpg | Prob: 0.0000 | Threshold: 0.6000
2025-02-14 20:23:40 - Arquivo: nonclear.0100.jpg | Prob: 0.0000 | Threshold: 0.6000
2025-02-14 20:23:56 - Arquivo: nonclear.0101.jpg | Prob: 0.0000 | Threshold: 0.6000
2025-02-14 20:24:16 - Arquivo: nonclear.0102.jpg | Prob: 0.0000 | Threshold: 0.6000
2025-02-14 20:24:32 - Arquivo: nonclear.0103.jpg | Prob: 0.0000 | Threshold: 0.6000
2025-02-14 20:24:48 - Arquivo: nonclear.0104.jpg | Prob: 0.0000 | Threshold: 0.6000
2025-02-14 20:25:05 - Arquivo: nonclear.0105.jpg | Prob: 0.0000 | Threshold: 0.6000
2025-02-14 20:25:22 - Arquivo: nonclear.0106.jpg | Prob: 0.0000 | Threshold: 0.6000
2025-02-14 20:25:38 - Arquivo: nonclear.0107.jpg | Prob: 0.0000 | Threshold: 0.6000
2025-02-14 20:25:58 - Arquivo: nonclear.0108.jpg | Prob: 0.0000 | Threshold: 0.6000
2025-02-14 20:26:13 - Arquivo: nonclear.0109.jpg | Prob: 0.0000 | Threshold: 0.6000
2025-02-14 20:26:29 - Arquivo: nonclear.0110.jpg | Prob: 0.0000 | Threshold: 0.6000
2025-02-14 20:26:45 - Arquivo: nonclear.0111.jpg | Prob: 0.0129 | Threshold: 0.6000
2025-02-14 20:27:02 - Arquivo: nonclear.0112.jpg | Prob: 0.0000 | Threshold: 0.6000
2025-02-14 20:27:19 - Arquivo: nonclear.0113.jpg | Prob: 0.0000 | Threshold: 0.6000
2025-02-14 20:27:36 - Arquivo: nonclear.0114.jpg | Prob: 0.0001 | Threshold: 0.6000
2025-02-14 20:27:54 - Arquivo: nonclear.0115.jpg | Prob: 0.0000 | Threshold: 0.6000
2025-02-14 20:28:13 - Arquivo: nonclear.0116.jpg | Prob: 0.1327 | Threshold: 0.6000
2025-02-14 20:28:29 - Arquivo: nonclear.0117.jpg | Prob: 0.0666 | Threshold: 0.6000
2025-02-14 20:28:45 - Arquivo: nonclear.0118.jpg | Prob: 0.9649 | Threshold: 0.6000
2025-02-14 20:29:01 - Arquivo: nonclear.0119.jpg | Prob: 0.0478 | Threshold: 0.6000
2025-02-14 20:29:22 - Arquivo: nonclear.0120.jpg | Prob: 0.0000 | Threshold: 0.6000
2025-02-14 20:29:38 - Arquivo: nonclear.0121.jpg | Prob: 0.0000 | Threshold: 0.6000
2025-02-14 20:29:55 - Arquivo: nonclear.0122.jpg | Prob: 0.9998 | Threshold: 0.6000
2025-02-14 20:30:11 - Arquivo: nonclear.0123.jpg | Prob: 0.0000 | Threshold: 0.6000
2025-02-14 20:30:27 - Arquivo: nonclear.0124.jpg | Prob: 0.0000 | Threshold: 0.6000
2025-02-14 20:30:51 - Arquivo: nonclear.0125.jpg | Prob: 0.2719 | Threshold: 0.6000
2025-02-14 20:31:08 - Arquivo: nonclear.0126.jpg | Prob: 0.0000 | Threshold: 0.6000
2025-02-14 20:31:26 - Arquivo: nonclear.0127.jpg | Prob: 0.0000 | Threshold: 0.6000
2025-02-14 20:31:43 - Arquivo: nonclear.0128.jpg | Prob: 0.0001 | Threshold: 0.6000
2025-02-14 20:31:59 - Arquivo: nonclear.0129.jpg | Prob: 0.0000 | Threshold: 0.6000
2025-02-14 20:32:17 - Arquivo: nonclear.0130.jpg | Prob: 0.0000 | Threshold: 0.6000
2025-02-14 20:32:33 - Arquivo: nonclear.0131.jpg | Prob: 0.0013 | Threshold: 0.6000
2025-02-14 20:32:51 - Arquivo: nonclear.0132.jpg | Prob: 0.0000 | Threshold: 0.6000
2025-02-14 20:33:06 - Arquivo: nonclear.0133.jpg | Prob: 0.0001 | Threshold: 0.6000
2025-02-14 20:33:24 - Arquivo: nonclear.0134.jpg | Prob: 0.0000 | Threshold: 0.6000
2025-02-14 20:33:40 - Arquivo: nonclear.0135.jpg | Prob: 0.0000 | Threshold: 0.6000
2025-02-14 20:33:56 - Arquivo: nonclear.0136.jpg | Prob: 0.0317 | Threshold: 0.6000
2025-02-14 20:34:14 - Arquivo: nonclear.0137.jpg | Prob: 0.0763 | Threshold: 0.6000
2025-02-14 20:34:32 - Arquivo: nonclear.0138.jpg | Prob: 0.0001 | Threshold: 0.6000
2025-02-14 20:34:48 - Arquivo: nonclear.0139.jpg | Prob: 0.0000 | Threshold: 0.6000
2025-02-14 20:35:05 - Arquivo: nonclear.0140.jpg | Prob: 0.0078 | Threshold: 0.6000
2025-02-14 20:35:23 - Arquivo: nonclear.0141.jpg | Prob: 0.0027 | Threshold: 0.6000
2025-02-14 20:35:39 - Arquivo: nonclear.0142.jpg | Prob: 0.0003 | Threshold: 0.6000
2025-02-14 20:35:57 - Arquivo: nonclear.0143.jpg | Prob: 0.0000 | Threshold: 0.6000
2025-02-14 20:36:14 - Arquivo: nonclear.0144.jpg | Prob: 1.0000 | Threshold: 0.6000
2025-02-14 20:36:30 - Arquivo: nonclear.0145.jpg | Prob: 0.0085 | Threshold: 0.6000
2025-02-14 20:36:48 - Arquivo: nonclear.0146.jpg | Prob: 0.0000 | Threshold: 0.6000
2025-02-14 20:37:04 - Arquivo: nonclear.0147.jpg | Prob: 0.0000 | Threshold: 0.6000
2025-02-14 20:37:20 - Arquivo: nonclear.0148.jpg | Prob: 0.0421 | Threshold: 0.6000
2025-02-14 20:37:36 - Arquivo: nonclear.0149.jpg | Prob: 0.0000 | Threshold: 0.6000
2025-02-14 20:37:55 - Arquivo: nonclear.0150.jpg | Prob: 0.0000 | Threshold: 0.6000
2025-02-14 20:38:11 - Arquivo: nonclear.0151.jpg | Prob: 0.0000 | Threshold: 0.6000
2025-02-14 20:38:29 - Arquivo: nonclear.0152.jpg | Prob: 0.0000 | Threshold: 0.6000
2025-02-14 20:38:45 - Arquivo: nonclear.0153.jpg | Prob: 0.0005 | Threshold: 0.6000
2025-02-14 20:39:01 - Arquivo: nonclear.0154.jpg | Prob: 0.9998 | Threshold: 0.6000
2025-02-14 20:39:19 - Arquivo: nonclear.0155.jpg | Prob: 0.8927 | Threshold: 0.6000
2025-02-14 20:39:37 - Arquivo: nonclear.0156.jpg | Prob: 0.0000 | Threshold: 0.6000
2025-02-14 20:39:54 - Arquivo: nonclear.0157.jpg | Prob: 1.0000 | Threshold: 0.6000
2025-02-14 20:40:10 - Arquivo: nonclear.0158.jpg | Prob: 0.0003 | Threshold: 0.6000
2025-02-14 20:40:26 - Arquivo: nonclear.0159.jpg | Prob: 0.0000 | Threshold: 0.6000
2025-02-14 20:40:43 - Arquivo: nonclear.0160.jpg | Prob: 0.9752 | Threshold: 0.6000
2025-02-14 20:41:01 - Arquivo: nonclear.0161.jpg | Prob: 1.0000 | Threshold: 0.6000
2025-02-14 20:41:20 - Arquivo: nonclear.0162.jpg | Prob: 0.0000 | Threshold: 0.6000
2025-02-14 20:41:47 - Arquivo: nonclear.0163.jpg | Prob: 0.0000 | Threshold: 0.6000
2025-02-14 20:42:07 - Arquivo: nonclear.0164.jpg | Prob: 0.0000 | Threshold: 0.6000
2025-02-14 20:42:26 - Arquivo: nonclear.0165.jpg | Prob: 0.0348 | Threshold: 0.6000
2025-02-14 20:42:42 - Arquivo: nonclear.0166.jpg | Prob: 0.9999 | Threshold: 0.6000
2025-02-14 20:43:09 - Arquivo: nonclear.0167.jpg | Prob: 0.0000 | Threshold: 0.6000
2025-02-14 20:43:27 - Arquivo: nonclear.0168.jpg | Prob: 0.0000 | Threshold: 0.6000
2025-02-14 20:43:44 - Arquivo: nonclear.0169.jpg | Prob: 0.0000 | Threshold: 0.6000
2025-02-14 20:44:02 - Arquivo: nonclear.0170.jpg | Prob: 0.0000 | Threshold: 0.6000
2025-02-14 20:44:21 - Arquivo: nonclear.0171.jpg | Prob: 0.0014 | Threshold: 0.6000
2025-02-14 20:44:38 - Arquivo: nonclear.0172.jpg | Prob: 0.0000 | Threshold: 0.6000
2025-02-14 20:44:59 - Arquivo: nonclear.0173.jpg | Prob: 0.2540 | Threshold: 0.6000
2025-02-14 20:45:15 - Arquivo: nonclear.0174.jpg | Prob: 0.0000 | Threshold: 0.6000
2025-02-14 20:45:32 - Arquivo: nonclear.0175.jpg | Prob: 0.0000 | Threshold: 0.6000
2025-02-14 20:45:49 - Arquivo: nonclear.0176.jpg | Prob: 0.0000 | Threshold: 0.6000
2025-02-14 20:46:05 - Arquivo: nonclear.0177.jpg | Prob: 0.0000 | Threshold: 0.6000
2025-02-14 20:46:23 - Arquivo: nonclear.0178.jpg | Prob: 0.0008 | Threshold: 0.6000
2025-02-14 20:46:40 - Arquivo: nonclear.0179.jpg | Prob: 0.0000 | Threshold: 0.6000
2025-02-14 20:46:58 - Arquivo: nonclear.0180.jpg | Prob: 0.0000 | Threshold: 0.6000
2025-02-14 20:47:15 - Arquivo: nonclear.0181.jpg | Prob: 0.0000 | Threshold: 0.6000
2025-02-14 20:47:33 - Arquivo: nonclear.0182.jpg | Prob: 0.0000 | Threshold: 0.6000
2025-02-14 20:47:50 - Arquivo: nonclear.0183.jpg | Prob: 0.0000 | Threshold: 0.6000
2025-02-14 20:48:07 - Arquivo: nonclear.0184.jpg | Prob: 0.0000 | Threshold: 0.6000
2025-02-14 20:48:23 - Arquivo: nonclear.0185.jpg | Prob: 0.0000 | Threshold: 0.6000
2025-02-14 20:48:39 - Arquivo: nonclear.0186.jpg | Prob: 1.0000 | Threshold: 0.6000
2025-02-14 20:48:56 - Arquivo: nonclear.0187.jpg | Prob: 0.0000 | Threshold: 0.6000
2025-02-14 20:49:14 - Arquivo: nonclear.0188.jpg | Prob: 0.0000 | Threshold: 0.6000
2025-02-14 20:49:31 - Arquivo: nonclear.0189.jpg | Prob: 0.0000 | Threshold: 0.6000
2025-02-14 20:49:48 - Arquivo: nonclear.0190.jpg | Prob: 0.0000 | Threshold: 0.6000
2025-02-14 20:50:04 - Arquivo: nonclear.0191.jpg | Prob: 0.0020 | Threshold: 0.6000
2025-02-14 20:50:28 - Arquivo: nonclear.0192.jpg | Prob: 0.0000 | Threshold: 0.6000
2025-02-14 20:50:47 - Arquivo: nonclear.0193.jpg | Prob: 0.0000 | Threshold: 0.6000
2025-02-14 20:51:05 - Arquivo: nonclear.0194.jpg | Prob: 0.0000 | Threshold: 0.6000
2025-02-14 20:51:23 - Arquivo: nonclear.0195.jpeg | Prob: 0.0000 | Threshold: 0.6000
2025-02-14 20:51:41 - Arquivo: nonclear.0196.jpeg | Prob: 0.0000 | Threshold: 0.6000
2025-02-14 20:51:59 - Arquivo: nonclear.0197.jpeg | Prob: 0.0000 | Threshold: 0.6000
2025-02-14 20:52:16 - Arquivo: nonclear.0198.jpeg | Prob: 0.0000 | Threshold: 0.6000
2025-02-14 20:52:34 - Arquivo: nonclear.0199.jpeg | Prob: 0.0000 | Threshold: 0.6000
2025-02-14 20:52:51 - Arquivo: nonclear.0200.jpeg | Prob: 0.3742 | Threshold: 0.6000
2025-02-14 20:53:10 - Arquivo: nonclear.0201.jpeg | Prob: 0.9990 | Threshold: 0.6000
2025-02-14 20:53:30 - Arquivo: nonclear.0202.jpeg | Prob: 0.0000 | Threshold: 0.6000
2025-02-14 20:53:50 - Arquivo: nonclear.0203.jpeg | Prob: 0.0000 | Threshold: 0.6000
2025-02-14 20:54:14 - Arquivo: nonclear.0204.jpeg | Prob: 0.0000 | Threshold: 0.6000
2025-02-14 20:54:32 - Arquivo: nonclear.0205.jpeg | Prob: 0.0000 | Threshold: 0.6000
2025-02-14 20:54:49 - Arquivo: nonclear.0206.jpeg | Prob: 0.0000 | Threshold: 0.6000
2025-02-14 20:55:06 - Arquivo: nonclear.0207.jpeg | Prob: 0.0000 | Threshold: 0.6000
2025-02-14 20:55:24 - Arquivo: nonclear.0208.jpeg | Prob: 0.0000 | Threshold: 0.6000
2025-02-14 20:55:42 - Arquivo: nonclear.0209.jpeg | Prob: 0.0000 | Threshold: 0.6000
2025-02-14 20:55:59 - Arquivo: nonclear.0210.jpeg | Prob: 0.0000 | Threshold: 0.6000
2025-02-14 20:56:17 - Arquivo: nonclear.0211.jpeg | Prob: 0.0001 | Threshold: 0.6000
2025-02-14 20:56:35 - Arquivo: nonclear.0212.jpeg | Prob: 0.0000 | Threshold: 0.6000
2025-02-14 20:56:53 - Arquivo: nonclear.0213.jpeg | Prob: 0.0000 | Threshold: 0.6000
2025-02-14 20:57:13 - Arquivo: nonclear.0214.jpeg | Prob: 0.0000 | Threshold: 0.6000
2025-02-14 20:57:30 - Arquivo: nonclear.0215.jpeg | Prob: 0.0000 | Threshold: 0.6000
2025-02-14 20:57:47 - Arquivo: nonclear.0216.jpeg | Prob: 0.0000 | Threshold: 0.6000
2025-02-14 20:58:04 - Arquivo: nonclear.0217.jpeg | Prob: 0.0000 | Threshold: 0.6000
2025-02-14 20:58:21 - Arquivo: nonclear.0218.jpeg | Prob: 0.0000 | Threshold: 0.6000
2025-02-14 20:58:38 - Arquivo: nonclear.0219.jpeg | Prob: 0.0000 | Threshold: 0.6000
2025-02-14 20:58:54 - Arquivo: nonclear.0220.jpeg | Prob: 0.0000 | Threshold: 0.6000
2025-02-14 20:59:12 - Arquivo: nonclear.0221.jpeg | Prob: 0.0000 | Threshold: 0.6000
2025-02-14 20:59:29 - Arquivo: nonclear.0222.jpeg | Prob: 0.0001 | Threshold: 0.6000
2025-02-14 20:59:48 - Arquivo: nonclear.0223.jpeg | Prob: 0.0000 | Threshold: 0.6000
2025-02-14 21:00:05 - Arquivo: nonclear.0224.jpeg | Prob: 0.0000 | Threshold: 0.6000
2025-02-14 21:00:22 - Arquivo: nonclear.0225.jpeg | Prob: 0.0000 | Threshold: 0.6000
2025-02-14 21:00:39 - Arquivo: nonclear.0226.jpeg | Prob: 0.0000 | Threshold: 0.6000
2025-02-14 21:00:56 - Arquivo: nonclear.0227.jpeg | Prob: 0.0000 | Threshold: 0.6000
2025-02-14 21:01:13 - Arquivo: nonclear.0228.jpeg | Prob: 0.0002 | Threshold: 0.6000
2025-02-14 21:01:30 - Arquivo: nonclear.0229.jpeg | Prob: 0.0000 | Threshold: 0.6000
2025-02-14 21:01:49 - Arquivo: nonclear.0230.jpeg | Prob: 0.0000 | Threshold: 0.6000
2025-02-14 21:02:07 - Arquivo: nonclear.0231.jpeg | Prob: 0.0000 | Threshold: 0.6000
2025-02-14 21:02:23 - Arquivo: nonclear.0232.jpeg | Prob: 0.0002 | Threshold: 0.6000
2025-02-14 21:02:40 - Arquivo: nonclear.0233.jpeg | Prob: 0.0241 | Threshold: 0.6000
2025-02-14 21:03:05 - Arquivo: nonclear.0234.jpeg | Prob: 0.0000 | Threshold: 0.6000
2025-02-14 21:03:23 - Arquivo: nonclear.0235.jpeg | Prob: 0.0000 | Threshold: 0.6000
2025-02-14 21:03:41 - Arquivo: nonclear.0236.jpeg | Prob: 0.0000 | Threshold: 0.6000
2025-02-14 21:03:58 - Arquivo: nonclear.0237.jpeg | Prob: 0.0000 | Threshold: 0.6000
2025-02-14 21:04:14 - Arquivo: nonclear.0238.jpeg | Prob: 0.0000 | Threshold: 0.6000
2025-02-14 21:04:31 - Arquivo: nonclear.0239.jpeg | Prob: 0.0000 | Threshold: 0.6000
2025-02-14 21:04:48 - Arquivo: nonclear.0240.jpeg | Prob: 0.9999 | Threshold: 0.6000
2025-02-14 21:05:11 - Arquivo: nonclear.0241.jpeg | Prob: 0.0025 | Threshold: 0.6000
2025-02-14 21:05:28 - Arquivo: nonclear.0242.jpeg | Prob: 0.0001 | Threshold: 0.6000
2025-02-14 21:05:45 - Arquivo: nonclear.0243.jpeg | Prob: 0.0046 | Threshold: 0.6000
2025-02-14 21:06:02 - Arquivo: nonclear.0244.jpeg | Prob: 0.0000 | Threshold: 0.6000
2025-02-14 21:06:20 - Arquivo: nonclear.0245.jpeg | Prob: 0.9999 | Threshold: 0.6000
2025-02-14 21:06:37 - Arquivo: nonclear.0246.jpeg | Prob: 0.0000 | Threshold: 0.6000
2025-02-14 21:07:04 - Arquivo: nonclear.0247.jpeg | Prob: 0.0000 | Threshold: 0.6000
2025-02-14 21:07:22 - Arquivo: nonclear.0248.jpeg | Prob: 0.0000 | Threshold: 0.6000
2025-02-14 21:07:37 - Arquivo: nonclear.0249.jpeg | Prob: 0.0000 | Threshold: 0.6000
2025-02-14 21:07:53 - Arquivo: nonclear.0250.jpeg | Prob: 0.0000 | Threshold: 0.6000
2025-02-14 21:08:11 - Arquivo: nonclear.0251.jpeg | Prob: 0.0000 | Threshold: 0.6000
2025-02-14 21:08:29 - Arquivo: nonclear.0252.jpeg | Prob: 0.0000 | Threshold: 0.6000
2025-02-14 21:08:46 - Arquivo: nonclear.0253.jpeg | Prob: 0.0000 | Threshold: 0.6000
2025-02-14 21:09:03 - Arquivo: nonclear.0254.jpeg | Prob: 0.0000 | Threshold: 0.6000
2025-02-14 21:09:19 - Arquivo: nonclear.0255.jpeg | Prob: 0.0048 | Threshold: 0.6000
2025-02-14 21:09:36 - Arquivo: nonclear.0256.jpeg | Prob: 0.0000 | Threshold: 0.6000
2025-02-14 21:09:52 - Arquivo: nonclear.0257.jpeg | Prob: 0.0004 | Threshold: 0.6000
2025-02-14 21:10:08 - Arquivo: nonclear.0258.jpeg | Prob: 0.0000 | Threshold: 0.6000
2025-02-14 21:10:25 - Arquivo: nonclear.0259.jpeg | Prob: 0.0000 | Threshold: 0.6000
2025-02-14 21:10:41 - Arquivo: nonclear.0260.jpeg | Prob: 0.0654 | Threshold: 0.6000
2025-02-14 21:10:58 - Arquivo: nonclear.0261.jpeg | Prob: 0.0005 | Threshold: 0.6000
2025-02-14 21:11:15 - Arquivo: nonclear.0262.jpeg | Prob: 0.0000 | Threshold: 0.6000
2025-02-14 21:11:35 - Arquivo: nonclear.0263.jpeg | Prob: 0.0000 | Threshold: 0.6000
2025-02-14 21:11:51 - Arquivo: nonclear.0264.jpeg | Prob: 1.0000 | Threshold: 0.6000
2025-02-14 21:12:09 - Arquivo: nonclear.0265.jpeg | Prob: 0.0000 | Threshold: 0.6000
2025-02-14 21:12:28 - Arquivo: nonclear.0266.jpeg | Prob: 0.0000 | Threshold: 0.6000
2025-02-14 21:12:44 - Arquivo: nonclear.0267.jpeg | Prob: 0.0000 | Threshold: 0.6000
2025-02-14 21:13:00 - Arquivo: nonclear.0268.jpeg | Prob: 0.0000 | Threshold: 0.6000
2025-02-14 21:13:16 - Arquivo: nonclear.0269.jpeg | Prob: 0.0000 | Threshold: 0.6000
2025-02-14 21:13:34 - Arquivo: nonclear.0270.jpeg | Prob: 0.0004 | Threshold: 0.6000
2025-02-14 21:13:53 - Arquivo: nonclear.0271.jpeg | Prob: 0.0000 | Threshold: 0.6000
2025-02-14 21:14:09 - Arquivo: nonclear.0272.jpeg | Prob: 0.0000 | Threshold: 0.6000
2025-02-14 21:14:25 - Arquivo: nonclear.0273.jpeg | Prob: 0.0000 | Threshold: 0.6000
2025-02-14 21:14:46 - Arquivo: nonclear.0274.jpeg | Prob: 0.0000 | Threshold: 0.6000
2025-02-14 21:15:14 - Arquivo: nonclear.0275.jpeg | Prob: 0.0121 | Threshold: 0.6000
2025-02-14 21:15:30 - Arquivo: nonclear.0276.jpeg | Prob: 0.0000 | Threshold: 0.6000
2025-02-14 21:15:48 - Arquivo: nonclear.0277.jpeg | Prob: 0.0000 | Threshold: 0.6000
2025-02-14 21:16:05 - Arquivo: nonclear.0278.jpg | Prob: 0.0001 | Threshold: 0.6000
2025-02-14 21:16:21 - Arquivo: nonclear.0279.jpg | Prob: 0.0000 | Threshold: 0.6000
2025-02-14 21:16:39 - Arquivo: nonclear.0280.jpg | Prob: 0.0000 | Threshold: 0.6000
2025-02-14 21:16:56 - Arquivo: nonclear.0281.jpg | Prob: 0.0000 | Threshold: 0.6000
2025-02-14 21:17:13 - Arquivo: nonclear.0282.jpg | Prob: 0.0000 | Threshold: 0.6000
2025-02-14 21:17:30 - Arquivo: nonclear.0283.jpg | Prob: 0.0001 | Threshold: 0.6000
2025-02-14 21:17:46 - Arquivo: nonclear.0284.jpg | Prob: 0.0000 | Threshold: 0.6000
2025-02-14 21:18:02 - Arquivo: nonclear.0285.jpg | Prob: 0.0000 | Threshold: 0.6000
2025-02-14 21:18:20 - Arquivo: nonclear.0286.jpg | Prob: 0.0001 | Threshold: 0.6000
2025-02-14 21:18:36 - Arquivo: nonclear.0287.jpg | Prob: 0.0000 | Threshold: 0.6000
2025-02-14 21:18:52 - Arquivo: nonclear.0288.jpg | Prob: 0.0001 | Threshold: 0.6000
2025-02-14 21:19:09 - Arquivo: nonclear.0289.jpg | Prob: 0.0000 | Threshold: 0.6000
2025-02-14 21:19:26 - Arquivo: nonclear.0290.jpg | Prob: 0.0000 | Threshold: 0.6000
2025-02-14 21:19:43 - Arquivo: nonclear.0291.jpg | Prob: 0.0000 | Threshold: 0.6000
2025-02-14 21:20:02 - Arquivo: nonclear.0292.jpg | Prob: 0.0000 | Threshold: 0.6000
2025-02-14 21:20:18 - Arquivo: nonclear.0293.jpg | Prob: 0.0000 | Threshold: 0.6000
2025-02-14 21:20:37 - Arquivo: nonclear.0294.jpg | Prob: 0.0000 | Threshold: 0.6000
2025-02-14 21:20:55 - Arquivo: nonclear.0295.jpg | Prob: 0.0000 | Threshold: 0.6000
2025-02-14 21:21:11 - Arquivo: nonclear.0296.jpg | Prob: 0.0000 | Threshold: 0.6000
2025-02-14 21:21:30 - Arquivo: nonclear.0297.jpg | Prob: 0.0000 | Threshold: 0.6000
2025-02-14 21:21:47 - Arquivo: nonclear.0298.jpg | Prob: 0.1034 | Threshold: 0.6000
2025-02-14 21:22:04 - Arquivo: nonclear.0299.jpg | Prob: 0.0000 | Threshold: 0.6000
2025-02-14 21:22:21 - Arquivo: nonclear.0300.jpg | Prob: 0.0000 | Threshold: 0.6000
2025-02-14 21:22:37 - Arquivo: nonclear.0301.jpg | Prob: 0.0000 | Threshold: 0.6000
2025-02-14 21:22:54 - Arquivo: nonclear.0302.jpg | Prob: 0.0001 | Threshold: 0.6000
2025-02-14 21:23:12 - Arquivo: nonclear.0303.jpg | Prob: 0.0000 | Threshold: 0.6000
2025-02-14 21:23:29 - Arquivo: nonclear.0304.jpg | Prob: 0.0278 | Threshold: 0.6000
2025-02-14 21:23:46 - Arquivo: nonclear.0305.jpg | Prob: 0.1087 | Threshold: 0.6000
2025-02-14 21:24:03 - Arquivo: nonclear.0306.jpg | Prob: 0.0219 | Threshold: 0.6000
2025-02-14 21:24:21 - Arquivo: nonclear.0307.jpg | Prob: 0.0000 | Threshold: 0.6000
2025-02-14 21:24:39 - Arquivo: nonclear.0308.jpg | Prob: 0.0008 | Threshold: 0.6000
2025-02-14 21:24:55 - Arquivo: nonclear.0309.jpg | Prob: 0.0001 | Threshold: 0.6000
2025-02-14 21:25:12 - Arquivo: nonclear.0310.jpg | Prob: 0.0126 | Threshold: 0.6000
2025-02-14 21:25:31 - Arquivo: nonclear.0311.jpg | Prob: 0.0000 | Threshold: 0.6000
2025-02-14 21:25:48 - Arquivo: nonclear.0312.jpg | Prob: 0.1479 | Threshold: 0.6000
2025-02-14 21:26:17 - Arquivo: nonclear.0313.jpg | Prob: 0.0000 | Threshold: 0.6000
2025-02-14 21:26:34 - Arquivo: nonclear.0314.jpg | Prob: 0.0000 | Threshold: 0.6000
2025-02-14 21:26:52 - Arquivo: nonclear.0315.jpg | Prob: 0.0249 | Threshold: 0.6000
2025-02-14 21:27:08 - Arquivo: nonclear.0316.jpg | Prob: 0.0063 | Threshold: 0.6000
2025-02-14 21:27:24 - Arquivo: nonclear.0317.jpg | Prob: 0.0000 | Threshold: 0.6000
2025-02-14 21:27:40 - Arquivo: nonclear.0318.jpg | Prob: 0.0000 | Threshold: 0.6000
2025-02-14 21:27:57 - Arquivo: nonclear.0319.jpg | Prob: 0.7235 | Threshold: 0.6000
2025-02-14 21:28:13 - Arquivo: nonclear.0320.jpg | Prob: 0.0057 | Threshold: 0.6000
2025-02-14 21:28:29 - Arquivo: nonclear.0321.jpg | Prob: 0.0415 | Threshold: 0.6000
2025-02-14 21:28:46 - Arquivo: nonclear.0322.jpg | Prob: 0.9087 | Threshold: 0.6000
2025-02-14 21:29:04 - Arquivo: nonclear.0323.jpg | Prob: 0.0000 | Threshold: 0.6000
2025-02-14 21:29:21 - Arquivo: nonclear.0324.jpg | Prob: 0.0004 | Threshold: 0.6000
2025-02-14 21:29:38 - Arquivo: nonclear.0325.jpg | Prob: 0.0012 | Threshold: 0.6000
2025-02-14 21:29:54 - Arquivo: nonclear.0326.jpg | Prob: 0.0000 | Threshold: 0.6000
2025-02-14 21:30:11 - Arquivo: nonclear.0327.jpg | Prob: 0.0000 | Threshold: 0.6000
2025-02-14 21:30:27 - Arquivo: nonclear.0328.jpg | Prob: 0.0000 | Threshold: 0.6000
2025-02-14 21:30:44 - Arquivo: nonclear.0329.jpg | Prob: 0.9994 | Threshold: 0.6000
2025-02-14 21:31:02 - Arquivo: nonclear.0330.jpg | Prob: 0.0001 | Threshold: 0.6000
2025-02-14 21:31:19 - Arquivo: nonclear.0331.jpeg | Prob: 0.0000 | Threshold: 0.6000
2025-02-14 21:31:35 - Arquivo: nonclear.0332.jpeg | Prob: 0.0000 | Threshold: 0.6000
2025-02-14 21:31:52 - Arquivo: nonclear.0333.jpeg | Prob: 0.0097 | Threshold: 0.6000
2025-02-14 21:32:08 - Arquivo: nonclear.0334.jpg | Prob: 0.0000 | Threshold: 0.6000
2025-02-14 21:32:26 - Arquivo: nonclear.0335.jpg | Prob: 0.0000 | Threshold: 0.6000
2025-02-14 21:32:43 - Arquivo: nonclear.0336.jpg | Prob: 0.0000 | Threshold: 0.6000
2025-02-14 21:32:59 - Arquivo: nonclear.0337.jpg | Prob: 0.0000 | Threshold: 0.6000
2025-02-14 21:33:16 - Arquivo: nonclear.0338.jpg | Prob: 0.0000 | Threshold: 0.6000
2025-02-14 21:33:35 - Arquivo: nonclear.0339.jpg | Prob: 0.0000 | Threshold: 0.6000
2025-02-14 21:33:52 - Arquivo: nonclear.0340.jpg | Prob: 0.0000 | Threshold: 0.6000
2025-02-14 21:34:08 - Arquivo: nonclear.0341.jpg | Prob: 0.0000 | Threshold: 0.6000
2025-02-14 21:34:24 - Arquivo: nonclear.0342.jpg | Prob: 0.0202 | Threshold: 0.6000
2025-02-14 21:34:41 - Arquivo: nonclear.0343.jpg | Prob: 0.0000 | Threshold: 0.6000
2025-02-14 21:34:59 - Arquivo: nonclear.0344.jpg | Prob: 0.9877 | Threshold: 0.6000
2025-02-14 21:35:15 - Arquivo: nonclear.0345.jpg | Prob: 0.0000 | Threshold: 0.6000
2025-02-14 21:35:32 - Arquivo: nonclear.0346.jpg | Prob: 0.0000 | Threshold: 0.6000
2025-02-14 21:35:49 - Arquivo: nonclear.0347.jpg | Prob: 0.0000 | Threshold: 0.6000
2025-02-14 21:36:06 - Arquivo: nonclear.0348.jpg | Prob: 0.0000 | Threshold: 0.6000
2025-02-14 21:36:23 - Arquivo: nonclear.0349.jpg | Prob: 0.0000 | Threshold: 0.6000
2025-02-14 21:36:40 - Arquivo: nonclear.0350.jpg | Prob: 0.0000 | Threshold: 0.6000
2025-02-14 21:36:57 - Arquivo: nonclear.0351.jpg | Prob: 0.0000 | Threshold: 0.6000
2025-02-14 21:37:14 - Arquivo: nonclear.0352.jpg | Prob: 0.9370 | Threshold: 0.6000
2025-02-14 21:37:30 - Arquivo: nonclear.0353.jpg | Prob: 0.0000 | Threshold: 0.6000
2025-02-14 21:37:47 - Arquivo: nonclear.0354.jpg | Prob: 0.3842 | Threshold: 0.6000
2025-02-14 21:38:04 - Arquivo: nonclear.0355.jpg | Prob: 0.0000 | Threshold: 0.6000
2025-02-14 21:38:20 - Arquivo: nonclear.0356.jpg | Prob: 0.0002 | Threshold: 0.6000
2025-02-14 21:38:38 - Arquivo: nonclear.0357.jpg | Prob: 0.9989 | Threshold: 0.6000
2025-02-14 21:38:55 - Arquivo: nonclear.0358.jpg | Prob: 0.0000 | Threshold: 0.6000
2025-02-14 21:39:14 - Arquivo: nonclear.0359.jpg | Prob: 0.0000 | Threshold: 0.6000
2025-02-14 21:39:31 - Arquivo: nonclear.0360.jpg | Prob: 0.0000 | Threshold: 0.6000
2025-02-14 21:39:52 - Arquivo: nonclear.0361.jpg | Prob: 0.0000 | Threshold: 0.6000
2025-02-14 21:40:08 - Arquivo: nonclear.0362.jpg | Prob: 0.0000 | Threshold: 0.6000
2025-02-14 21:40:26 - Arquivo: nonclear.0363.jpg | Prob: 0.0000 | Threshold: 0.6000
2025-02-14 21:40:43 - Arquivo: nonclear.0364.jpg | Prob: 0.0000 | Threshold: 0.6000
2025-02-14 21:41:00 - Arquivo: nonclear.0365.jpg | Prob: 0.0000 | Threshold: 0.6000
2025-02-14 21:41:18 - Arquivo: nonclear.0366.jpg | Prob: 0.0011 | Threshold: 0.6000
2025-02-14 21:41:35 - Arquivo: nonclear.0367.jpg | Prob: 1.0000 | Threshold: 0.6000
2025-02-14 21:41:52 - Arquivo: nonclear.0368.jpg | Prob: 0.0000 | Threshold: 0.6000
2025-02-14 21:42:15 - Arquivo: nonclear.0369.jpg | Prob: 0.0000 | Threshold: 0.6000
2025-02-14 21:42:31 - Arquivo: nonclear.0370.jpg | Prob: 0.0000 | Threshold: 0.6000
2025-02-14 21:42:48 - Arquivo: nonclear.0371.jpg | Prob: 0.0000 | Threshold: 0.6000
2025-02-14 21:43:05 - Arquivo: nonclear.0372.jpg | Prob: 0.0000 | Threshold: 0.6000
2025-02-14 21:43:32 - Arquivo: nonclear.0373.jpg | Prob: 0.0000 | Threshold: 0.6000
2025-02-14 21:43:50 - Arquivo: nonclear.0374.jpg | Prob: 0.0000 | Threshold: 0.6000
2025-02-14 21:44:09 - Arquivo: nonclear.0375.jpg | Prob: 0.0000 | Threshold: 0.6000
2025-02-14 21:44:28 - Arquivo: nonclear.0376.jpg | Prob: 0.0000 | Threshold: 0.6000
2025-02-14 21:44:46 - Arquivo: nonclear.0377.jpg | Prob: 0.0000 | Threshold: 0.6000
2025-02-14 21:45:04 - Arquivo: nonclear.0378.jpg | Prob: 0.0002 | Threshold: 0.6000
2025-02-14 21:45:22 - Arquivo: nonclear.0379.jpg | Prob: 0.0000 | Threshold: 0.6000
2025-02-14 21:45:39 - Arquivo: nonclear.0380.jpg | Prob: 0.0000 | Threshold: 0.6000
2025-02-14 21:45:58 - Arquivo: nonclear.0381.jpg | Prob: 0.0000 | Threshold: 0.6000
2025-02-14 21:46:16 - Arquivo: nonclear.0382.jpg | Prob: 0.0000 | Threshold: 0.6000
2025-02-14 21:46:33 - Arquivo: nonclear.0383.jpg | Prob: 0.0000 | Threshold: 0.6000
2025-02-14 21:46:52 - Arquivo: nonclear.0384.jpg | Prob: 0.2805 | Threshold: 0.6000
2025-02-14 21:47:10 - Arquivo: nonclear.0385.jpg | Prob: 0.9699 | Threshold: 0.6000
2025-02-14 21:47:31 - Arquivo: nonclear.0386.jpg | Prob: 0.0000 | Threshold: 0.6000
2025-02-14 21:47:49 - Arquivo: nonclear.0387.jpg | Prob: 0.0000 | Threshold: 0.6000
2025-02-14 21:48:06 - Arquivo: nonclear.0388.jpg | Prob: 0.0000 | Threshold: 0.6000
2025-02-14 21:48:25 - Arquivo: nonclear.0389.jpg | Prob: 0.0000 | Threshold: 0.6000
2025-02-14 21:48:44 - Arquivo: nonclear.0390.jpg | Prob: 0.0000 | Threshold: 0.6000
2025-02-14 21:49:01 - Arquivo: nonclear.0391.jpg | Prob: 0.0000 | Threshold: 0.6000
2025-02-14 21:49:19 - Arquivo: nonclear.0392.jpg | Prob: 0.0000 | Threshold: 0.6000
2025-02-14 21:49:37 - Arquivo: nonclear.0393.jpg | Prob: 0.0000 | Threshold: 0.6000
2025-02-14 21:49:55 - Arquivo: nonclear.0394.jpg | Prob: 0.0000 | Threshold: 0.6000
2025-02-14 21:50:14 - Arquivo: nonclear.0395.jpg | Prob: 0.0000 | Threshold: 0.6000
2025-02-14 21:50:35 - Arquivo: nonclear.0396.jpg | Prob: 0.0000 | Threshold: 0.6000
2025-02-14 21:50:53 - Arquivo: nonclear.0397.jpg | Prob: 0.0000 | Threshold: 0.6000
2025-02-14 21:51:10 - Arquivo: nonclear.0398.jpg | Prob: 0.0000 | Threshold: 0.6000
2025-02-14 21:51:28 - Arquivo: nonclear.0399.jpg | Prob: 0.0000 | Threshold: 0.6000
2025-02-14 21:51:46 - Arquivo: nonclear.0400.jpg | Prob: 0.0000 | Threshold: 0.6000
2025-02-14 21:52:04 - Arquivo: nonclear.0401.jpg | Prob: 0.2618 | Threshold: 0.6000
2025-02-14 21:52:22 - Arquivo: nonclear.0402.jpg | Prob: 0.0000 | Threshold: 0.6000
2025-02-14 21:52:39 - Arquivo: nonclear.0403.jpg | Prob: 0.0000 | Threshold: 0.6000
2025-02-14 21:52:57 - Arquivo: nonclear.0404.jpg | Prob: 0.0068 | Threshold: 0.6000
2025-02-14 21:53:14 - Arquivo: nonclear.0405.jpg | Prob: 0.0000 | Threshold: 0.6000
2025-02-14 21:53:31 - Arquivo: nonclear.0406.jpg | Prob: 0.0000 | Threshold: 0.6000
2025-02-14 21:53:51 - Arquivo: nonclear.0407.jpg | Prob: 0.0000 | Threshold: 0.6000
2025-02-14 21:54:21 - Arquivo: nonclear.0408.jpg | Prob: 0.0000 | Threshold: 0.6000
2025-02-14 21:54:40 - Arquivo: nonclear.0409.jpg | Prob: 0.0000 | Threshold: 0.6000
2025-02-14 21:54:57 - Arquivo: nonclear.0410.jpg | Prob: 0.0000 | Threshold: 0.6000
2025-02-14 21:55:15 - Arquivo: nonclear.0411.jpg | Prob: 0.0000 | Threshold: 0.6000
2025-02-14 21:55:34 - Arquivo: nonclear.0412.jpg | Prob: 0.0000 | Threshold: 0.6000
2025-02-14 21:55:52 - Arquivo: nonclear.0413.jpg | Prob: 0.0000 | Threshold: 0.6000
2025-02-14 21:56:11 - Arquivo: nonclear.0414.jpg | Prob: 0.0000 | Threshold: 0.6000
2025-02-14 21:56:29 - Arquivo: nonclear.0415.jpg | Prob: 0.0000 | Threshold: 0.6000
2025-02-14 21:56:47 - Arquivo: nonclear.0416.jpg | Prob: 0.9994 | Threshold: 0.6000
2025-02-14 21:57:05 - Arquivo: nonclear.0417.jpg | Prob: 0.0000 | Threshold: 0.6000
2025-02-14 21:57:22 - Arquivo: nonclear.0418.jpg | Prob: 0.0000 | Threshold: 0.6000
2025-02-14 21:57:39 - Arquivo: nonclear.0419.jpg | Prob: 0.0000 | Threshold: 0.6000
2025-02-14 21:57:57 - Arquivo: nonclear.0420.jpg | Prob: 0.0000 | Threshold: 0.6000
2025-02-14 21:58:14 - Arquivo: nonclear.0421.jpg | Prob: 0.0000 | Threshold: 0.6000
2025-02-14 21:58:33 - Arquivo: nonclear.0422.jpg | Prob: 0.0000 | Threshold: 0.6000
2025-02-14 21:58:53 - Arquivo: nonclear.0423.jpg | Prob: 0.0000 | Threshold: 0.6000
2025-02-14 21:59:10 - Arquivo: nonclear.0424.jpg | Prob: 0.0000 | Threshold: 0.6000
2025-02-14 21:59:31 - Arquivo: nonclear.0425.jpg | Prob: 0.0000 | Threshold: 0.6000
2025-02-14 21:59:48 - Arquivo: nonclear.0426.jpg | Prob: 0.0000 | Threshold: 0.6000
2025-02-14 22:00:05 - Arquivo: nonclear.0427.jpg | Prob: 0.0000 | Threshold: 0.6000
2025-02-14 22:00:23 - Arquivo: nonclear.0428.jpg | Prob: 0.0000 | Threshold: 0.6000
2025-02-14 22:00:40 - Arquivo: nonclear.0429.jpg | Prob: 0.0000 | Threshold: 0.6000
2025-02-14 22:00:56 - Arquivo: nonclear.0430.jpg | Prob: 0.8364 | Threshold: 0.6000
2025-02-14 22:01:15 - Arquivo: nonclear.0431.jpg | Prob: 0.0060 | Threshold: 0.6000
2025-02-14 22:01:32 - Arquivo: nonclear.0432.jpg | Prob: 0.0000 | Threshold: 0.6000
2025-02-14 22:01:50 - Arquivo: nonclear.0433.jpg | Prob: 0.0000 | Threshold: 0.6000
2025-02-14 22:02:06 - Arquivo: nonclear.0434.jpg | Prob: 0.0000 | Threshold: 0.6000
2025-02-14 22:02:24 - Arquivo: nonclear.0435.jpg | Prob: 0.0000 | Threshold: 0.6000
2025-02-14 22:02:43 - Arquivo: nonclear.0436.jpg | Prob: 0.0000 | Threshold: 0.6000
2025-02-14 22:03:01 - Arquivo: nonclear.0437.jpg | Prob: 0.1404 | Threshold: 0.6000
2025-02-14 22:03:18 - Arquivo: nonclear.0438.jpg | Prob: 0.0000 | Threshold: 0.6000
2025-02-14 22:03:36 - Arquivo: nonclear.0439.jpg | Prob: 0.0000 | Threshold: 0.6000
2025-02-14 22:03:53 - Arquivo: nonclear.0440.jpg | Prob: 0.0000 | Threshold: 0.6000
2025-02-14 22:04:11 - Arquivo: nonclear.0441.jpg | Prob: 0.0000 | Threshold: 0.6000
2025-02-14 22:04:29 - Arquivo: nonclear.0442.jpg | Prob: 0.0000 | Threshold: 0.6000
2025-02-14 22:04:46 - Arquivo: nonclear.0443.jpg | Prob: 0.0000 | Threshold: 0.6000
2025-02-14 22:05:04 - Arquivo: nonclear.0444.jpg | Prob: 0.0000 | Threshold: 0.6000
2025-02-14 22:05:19 - Arquivo: nonclear.0445.jpg | Prob: 0.0000 | Threshold: 0.6000
2025-02-14 22:05:35 - Arquivo: nonclear.0446.jpg | Prob: 0.0000 | Threshold: 0.6000
2025-02-14 22:05:50 - Arquivo: nonclear.0447.jpg | Prob: 0.0000 | Threshold: 0.6000
2025-02-14 22:06:06 - Arquivo: nonclear.0448.jpg | Prob: 0.0000 | Threshold: 0.6000
2025-02-14 22:06:20 - Arquivo: nonclear.0449.jpg | Prob: 0.0000 | Threshold: 0.6000
2025-02-14 22:06:35 - Arquivo: nonclear.0450.jpg | Prob: 0.0000 | Threshold: 0.6000
2025-02-14 22:06:50 - Arquivo: nonclear.0451.jpg | Prob: 0.0000 | Threshold: 0.6000
2025-02-14 22:07:05 - Arquivo: nonclear.0452.jpg | Prob: 0.0000 | Threshold: 0.6000
2025-02-14 22:07:21 - Arquivo: nonclear.0453.jpg | Prob: 0.8694 | Threshold: 0.6000
2025-02-14 22:07:37 - Arquivo: nonclear.0454.jpg | Prob: 0.0000 | Threshold: 0.6000
2025-02-14 22:07:52 - Arquivo: nonclear.0455.jpg | Prob: 0.0000 | Threshold: 0.6000
2025-02-14 22:08:21 - Arquivo: nonclear.0456.jpg | Prob: 0.8441 | Threshold: 0.6000
2025-02-14 22:08:38 - Arquivo: nonclear.0457.jpg | Prob: 0.0000 | Threshold: 0.6000
2025-02-14 22:08:53 - Arquivo: nonclear.0458.jpg | Prob: 0.0000 | Threshold: 0.6000
2025-02-14 22:09:11 - Arquivo: nonclear.0459.jpg | Prob: 0.0000 | Threshold: 0.6000
2025-02-14 22:09:25 - Arquivo: nonclear.0460.jpg | Prob: 0.0000 | Threshold: 0.6000
2025-02-14 22:09:41 - Arquivo: nonclear.0461.jpg | Prob: 0.0000 | Threshold: 0.6000
2025-02-14 22:10:00 - Arquivo: nonclear.0462.jpg | Prob: 0.0000 | Threshold: 0.6000
2025-02-14 22:10:19 - Arquivo: nonclear.0463.jpg | Prob: 0.0000 | Threshold: 0.6000
2025-02-14 22:10:38 - Arquivo: nonclear.0464.jpg | Prob: 0.0000 | Threshold: 0.6000
2025-02-14 22:10:56 - Arquivo: nonclear.0465.jpg | Prob: 0.0000 | Threshold: 0.6000
2025-02-14 22:11:14 - Arquivo: nonclear.0466.jpg | Prob: 0.0000 | Threshold: 0.6000
2025-02-14 22:11:30 - Arquivo: nonclear.0467.jpg | Prob: 0.0000 | Threshold: 0.6000
2025-02-14 22:11:48 - Arquivo: nonclear.0468.jpg | Prob: 0.0000 | Threshold: 0.6000
2025-02-14 22:12:06 - Arquivo: nonclear.0469.jpg | Prob: 0.0000 | Threshold: 0.6000
2025-02-14 22:12:30 - Arquivo: nonclear.0470.jpg | Prob: 0.0000 | Threshold: 0.6000
2025-02-14 22:12:47 - Arquivo: nonclear.0471.jpg | Prob: 0.9944 | Threshold: 0.6000
2025-02-14 22:13:05 - Arquivo: nonclear.0472.jpg | Prob: 0.0000 | Threshold: 0.6000
2025-02-14 22:13:23 - Arquivo: nonclear.0473.jpg | Prob: 0.0000 | Threshold: 0.6000
2025-02-14 22:13:39 - Arquivo: nonclear.0474.jpg | Prob: 0.0000 | Threshold: 0.6000
2025-02-14 22:13:56 - Arquivo: nonclear.0475.jpg | Prob: 0.0000 | Threshold: 0.6000
2025-02-14 22:14:14 - Arquivo: nonclear.0476.jpg | Prob: 0.0000 | Threshold: 0.6000
2025-02-14 22:14:33 - Arquivo: nonclear.0477.jpg | Prob: 0.0000 | Threshold: 0.6000
2025-02-14 22:14:48 - Arquivo: nonclear.0478.jpg | Prob: 0.0000 | Threshold: 0.6000
2025-02-14 22:15:03 - Arquivo: nonclear.0479.jpg | Prob: 0.0000 | Threshold: 0.6000
2025-02-14 22:15:18 - Arquivo: nonclear.0480.jpg | Prob: 0.0000 | Threshold: 0.6000
2025-02-14 22:15:33 - Arquivo: nonclear.0481.jpg | Prob: 0.0000 | Threshold: 0.6000
2025-02-14 22:15:48 - Arquivo: nonclear.0482.jpg | Prob: 0.0000 | Threshold: 0.6000
2025-02-14 22:16:04 - Arquivo: nonclear.0483.jpg | Prob: 0.0000 | Threshold: 0.6000
2025-02-14 22:16:20 - Arquivo: nonclear.0484.jpg | Prob: 0.0000 | Threshold: 0.6000
2025-02-14 22:16:36 - Arquivo: nonclear.0485.jpg | Prob: 0.0000 | Threshold: 0.6000
2025-02-14 22:16:50 - Arquivo: nonclear.0486.jpg | Prob: 0.0000 | Threshold: 0.6000
2025-02-14 22:17:06 - Arquivo: nonclear.0487.jpg | Prob: 0.0000 | Threshold: 0.6000
2025-02-14 22:17:22 - Arquivo: nonclear.0488.jpg | Prob: 0.0000 | Threshold: 0.6000
2025-02-14 22:17:37 - Arquivo: nonclear.0489.jpg | Prob: 0.0000 | Threshold: 0.6000
2025-02-14 22:17:54 - Arquivo: nonclear.0490.jpg | Prob: 0.0000 | Threshold: 0.6000
2025-02-14 22:18:10 - Arquivo: nonclear.0491.jpg | Prob: 0.0000 | Threshold: 0.6000
2025-02-14 22:18:25 - Arquivo: nonclear.0492.jpg | Prob: 0.0000 | Threshold: 0.6000
2025-02-14 22:18:39 - Arquivo: nonclear.0493.jpg | Prob: 0.0000 | Threshold: 0.6000
2025-02-14 22:18:55 - Arquivo: nonclear.0494.jpg | Prob: 0.0055 | Threshold: 0.6000
2025-02-14 22:19:10 - Arquivo: nonclear.0495.jpg | Prob: 0.0000 | Threshold: 0.6000
2025-02-14 22:19:25 - Arquivo: nonclear.0496.jpg | Prob: 0.0000 | Threshold: 0.6000
2025-02-14 22:19:40 - Arquivo: nonclear.0497.jpg | Prob: 0.0000 | Threshold: 0.6000
2025-02-14 22:19:55 - Arquivo: nonclear.0498.jpg | Prob: 0.0000 | Threshold: 0.6000
2025-02-14 22:20:10 - Arquivo: nonclear.0499.jpg | Prob: 0.0000 | Threshold: 0.6000
2025-02-14 22:20:25 - Arquivo: nonclear.0500.jpg | Prob: 0.0000 | Threshold: 0.6000
2025-02-14 22:20:40 - Arquivo: nonclear.0501.jpg | Prob: 0.0000 | Threshold: 0.6000
2025-02-14 22:20:54 - Arquivo: nonclear.0502.jpg | Prob: 0.0000 | Threshold: 0.6000
2025-02-14 22:21:09 - Arquivo: nonclear.0503.jpg | Prob: 0.0009 | Threshold: 0.6000
2025-02-14 22:21:24 - Arquivo: nonclear.0504.jpg | Prob: 0.0000 | Threshold: 0.6000
2025-02-14 22:21:40 - Arquivo: nonclear.0505.jpg | Prob: 0.0000 | Threshold: 0.6000
2025-02-14 22:21:55 - Arquivo: nonclear.0506.jpg | Prob: 0.0000 | Threshold: 0.6000
2025-02-14 22:22:10 - Arquivo: nonclear.0507.jpg | Prob: 0.0000 | Threshold: 0.6000
2025-02-14 22:22:25 - Arquivo: nonclear.0508.jpg | Prob: 0.0000 | Threshold: 0.6000
2025-02-14 22:22:40 - Arquivo: nonclear.0509.jpg | Prob: 0.0000 | Threshold: 0.6000
2025-02-14 22:22:55 - Arquivo: nonclear.0510.jpg | Prob: 0.0000 | Threshold: 0.6000
2025-02-14 22:23:11 - Arquivo: nonclear.0511.jpg | Prob: 0.0000 | Threshold: 0.6000
2025-02-14 22:23:26 - Arquivo: nonclear.0512.jpg | Prob: 0.0000 | Threshold: 0.6000
2025-02-14 22:23:41 - Arquivo: nonclear.0513.jpg | Prob: 0.0000 | Threshold: 0.6000
2025-02-14 22:23:57 - Arquivo: nonclear.0514.jpg | Prob: 0.0000 | Threshold: 0.6000
2025-02-14 22:24:12 - Arquivo: nonclear.0515.jpg | Prob: 0.0000 | Threshold: 0.6000
2025-02-14 22:24:28 - Arquivo: nonclear.0516.jpg | Prob: 0.0000 | Threshold: 0.6000
2025-02-14 22:24:44 - Arquivo: nonclear.0517.jpg | Prob: 0.0000 | Threshold: 0.6000
2025-02-14 22:24:58 - Arquivo: nonclear.0518.jpg | Prob: 0.0000 | Threshold: 0.6000
2025-02-14 22:25:13 - Arquivo: nonclear.0519.jpg | Prob: 0.0036 | Threshold: 0.6000
2025-02-14 22:25:29 - Arquivo: nonclear.0520.jpg | Prob: 0.0000 | Threshold: 0.6000
2025-02-14 22:25:44 - Arquivo: nonclear.0521.jpg | Prob: 0.0001 | Threshold: 0.6000
2025-02-14 22:25:59 - Arquivo: nonclear.0522.jpg | Prob: 0.0000 | Threshold: 0.6000
2025-02-14 22:26:14 - Arquivo: nonclear.0523.jpg | Prob: 0.0000 | Threshold: 0.6000
2025-02-14 22:26:29 - Arquivo: nonclear.0524.jpg | Prob: 0.0000 | Threshold: 0.6000
2025-02-14 22:26:47 - Arquivo: nonclear.0525.jpg | Prob: 0.0000 | Threshold: 0.6000
2025-02-14 22:27:02 - Arquivo: nonclear.0526.jpg | Prob: 0.0002 | Threshold: 0.6000
2025-02-14 22:27:17 - Arquivo: nonclear.0527.jpg | Prob: 0.0000 | Threshold: 0.6000
2025-02-14 22:27:33 - Arquivo: nonclear.0528.jpg | Prob: 0.0053 | Threshold: 0.6000
2025-02-14 22:27:51 - Arquivo: nonclear.0529.jpg | Prob: 0.0000 | Threshold: 0.6000
2025-02-14 22:28:10 - Arquivo: nonclear.0530.jpg | Prob: 0.0000 | Threshold: 0.6000
2025-02-14 22:28:27 - Arquivo: nonclear.0531.jpg | Prob: 0.0000 | Threshold: 0.6000
2025-02-14 22:28:43 - Arquivo: nonclear.0532.jpg | Prob: 0.0000 | Threshold: 0.6000
2025-02-14 22:28:57 - Arquivo: nonclear.0533.jpg | Prob: 0.0000 | Threshold: 0.6000
2025-02-14 22:29:12 - Arquivo: nonclear.0534.jpg | Prob: 0.0000 | Threshold: 0.6000
2025-02-14 22:29:26 - Arquivo: nonclear.0535.jpg | Prob: 0.0000 | Threshold: 0.6000
2025-02-14 22:29:41 - Arquivo: nonclear.0536.jpg | Prob: 0.0000 | Threshold: 0.6000
2025-02-14 22:29:56 - Arquivo: nonclear.0537.jpg | Prob: 0.0000 | Threshold: 0.6000
2025-02-14 22:30:12 - Arquivo: nonclear.0538.jpg | Prob: 0.0000 | Threshold: 0.6000
2025-02-14 22:30:27 - Arquivo: nonclear.0539.jpg | Prob: 0.0000 | Threshold: 0.6000
2025-02-14 22:30:48 - Arquivo: nonclear.0540.jpg | Prob: 0.0000 | Threshold: 0.6000
2025-02-14 22:31:03 - Arquivo: nonclear.0541.jpg | Prob: 0.0001 | Threshold: 0.6000
2025-02-14 22:31:21 - Arquivo: nonclear.0542.jpg | Prob: 0.0000 | Threshold: 0.6000
2025-02-14 22:31:35 - Arquivo: nonclear.0543.jpg | Prob: 0.0020 | Threshold: 0.6000
2025-02-14 22:31:50 - Arquivo: nonclear.0544.jpg | Prob: 0.0000 | Threshold: 0.6000
2025-02-14 22:32:04 - Arquivo: nonclear.0545.jpg | Prob: 0.5207 | Threshold: 0.6000
2025-02-14 22:32:29 - Arquivo: nonclear.0546.jpg | Prob: 0.0000 | Threshold: 0.6000
2025-02-14 22:32:44 - Arquivo: nonclear.0547.jpg | Prob: 0.0000 | Threshold: 0.6000
2025-02-14 22:33:00 - Arquivo: nonclear.0548.jpg | Prob: 0.0000 | Threshold: 0.6000
2025-02-14 22:33:15 - Arquivo: nonclear.0549.jpg | Prob: 0.0000 | Threshold: 0.6000
2025-02-14 22:33:30 - Arquivo: nonclear.0550.jpg | Prob: 0.0000 | Threshold: 0.6000
2025-02-14 22:33:46 - Arquivo: nonclear.0551.jpg | Prob: 0.0000 | Threshold: 0.6000
2025-02-14 22:34:01 - Arquivo: nonclear.0552.jpg | Prob: 0.0000 | Threshold: 0.6000
2025-02-14 22:34:22 - Arquivo: nonclear.0553.jpg | Prob: 0.0000 | Threshold: 0.6000
2025-02-14 22:34:38 - Arquivo: nonclear.0554.jpg | Prob: 0.0000 | Threshold: 0.6000
2025-02-14 22:34:53 - Arquivo: nonclear.0555.jpg | Prob: 0.0000 | Threshold: 0.6000
2025-02-14 22:35:08 - Arquivo: nonclear.0556.jpg | Prob: 0.0000 | Threshold: 0.6000
2025-02-14 22:35:24 - Arquivo: nonclear.0557.jpg | Prob: 0.0000 | Threshold: 0.6000
2025-02-14 22:35:39 - Arquivo: nonclear.0558.jpg | Prob: 0.0000 | Threshold: 0.6000
2025-02-14 22:35:55 - Arquivo: nonclear.0559.jpg | Prob: 0.0000 | Threshold: 0.6000
2025-02-14 22:36:10 - Arquivo: nonclear.0560.jpg | Prob: 0.0000 | Threshold: 0.6000
2025-02-14 22:36:24 - Arquivo: nonclear.0561.jpg | Prob: 0.9976 | Threshold: 0.6000
2025-02-14 22:36:39 - Arquivo: nonclear.0562.jpg | Prob: 0.0000 | Threshold: 0.6000
2025-02-14 22:36:54 - Arquivo: nonclear.0563.jpg | Prob: 0.0006 | Threshold: 0.6000
2025-02-14 22:37:09 - Arquivo: nonclear.0564.jpg | Prob: 0.0000 | Threshold: 0.6000
2025-02-14 22:37:24 - Arquivo: nonclear.0565.jpg | Prob: 0.0000 | Threshold: 0.6000
2025-02-14 22:37:40 - Arquivo: nonclear.0566.jpg | Prob: 0.0000 | Threshold: 0.6000
2025-02-14 22:37:58 - Arquivo: nonclear.0567.jpg | Prob: 0.0000 | Threshold: 0.6000
2025-02-14 22:38:14 - Arquivo: nonclear.0568.jpg | Prob: 0.4136 | Threshold: 0.6000
2025-02-14 22:38:29 - Arquivo: nonclear.0569.jpg | Prob: 0.0000 | Threshold: 0.6000
2025-02-14 22:38:45 - Arquivo: nonclear.0570.jpg | Prob: 0.0000 | Threshold: 0.6000
2025-02-14 22:38:59 - Arquivo: nonclear.0571.jpg | Prob: 0.0000 | Threshold: 0.6000
2025-02-14 22:39:14 - Arquivo: nonclear.0572.jpg | Prob: 0.0000 | Threshold: 0.6000
2025-02-14 22:39:30 - Arquivo: nonclear.0573.jpg | Prob: 0.5381 | Threshold: 0.6000
2025-02-14 22:39:48 - Arquivo: nonclear.0574.jpg | Prob: 0.0000 | Threshold: 0.6000
2025-02-14 22:40:03 - Arquivo: nonclear.0575.jpg | Prob: 0.0025 | Threshold: 0.6000
2025-02-14 22:40:18 - Arquivo: nonclear.0576.jpg | Prob: 0.0000 | Threshold: 0.6000
2025-02-14 22:40:32 - Arquivo: nonclear.0577.jpg | Prob: 0.0000 | Threshold: 0.6000
2025-02-14 22:40:47 - Arquivo: nonclear.0578.jpg | Prob: 0.0000 | Threshold: 0.6000
2025-02-14 22:41:04 - Arquivo: nonclear.0579.jpg | Prob: 0.0000 | Threshold: 0.6000
2025-02-14 22:41:29 - Arquivo: nonclear.0580.jpg | Prob: 0.0029 | Threshold: 0.6000
2025-02-14 22:41:46 - Arquivo: nonclear.0581.jpg | Prob: 0.0000 | Threshold: 0.6000
2025-02-14 22:42:04 - Arquivo: nonclear.0582.jpg | Prob: 0.0000 | Threshold: 0.6000
2025-02-14 22:42:21 - Arquivo: nonclear.0583.jpg | Prob: 0.0000 | Threshold: 0.6000
2025-02-14 22:42:38 - Arquivo: nonclear.0584.jpg | Prob: 0.0000 | Threshold: 0.6000
2025-02-14 22:42:56 - Arquivo: nonclear.0585.jpg | Prob: 0.0000 | Threshold: 0.6000
2025-02-14 22:43:15 - Arquivo: nonclear.0586.jpg | Prob: 0.0000 | Threshold: 0.6000
2025-02-14 22:43:31 - Arquivo: nonclear.0587.jpg | Prob: 0.0000 | Threshold: 0.6000
2025-02-14 22:43:49 - Arquivo: nonclear.0588.jpg | Prob: 0.0000 | Threshold: 0.6000
2025-02-14 22:44:06 - Arquivo: nonclear.0589.jpg | Prob: 0.0000 | Threshold: 0.6000
2025-02-14 22:44:23 - Arquivo: nonclear.0590.jpg | Prob: 0.0000 | Threshold: 0.6000
2025-02-14 22:44:39 - Arquivo: nonclear.0591.jpg | Prob: 0.0000 | Threshold: 0.6000
2025-02-14 22:44:56 - Arquivo: nonclear.0592.jpg | Prob: 0.0000 | Threshold: 0.6000
2025-02-14 22:45:13 - Arquivo: nonclear.0593.jpg | Prob: 0.0000 | Threshold: 0.6000
2025-02-14 22:45:30 - Arquivo: nonclear.0594.jpg | Prob: 0.0000 | Threshold: 0.6000
2025-02-14 22:45:51 - Arquivo: nonclear.0595.jpg | Prob: 0.0000 | Threshold: 0.6000
2025-02-14 22:46:08 - Arquivo: nonclear.0596.jpg | Prob: 0.0000 | Threshold: 0.6000
2025-02-14 22:46:30 - Arquivo: nonclear.0597.jpg | Prob: 0.0000 | Threshold: 0.6000
2025-02-14 22:46:47 - Arquivo: nonclear.0598.jpg | Prob: 0.0000 | Threshold: 0.6000
2025-02-14 22:47:05 - Arquivo: nonclear.0599.jpg | Prob: 0.0000 | Threshold: 0.6000
2025-02-14 22:47:22 - Arquivo: nonclear.0600.jpg | Prob: 0.0000 | Threshold: 0.6000
2025-02-14 22:47:40 - Arquivo: nonclear.0601.jpg | Prob: 0.0000 | Threshold: 0.6000
2025-02-14 22:47:56 - Arquivo: nonclear.0602.jpg | Prob: 0.0000 | Threshold: 0.6000
2025-02-14 22:48:12 - Arquivo: nonclear.0603.jpg | Prob: 0.0000 | Threshold: 0.6000
2025-02-14 22:48:29 - Arquivo: nonclear.0604.jpg | Prob: 0.0000 | Threshold: 0.6000
2025-02-14 22:48:47 - Arquivo: nonclear.0605.jpg | Prob: 0.1049 | Threshold: 0.6000
2025-02-14 22:49:04 - Arquivo: nonclear.0606.jpg | Prob: 0.0000 | Threshold: 0.6000
2025-02-14 22:49:21 - Arquivo: nonclear.0607.jpg | Prob: 0.0000 | Threshold: 0.6000
2025-02-14 22:49:38 - Arquivo: nonclear.0608.jpg | Prob: 0.0000 | Threshold: 0.6000
2025-02-14 22:49:55 - Arquivo: nonclear.0609.jpg | Prob: 0.0000 | Threshold: 0.6000
2025-02-14 22:50:11 - Arquivo: nonclear.0610.jpg | Prob: 0.0000 | Threshold: 0.6000
2025-02-14 22:50:27 - Arquivo: nonclear.0611.jpg | Prob: 0.0000 | Threshold: 0.6000
2025-02-14 22:50:44 - Arquivo: nonclear.0612.jpg | Prob: 0.7893 | Threshold: 0.6000
2025-02-14 22:51:00 - Arquivo: nonclear.0613.jpg | Prob: 0.0000 | Threshold: 0.6000
2025-02-14 22:51:16 - Arquivo: nonclear.0614.jpg | Prob: 0.0000 | Threshold: 0.6000
2025-02-14 22:51:36 - Arquivo: nonclear.0615.jpg | Prob: 0.0000 | Threshold: 0.6000
2025-02-14 22:51:53 - Arquivo: nonclear.0616.jpg | Prob: 0.0000 | Threshold: 0.6000
2025-02-14 22:52:09 - Arquivo: nonclear.0617.jpg | Prob: 0.0004 | Threshold: 0.6000
2025-02-14 22:52:25 - Arquivo: nonclear.0618.jpg | Prob: 0.0000 | Threshold: 0.6000
2025-02-14 22:52:41 - Arquivo: nonclear.0619.jpg | Prob: 0.0012 | Threshold: 0.6000
2025-02-14 22:52:57 - Arquivo: nonclear.0620.jpg | Prob: 0.0000 | Threshold: 0.6000
2025-02-14 22:53:14 - Arquivo: nonclear.0621.jpg | Prob: 0.0000 | Threshold: 0.6000
2025-02-14 22:53:31 - Arquivo: nonclear.0622.jpg | Prob: 0.0000 | Threshold: 0.6000
2025-02-14 22:53:47 - Arquivo: nonclear.0623.jpg | Prob: 0.0000 | Threshold: 0.6000
2025-02-14 22:54:03 - Arquivo: nonclear.0624.jpg | Prob: 0.0000 | Threshold: 0.6000
2025-02-14 22:54:19 - Arquivo: nonclear.0625.jpg | Prob: 0.0000 | Threshold: 0.6000
2025-02-14 22:54:35 - Arquivo: nonclear.0626.jpg | Prob: 0.0000 | Threshold: 0.6000
2025-02-14 22:54:50 - Arquivo: nonclear.0627.jpg | Prob: 0.0000 | Threshold: 0.6000
2025-02-14 22:55:06 - Arquivo: nonclear.0628.jpg | Prob: 0.0000 | Threshold: 0.6000
2025-02-14 22:55:22 - Arquivo: nonclear.0629.jpg | Prob: 0.1081 | Threshold: 0.6000
2025-02-14 22:55:38 - Arquivo: nonclear.0630.jpg | Prob: 0.0000 | Threshold: 0.6000
2025-02-14 22:55:54 - Arquivo: nonclear.0631.jpg | Prob: 0.0000 | Threshold: 0.6000
2025-02-14 22:56:10 - Arquivo: nonclear.0632.jpg | Prob: 0.0000 | Threshold: 0.6000
2025-02-14 22:56:26 - Arquivo: nonclear.0633.jpg | Prob: 0.0000 | Threshold: 0.6000
2025-02-14 22:56:42 - Arquivo: nonclear.0634.jpg | Prob: 0.0000 | Threshold: 0.6000
2025-02-14 22:56:59 - Arquivo: nonclear.0635.jpg | Prob: 0.0001 | Threshold: 0.6000
2025-02-14 22:57:14 - Arquivo: nonclear.0636.jpg | Prob: 0.0000 | Threshold: 0.6000
2025-02-14 22:57:29 - Arquivo: nonclear.0637.jpg | Prob: 0.0000 | Threshold: 0.6000
2025-02-14 22:57:46 - Arquivo: nonclear.0638.jpg | Prob: 0.0000 | Threshold: 0.6000
2025-02-14 22:58:03 - Arquivo: nonclear.0639.jpg | Prob: 0.0000 | Threshold: 0.6000
2025-02-14 22:58:20 - Arquivo: nonclear.0640.jpg | Prob: 1.0000 | Threshold: 0.6000
2025-02-14 22:58:35 - Arquivo: nonclear.0641.jpg | Prob: 0.0025 | Threshold: 0.6000
2025-02-14 22:58:51 - Arquivo: nonclear.0642.jpg | Prob: 0.0000 | Threshold: 0.6000
2025-02-14 22:59:07 - Arquivo: nonclear.0643.jpg | Prob: 0.0000 | Threshold: 0.6000
2025-02-14 22:59:23 - Arquivo: nonclear.0644.jpg | Prob: 0.0000 | Threshold: 0.6000
2025-02-14 22:59:39 - Arquivo: nonclear.0645.jpg | Prob: 0.0000 | Threshold: 0.6000
2025-02-14 22:59:55 - Arquivo: nonclear.0646.jpg | Prob: 0.0000 | Threshold: 0.6000
2025-02-14 23:00:12 - Arquivo: nonclear.0647.jpg | Prob: 0.0000 | Threshold: 0.6000
2025-02-14 23:00:28 - Arquivo: nonclear.0648.jpg | Prob: 0.0000 | Threshold: 0.6000
2025-02-14 23:00:44 - Arquivo: nonclear.0649.jpg | Prob: 0.0000 | Threshold: 0.6000
2025-02-14 23:01:01 - Arquivo: nonclear.0650.jpg | Prob: 0.0000 | Threshold: 0.6000
2025-02-14 23:01:23 - Arquivo: nonclear.0651.jpg | Prob: 0.0000 | Threshold: 0.6000
2025-02-14 23:01:37 - Arquivo: nonclear.0652.jpg | Prob: 0.0000 | Threshold: 0.6000
2025-02-14 23:01:52 - Arquivo: nonclear.0653.jpg | Prob: 1.0000 | Threshold: 0.6000
2025-02-14 23:02:09 - Arquivo: nonclear.0654.jpg | Prob: 0.0000 | Threshold: 0.6000
2025-02-14 23:02:33 - Arquivo: nonclear.0655.jpg | Prob: 0.0000 | Threshold: 0.6000
2025-02-14 23:02:48 - Arquivo: nonclear.0656.jpg | Prob: 0.0000 | Threshold: 0.6000
2025-02-14 23:03:05 - Arquivo: nonclear.0657.jpg | Prob: 0.0000 | Threshold: 0.6000
2025-02-14 23:03:25 - Arquivo: nonclear.0658.jpg | Prob: 0.0000 | Threshold: 0.6000
2025-02-14 23:03:40 - Arquivo: nonclear.0659.jpg | Prob: 0.0555 | Threshold: 0.6000
2025-02-14 23:03:56 - Arquivo: nonclear.0660.jpg | Prob: 0.0000 | Threshold: 0.6000
2025-02-14 23:04:12 - Arquivo: nonclear.0661.jpg | Prob: 0.0000 | Threshold: 0.6000
2025-02-14 23:04:26 - Arquivo: nonclear.0662.jpg | Prob: 0.0000 | Threshold: 0.6000
2025-02-14 23:04:42 - Arquivo: nonclear.0663.jpg | Prob: 0.0000 | Threshold: 0.6000
2025-02-14 23:05:02 - Arquivo: nonclear.0664.jpg | Prob: 0.0000 | Threshold: 0.6000
2025-02-14 23:05:17 - Arquivo: nonclear.0665.jpg | Prob: 0.0000 | Threshold: 0.6000
2025-02-14 23:05:33 - Arquivo: nonclear.0666.jpg | Prob: 0.0000 | Threshold: 0.6000
2025-02-14 23:05:52 - Arquivo: nonclear.0667.jpg | Prob: 0.0000 | Threshold: 0.6000
2025-02-14 23:06:07 - Arquivo: nonclear.0668.jpg | Prob: 0.0000 | Threshold: 0.6000
2025-02-14 23:06:23 - Arquivo: nonclear.0669.jpg | Prob: 0.0000 | Threshold: 0.6000
2025-02-14 23:06:37 - Arquivo: nonclear.0670.jpg | Prob: 0.9980 | Threshold: 0.6000
2025-02-14 23:06:52 - Arquivo: nonclear.0671.jpg | Prob: 0.0000 | Threshold: 0.6000
2025-02-14 23:07:08 - Arquivo: nonclear.0672.jpg | Prob: 0.0000 | Threshold: 0.6000
2025-02-14 23:07:23 - Arquivo: nonclear.0673.jpg | Prob: 0.0000 | Threshold: 0.6000
2025-02-14 23:07:55 - Arquivo: nonclear.0674.jpg | Prob: 0.0000 | Threshold: 0.6000
2025-02-14 23:08:11 - Arquivo: nonclear.0675.jpg | Prob: 0.0000 | Threshold: 0.6000
2025-02-14 23:08:26 - Arquivo: nonclear.0676.jpg | Prob: 0.0000 | Threshold: 0.6000
2025-02-14 23:08:42 - Arquivo: nonclear.0677.jpg | Prob: 0.0000 | Threshold: 0.6000
2025-02-14 23:09:00 - Arquivo: nonclear.0678.jpg | Prob: 0.0000 | Threshold: 0.6000
2025-02-14 23:09:17 - Arquivo: nonclear.0679.jpg | Prob: 0.0000 | Threshold: 0.6000
2025-02-14 23:09:33 - Arquivo: nonclear.0680.jpg | Prob: 0.0000 | Threshold: 0.6000
2025-02-14 23:09:49 - Arquivo: nonclear.0681.jpg | Prob: 0.0000 | Threshold: 0.6000
2025-02-14 23:10:04 - Arquivo: nonclear.0682.jpg | Prob: 0.0000 | Threshold: 0.6000
2025-02-14 23:10:19 - Arquivo: nonclear.0683.jpg | Prob: 0.0000 | Threshold: 0.6000
2025-02-14 23:10:36 - Arquivo: nonclear.0684.jpg | Prob: 0.0000 | Threshold: 0.6000
2025-02-14 23:10:53 - Arquivo: nonclear.0685.jpg | Prob: 0.0000 | Threshold: 0.6000
2025-02-14 23:11:10 - Arquivo: nonclear.0686.jpg | Prob: 0.0000 | Threshold: 0.6000
2025-02-14 23:11:30 - Arquivo: nonclear.0687.jpg | Prob: 0.4284 | Threshold: 0.6000
2025-02-14 23:11:45 - Arquivo: nonclear.0688.jpg | Prob: 0.0019 | Threshold: 0.6000
2025-02-14 23:12:00 - Arquivo: nonclear.0689.jpg | Prob: 0.0000 | Threshold: 0.6000
2025-02-14 23:12:15 - Arquivo: nonclear.0690.jpg | Prob: 0.0000 | Threshold: 0.6000
2025-02-14 23:12:30 - Arquivo: nonclear.0691.jpg | Prob: 0.0000 | Threshold: 0.6000
2025-02-14 23:12:44 - Arquivo: nonclear.0692.jpg | Prob: 0.0000 | Threshold: 0.6000
2025-02-14 23:13:00 - Arquivo: nonclear.0693.jpg | Prob: 0.0000 | Threshold: 0.6000
2025-02-14 23:13:15 - Arquivo: nonclear.0694.jpg | Prob: 0.0000 | Threshold: 0.6000
2025-02-14 23:13:33 - Arquivo: nonclear.0695.jpg | Prob: 0.9996 | Threshold: 0.6000
2025-02-14 23:13:53 - Arquivo: nonclear.0696.jpg | Prob: 0.0001 | Threshold: 0.6000
2025-02-14 23:14:08 - Arquivo: nonclear.0697.jpg | Prob: 0.0000 | Threshold: 0.6000
2025-02-14 23:14:23 - Arquivo: nonclear.0698.jpg | Prob: 0.0000 | Threshold: 0.6000
2025-02-14 23:14:38 - Arquivo: nonclear.0699.jpg | Prob: 0.0000 | Threshold: 0.6000
2025-02-14 23:14:53 - Arquivo: nonclear.0700.jpg | Prob: 0.0000 | Threshold: 0.6000
2025-02-14 23:15:11 - Arquivo: nonclear.0701.jpg | Prob: 0.0140 | Threshold: 0.6000
2025-02-14 23:15:27 - Arquivo: nonclear.0702.jpg | Prob: 0.0000 | Threshold: 0.6000
2025-02-14 23:15:41 - Arquivo: nonclear.0703.jpg | Prob: 0.0000 | Threshold: 0.6000
2025-02-14 23:15:58 - Arquivo: nonclear.0704.jpg | Prob: 0.0000 | Threshold: 0.6000
2025-02-14 23:16:12 - Arquivo: nonclear.0705.jpg | Prob: 0.0000 | Threshold: 0.6000
2025-02-14 23:16:36 - Arquivo: nonclear.0706.jpg | Prob: 0.0000 | Threshold: 0.6000
2025-02-14 23:16:57 - Arquivo: nonclear.0707.jpg | Prob: 0.0000 | Threshold: 0.6000
2025-02-14 23:17:14 - Arquivo: nonclear.0708.jpg | Prob: 0.0000 | Threshold: 0.6000
2025-02-14 23:17:36 - Arquivo: nonclear.0709.jpg | Prob: 0.2122 | Threshold: 0.6000
2025-02-14 23:17:52 - Arquivo: nonclear.0710.jpg | Prob: 0.0000 | Threshold: 0.6000
2025-02-14 23:18:07 - Arquivo: nonclear.0711.jpg | Prob: 0.0000 | Threshold: 0.6000
2025-02-14 23:18:21 - Arquivo: nonclear.0712.jpg | Prob: 0.0000 | Threshold: 0.6000
2025-02-14 23:18:36 - Arquivo: nonclear.0713.jpg | Prob: 0.0000 | Threshold: 0.6000
2025-02-14 23:18:52 - Arquivo: nonclear.0714.jpg | Prob: 0.0000 | Threshold: 0.6000
2025-02-14 23:19:07 - Arquivo: nonclear.0715.jpg | Prob: 0.0000 | Threshold: 0.6000
2025-02-14 23:19:25 - Arquivo: nonclear.0716.jpg | Prob: 0.0000 | Threshold: 0.6000
2025-02-14 23:19:40 - Arquivo: nonclear.0717.jpg | Prob: 0.0000 | Threshold: 0.6000
2025-02-14 23:19:54 - Arquivo: nonclear.0718.jpg | Prob: 0.0000 | Threshold: 0.6000
2025-02-14 23:20:11 - Arquivo: nonclear.0719.jpg | Prob: 0.0000 | Threshold: 0.6000
2025-02-14 23:20:28 - Arquivo: nonclear.0720.jpg | Prob: 0.0000 | Threshold: 0.6000
2025-02-14 23:20:44 - Arquivo: nonclear.0721.jpg | Prob: 0.0000 | Threshold: 0.6000
2025-02-14 23:20:59 - Arquivo: nonclear.0722.jpg | Prob: 0.0000 | Threshold: 0.6000
2025-02-14 23:21:15 - Arquivo: nonclear.0723.jpg | Prob: 0.0000 | Threshold: 0.6000
2025-02-14 23:21:29 - Arquivo: nonclear.0724.jpg | Prob: 0.0000 | Threshold: 0.6000
2025-02-14 23:21:44 - Arquivo: nonclear.0725.jpg | Prob: 0.0000 | Threshold: 0.6000
2025-02-14 23:22:00 - Arquivo: nonclear.0726.jpg | Prob: 0.0000 | Threshold: 0.6000
2025-02-14 23:22:16 - Arquivo: nonclear.0727.jpg | Prob: 0.0000 | Threshold: 0.6000
2025-02-14 23:22:34 - Arquivo: nonclear.0728.jpg | Prob: 0.0046 | Threshold: 0.6000
2025-02-14 23:22:48 - Arquivo: nonclear.0729.jpg | Prob: 0.0377 | Threshold: 0.6000
2025-02-14 23:23:08 - Arquivo: nonclear.0730.jpg | Prob: 1.0000 | Threshold: 0.6000
2025-02-14 23:23:24 - Arquivo: nonclear.0731.jpg | Prob: 0.0000 | Threshold: 0.6000
2025-02-14 23:23:40 - Arquivo: nonclear.0732.jpg | Prob: 0.0000 | Threshold: 0.6000
2025-02-14 23:23:55 - Arquivo: nonclear.0733.jpg | Prob: 0.0000 | Threshold: 0.6000
2025-02-14 23:24:09 - Arquivo: nonclear.0734.jpg | Prob: 0.0000 | Threshold: 0.6000
2025-02-14 23:24:25 - Arquivo: nonclear.0735.jpg | Prob: 0.0000 | Threshold: 0.6000
2025-02-14 23:24:47 - Arquivo: nonclear.0736.jpg | Prob: 0.0000 | Threshold: 0.6000
2025-02-14 23:25:04 - Arquivo: nonclear.0737.jpg | Prob: 0.0000 | Threshold: 0.6000
2025-02-14 23:25:25 - Arquivo: nonclear.0738.jpg | Prob: 0.0000 | Threshold: 0.6000
2025-02-14 23:25:42 - Arquivo: nonclear.0739.jpg | Prob: 0.0000 | Threshold: 0.6000
2025-02-14 23:25:56 - Arquivo: nonclear.0740.jpg | Prob: 0.0000 | Threshold: 0.6000
2025-02-14 23:26:13 - Arquivo: nonclear.0741.jpg | Prob: 0.0000 | Threshold: 0.6000
2025-02-14 23:26:30 - Arquivo: nonclear.0742.jpg | Prob: 0.0002 | Threshold: 0.6000
2025-02-14 23:26:46 - Arquivo: nonclear.0743.jpg | Prob: 0.0000 | Threshold: 0.6000
2025-02-14 23:27:02 - Arquivo: nonclear.0744.jpg | Prob: 0.0000 | Threshold: 0.6000
2025-02-14 23:27:18 - Arquivo: nonclear.0745.jpg | Prob: 0.0000 | Threshold: 0.6000
2025-02-14 23:27:37 - Arquivo: nonclear.0746.jpg | Prob: 0.0000 | Threshold: 0.6000
2025-02-14 23:27:52 - Arquivo: nonclear.0747.jpg | Prob: 0.0000 | Threshold: 0.6000
2025-02-14 23:28:08 - Arquivo: nonclear.0748.jpg | Prob: 0.0000 | Threshold: 0.6000
2025-02-14 23:28:24 - Arquivo: nonclear.0749.jpg | Prob: 0.0000 | Threshold: 0.6000
2025-02-14 23:28:39 - Arquivo: nonclear.0750.jpg | Prob: 0.0000 | Threshold: 0.6000
2025-02-14 23:29:00 - Arquivo: nonclear.0751.jpg | Prob: 0.0000 | Threshold: 0.6000
2025-02-14 23:29:15 - Arquivo: nonclear.0752.jpg | Prob: 0.0000 | Threshold: 0.6000
2025-02-14 23:29:36 - Arquivo: nonclear.0753.jpg | Prob: 0.0000 | Threshold: 0.6000
2025-02-14 23:29:50 - Arquivo: nonclear.0754.jpg | Prob: 0.0000 | Threshold: 0.6000
2025-02-14 23:30:08 - Arquivo: nonclear.0755.jpg | Prob: 0.0000 | Threshold: 0.6000
2025-02-14 23:30:24 - Arquivo: nonclear.0756.jpg | Prob: 0.0000 | Threshold: 0.6000
2025-02-14 23:30:39 - Arquivo: nonclear.0757.jpg | Prob: 0.0000 | Threshold: 0.6000
2025-02-14 23:30:54 - Arquivo: nonclear.0758.jpg | Prob: 0.0000 | Threshold: 0.6000
2025-02-14 23:31:10 - Arquivo: nonclear.0759.jpg | Prob: 0.0000 | Threshold: 0.6000
2025-02-14 23:31:27 - Arquivo: nonclear.0760.jpg | Prob: 0.0000 | Threshold: 0.6000
2025-02-14 23:31:45 - Arquivo: nonclear.0761.jpg | Prob: 0.0001 | Threshold: 0.6000
2025-02-14 23:32:00 - Arquivo: nonclear.0762.jpg | Prob: 0.0000 | Threshold: 0.6000
2025-02-14 23:32:15 - Arquivo: nonclear.0763.jpg | Prob: 0.0000 | Threshold: 0.6000
2025-02-14 23:32:30 - Arquivo: nonclear.0764.jpg | Prob: 0.1878 | Threshold: 0.6000
2025-02-14 23:32:47 - Arquivo: nonclear.0765.jpg | Prob: 0.0001 | Threshold: 0.6000
2025-02-14 23:33:02 - Arquivo: nonclear.0766.jpg | Prob: 0.0000 | Threshold: 0.6000
2025-02-14 23:33:25 - Arquivo: nonclear.0767.jpg | Prob: 0.0000 | Threshold: 0.6000
2025-02-14 23:33:40 - Arquivo: nonclear.0768.jpg | Prob: 0.0000 | Threshold: 0.6000
2025-02-14 23:33:55 - Arquivo: nonclear.0769.jpg | Prob: 0.0000 | Threshold: 0.6000
2025-02-14 23:34:12 - Arquivo: nonclear.0770.jpg | Prob: 0.0000 | Threshold: 0.6000
2025-02-14 23:34:27 - Arquivo: nonclear.0771.jpg | Prob: 0.0006 | Threshold: 0.6000
2025-02-14 23:34:45 - Arquivo: nonclear.0772.jpg | Prob: 0.0000 | Threshold: 0.6000
2025-02-14 23:35:00 - Arquivo: nonclear.0773.jpg | Prob: 0.0000 | Threshold: 0.6000
2025-02-14 23:35:16 - Arquivo: nonclear.0774.jpg | Prob: 0.0000 | Threshold: 0.6000
2025-02-14 23:35:31 - Arquivo: nonclear.0775.jpg | Prob: 0.0004 | Threshold: 0.6000
2025-02-14 23:35:54 - Arquivo: nonclear.0776.jpg | Prob: 0.0000 | Threshold: 0.6000
2025-02-14 23:36:17 - Arquivo: nonclear.0777.jpg | Prob: 0.0000 | Threshold: 0.6000
2025-02-14 23:36:35 - Arquivo: nonclear.0778.jpg | Prob: 0.0000 | Threshold: 0.6000
2025-02-14 23:36:52 - Arquivo: nonclear.0779.jpg | Prob: 0.0000 | Threshold: 0.6000
2025-02-14 23:37:10 - Arquivo: nonclear.0780.jpg | Prob: 0.0000 | Threshold: 0.6000
2025-02-14 23:37:25 - Arquivo: nonclear.0781.jpg | Prob: 0.0000 | Threshold: 0.6000
2025-02-14 23:37:44 - Arquivo: nonclear.0782.jpg | Prob: 0.0000 | Threshold: 0.6000
2025-02-14 23:37:58 - Arquivo: nonclear.0783.jpg | Prob: 0.0000 | Threshold: 0.6000
2025-02-14 23:38:16 - Arquivo: nonclear.0784.jpg | Prob: 0.0000 | Threshold: 0.6000
2025-02-14 23:38:32 - Arquivo: nonclear.0785.jpg | Prob: 0.0000 | Threshold: 0.6000
2025-02-14 23:38:46 - Arquivo: nonclear.0786.jpg | Prob: 0.0000 | Threshold: 0.6000
2025-02-14 23:39:03 - Arquivo: nonclear.0787.jpg | Prob: 0.0000 | Threshold: 0.6000
2025-02-14 23:39:18 - Arquivo: nonclear.0788.jpg | Prob: 0.0000 | Threshold: 0.6000
2025-02-14 23:39:33 - Arquivo: nonclear.0789.jpg | Prob: 0.0000 | Threshold: 0.6000
2025-02-14 23:39:48 - Arquivo: nonclear.0790.jpg | Prob: 0.0000 | Threshold: 0.6000
2025-02-14 23:40:03 - Arquivo: nonclear.0791.jpg | Prob: 0.0000 | Threshold: 0.6000
2025-02-14 23:40:18 - Arquivo: nonclear.0792.jpg | Prob: 0.0000 | Threshold: 0.6000
2025-02-14 23:40:35 - Arquivo: nonclear.0793.jpg | Prob: 0.0000 | Threshold: 0.6000
2025-02-14 23:40:50 - Arquivo: nonclear.0794.jpg | Prob: 0.0000 | Threshold: 0.6000
2025-02-14 23:41:06 - Arquivo: nonclear.0795.jpg | Prob: 1.0000 | Threshold: 0.6000
2025-02-14 23:41:21 - Arquivo: nonclear.0796.jpg | Prob: 0.0000 | Threshold: 0.6000
2025-02-14 23:41:41 - Arquivo: nonclear.0797.jpg | Prob: 0.0000 | Threshold: 0.6000
2025-02-14 23:41:56 - Arquivo: nonclear.0798.jpg | Prob: 0.0000 | Threshold: 0.6000
2025-02-14 23:42:12 - Arquivo: nonclear.0799.jpg | Prob: 0.0000 | Threshold: 0.6000
2025-02-14 23:42:28 - Arquivo: nonclear.0800.jpg | Prob: 0.0000 | Threshold: 0.6000
2025-02-14 23:42:45 - Arquivo: nonclear.0801.jpg | Prob: 0.0000 | Threshold: 0.6000
2025-02-14 23:43:00 - Arquivo: nonclear.0802.jpg | Prob: 0.0000 | Threshold: 0.6000
2025-02-14 23:43:15 - Arquivo: nonclear.0803.jpg | Prob: 0.0000 | Threshold: 0.6000
2025-02-14 23:43:29 - Arquivo: nonclear.0804.jpg | Prob: 0.0000 | Threshold: 0.6000
2025-02-14 23:43:45 - Arquivo: nonclear.0805.jpg | Prob: 0.0000 | Threshold: 0.6000
2025-02-14 23:44:00 - Arquivo: nonclear.0806.jpg | Prob: 0.0000 | Threshold: 0.6000
2025-02-14 23:44:17 - Arquivo: nonclear.0807.jpg | Prob: 0.0000 | Threshold: 0.6000
2025-02-14 23:44:32 - Arquivo: nonclear.0808.jpg | Prob: 0.0000 | Threshold: 0.6000
2025-02-14 23:44:48 - Arquivo: nonclear.0809.jpg | Prob: 0.0000 | Threshold: 0.6000
2025-02-14 23:45:08 - Arquivo: nonclear.0810.jpg | Prob: 0.0000 | Threshold: 0.6000
2025-02-14 23:45:24 - Arquivo: nonclear.0811.jpg | Prob: 0.0000 | Threshold: 0.6000
2025-02-14 23:45:41 - Arquivo: nonclear.0812.jpg | Prob: 0.0000 | Threshold: 0.6000
2025-02-14 23:45:57 - Arquivo: nonclear.0813.jpg | Prob: 0.0000 | Threshold: 0.6000
2025-02-14 23:46:11 - Arquivo: nonclear.0814.jpg | Prob: 0.0000 | Threshold: 0.6000
2025-02-14 23:46:28 - Arquivo: nonclear.0815.jpg | Prob: 0.0000 | Threshold: 0.6000
2025-02-14 23:46:45 - Arquivo: nonclear.0816.jpg | Prob: 0.9690 | Threshold: 0.6000
2025-02-14 23:47:10 - Arquivo: nonclear.0817.jpg | Prob: 0.0002 | Threshold: 0.6000
2025-02-14 23:47:26 - Arquivo: nonclear.0818.jpg | Prob: 0.0000 | Threshold: 0.6000
2025-02-14 23:47:46 - Arquivo: nonclear.0819.jpg | Prob: 1.0000 | Threshold: 0.6000
2025-02-14 23:48:04 - Arquivo: nonclear.0820.jpeg | Prob: 0.0000 | Threshold: 0.6000
2025-02-14 23:48:25 - Arquivo: nonclear.0821.jpeg | Prob: 0.0000 | Threshold: 0.6000
2025-02-14 23:48:43 - Arquivo: nonclear.0822.jpeg | Prob: 0.0000 | Threshold: 0.6000
2025-02-14 23:49:04 - Arquivo: nonclear.0823.jpeg | Prob: 0.0000 | Threshold: 0.6000
2025-02-14 23:49:24 - Arquivo: nonclear.0824.jpeg | Prob: 0.0000 | Threshold: 0.6000
2025-02-14 23:49:42 - Arquivo: nonclear.0825.jpg | Prob: 0.0000 | Threshold: 0.6000
2025-02-14 23:50:01 - Arquivo: nonclear.0826.jpg | Prob: 0.1428 | Threshold: 0.6000
2025-02-14 23:50:18 - Arquivo: nonclear.0827.jpg | Prob: 0.0000 | Threshold: 0.6000
2025-02-14 23:50:35 - Arquivo: nonclear.0828.jpg | Prob: 0.0000 | Threshold: 0.6000
2025-02-14 23:50:51 - Arquivo: nonclear.0829.jpg | Prob: 0.0001 | Threshold: 0.6000
2025-02-14 23:51:08 - Arquivo: nonclear.0830.jpg | Prob: 0.0000 | Threshold: 0.6000
2025-02-14 23:51:27 - Arquivo: nonclear.0831.jpg | Prob: 0.0000 | Threshold: 0.6000
2025-02-14 23:51:45 - Arquivo: nonclear.0832.jpg | Prob: 0.0000 | Threshold: 0.6000
2025-02-14 23:52:04 - Arquivo: nonclear.0833.jpg | Prob: 0.0000 | Threshold: 0.6000
2025-02-14 23:52:24 - Arquivo: nonclear.0834.jpg | Prob: 0.0000 | Threshold: 0.6000
2025-02-14 23:52:46 - Arquivo: nonclear.0835.jpg | Prob: 0.0000 | Threshold: 0.6000
2025-02-14 23:53:03 - Arquivo: nonclear.0836.jpg | Prob: 0.0000 | Threshold: 0.6000
2025-02-14 23:53:23 - Arquivo: nonclear.0837.jpg | Prob: 0.0000 | Threshold: 0.6000
2025-02-14 23:53:43 - Arquivo: nonclear.0838.jpeg | Prob: 0.0023 | Threshold: 0.6000
2025-02-14 23:54:03 - Arquivo: nonclear.0839.jpg | Prob: 0.0000 | Threshold: 0.6000
2025-02-14 23:54:21 - Arquivo: nonclear.0840.jpg | Prob: 0.0000 | Threshold: 0.6000
2025-02-14 23:54:39 - Arquivo: nonclear.0841.jpg | Prob: 0.0000 | Threshold: 0.6000
2025-02-14 23:54:56 - Arquivo: nonclear.0842.jpg | Prob: 0.0000 | Threshold: 0.6000
2025-02-14 23:55:14 - Arquivo: nonclear.0843.jpg | Prob: 0.0000 | Threshold: 0.6000
2025-02-14 23:55:32 - Arquivo: nonclear.0844.jpg | Prob: 0.0000 | Threshold: 0.6000
2025-02-14 23:55:51 - Arquivo: nonclear.0845.jpg | Prob: 0.0000 | Threshold: 0.6000
2025-02-14 23:56:08 - Arquivo: nonclear.0846.jpg | Prob: 0.0000 | Threshold: 0.6000
2025-02-14 23:56:28 - Arquivo: nonclear.0847.jpg | Prob: 0.0000 | Threshold: 0.6000
2025-02-14 23:56:47 - Arquivo: nonclear.0848.jpg | Prob: 0.0000 | Threshold: 0.6000
2025-02-14 23:57:05 - Arquivo: nonclear.0849.jpg | Prob: 0.0000 | Threshold: 0.6000
2025-02-14 23:57:24 - Arquivo: nonclear.0850.jpg | Prob: 0.0000 | Threshold: 0.6000
2025-02-14 23:57:41 - Arquivo: nonclear.0851.jpg | Prob: 0.0000 | Threshold: 0.6000
2025-02-14 23:58:00 - Arquivo: nonclear.0852.jpg | Prob: 0.0000 | Threshold: 0.6000
2025-02-14 23:58:17 - Arquivo: nonclear.0853.jpg | Prob: 0.0000 | Threshold: 0.6000
2025-02-14 23:58:33 - Arquivo: nonclear.0854.jpg | Prob: 0.0000 | Threshold: 0.6000
2025-02-14 23:58:50 - Arquivo: nonclear.0855.jpg | Prob: 0.0135 | Threshold: 0.6000
2025-02-14 23:59:06 - Arquivo: nonclear.0856.jpg | Prob: 0.0001 | Threshold: 0.6000
2025-02-14 23:59:25 - Arquivo: nonclear.0857.jpg | Prob: 0.0000 | Threshold: 0.6000
2025-02-14 23:59:41 - Arquivo: nonclear.0858.jpg | Prob: 0.0000 | Threshold: 0.6000
2025-02-15 00:00:03 - Arquivo: nonclear.0859.jpg | Prob: 0.0000 | Threshold: 0.6000
2025-02-15 00:00:22 - Arquivo: nonclear.0860.jpg | Prob: 0.9998 | Threshold: 0.6000
2025-02-15 00:00:39 - Arquivo: nonclear.0861.jpg | Prob: 0.0000 | Threshold: 0.6000
2025-02-15 00:00:58 - Arquivo: nonclear.0862.jpg | Prob: 0.0000 | Threshold: 0.6000
2025-02-15 00:01:23 - Arquivo: nonclear.0863.jpg | Prob: 0.0000 | Threshold: 0.6000
2025-02-15 00:01:39 - Arquivo: nonclear.0864.jpg | Prob: 0.0000 | Threshold: 0.6000
2025-02-15 00:01:55 - Arquivo: nonclear.0865.jpg | Prob: 0.0002 | Threshold: 0.6000
2025-02-15 00:02:12 - Arquivo: nonclear.0866.jpg | Prob: 0.0000 | Threshold: 0.6000
2025-02-15 00:02:29 - Arquivo: nonclear.0867.jpeg | Prob: 0.0000 | Threshold: 0.6000
2025-02-15 00:02:45 - Arquivo: nonclear.0868.jpeg | Prob: 0.0000 | Threshold: 0.6000
2025-02-15 00:03:01 - Arquivo: nonclear.0869.jpeg | Prob: 0.0000 | Threshold: 0.6000
2025-02-15 00:03:17 - Arquivo: nonclear.0870.jpeg | Prob: 0.0000 | Threshold: 0.6000
2025-02-15 00:03:33 - Arquivo: nonclear.0871.jpeg | Prob: 0.0000 | Threshold: 0.6000
2025-02-15 00:03:49 - Arquivo: nonclear.0872.jpeg | Prob: 0.0000 | Threshold: 0.6000
2025-02-15 00:04:06 - Arquivo: nonclear.0873.jpg | Prob: 0.0000 | Threshold: 0.6000
2025-02-15 00:04:28 - Arquivo: nonclear.0874.jpg | Prob: 0.0000 | Threshold: 0.6000
2025-02-15 00:04:43 - Arquivo: nonclear.0875.jpg | Prob: 0.0000 | Threshold: 0.6000
