2025-02-24 08:06:08 - Arquivo: clear.0004.jpg | Prob: 0.0002 | Threshold: 0.6000
2025-02-24 08:07:44 - Arquivo: clear.0009.jpg | Prob: 0.2269 | Threshold: 0.6000
2025-02-24 08:13:03 - Arquivo: clear.0025.jpg | Prob: 0.0155 | Threshold: 0.6000
2025-02-24 08:14:59 - Arquivo: clear.0031.jpg | Prob: 0.0391 | Threshold: 0.6000
2025-02-24 08:15:16 - Arquivo: clear.0032.jpg | Prob: 0.3081 | Threshold: 0.6000
2025-02-24 08:15:34 - Arquivo: clear.0033.jpg | Prob: 0.0691 | Threshold: 0.6000
2025-02-24 08:21:05 - Arquivo: clear.0051.jpg | Prob: 0.0048 | Threshold: 0.6000
2025-02-24 08:24:52 - Arquivo: clear.0063.jpg | Prob: 0.1170 | Threshold: 0.6000
2025-02-24 08:27:19 - Arquivo: clear.0069.jpg | Prob: 0.0160 | Threshold: 0.6000
2025-02-24 08:30:30 - Arquivo: clear.0079.jpg | Prob: 0.1859 | Threshold: 0.6000
2025-02-24 08:33:13 - Arquivo: clear.0088.jpg | Prob: 0.1087 | Threshold: 0.6000
2025-02-24 08:37:20 - Arquivo: clear.0101.jpg | Prob: 0.3704 | Threshold: 0.6000
2025-02-24 08:38:57 - Arquivo: clear.0106.jpg | Prob: 0.1384 | Threshold: 0.6000
2025-02-24 08:48:59 - Arquivo: clear.0136.jpg | Prob: 0.0019 | Threshold: 0.6000
2025-02-24 08:49:52 - Arquivo: clear.0139.jpg | Prob: 0.0518 | Threshold: 0.6000
2025-02-24 08:57:21 - Arquivo: clear.0162.jpg | Prob: 0.0028 | Threshold: 0.6000
2025-02-24 09:02:52 - Arquivo: clear.0180.jpg | Prob: 0.1315 | Threshold: 0.6000
2025-02-24 09:05:25 - Arquivo: clear.0188.jpg | Prob: 0.0394 | Threshold: 0.6000
2025-02-24 09:05:42 - Arquivo: clear.0189.jpg | Prob: 0.0343 | Threshold: 0.6000
2025-02-24 09:32:37 - Arquivo: clear.0272.jpeg | Prob: 0.0330 | Threshold: 0.6000
2025-02-24 10:09:52 - Arquivo: clear.0376.jpeg | Prob: 0.0004 | Threshold: 0.6000
2025-02-24 10:10:09 - Arquivo: clear.0377.jpeg | Prob: 0.1293 | Threshold: 0.6000
2025-02-24 10:10:47 - Arquivo: clear.0379.jpeg | Prob: 0.0938 | Threshold: 0.6000
2025-02-24 10:23:49 - Arquivo: clear.0420.jpg | Prob: 0.2987 | Threshold: 0.6000
2025-02-24 10:26:19 - Arquivo: clear.0428.jpg | Prob: 0.0701 | Threshold: 0.6000
2025-02-24 10:28:23 - Arquivo: clear.0435.jpg | Prob: 0.0121 | Threshold: 0.6000
2025-02-24 10:28:40 - Arquivo: clear.0436.jpg | Prob: 0.0036 | Threshold: 0.6000
2025-02-24 10:35:07 - Arquivo: clear.0457.jpg | Prob: 0.1387 | Threshold: 0.6000
2025-02-24 10:45:21 - Arquivo: clear.0489.jpg | Prob: 0.0223 | Threshold: 0.6000
2025-02-24 10:47:33 - Arquivo: clear.0496.jpg | Prob: 0.2327 | Threshold: 0.6000
2025-02-24 10:51:57 - Arquivo: clear.0510.jpg | Prob: 0.0002 | Threshold: 0.6000
2025-02-24 11:00:50 - Arquivo: clear.0538.jpg | Prob: 0.2742 | Threshold: 0.6000
2025-02-24 11:06:17 - Arquivo: clear.0556.jpg | Prob: 0.3038 | Threshold: 0.6000
2025-02-24 11:20:28 - Arquivo: clear.0603.jpg | Prob: 0.1399 | Threshold: 0.6000
2025-02-24 11:25:02 - Arquivo: clear.0617.jpg | Prob: 0.0012 | Threshold: 0.6000
2025-02-24 11:52:36 - Arquivo: clear.0706.jpg | Prob: 0.3471 | Threshold: 0.6000
2025-02-24 12:15:50 - Arquivo: clear.0780.jpg | Prob: 0.3511 | Threshold: 0.6000
2025-02-24 12:20:06 - Arquivo: clear.0794.jpg | Prob: 0.2018 | Threshold: 0.6000
2025-02-24 12:33:00 - Arquivo: clear.0834.jpg | Prob: 0.0285 | Threshold: 0.6000
2025-02-24 12:33:21 - Arquivo: clear.0835.jpg | Prob: 0.0206 | Threshold: 0.6000
2025-02-24 12:33:39 - Arquivo: clear.0836.jpg | Prob: 0.0124 | Threshold: 0.6000
2025-02-24 12:37:57 - Arquivo: clear.0848.jpg | Prob: 0.1613 | Threshold: 0.6000
2025-02-24 12:38:18 - Arquivo: clear.0849.jpg | Prob: 0.1446 | Threshold: 0.6000
2025-02-24 12:43:40 - Arquivo: clear.0867.jpg | Prob: 0.0001 | Threshold: 0.6000
2025-02-24 12:46:49 - Arquivo: clear.0876.jpg | Prob: 0.0006 | Threshold: 0.6000
2025-02-24 12:53:31 - Arquivo: clear.0898.jpg | Prob: 0.2358 | Threshold: 0.6000
2025-02-24 13:03:54 - Arquivo: clear.0931.jpg | Prob: 0.0167 | Threshold: 0.6000
2025-02-24 13:04:12 - Arquivo: clear.0932.jpg | Prob: 0.1132 | Threshold: 0.6000
2025-02-24 13:05:54 - Arquivo: clear.0937.jpg | Prob: 0.1305 | Threshold: 0.6000
2025-02-24 13:08:52 - Arquivo: clear.0946.jpg | Prob: 0.0327 | Threshold: 0.6000
2025-02-24 13:10:08 - Arquivo: clear.0950.jpg | Prob: 0.0016 | Threshold: 0.6000
2025-02-24 13:10:26 - Arquivo: clear.0951.jpg | Prob: 0.0003 | Threshold: 0.6000
2025-02-24 13:10:45 - Arquivo: clear.0952.jpg | Prob: 0.3880 | Threshold: 0.6000
2025-02-24 13:19:56 - Arquivo: clear.0981.jpg | Prob: 0.3760 | Threshold: 0.6000
2025-02-24 13:22:52 - Arquivo: clear.0990.jpeg | Prob: 0.0488 | Threshold: 0.6000
2025-02-24 13:23:15 - Arquivo: clear.0991.jpeg | Prob: 0.0620 | Threshold: 0.6000
2025-02-24 13:24:33 - Arquivo: clear.0995.jpg | Prob: 0.1320 | Threshold: 0.6000
2025-02-24 13:28:26 - Arquivo: clear.1006.jpg | Prob: 0.0188 | Threshold: 0.6000
2025-02-24 13:31:20 - Arquivo: clear.1015.jpg | Prob: 0.3891 | Threshold: 0.6000
2025-02-24 13:32:15 - Arquivo: nonclear.0000.jpg | Prob: 0.0697 | Threshold: 0.6000
2025-02-24 13:32:34 - Arquivo: nonclear.0001.jpg | Prob: 0.0263 | Threshold: 0.6000
2025-02-24 13:32:54 - Arquivo: nonclear.0002.jpg | Prob: 0.0000 | Threshold: 0.6000
2025-02-24 13:33:13 - Arquivo: nonclear.0003.jpg | Prob: 0.0000 | Threshold: 0.6000
2025-02-24 13:33:31 - Arquivo: nonclear.0004.jpg | Prob: 0.3684 | Threshold: 0.6000
2025-02-24 13:33:48 - Arquivo: nonclear.0005.jpg | Prob: 0.0000 | Threshold: 0.6000
2025-02-24 13:34:06 - Arquivo: nonclear.0006.jpg | Prob: 0.0000 | Threshold: 0.6000
2025-02-24 13:34:23 - Arquivo: nonclear.0007.jpg | Prob: 0.0067 | Threshold: 0.6000
2025-02-24 13:34:40 - Arquivo: nonclear.0008.jpg | Prob: 0.0327 | Threshold: 0.6000
2025-02-24 13:35:03 - Arquivo: nonclear.0009.jpg | Prob: 0.0182 | Threshold: 0.6000
2025-02-24 13:35:24 - Arquivo: nonclear.0010.jpg | Prob: 0.0002 | Threshold: 0.6000
2025-02-24 13:35:45 - Arquivo: nonclear.0011.jpg | Prob: 0.6198 | Threshold: 0.6000
2025-02-24 13:36:04 - Arquivo: nonclear.0012.jpg | Prob: 0.0174 | Threshold: 0.6000
2025-02-24 13:36:22 - Arquivo: nonclear.0013.jpg | Prob: 0.3017 | Threshold: 0.6000
2025-02-24 13:36:39 - Arquivo: nonclear.0014.jpg | Prob: 0.4145 | Threshold: 0.6000
2025-02-24 13:36:59 - Arquivo: nonclear.0015.jpg | Prob: 0.0007 | Threshold: 0.6000
2025-02-24 13:37:17 - Arquivo: nonclear.0016.jpg | Prob: 0.0000 | Threshold: 0.6000
2025-02-24 13:37:38 - Arquivo: nonclear.0017.jpg | Prob: 0.9992 | Threshold: 0.6000
2025-02-24 13:37:54 - Arquivo: nonclear.0018.jpg | Prob: 0.0007 | Threshold: 0.6000
2025-02-24 13:38:13 - Arquivo: nonclear.0019.jpg | Prob: 0.0015 | Threshold: 0.6000
2025-02-24 13:38:49 - Arquivo: nonclear.0020.jpg | Prob: 0.9999 | Threshold: 0.6000
2025-02-24 13:39:08 - Arquivo: nonclear.0021.jpg | Prob: 0.1165 | Threshold: 0.6000
2025-02-24 13:39:27 - Arquivo: nonclear.0022.jpg | Prob: 0.2106 | Threshold: 0.6000
2025-02-24 13:39:47 - Arquivo: nonclear.0023.jpg | Prob: 0.0006 | Threshold: 0.6000
2025-02-24 13:40:07 - Arquivo: nonclear.0024.jpg | Prob: 0.0001 | Threshold: 0.6000
2025-02-24 13:40:25 - Arquivo: nonclear.0025.jpg | Prob: 0.0062 | Threshold: 0.6000
2025-02-24 13:40:42 - Arquivo: nonclear.0026.jpg | Prob: 0.0010 | Threshold: 0.6000
2025-02-24 13:41:05 - Arquivo: nonclear.0027.jpg | Prob: 0.0010 | Threshold: 0.6000
2025-02-24 13:41:26 - Arquivo: nonclear.0028.jpg | Prob: 0.1086 | Threshold: 0.6000
2025-02-24 13:41:47 - Arquivo: nonclear.0029.jpg | Prob: 0.0000 | Threshold: 0.6000
2025-02-24 13:42:05 - Arquivo: nonclear.0030.jpg | Prob: 0.0198 | Threshold: 0.6000
2025-02-24 13:42:27 - Arquivo: nonclear.0031.jpg | Prob: 0.0002 | Threshold: 0.6000
2025-02-24 13:42:49 - Arquivo: nonclear.0032.jpg | Prob: 0.0019 | Threshold: 0.6000
2025-02-24 13:43:09 - Arquivo: nonclear.0033.jpg | Prob: 0.0013 | Threshold: 0.6000
2025-02-24 13:43:51 - Arquivo: nonclear.0034.jpg | Prob: 0.0000 | Threshold: 0.6000
2025-02-24 13:44:10 - Arquivo: nonclear.0035.jpg | Prob: 0.0037 | Threshold: 0.6000
2025-02-24 13:44:29 - Arquivo: nonclear.0036.jpg | Prob: 0.0000 | Threshold: 0.6000
2025-02-24 13:44:49 - Arquivo: nonclear.0037.jpg | Prob: 0.0000 | Threshold: 0.6000
2025-02-24 13:45:08 - Arquivo: nonclear.0038.jpg | Prob: 0.0000 | Threshold: 0.6000
2025-02-24 13:45:34 - Arquivo: nonclear.0039.jpg | Prob: 0.7168 | Threshold: 0.6000
2025-02-24 13:45:54 - Arquivo: nonclear.0040.jpg | Prob: 0.0652 | Threshold: 0.6000
2025-02-24 13:46:20 - Arquivo: nonclear.0041.jpg | Prob: 0.0000 | Threshold: 0.6000
2025-02-24 13:46:39 - Arquivo: nonclear.0042.jpg | Prob: 0.0002 | Threshold: 0.6000
2025-02-24 13:47:04 - Arquivo: nonclear.0043.jpg | Prob: 0.0052 | Threshold: 0.6000
2025-02-24 13:47:25 - Arquivo: nonclear.0044.jpg | Prob: 0.0000 | Threshold: 0.6000
2025-02-24 13:47:45 - Arquivo: nonclear.0045.jpg | Prob: 0.0001 | Threshold: 0.6000
2025-02-24 13:48:04 - Arquivo: nonclear.0046.jpg | Prob: 0.0011 | Threshold: 0.6000
2025-02-24 13:48:25 - Arquivo: nonclear.0047.jpg | Prob: 0.0000 | Threshold: 0.6000
2025-02-24 13:48:47 - Arquivo: nonclear.0048.jpg | Prob: 0.0000 | Threshold: 0.6000
2025-02-24 13:49:06 - Arquivo: nonclear.0049.jpg | Prob: 0.0000 | Threshold: 0.6000
2025-02-24 13:49:26 - Arquivo: nonclear.0050.jpg | Prob: 0.0000 | Threshold: 0.6000
2025-02-24 13:49:46 - Arquivo: nonclear.0051.jpg | Prob: 0.1541 | Threshold: 0.6000
2025-02-24 13:50:08 - Arquivo: nonclear.0052.jpg | Prob: 0.0000 | Threshold: 0.6000
2025-02-24 13:50:29 - Arquivo: nonclear.0053.jpg | Prob: 0.2722 | Threshold: 0.6000
2025-02-24 13:50:51 - Arquivo: nonclear.0054.jpg | Prob: 0.0000 | Threshold: 0.6000
2025-02-24 13:51:14 - Arquivo: nonclear.0055.jpg | Prob: 0.0000 | Threshold: 0.6000
2025-02-24 13:51:35 - Arquivo: nonclear.0056.jpg | Prob: 0.0660 | Threshold: 0.6000
2025-02-24 13:51:56 - Arquivo: nonclear.0057.jpg | Prob: 0.0009 | Threshold: 0.6000
2025-02-24 13:52:24 - Arquivo: nonclear.0058.jpg | Prob: 0.0000 | Threshold: 0.6000
2025-02-24 13:52:45 - Arquivo: nonclear.0059.jpg | Prob: 0.0131 | Threshold: 0.6000
2025-02-24 13:53:05 - Arquivo: nonclear.0060.jpg | Prob: 0.5886 | Threshold: 0.6000
2025-02-24 13:53:24 - Arquivo: nonclear.0061.jpg | Prob: 0.1907 | Threshold: 0.6000
2025-02-24 13:54:07 - Arquivo: nonclear.0062.jpg | Prob: 0.0013 | Threshold: 0.6000
2025-02-24 13:54:27 - Arquivo: nonclear.0063.jpg | Prob: 0.9997 | Threshold: 0.6000
2025-02-24 13:54:48 - Arquivo: nonclear.0064.jpg | Prob: 0.0000 | Threshold: 0.6000
2025-02-24 13:55:10 - Arquivo: nonclear.0065.jpg | Prob: 0.0000 | Threshold: 0.6000
2025-02-24 13:55:29 - Arquivo: nonclear.0066.jpg | Prob: 0.0000 | Threshold: 0.6000
2025-02-24 13:55:50 - Arquivo: nonclear.0067.jpg | Prob: 0.0000 | Threshold: 0.6000
2025-02-24 13:56:10 - Arquivo: nonclear.0068.jpg | Prob: 0.0000 | Threshold: 0.6000
2025-02-24 13:56:30 - Arquivo: nonclear.0069.jpg | Prob: 0.0002 | Threshold: 0.6000
2025-02-24 13:56:50 - Arquivo: nonclear.0070.jpg | Prob: 0.0000 | Threshold: 0.6000
2025-02-24 13:57:11 - Arquivo: nonclear.0071.jpg | Prob: 0.0000 | Threshold: 0.6000
2025-02-24 13:57:30 - Arquivo: nonclear.0072.jpg | Prob: 0.0036 | Threshold: 0.6000
2025-02-24 13:57:54 - Arquivo: nonclear.0073.jpg | Prob: 0.0000 | Threshold: 0.6000
2025-02-24 13:58:17 - Arquivo: nonclear.0074.jpg | Prob: 0.0268 | Threshold: 0.6000
2025-02-24 13:58:35 - Arquivo: nonclear.0075.jpg | Prob: 0.0001 | Threshold: 0.6000
2025-02-24 13:58:57 - Arquivo: nonclear.0076.jpg | Prob: 0.0536 | Threshold: 0.6000
2025-02-24 13:59:20 - Arquivo: nonclear.0077.jpg | Prob: 0.0001 | Threshold: 0.6000
2025-02-24 13:59:40 - Arquivo: nonclear.0078.jpg | Prob: 0.0000 | Threshold: 0.6000
2025-02-24 14:00:03 - Arquivo: nonclear.0079.jpg | Prob: 0.0004 | Threshold: 0.6000
2025-02-24 14:00:24 - Arquivo: nonclear.0080.jpg | Prob: 0.0001 | Threshold: 0.6000
2025-02-24 14:00:45 - Arquivo: nonclear.0081.jpg | Prob: 0.0000 | Threshold: 0.6000
2025-02-24 14:01:09 - Arquivo: nonclear.0082.jpg | Prob: 0.0000 | Threshold: 0.6000
2025-02-24 14:01:30 - Arquivo: nonclear.0083.jpg | Prob: 0.0000 | Threshold: 0.6000
2025-02-24 14:01:49 - Arquivo: nonclear.0084.jpg | Prob: 0.0000 | Threshold: 0.6000
2025-02-24 14:02:08 - Arquivo: nonclear.0085.jpg | Prob: 0.0000 | Threshold: 0.6000
2025-02-24 14:02:28 - Arquivo: nonclear.0086.jpg | Prob: 0.0970 | Threshold: 0.6000
2025-02-24 14:02:46 - Arquivo: nonclear.0087.jpg | Prob: 0.0017 | Threshold: 0.6000
2025-02-24 14:03:26 - Arquivo: nonclear.0088.jpg | Prob: 0.0172 | Threshold: 0.6000
2025-02-24 14:04:00 - Arquivo: nonclear.0089.jpg | Prob: 0.9956 | Threshold: 0.6000
2025-02-24 14:04:19 - Arquivo: nonclear.0090.jpg | Prob: 0.0005 | Threshold: 0.6000
2025-02-24 14:04:38 - Arquivo: nonclear.0091.jpg | Prob: 0.9928 | Threshold: 0.6000
2025-02-24 14:04:57 - Arquivo: nonclear.0092.jpg | Prob: 0.0000 | Threshold: 0.6000
2025-02-24 14:05:18 - Arquivo: nonclear.0093.jpg | Prob: 0.9992 | Threshold: 0.6000
2025-02-24 14:05:36 - Arquivo: nonclear.0094.jpg | Prob: 0.0267 | Threshold: 0.6000
2025-02-24 14:05:57 - Arquivo: nonclear.0095.jpg | Prob: 0.0000 | Threshold: 0.6000
2025-02-24 14:06:17 - Arquivo: nonclear.0096.jpg | Prob: 0.0000 | Threshold: 0.6000
2025-02-24 14:06:36 - Arquivo: nonclear.0097.jpg | Prob: 0.0000 | Threshold: 0.6000
2025-02-24 14:06:59 - Arquivo: nonclear.0098.jpg | Prob: 0.0000 | Threshold: 0.6000
2025-02-24 14:07:19 - Arquivo: nonclear.0099.jpg | Prob: 0.0000 | Threshold: 0.6000
2025-02-24 14:07:37 - Arquivo: nonclear.0100.jpg | Prob: 0.0000 | Threshold: 0.6000
2025-02-24 14:08:00 - Arquivo: nonclear.0101.jpg | Prob: 0.0000 | Threshold: 0.6000
2025-02-24 14:08:22 - Arquivo: nonclear.0102.jpg | Prob: 0.0000 | Threshold: 0.6000
2025-02-24 14:08:40 - Arquivo: nonclear.0103.jpg | Prob: 0.0000 | Threshold: 0.6000
2025-02-24 14:08:58 - Arquivo: nonclear.0104.jpg | Prob: 0.0000 | Threshold: 0.6000
2025-02-24 14:09:20 - Arquivo: nonclear.0105.jpg | Prob: 0.0000 | Threshold: 0.6000
2025-02-24 14:09:41 - Arquivo: nonclear.0106.jpg | Prob: 0.0000 | Threshold: 0.6000
2025-02-24 14:10:03 - Arquivo: nonclear.0107.jpg | Prob: 0.0000 | Threshold: 0.6000
2025-02-24 14:10:24 - Arquivo: nonclear.0108.jpg | Prob: 0.0077 | Threshold: 0.6000
2025-02-24 14:10:45 - Arquivo: nonclear.0109.jpg | Prob: 0.0001 | Threshold: 0.6000
2025-02-24 14:11:06 - Arquivo: nonclear.0110.jpg | Prob: 0.0000 | Threshold: 0.6000
2025-02-24 14:11:26 - Arquivo: nonclear.0111.jpg | Prob: 0.0500 | Threshold: 0.6000
2025-02-24 14:11:44 - Arquivo: nonclear.0112.jpg | Prob: 0.0000 | Threshold: 0.6000
2025-02-24 14:12:03 - Arquivo: nonclear.0113.jpg | Prob: 0.0001 | Threshold: 0.6000
2025-02-24 14:12:23 - Arquivo: nonclear.0114.jpg | Prob: 0.0076 | Threshold: 0.6000
2025-02-24 14:12:45 - Arquivo: nonclear.0115.jpg | Prob: 0.0000 | Threshold: 0.6000
2025-02-24 14:13:05 - Arquivo: nonclear.0116.jpg | Prob: 0.0450 | Threshold: 0.6000
2025-02-24 14:13:23 - Arquivo: nonclear.0117.jpg | Prob: 0.0058 | Threshold: 0.6000
2025-02-24 14:13:41 - Arquivo: nonclear.0118.jpg | Prob: 0.9605 | Threshold: 0.6000
2025-02-24 14:14:02 - Arquivo: nonclear.0119.jpg | Prob: 0.1037 | Threshold: 0.6000
2025-02-24 14:14:23 - Arquivo: nonclear.0120.jpg | Prob: 0.0001 | Threshold: 0.6000
2025-02-24 14:15:08 - Arquivo: nonclear.0121.jpg | Prob: 0.0000 | Threshold: 0.6000
2025-02-24 14:15:28 - Arquivo: nonclear.0122.jpg | Prob: 0.9978 | Threshold: 0.6000
2025-02-24 14:15:48 - Arquivo: nonclear.0123.jpg | Prob: 0.0001 | Threshold: 0.6000
2025-02-24 14:16:08 - Arquivo: nonclear.0124.jpg | Prob: 0.0000 | Threshold: 0.6000
2025-02-24 14:16:28 - Arquivo: nonclear.0125.jpg | Prob: 0.7342 | Threshold: 0.6000
2025-02-24 14:16:51 - Arquivo: nonclear.0126.jpg | Prob: 0.0007 | Threshold: 0.6000
2025-02-24 14:17:09 - Arquivo: nonclear.0127.jpg | Prob: 0.0000 | Threshold: 0.6000
2025-02-24 14:17:28 - Arquivo: nonclear.0128.jpg | Prob: 0.0145 | Threshold: 0.6000
2025-02-24 14:17:47 - Arquivo: nonclear.0129.jpg | Prob: 0.0011 | Threshold: 0.6000
2025-02-24 14:18:09 - Arquivo: nonclear.0130.jpg | Prob: 0.0007 | Threshold: 0.6000
2025-02-24 14:18:30 - Arquivo: nonclear.0131.jpg | Prob: 0.0262 | Threshold: 0.6000
2025-02-24 14:18:48 - Arquivo: nonclear.0132.jpg | Prob: 0.0174 | Threshold: 0.6000
2025-02-24 14:19:10 - Arquivo: nonclear.0133.jpg | Prob: 0.0001 | Threshold: 0.6000
2025-02-24 14:19:30 - Arquivo: nonclear.0134.jpg | Prob: 0.0307 | Threshold: 0.6000
2025-02-24 14:19:51 - Arquivo: nonclear.0135.jpg | Prob: 0.0000 | Threshold: 0.6000
2025-02-24 14:20:11 - Arquivo: nonclear.0136.jpg | Prob: 0.7921 | Threshold: 0.6000
2025-02-24 14:20:31 - Arquivo: nonclear.0137.jpg | Prob: 0.0177 | Threshold: 0.6000
2025-02-24 14:20:50 - Arquivo: nonclear.0138.jpg | Prob: 0.1118 | Threshold: 0.6000
2025-02-24 14:21:09 - Arquivo: nonclear.0139.jpg | Prob: 0.0005 | Threshold: 0.6000
2025-02-24 14:21:31 - Arquivo: nonclear.0140.jpg | Prob: 0.0992 | Threshold: 0.6000
2025-02-24 14:21:50 - Arquivo: nonclear.0141.jpg | Prob: 0.4137 | Threshold: 0.6000
2025-02-24 14:22:10 - Arquivo: nonclear.0142.jpg | Prob: 0.1148 | Threshold: 0.6000
2025-02-24 14:22:29 - Arquivo: nonclear.0143.jpg | Prob: 0.0245 | Threshold: 0.6000
2025-02-24 14:22:47 - Arquivo: nonclear.0144.jpg | Prob: 0.9999 | Threshold: 0.6000
2025-02-24 14:23:08 - Arquivo: nonclear.0145.jpg | Prob: 0.3242 | Threshold: 0.6000
2025-02-24 14:23:29 - Arquivo: nonclear.0146.jpg | Prob: 0.0073 | Threshold: 0.6000
2025-02-24 14:23:48 - Arquivo: nonclear.0147.jpg | Prob: 0.0000 | Threshold: 0.6000
2025-02-24 14:24:06 - Arquivo: nonclear.0148.jpg | Prob: 0.3426 | Threshold: 0.6000
2025-02-24 14:24:28 - Arquivo: nonclear.0149.jpg | Prob: 0.0000 | Threshold: 0.6000
2025-02-24 14:24:47 - Arquivo: nonclear.0150.jpg | Prob: 0.0001 | Threshold: 0.6000
2025-02-24 14:25:08 - Arquivo: nonclear.0151.jpg | Prob: 0.0000 | Threshold: 0.6000
2025-02-24 14:25:30 - Arquivo: nonclear.0152.jpg | Prob: 0.0011 | Threshold: 0.6000
2025-02-24 14:25:49 - Arquivo: nonclear.0153.jpg | Prob: 0.1359 | Threshold: 0.6000
2025-02-24 14:26:11 - Arquivo: nonclear.0154.jpg | Prob: 0.9999 | Threshold: 0.6000
2025-02-24 14:26:32 - Arquivo: nonclear.0155.jpg | Prob: 0.9935 | Threshold: 0.6000
2025-02-24 14:26:53 - Arquivo: nonclear.0156.jpg | Prob: 0.0006 | Threshold: 0.6000
2025-02-24 14:27:14 - Arquivo: nonclear.0157.jpg | Prob: 0.9998 | Threshold: 0.6000
2025-02-24 14:27:34 - Arquivo: nonclear.0158.jpg | Prob: 0.0350 | Threshold: 0.6000
2025-02-24 14:27:53 - Arquivo: nonclear.0159.jpg | Prob: 0.0000 | Threshold: 0.6000
2025-02-24 14:28:14 - Arquivo: nonclear.0160.jpg | Prob: 0.9937 | Threshold: 0.6000
2025-02-24 14:28:36 - Arquivo: nonclear.0161.jpg | Prob: 0.9996 | Threshold: 0.6000
2025-02-24 14:28:56 - Arquivo: nonclear.0162.jpg | Prob: 0.0000 | Threshold: 0.6000
2025-02-24 14:29:18 - Arquivo: nonclear.0163.jpg | Prob: 0.0000 | Threshold: 0.6000
2025-02-24 14:29:40 - Arquivo: nonclear.0164.jpg | Prob: 0.0000 | Threshold: 0.6000
2025-02-24 14:30:01 - Arquivo: nonclear.0165.jpg | Prob: 0.0338 | Threshold: 0.6000
2025-02-24 14:30:21 - Arquivo: nonclear.0166.jpg | Prob: 0.9994 | Threshold: 0.6000
2025-02-24 14:30:41 - Arquivo: nonclear.0167.jpg | Prob: 0.0000 | Threshold: 0.6000
2025-02-24 14:31:02 - Arquivo: nonclear.0168.jpg | Prob: 0.0000 | Threshold: 0.6000
2025-02-24 14:31:22 - Arquivo: nonclear.0169.jpg | Prob: 0.0000 | Threshold: 0.6000
2025-02-24 14:31:41 - Arquivo: nonclear.0170.jpg | Prob: 0.0000 | Threshold: 0.6000
2025-02-24 14:32:04 - Arquivo: nonclear.0171.jpg | Prob: 0.0034 | Threshold: 0.6000
2025-02-24 14:32:26 - Arquivo: nonclear.0172.jpg | Prob: 0.0000 | Threshold: 0.6000
2025-02-24 14:32:48 - Arquivo: nonclear.0173.jpg | Prob: 0.0068 | Threshold: 0.6000
2025-02-24 14:33:07 - Arquivo: nonclear.0174.jpg | Prob: 0.0000 | Threshold: 0.6000
2025-02-24 14:33:33 - Arquivo: nonclear.0175.jpg | Prob: 0.0000 | Threshold: 0.6000
2025-02-24 14:33:54 - Arquivo: nonclear.0176.jpg | Prob: 0.0000 | Threshold: 0.6000
2025-02-24 14:34:15 - Arquivo: nonclear.0177.jpg | Prob: 0.0000 | Threshold: 0.6000
2025-02-24 14:34:35 - Arquivo: nonclear.0178.jpg | Prob: 0.0301 | Threshold: 0.6000
2025-02-24 14:34:57 - Arquivo: nonclear.0179.jpg | Prob: 0.0015 | Threshold: 0.6000
2025-02-24 14:35:19 - Arquivo: nonclear.0180.jpg | Prob: 0.0009 | Threshold: 0.6000
2025-02-24 14:35:37 - Arquivo: nonclear.0181.jpg | Prob: 0.0000 | Threshold: 0.6000
2025-02-24 14:35:59 - Arquivo: nonclear.0182.jpg | Prob: 0.0000 | Threshold: 0.6000
2025-02-24 14:36:21 - Arquivo: nonclear.0183.jpg | Prob: 0.0004 | Threshold: 0.6000
2025-02-24 14:36:43 - Arquivo: nonclear.0184.jpg | Prob: 0.0001 | Threshold: 0.6000
2025-02-24 14:37:03 - Arquivo: nonclear.0185.jpg | Prob: 0.0000 | Threshold: 0.6000
2025-02-24 14:37:25 - Arquivo: nonclear.0186.jpg | Prob: 0.9993 | Threshold: 0.6000
2025-02-24 14:37:49 - Arquivo: nonclear.0187.jpg | Prob: 0.0000 | Threshold: 0.6000
2025-02-24 14:38:12 - Arquivo: nonclear.0188.jpg | Prob: 0.0003 | Threshold: 0.6000
2025-02-24 14:38:35 - Arquivo: nonclear.0189.jpg | Prob: 0.0000 | Threshold: 0.6000
2025-02-24 14:38:55 - Arquivo: nonclear.0190.jpg | Prob: 0.0000 | Threshold: 0.6000
2025-02-24 14:39:15 - Arquivo: nonclear.0191.jpg | Prob: 0.0001 | Threshold: 0.6000
2025-02-24 14:39:36 - Arquivo: nonclear.0192.jpg | Prob: 0.0000 | Threshold: 0.6000
2025-02-24 14:39:59 - Arquivo: nonclear.0193.jpg | Prob: 0.0000 | Threshold: 0.6000
2025-02-24 14:40:20 - Arquivo: nonclear.0194.jpg | Prob: 0.0005 | Threshold: 0.6000
2025-02-24 14:40:41 - Arquivo: nonclear.0195.jpeg | Prob: 0.0000 | Threshold: 0.6000
2025-02-24 14:41:07 - Arquivo: nonclear.0196.jpeg | Prob: 0.0000 | Threshold: 0.6000
2025-02-24 14:41:28 - Arquivo: nonclear.0197.jpeg | Prob: 0.0000 | Threshold: 0.6000
2025-02-24 14:41:47 - Arquivo: nonclear.0198.jpeg | Prob: 0.0000 | Threshold: 0.6000
2025-02-24 14:42:10 - Arquivo: nonclear.0199.jpeg | Prob: 0.0000 | Threshold: 0.6000
2025-02-24 14:42:31 - Arquivo: nonclear.0200.jpeg | Prob: 0.9245 | Threshold: 0.6000
2025-02-24 14:42:59 - Arquivo: nonclear.0201.jpeg | Prob: 0.9101 | Threshold: 0.6000
2025-02-24 14:43:24 - Arquivo: nonclear.0202.jpeg | Prob: 0.0000 | Threshold: 0.6000
2025-02-24 14:43:46 - Arquivo: nonclear.0203.jpeg | Prob: 0.0000 | Threshold: 0.6000
2025-02-24 14:44:08 - Arquivo: nonclear.0204.jpeg | Prob: 0.0053 | Threshold: 0.6000
2025-02-24 14:44:53 - Arquivo: nonclear.0205.jpeg | Prob: 0.0000 | Threshold: 0.6000
2025-02-24 14:45:15 - Arquivo: nonclear.0206.jpeg | Prob: 0.0000 | Threshold: 0.6000
2025-02-24 14:45:38 - Arquivo: nonclear.0207.jpeg | Prob: 0.0000 | Threshold: 0.6000
2025-02-24 14:45:57 - Arquivo: nonclear.0208.jpeg | Prob: 0.0002 | Threshold: 0.6000
2025-02-24 14:46:18 - Arquivo: nonclear.0209.jpeg | Prob: 0.0000 | Threshold: 0.6000
2025-02-24 14:46:40 - Arquivo: nonclear.0210.jpeg | Prob: 0.0006 | Threshold: 0.6000
2025-02-24 14:47:02 - Arquivo: nonclear.0211.jpeg | Prob: 0.0100 | Threshold: 0.6000
2025-02-24 14:47:26 - Arquivo: nonclear.0212.jpeg | Prob: 0.0000 | Threshold: 0.6000
2025-02-24 14:47:47 - Arquivo: nonclear.0213.jpeg | Prob: 0.0000 | Threshold: 0.6000
2025-02-24 14:48:09 - Arquivo: nonclear.0214.jpeg | Prob: 0.0000 | Threshold: 0.6000
2025-02-24 14:48:28 - Arquivo: nonclear.0215.jpeg | Prob: 0.0000 | Threshold: 0.6000
2025-02-24 14:48:51 - Arquivo: nonclear.0216.jpeg | Prob: 0.0000 | Threshold: 0.6000
2025-02-24 14:49:11 - Arquivo: nonclear.0217.jpeg | Prob: 0.0000 | Threshold: 0.6000
2025-02-24 14:49:34 - Arquivo: nonclear.0218.jpeg | Prob: 0.0007 | Threshold: 0.6000
2025-02-24 14:49:55 - Arquivo: nonclear.0219.jpeg | Prob: 0.0431 | Threshold: 0.6000
2025-02-24 14:50:20 - Arquivo: nonclear.0220.jpeg | Prob: 0.0019 | Threshold: 0.6000
2025-02-24 14:50:43 - Arquivo: nonclear.0221.jpeg | Prob: 0.0012 | Threshold: 0.6000
2025-02-24 14:51:04 - Arquivo: nonclear.0222.jpeg | Prob: 0.0006 | Threshold: 0.6000
2025-02-24 14:51:27 - Arquivo: nonclear.0223.jpeg | Prob: 0.0000 | Threshold: 0.6000
2025-02-24 14:51:46 - Arquivo: nonclear.0224.jpeg | Prob: 0.0000 | Threshold: 0.6000
2025-02-24 14:52:10 - Arquivo: nonclear.0225.jpeg | Prob: 0.0000 | Threshold: 0.6000
2025-02-24 14:52:33 - Arquivo: nonclear.0226.jpeg | Prob: 0.0000 | Threshold: 0.6000
2025-02-24 14:52:57 - Arquivo: nonclear.0227.jpeg | Prob: 0.0000 | Threshold: 0.6000
2025-02-24 14:53:18 - Arquivo: nonclear.0228.jpeg | Prob: 0.0730 | Threshold: 0.6000
2025-02-24 14:53:40 - Arquivo: nonclear.0229.jpeg | Prob: 0.0000 | Threshold: 0.6000
2025-02-24 14:54:03 - Arquivo: nonclear.0230.jpeg | Prob: 0.0000 | Threshold: 0.6000
2025-02-24 14:54:27 - Arquivo: nonclear.0231.jpeg | Prob: 0.0000 | Threshold: 0.6000
2025-02-24 14:54:49 - Arquivo: nonclear.0232.jpeg | Prob: 0.0015 | Threshold: 0.6000
2025-02-24 14:55:11 - Arquivo: nonclear.0233.jpeg | Prob: 0.0186 | Threshold: 0.6000
2025-02-24 14:55:34 - Arquivo: nonclear.0234.jpeg | Prob: 0.0000 | Threshold: 0.6000
2025-02-24 14:55:54 - Arquivo: nonclear.0235.jpeg | Prob: 0.0203 | Threshold: 0.6000
2025-02-24 14:56:18 - Arquivo: nonclear.0236.jpeg | Prob: 0.0002 | Threshold: 0.6000
2025-02-24 14:56:38 - Arquivo: nonclear.0237.jpeg | Prob: 0.0000 | Threshold: 0.6000
2025-02-24 14:57:04 - Arquivo: nonclear.0238.jpeg | Prob: 0.0007 | Threshold: 0.6000
2025-02-24 14:57:22 - Arquivo: nonclear.0239.jpeg | Prob: 0.0000 | Threshold: 0.6000
2025-02-24 14:57:48 - Arquivo: nonclear.0240.jpeg | Prob: 0.9997 | Threshold: 0.6000
2025-02-24 14:58:10 - Arquivo: nonclear.0241.jpeg | Prob: 0.0445 | Threshold: 0.6000
2025-02-24 14:58:36 - Arquivo: nonclear.0242.jpeg | Prob: 0.0048 | Threshold: 0.6000
2025-02-24 14:59:00 - Arquivo: nonclear.0243.jpeg | Prob: 0.5083 | Threshold: 0.6000
2025-02-24 14:59:20 - Arquivo: nonclear.0244.jpeg | Prob: 0.0005 | Threshold: 0.6000
2025-02-24 14:59:42 - Arquivo: nonclear.0245.jpeg | Prob: 0.9906 | Threshold: 0.6000
2025-02-24 15:00:03 - Arquivo: nonclear.0246.jpeg | Prob: 0.0008 | Threshold: 0.6000
2025-02-24 15:00:26 - Arquivo: nonclear.0247.jpeg | Prob: 0.0001 | Threshold: 0.6000
2025-02-24 15:00:47 - Arquivo: nonclear.0248.jpeg | Prob: 0.0000 | Threshold: 0.6000
2025-02-24 15:01:12 - Arquivo: nonclear.0249.jpeg | Prob: 0.0010 | Threshold: 0.6000
2025-02-24 15:01:33 - Arquivo: nonclear.0250.jpeg | Prob: 0.0000 | Threshold: 0.6000
2025-02-24 15:01:54 - Arquivo: nonclear.0251.jpeg | Prob: 0.0065 | Threshold: 0.6000
2025-02-24 15:02:23 - Arquivo: nonclear.0252.jpeg | Prob: 0.0000 | Threshold: 0.6000
2025-02-24 15:02:47 - Arquivo: nonclear.0253.jpeg | Prob: 0.0002 | Threshold: 0.6000
2025-02-24 15:03:37 - Arquivo: nonclear.0254.jpeg | Prob: 0.0000 | Threshold: 0.6000
2025-02-24 15:03:57 - Arquivo: nonclear.0255.jpeg | Prob: 0.0024 | Threshold: 0.6000
2025-02-24 15:04:22 - Arquivo: nonclear.0256.jpeg | Prob: 0.0000 | Threshold: 0.6000
2025-02-24 15:04:40 - Arquivo: nonclear.0257.jpeg | Prob: 0.0429 | Threshold: 0.6000
2025-02-24 15:05:00 - Arquivo: nonclear.0258.jpeg | Prob: 0.0019 | Threshold: 0.6000
2025-02-24 15:05:22 - Arquivo: nonclear.0259.jpeg | Prob: 0.0000 | Threshold: 0.6000
2025-02-24 15:05:49 - Arquivo: nonclear.0260.jpeg | Prob: 0.9809 | Threshold: 0.6000
2025-02-24 15:06:13 - Arquivo: nonclear.0261.jpeg | Prob: 0.0020 | Threshold: 0.6000
2025-02-24 15:06:46 - Arquivo: nonclear.0262.jpeg | Prob: 0.0000 | Threshold: 0.6000
2025-02-24 15:07:11 - Arquivo: nonclear.0263.jpeg | Prob: 0.0017 | Threshold: 0.6000
2025-02-24 15:07:36 - Arquivo: nonclear.0264.jpeg | Prob: 0.9994 | Threshold: 0.6000
2025-02-24 15:07:59 - Arquivo: nonclear.0265.jpeg | Prob: 0.0000 | Threshold: 0.6000
2025-02-24 15:08:22 - Arquivo: nonclear.0266.jpeg | Prob: 0.0009 | Threshold: 0.6000
2025-02-24 15:09:27 - Arquivo: nonclear.0267.jpeg | Prob: 0.0000 | Threshold: 0.6000
2025-02-24 15:09:47 - Arquivo: nonclear.0268.jpeg | Prob: 0.0000 | Threshold: 0.6000
2025-02-24 15:10:09 - Arquivo: nonclear.0269.jpeg | Prob: 0.0006 | Threshold: 0.6000
2025-02-24 15:10:33 - Arquivo: nonclear.0270.jpeg | Prob: 0.0003 | Threshold: 0.6000
2025-02-24 15:10:55 - Arquivo: nonclear.0271.jpeg | Prob: 0.0000 | Threshold: 0.6000
2025-02-24 15:11:16 - Arquivo: nonclear.0272.jpeg | Prob: 0.0000 | Threshold: 0.6000
2025-02-24 15:11:38 - Arquivo: nonclear.0273.jpeg | Prob: 0.0000 | Threshold: 0.6000
2025-02-24 15:11:59 - Arquivo: nonclear.0274.jpeg | Prob: 0.0003 | Threshold: 0.6000
2025-02-24 15:12:19 - Arquivo: nonclear.0275.jpeg | Prob: 0.0485 | Threshold: 0.6000
2025-02-24 15:12:43 - Arquivo: nonclear.0276.jpeg | Prob: 0.0000 | Threshold: 0.6000
2025-02-24 15:13:07 - Arquivo: nonclear.0277.jpeg | Prob: 0.0010 | Threshold: 0.6000
2025-02-24 15:13:28 - Arquivo: nonclear.0278.jpg | Prob: 0.2012 | Threshold: 0.6000
2025-02-24 15:13:51 - Arquivo: nonclear.0279.jpg | Prob: 0.0001 | Threshold: 0.6000
2025-02-24 15:14:14 - Arquivo: nonclear.0280.jpg | Prob: 0.0002 | Threshold: 0.6000
2025-02-24 15:14:36 - Arquivo: nonclear.0281.jpg | Prob: 0.0005 | Threshold: 0.6000
2025-02-24 15:14:59 - Arquivo: nonclear.0282.jpg | Prob: 0.0023 | Threshold: 0.6000
2025-02-24 15:15:21 - Arquivo: nonclear.0283.jpg | Prob: 0.0026 | Threshold: 0.6000
2025-02-24 15:15:44 - Arquivo: nonclear.0284.jpg | Prob: 0.0002 | Threshold: 0.6000
2025-02-24 15:16:18 - Arquivo: nonclear.0285.jpg | Prob: 0.0001 | Threshold: 0.6000
2025-02-24 15:16:39 - Arquivo: nonclear.0286.jpg | Prob: 0.0074 | Threshold: 0.6000
2025-02-24 15:17:04 - Arquivo: nonclear.0287.jpg | Prob: 0.0047 | Threshold: 0.6000
2025-02-24 15:17:29 - Arquivo: nonclear.0288.jpg | Prob: 0.0001 | Threshold: 0.6000
2025-02-24 15:17:51 - Arquivo: nonclear.0289.jpg | Prob: 0.0000 | Threshold: 0.6000
2025-02-24 15:18:10 - Arquivo: nonclear.0290.jpg | Prob: 0.0004 | Threshold: 0.6000
2025-02-24 15:18:33 - Arquivo: nonclear.0291.jpg | Prob: 0.0000 | Threshold: 0.6000
2025-02-24 15:18:54 - Arquivo: nonclear.0292.jpg | Prob: 0.0000 | Threshold: 0.6000
2025-02-24 15:19:44 - Arquivo: nonclear.0293.jpg | Prob: 0.0000 | Threshold: 0.6000
2025-02-24 15:20:08 - Arquivo: nonclear.0294.jpg | Prob: 0.0000 | Threshold: 0.6000
2025-02-24 15:20:30 - Arquivo: nonclear.0295.jpg | Prob: 0.0002 | Threshold: 0.6000
2025-02-24 15:20:53 - Arquivo: nonclear.0296.jpg | Prob: 0.0000 | Threshold: 0.6000
2025-02-24 15:21:16 - Arquivo: nonclear.0297.jpg | Prob: 0.0004 | Threshold: 0.6000
2025-02-24 15:21:40 - Arquivo: nonclear.0298.jpg | Prob: 0.9721 | Threshold: 0.6000
2025-02-24 15:22:02 - Arquivo: nonclear.0299.jpg | Prob: 0.0002 | Threshold: 0.6000
2025-02-24 15:22:26 - Arquivo: nonclear.0300.jpg | Prob: 0.0000 | Threshold: 0.6000
2025-02-24 15:22:48 - Arquivo: nonclear.0301.jpg | Prob: 0.0000 | Threshold: 0.6000
2025-02-24 15:23:08 - Arquivo: nonclear.0302.jpg | Prob: 0.0083 | Threshold: 0.6000
2025-02-24 15:24:04 - Arquivo: nonclear.0303.jpg | Prob: 0.0000 | Threshold: 0.6000
2025-02-24 15:24:24 - Arquivo: nonclear.0304.jpg | Prob: 0.0402 | Threshold: 0.6000
2025-02-24 15:24:45 - Arquivo: nonclear.0305.jpg | Prob: 0.4794 | Threshold: 0.6000
2025-02-24 15:25:08 - Arquivo: nonclear.0306.jpg | Prob: 0.0038 | Threshold: 0.6000
2025-02-24 15:25:36 - Arquivo: nonclear.0307.jpg | Prob: 0.0000 | Threshold: 0.6000
2025-02-24 15:25:58 - Arquivo: nonclear.0308.jpg | Prob: 0.0274 | Threshold: 0.6000
2025-02-24 15:26:22 - Arquivo: nonclear.0309.jpg | Prob: 0.0009 | Threshold: 0.6000
2025-02-24 15:26:45 - Arquivo: nonclear.0310.jpg | Prob: 0.3722 | Threshold: 0.6000
2025-02-24 15:27:07 - Arquivo: nonclear.0311.jpg | Prob: 0.0131 | Threshold: 0.6000
2025-02-24 15:27:27 - Arquivo: nonclear.0312.jpg | Prob: 0.2549 | Threshold: 0.6000
2025-02-24 15:27:50 - Arquivo: nonclear.0313.jpg | Prob: 0.0000 | Threshold: 0.6000
2025-02-24 15:28:10 - Arquivo: nonclear.0314.jpg | Prob: 0.0001 | Threshold: 0.6000
2025-02-24 15:28:31 - Arquivo: nonclear.0315.jpg | Prob: 0.0063 | Threshold: 0.6000
2025-02-24 15:28:55 - Arquivo: nonclear.0316.jpg | Prob: 0.0022 | Threshold: 0.6000
2025-02-24 15:29:19 - Arquivo: nonclear.0317.jpg | Prob: 0.0004 | Threshold: 0.6000
2025-02-24 15:29:43 - Arquivo: nonclear.0318.jpg | Prob: 0.0126 | Threshold: 0.6000
2025-02-24 15:30:07 - Arquivo: nonclear.0319.jpg | Prob: 0.9593 | Threshold: 0.6000
2025-02-24 15:30:30 - Arquivo: nonclear.0320.jpg | Prob: 0.0153 | Threshold: 0.6000
2025-02-24 15:30:53 - Arquivo: nonclear.0321.jpg | Prob: 0.9137 | Threshold: 0.6000
2025-02-24 15:31:17 - Arquivo: nonclear.0322.jpg | Prob: 0.9991 | Threshold: 0.6000
2025-02-24 15:31:40 - Arquivo: nonclear.0323.jpg | Prob: 0.0071 | Threshold: 0.6000
2025-02-24 15:32:15 - Arquivo: nonclear.0324.jpg | Prob: 0.0117 | Threshold: 0.6000
2025-02-24 15:32:43 - Arquivo: nonclear.0325.jpg | Prob: 0.0002 | Threshold: 0.6000
2025-02-24 15:33:07 - Arquivo: nonclear.0326.jpg | Prob: 0.0000 | Threshold: 0.6000
2025-02-24 15:33:32 - Arquivo: nonclear.0327.jpg | Prob: 0.0000 | Threshold: 0.6000
2025-02-24 15:33:55 - Arquivo: nonclear.0328.jpg | Prob: 0.0000 | Threshold: 0.6000
2025-02-24 15:34:36 - Arquivo: nonclear.0329.jpg | Prob: 0.9875 | Threshold: 0.6000
2025-02-24 15:35:02 - Arquivo: nonclear.0330.jpg | Prob: 0.0045 | Threshold: 0.6000
2025-02-24 15:35:26 - Arquivo: nonclear.0331.jpeg | Prob: 0.0000 | Threshold: 0.6000
2025-02-24 15:35:48 - Arquivo: nonclear.0332.jpeg | Prob: 0.0000 | Threshold: 0.6000
2025-02-24 15:36:16 - Arquivo: nonclear.0333.jpeg | Prob: 0.0030 | Threshold: 0.6000
2025-02-24 15:36:39 - Arquivo: nonclear.0334.jpg | Prob: 0.0000 | Threshold: 0.6000
2025-02-24 15:37:03 - Arquivo: nonclear.0335.jpg | Prob: 0.0000 | Threshold: 0.6000
2025-02-24 15:37:26 - Arquivo: nonclear.0336.jpg | Prob: 0.0000 | Threshold: 0.6000
2025-02-24 15:37:50 - Arquivo: nonclear.0337.jpg | Prob: 0.0000 | Threshold: 0.6000
2025-02-24 15:38:14 - Arquivo: nonclear.0338.jpg | Prob: 0.0000 | Threshold: 0.6000
2025-02-24 15:38:42 - Arquivo: nonclear.0339.jpg | Prob: 0.0000 | Threshold: 0.6000
2025-02-24 15:39:07 - Arquivo: nonclear.0340.jpg | Prob: 0.0000 | Threshold: 0.6000
2025-02-24 15:39:33 - Arquivo: nonclear.0341.jpg | Prob: 0.0000 | Threshold: 0.6000
2025-02-24 15:39:54 - Arquivo: nonclear.0342.jpg | Prob: 0.2000 | Threshold: 0.6000
2025-02-24 15:40:17 - Arquivo: nonclear.0343.jpg | Prob: 0.0000 | Threshold: 0.6000
2025-02-24 15:40:41 - Arquivo: nonclear.0344.jpg | Prob: 0.9971 | Threshold: 0.6000
2025-02-24 15:41:05 - Arquivo: nonclear.0345.jpg | Prob: 0.0000 | Threshold: 0.6000
2025-02-24 15:41:29 - Arquivo: nonclear.0346.jpg | Prob: 0.0000 | Threshold: 0.6000
2025-02-24 15:41:54 - Arquivo: nonclear.0347.jpg | Prob: 0.0000 | Threshold: 0.6000
2025-02-24 15:42:33 - Arquivo: nonclear.0348.jpg | Prob: 0.0000 | Threshold: 0.6000
2025-02-24 15:42:57 - Arquivo: nonclear.0349.jpg | Prob: 0.0000 | Threshold: 0.6000
2025-02-24 15:43:23 - Arquivo: nonclear.0350.jpg | Prob: 0.0000 | Threshold: 0.6000
2025-02-24 15:43:43 - Arquivo: nonclear.0351.jpg | Prob: 0.0012 | Threshold: 0.6000
2025-02-24 15:44:02 - Arquivo: nonclear.0352.jpg | Prob: 0.9726 | Threshold: 0.6000
2025-02-24 15:44:29 - Arquivo: nonclear.0353.jpg | Prob: 0.0000 | Threshold: 0.6000
2025-02-24 15:44:52 - Arquivo: nonclear.0354.jpg | Prob: 0.0044 | Threshold: 0.6000
2025-02-24 15:45:18 - Arquivo: nonclear.0355.jpg | Prob: 0.0008 | Threshold: 0.6000
2025-02-24 15:45:42 - Arquivo: nonclear.0356.jpg | Prob: 0.0013 | Threshold: 0.6000
2025-02-24 15:46:08 - Arquivo: nonclear.0357.jpg | Prob: 0.0407 | Threshold: 0.6000
2025-02-24 15:46:28 - Arquivo: nonclear.0358.jpg | Prob: 0.0003 | Threshold: 0.6000
2025-02-24 15:46:54 - Arquivo: nonclear.0359.jpg | Prob: 0.0001 | Threshold: 0.6000
2025-02-24 15:47:19 - Arquivo: nonclear.0360.jpg | Prob: 0.0003 | Threshold: 0.6000
2025-02-24 15:47:43 - Arquivo: nonclear.0361.jpg | Prob: 0.0000 | Threshold: 0.6000
2025-02-24 15:48:04 - Arquivo: nonclear.0362.jpg | Prob: 0.0000 | Threshold: 0.6000
2025-02-24 15:48:27 - Arquivo: nonclear.0363.jpg | Prob: 0.0000 | Threshold: 0.6000
2025-02-24 15:48:50 - Arquivo: nonclear.0364.jpg | Prob: 0.0000 | Threshold: 0.6000
2025-02-24 15:49:14 - Arquivo: nonclear.0365.jpg | Prob: 0.0000 | Threshold: 0.6000
2025-02-24 15:49:36 - Arquivo: nonclear.0366.jpg | Prob: 0.0828 | Threshold: 0.6000
2025-02-24 15:49:57 - Arquivo: nonclear.0367.jpg | Prob: 0.9983 | Threshold: 0.6000
2025-02-24 15:50:21 - Arquivo: nonclear.0368.jpg | Prob: 0.0008 | Threshold: 0.6000
2025-02-24 15:50:42 - Arquivo: nonclear.0369.jpg | Prob: 0.0137 | Threshold: 0.6000
2025-02-24 15:51:06 - Arquivo: nonclear.0370.jpg | Prob: 0.0053 | Threshold: 0.6000
2025-02-24 15:51:32 - Arquivo: nonclear.0371.jpg | Prob: 0.0099 | Threshold: 0.6000
2025-02-24 15:51:55 - Arquivo: nonclear.0372.jpg | Prob: 0.0000 | Threshold: 0.6000
2025-02-24 15:52:21 - Arquivo: nonclear.0373.jpg | Prob: 0.0000 | Threshold: 0.6000
2025-02-24 15:52:46 - Arquivo: nonclear.0374.jpg | Prob: 0.0000 | Threshold: 0.6000
2025-02-24 15:53:09 - Arquivo: nonclear.0375.jpg | Prob: 0.0000 | Threshold: 0.6000
2025-02-24 15:53:30 - Arquivo: nonclear.0376.jpg | Prob: 0.0005 | Threshold: 0.6000
2025-02-24 15:53:56 - Arquivo: nonclear.0377.jpg | Prob: 0.0000 | Threshold: 0.6000
2025-02-24 15:54:18 - Arquivo: nonclear.0378.jpg | Prob: 0.0001 | Threshold: 0.6000
2025-02-24 15:54:41 - Arquivo: nonclear.0379.jpg | Prob: 0.0000 | Threshold: 0.6000
2025-02-24 15:55:14 - Arquivo: nonclear.0380.jpg | Prob: 0.0000 | Threshold: 0.6000
2025-02-24 15:55:35 - Arquivo: nonclear.0381.jpg | Prob: 0.0002 | Threshold: 0.6000
2025-02-24 15:56:00 - Arquivo: nonclear.0382.jpg | Prob: 0.0000 | Threshold: 0.6000
2025-02-24 15:56:25 - Arquivo: nonclear.0383.jpg | Prob: 0.0000 | Threshold: 0.6000
2025-02-24 15:56:49 - Arquivo: nonclear.0384.jpg | Prob: 0.0376 | Threshold: 0.6000
2025-02-24 15:57:13 - Arquivo: nonclear.0385.jpg | Prob: 0.9940 | Threshold: 0.6000
2025-02-24 15:57:35 - Arquivo: nonclear.0386.jpg | Prob: 0.0000 | Threshold: 0.6000
2025-02-24 15:57:59 - Arquivo: nonclear.0387.jpg | Prob: 0.0000 | Threshold: 0.6000
2025-02-24 15:58:58 - Arquivo: nonclear.0388.jpg | Prob: 0.0001 | Threshold: 0.6000
2025-02-24 16:00:00 - Arquivo: nonclear.0389.jpg | Prob: 0.0000 | Threshold: 0.6000
2025-02-24 16:00:27 - Arquivo: nonclear.0390.jpg | Prob: 0.0000 | Threshold: 0.6000
2025-02-24 16:00:54 - Arquivo: nonclear.0391.jpg | Prob: 0.0000 | Threshold: 0.6000
2025-02-24 16:01:16 - Arquivo: nonclear.0392.jpg | Prob: 0.0000 | Threshold: 0.6000
2025-02-24 16:01:43 - Arquivo: nonclear.0393.jpg | Prob: 0.0000 | Threshold: 0.6000
2025-02-24 16:02:07 - Arquivo: nonclear.0394.jpg | Prob: 0.0000 | Threshold: 0.6000
2025-02-24 16:02:32 - Arquivo: nonclear.0395.jpg | Prob: 0.0004 | Threshold: 0.6000
2025-02-24 16:02:59 - Arquivo: nonclear.0396.jpg | Prob: 0.0433 | Threshold: 0.6000
2025-02-24 16:03:24 - Arquivo: nonclear.0397.jpg | Prob: 0.0000 | Threshold: 0.6000
2025-02-24 16:04:11 - Arquivo: nonclear.0398.jpg | Prob: 0.0000 | Threshold: 0.6000
2025-02-24 16:04:37 - Arquivo: nonclear.0399.jpg | Prob: 0.0004 | Threshold: 0.6000
2025-02-24 16:05:00 - Arquivo: nonclear.0400.jpg | Prob: 0.0000 | Threshold: 0.6000
2025-02-24 16:05:24 - Arquivo: nonclear.0401.jpg | Prob: 0.3871 | Threshold: 0.6000
2025-02-24 16:05:51 - Arquivo: nonclear.0402.jpg | Prob: 0.0000 | Threshold: 0.6000
2025-02-24 16:06:35 - Arquivo: nonclear.0403.jpg | Prob: 0.0000 | Threshold: 0.6000
2025-02-24 16:07:02 - Arquivo: nonclear.0404.jpg | Prob: 0.0477 | Threshold: 0.6000
2025-02-24 16:07:26 - Arquivo: nonclear.0405.jpg | Prob: 0.0000 | Threshold: 0.6000
2025-02-24 16:07:50 - Arquivo: nonclear.0406.jpg | Prob: 0.0000 | Threshold: 0.6000
2025-02-24 16:08:13 - Arquivo: nonclear.0407.jpg | Prob: 0.0000 | Threshold: 0.6000
2025-02-24 16:08:40 - Arquivo: nonclear.0408.jpg | Prob: 0.0000 | Threshold: 0.6000
2025-02-24 16:09:41 - Arquivo: nonclear.0409.jpg | Prob: 0.0000 | Threshold: 0.6000
2025-02-24 16:10:05 - Arquivo: nonclear.0410.jpg | Prob: 0.0000 | Threshold: 0.6000
2025-02-24 16:10:29 - Arquivo: nonclear.0411.jpg | Prob: 0.0000 | Threshold: 0.6000
2025-02-24 16:10:59 - Arquivo: nonclear.0412.jpg | Prob: 0.0000 | Threshold: 0.6000
2025-02-24 16:11:38 - Arquivo: nonclear.0413.jpg | Prob: 0.0000 | Threshold: 0.6000
2025-02-24 16:12:03 - Arquivo: nonclear.0414.jpg | Prob: 0.0000 | Threshold: 0.6000
2025-02-24 16:12:26 - Arquivo: nonclear.0415.jpg | Prob: 0.0000 | Threshold: 0.6000
2025-02-24 16:12:54 - Arquivo: nonclear.0416.jpg | Prob: 0.9747 | Threshold: 0.6000
2025-02-24 16:13:16 - Arquivo: nonclear.0417.jpg | Prob: 0.0000 | Threshold: 0.6000
2025-02-24 16:13:56 - Arquivo: nonclear.0418.jpg | Prob: 0.0000 | Threshold: 0.6000
2025-02-24 16:14:24 - Arquivo: nonclear.0419.jpg | Prob: 0.0000 | Threshold: 0.6000
2025-02-24 16:14:58 - Arquivo: nonclear.0420.jpg | Prob: 0.0000 | Threshold: 0.6000
2025-02-24 16:15:31 - Arquivo: nonclear.0421.jpg | Prob: 0.0000 | Threshold: 0.6000
2025-02-24 16:15:51 - Arquivo: nonclear.0422.jpg | Prob: 0.0000 | Threshold: 0.6000
2025-02-24 16:16:15 - Arquivo: nonclear.0423.jpg | Prob: 0.0000 | Threshold: 0.6000
2025-02-24 16:16:42 - Arquivo: nonclear.0424.jpg | Prob: 0.0000 | Threshold: 0.6000
2025-02-24 16:17:06 - Arquivo: nonclear.0425.jpg | Prob: 0.0000 | Threshold: 0.6000
2025-02-24 16:17:34 - Arquivo: nonclear.0426.jpg | Prob: 0.0000 | Threshold: 0.6000
2025-02-24 16:17:59 - Arquivo: nonclear.0427.jpg | Prob: 0.0000 | Threshold: 0.6000
2025-02-24 16:18:41 - Arquivo: nonclear.0428.jpg | Prob: 0.0000 | Threshold: 0.6000
2025-02-24 16:19:05 - Arquivo: nonclear.0429.jpg | Prob: 0.0000 | Threshold: 0.6000
2025-02-24 16:19:46 - Arquivo: nonclear.0430.jpg | Prob: 0.6328 | Threshold: 0.6000
2025-02-24 16:20:13 - Arquivo: nonclear.0431.jpg | Prob: 0.7179 | Threshold: 0.6000
2025-02-24 16:21:00 - Arquivo: nonclear.0432.jpg | Prob: 0.0006 | Threshold: 0.6000
2025-02-24 16:21:20 - Arquivo: nonclear.0433.jpg | Prob: 0.0000 | Threshold: 0.6000
2025-02-24 16:21:42 - Arquivo: nonclear.0434.jpg | Prob: 0.0000 | Threshold: 0.6000
2025-02-24 16:22:05 - Arquivo: nonclear.0435.jpg | Prob: 0.0000 | Threshold: 0.6000
2025-02-24 16:22:57 - Arquivo: nonclear.0436.jpg | Prob: 0.0002 | Threshold: 0.6000
2025-02-24 16:23:34 - Arquivo: nonclear.0437.jpg | Prob: 0.4474 | Threshold: 0.6000
2025-02-24 16:24:31 - Arquivo: nonclear.0438.jpg | Prob: 0.0001 | Threshold: 0.6000
2025-02-24 16:24:58 - Arquivo: nonclear.0439.jpg | Prob: 0.0000 | Threshold: 0.6000
2025-02-24 16:25:17 - Arquivo: nonclear.0440.jpg | Prob: 0.0000 | Threshold: 0.6000
2025-02-24 16:25:38 - Arquivo: nonclear.0441.jpg | Prob: 0.0000 | Threshold: 0.6000
2025-02-24 16:26:17 - Arquivo: nonclear.0442.jpg | Prob: 0.0000 | Threshold: 0.6000
2025-02-24 16:27:11 - Arquivo: nonclear.0443.jpg | Prob: 0.0107 | Threshold: 0.6000
2025-02-24 16:28:01 - Arquivo: nonclear.0444.jpg | Prob: 0.0003 | Threshold: 0.6000
2025-02-24 16:28:26 - Arquivo: nonclear.0445.jpg | Prob: 0.0000 | Threshold: 0.6000
2025-02-24 16:28:47 - Arquivo: nonclear.0446.jpg | Prob: 0.0000 | Threshold: 0.6000
2025-02-24 16:29:10 - Arquivo: nonclear.0447.jpg | Prob: 0.0000 | Threshold: 0.6000
2025-02-24 16:30:08 - Arquivo: nonclear.0448.jpg | Prob: 0.0000 | Threshold: 0.6000
2025-02-24 16:30:45 - Arquivo: nonclear.0449.jpg | Prob: 0.0000 | Threshold: 0.6000
2025-02-24 16:31:22 - Arquivo: nonclear.0450.jpg | Prob: 0.0000 | Threshold: 0.6000
2025-02-24 16:31:48 - Arquivo: nonclear.0451.jpg | Prob: 0.0000 | Threshold: 0.6000
2025-02-24 16:32:09 - Arquivo: nonclear.0452.jpg | Prob: 0.0000 | Threshold: 0.6000
2025-02-24 16:32:34 - Arquivo: nonclear.0453.jpg | Prob: 0.1575 | Threshold: 0.6000
2025-02-24 16:33:02 - Arquivo: nonclear.0454.jpg | Prob: 0.0000 | Threshold: 0.6000
2025-02-24 16:33:39 - Arquivo: nonclear.0455.jpg | Prob: 0.0000 | Threshold: 0.6000
2025-02-24 16:34:48 - Arquivo: nonclear.0456.jpg | Prob: 0.4327 | Threshold: 0.6000
2025-02-24 16:35:09 - Arquivo: nonclear.0457.jpg | Prob: 0.0001 | Threshold: 0.6000
2025-02-24 16:35:28 - Arquivo: nonclear.0458.jpg | Prob: 0.0000 | Threshold: 0.6000
2025-02-24 16:35:52 - Arquivo: nonclear.0459.jpg | Prob: 0.0000 | Threshold: 0.6000
2025-02-24 16:36:25 - Arquivo: nonclear.0460.jpg | Prob: 0.0000 | Threshold: 0.6000
2025-02-24 16:36:48 - Arquivo: nonclear.0461.jpg | Prob: 0.0000 | Threshold: 0.6000
2025-02-24 16:37:10 - Arquivo: nonclear.0462.jpg | Prob: 0.0000 | Threshold: 0.6000
2025-02-24 16:37:35 - Arquivo: nonclear.0463.jpg | Prob: 0.0000 | Threshold: 0.6000
2025-02-24 16:37:57 - Arquivo: nonclear.0464.jpg | Prob: 0.0002 | Threshold: 0.6000
2025-02-24 16:38:20 - Arquivo: nonclear.0465.jpg | Prob: 0.0000 | Threshold: 0.6000
2025-02-24 16:39:26 - Arquivo: nonclear.0466.jpg | Prob: 0.0000 | Threshold: 0.6000
2025-02-24 16:39:45 - Arquivo: nonclear.0467.jpg | Prob: 0.0000 | Threshold: 0.6000
2025-02-24 16:40:10 - Arquivo: nonclear.0468.jpg | Prob: 0.0000 | Threshold: 0.6000
2025-02-24 16:40:36 - Arquivo: nonclear.0469.jpg | Prob: 0.0000 | Threshold: 0.6000
2025-02-24 16:40:59 - Arquivo: nonclear.0470.jpg | Prob: 0.0001 | Threshold: 0.6000
2025-02-24 16:41:20 - Arquivo: nonclear.0471.jpg | Prob: 0.9960 | Threshold: 0.6000
2025-02-24 16:41:41 - Arquivo: nonclear.0472.jpg | Prob: 0.0004 | Threshold: 0.6000
2025-02-24 16:42:25 - Arquivo: nonclear.0473.jpg | Prob: 0.0002 | Threshold: 0.6000
2025-02-24 16:43:43 - Arquivo: nonclear.0474.jpg | Prob: 0.0000 | Threshold: 0.6000
2025-02-24 16:44:05 - Arquivo: nonclear.0475.jpg | Prob: 0.0000 | Threshold: 0.6000
2025-02-24 16:44:27 - Arquivo: nonclear.0476.jpg | Prob: 0.0000 | Threshold: 0.6000
2025-02-24 16:44:55 - Arquivo: nonclear.0477.jpg | Prob: 0.0000 | Threshold: 0.6000
2025-02-24 16:45:16 - Arquivo: nonclear.0478.jpg | Prob: 0.0000 | Threshold: 0.6000
2025-02-24 16:45:38 - Arquivo: nonclear.0479.jpg | Prob: 0.0002 | Threshold: 0.6000
2025-02-24 16:46:37 - Arquivo: nonclear.0480.jpg | Prob: 0.0001 | Threshold: 0.6000
2025-02-24 16:47:25 - Arquivo: nonclear.0481.jpg | Prob: 0.0000 | Threshold: 0.6000
2025-02-24 16:47:46 - Arquivo: nonclear.0482.jpg | Prob: 0.0000 | Threshold: 0.6000
2025-02-24 16:48:08 - Arquivo: nonclear.0483.jpg | Prob: 0.0000 | Threshold: 0.6000
2025-02-24 16:48:32 - Arquivo: nonclear.0484.jpg | Prob: 0.0000 | Threshold: 0.6000
2025-02-24 16:48:51 - Arquivo: nonclear.0485.jpg | Prob: 0.0014 | Threshold: 0.6000
2025-02-24 16:49:14 - Arquivo: nonclear.0486.jpg | Prob: 0.0000 | Threshold: 0.6000
2025-02-24 16:49:33 - Arquivo: nonclear.0487.jpg | Prob: 0.0000 | Threshold: 0.6000
2025-02-24 16:49:56 - Arquivo: nonclear.0488.jpg | Prob: 0.0000 | Threshold: 0.6000
2025-02-24 16:50:18 - Arquivo: nonclear.0489.jpg | Prob: 0.0000 | Threshold: 0.6000
2025-02-24 16:50:39 - Arquivo: nonclear.0490.jpg | Prob: 0.0000 | Threshold: 0.6000
2025-02-24 16:51:01 - Arquivo: nonclear.0491.jpg | Prob: 0.0000 | Threshold: 0.6000
2025-02-24 16:51:26 - Arquivo: nonclear.0492.jpg | Prob: 0.0003 | Threshold: 0.6000
2025-02-24 16:51:58 - Arquivo: nonclear.0493.jpg | Prob: 0.0000 | Threshold: 0.6000
2025-02-24 16:52:19 - Arquivo: nonclear.0494.jpg | Prob: 0.0671 | Threshold: 0.6000
2025-02-24 16:52:42 - Arquivo: nonclear.0495.jpg | Prob: 0.0000 | Threshold: 0.6000
2025-02-24 16:53:05 - Arquivo: nonclear.0496.jpg | Prob: 0.0000 | Threshold: 0.6000
2025-02-24 16:53:26 - Arquivo: nonclear.0497.jpg | Prob: 0.0000 | Threshold: 0.6000
2025-02-24 16:53:49 - Arquivo: nonclear.0498.jpg | Prob: 0.0000 | Threshold: 0.6000
2025-02-24 16:54:18 - Arquivo: nonclear.0499.jpg | Prob: 0.0000 | Threshold: 0.6000
2025-02-24 16:54:41 - Arquivo: nonclear.0500.jpg | Prob: 0.0000 | Threshold: 0.6000
2025-02-24 16:55:16 - Arquivo: nonclear.0501.jpg | Prob: 0.0000 | Threshold: 0.6000
2025-02-24 16:55:38 - Arquivo: nonclear.0502.jpg | Prob: 0.0000 | Threshold: 0.6000
2025-02-24 16:56:06 - Arquivo: nonclear.0503.jpg | Prob: 0.1571 | Threshold: 0.6000
2025-02-24 16:56:27 - Arquivo: nonclear.0504.jpg | Prob: 0.0000 | Threshold: 0.6000
2025-02-24 16:56:49 - Arquivo: nonclear.0505.jpg | Prob: 0.0000 | Threshold: 0.6000
2025-02-24 16:57:27 - Arquivo: nonclear.0506.jpg | Prob: 0.0000 | Threshold: 0.6000
2025-02-24 16:57:50 - Arquivo: nonclear.0507.jpg | Prob: 0.0000 | Threshold: 0.6000
2025-02-24 16:58:46 - Arquivo: nonclear.0508.jpg | Prob: 0.0001 | Threshold: 0.6000
2025-02-24 16:59:06 - Arquivo: nonclear.0509.jpg | Prob: 0.0073 | Threshold: 0.6000
2025-02-24 16:59:28 - Arquivo: nonclear.0510.jpg | Prob: 0.0000 | Threshold: 0.6000
2025-02-24 16:59:52 - Arquivo: nonclear.0511.jpg | Prob: 0.0000 | Threshold: 0.6000
2025-02-24 17:00:15 - Arquivo: nonclear.0512.jpg | Prob: 0.0000 | Threshold: 0.6000
2025-02-24 17:00:39 - Arquivo: nonclear.0513.jpg | Prob: 0.0001 | Threshold: 0.6000
2025-02-24 17:01:03 - Arquivo: nonclear.0514.jpg | Prob: 0.0000 | Threshold: 0.6000
2025-02-24 17:01:26 - Arquivo: nonclear.0515.jpg | Prob: 0.0000 | Threshold: 0.6000
2025-02-24 17:01:47 - Arquivo: nonclear.0516.jpg | Prob: 0.0000 | Threshold: 0.6000
2025-02-24 17:02:34 - Arquivo: nonclear.0517.jpg | Prob: 0.0000 | Threshold: 0.6000
2025-02-24 17:02:56 - Arquivo: nonclear.0518.jpg | Prob: 0.0033 | Threshold: 0.6000
2025-02-24 17:03:42 - Arquivo: nonclear.0519.jpg | Prob: 0.0058 | Threshold: 0.6000
2025-02-24 17:04:05 - Arquivo: nonclear.0520.jpg | Prob: 0.0000 | Threshold: 0.6000
2025-02-24 17:04:29 - Arquivo: nonclear.0521.jpg | Prob: 0.0066 | Threshold: 0.6000
2025-02-24 17:04:58 - Arquivo: nonclear.0522.jpg | Prob: 0.0000 | Threshold: 0.6000
2025-02-24 17:05:21 - Arquivo: nonclear.0523.jpg | Prob: 0.0000 | Threshold: 0.6000
2025-02-24 17:05:48 - Arquivo: nonclear.0524.jpg | Prob: 0.0000 | Threshold: 0.6000
2025-02-24 17:06:10 - Arquivo: nonclear.0525.jpg | Prob: 0.0003 | Threshold: 0.6000
2025-02-24 17:06:45 - Arquivo: nonclear.0526.jpg | Prob: 0.0009 | Threshold: 0.6000
2025-02-24 17:07:06 - Arquivo: nonclear.0527.jpg | Prob: 0.0001 | Threshold: 0.6000
2025-02-24 17:07:30 - Arquivo: nonclear.0528.jpg | Prob: 0.0003 | Threshold: 0.6000
2025-02-24 17:07:53 - Arquivo: nonclear.0529.jpg | Prob: 0.0000 | Threshold: 0.6000
2025-02-24 17:08:16 - Arquivo: nonclear.0530.jpg | Prob: 0.0000 | Threshold: 0.6000
2025-02-24 17:08:48 - Arquivo: nonclear.0531.jpg | Prob: 0.0000 | Threshold: 0.6000
2025-02-24 17:09:10 - Arquivo: nonclear.0532.jpg | Prob: 0.0000 | Threshold: 0.6000
2025-02-24 17:09:33 - Arquivo: nonclear.0533.jpg | Prob: 0.0000 | Threshold: 0.6000
2025-02-24 17:09:57 - Arquivo: nonclear.0534.jpg | Prob: 0.0000 | Threshold: 0.6000
2025-02-24 17:10:21 - Arquivo: nonclear.0535.jpg | Prob: 0.0001 | Threshold: 0.6000
2025-02-24 17:10:45 - Arquivo: nonclear.0536.jpg | Prob: 0.0003 | Threshold: 0.6000
2025-02-24 17:11:09 - Arquivo: nonclear.0537.jpg | Prob: 0.0000 | Threshold: 0.6000
2025-02-24 17:11:30 - Arquivo: nonclear.0538.jpg | Prob: 0.0000 | Threshold: 0.6000
2025-02-24 17:11:51 - Arquivo: nonclear.0539.jpg | Prob: 0.0041 | Threshold: 0.6000
2025-02-24 17:12:19 - Arquivo: nonclear.0540.jpg | Prob: 0.0000 | Threshold: 0.6000
2025-02-24 17:12:42 - Arquivo: nonclear.0541.jpg | Prob: 0.0072 | Threshold: 0.6000
2025-02-24 17:13:07 - Arquivo: nonclear.0542.jpg | Prob: 0.0000 | Threshold: 0.6000
2025-02-24 17:13:30 - Arquivo: nonclear.0543.jpg | Prob: 0.0714 | Threshold: 0.6000
2025-02-24 17:13:56 - Arquivo: nonclear.0544.jpg | Prob: 0.0002 | Threshold: 0.6000
2025-02-24 17:14:18 - Arquivo: nonclear.0545.jpg | Prob: 0.8158 | Threshold: 0.6000
2025-02-24 17:14:42 - Arquivo: nonclear.0546.jpg | Prob: 0.0000 | Threshold: 0.6000
2025-02-24 17:15:33 - Arquivo: nonclear.0547.jpg | Prob: 0.0000 | Threshold: 0.6000
2025-02-24 17:15:57 - Arquivo: nonclear.0548.jpg | Prob: 0.0000 | Threshold: 0.6000
2025-02-24 17:16:34 - Arquivo: nonclear.0549.jpg | Prob: 0.0000 | Threshold: 0.6000
2025-02-24 17:17:00 - Arquivo: nonclear.0550.jpg | Prob: 0.0000 | Threshold: 0.6000
2025-02-24 17:17:22 - Arquivo: nonclear.0551.jpg | Prob: 0.0000 | Threshold: 0.6000
2025-02-24 17:17:50 - Arquivo: nonclear.0552.jpg | Prob: 0.0000 | Threshold: 0.6000
2025-02-24 17:18:17 - Arquivo: nonclear.0553.jpg | Prob: 0.0001 | Threshold: 0.6000
2025-02-24 17:18:40 - Arquivo: nonclear.0554.jpg | Prob: 0.0000 | Threshold: 0.6000
2025-02-24 17:19:05 - Arquivo: nonclear.0555.jpg | Prob: 0.0007 | Threshold: 0.6000
2025-02-24 17:19:41 - Arquivo: nonclear.0556.jpg | Prob: 0.0004 | Threshold: 0.6000
2025-02-24 17:20:04 - Arquivo: nonclear.0557.jpg | Prob: 0.0163 | Threshold: 0.6000
2025-02-24 17:20:29 - Arquivo: nonclear.0558.jpg | Prob: 0.0000 | Threshold: 0.6000
2025-02-24 17:20:54 - Arquivo: nonclear.0559.jpg | Prob: 0.0000 | Threshold: 0.6000
2025-02-24 17:21:17 - Arquivo: nonclear.0560.jpg | Prob: 0.0000 | Threshold: 0.6000
2025-02-24 17:21:39 - Arquivo: nonclear.0561.jpg | Prob: 0.9394 | Threshold: 0.6000
2025-02-24 17:22:01 - Arquivo: nonclear.0562.jpg | Prob: 0.0000 | Threshold: 0.6000
2025-02-24 17:22:25 - Arquivo: nonclear.0563.jpg | Prob: 0.1867 | Threshold: 0.6000
2025-02-24 17:22:50 - Arquivo: nonclear.0564.jpg | Prob: 0.0000 | Threshold: 0.6000
2025-02-24 17:23:17 - Arquivo: nonclear.0565.jpg | Prob: 0.0000 | Threshold: 0.6000
2025-02-24 17:23:41 - Arquivo: nonclear.0566.jpg | Prob: 0.0000 | Threshold: 0.6000
2025-02-24 17:24:06 - Arquivo: nonclear.0567.jpg | Prob: 0.0009 | Threshold: 0.6000
2025-02-24 17:24:26 - Arquivo: nonclear.0568.jpg | Prob: 0.1149 | Threshold: 0.6000
2025-02-24 17:24:48 - Arquivo: nonclear.0569.jpg | Prob: 0.0000 | Threshold: 0.6000
2025-02-24 17:25:14 - Arquivo: nonclear.0570.jpg | Prob: 0.0000 | Threshold: 0.6000
2025-02-24 17:25:40 - Arquivo: nonclear.0571.jpg | Prob: 0.0001 | Threshold: 0.6000
2025-02-24 17:26:15 - Arquivo: nonclear.0572.jpg | Prob: 0.0000 | Threshold: 0.6000
2025-02-24 17:26:41 - Arquivo: nonclear.0573.jpg | Prob: 0.9485 | Threshold: 0.6000
2025-02-24 17:27:07 - Arquivo: nonclear.0574.jpg | Prob: 0.0001 | Threshold: 0.6000
2025-02-24 17:27:27 - Arquivo: nonclear.0575.jpg | Prob: 0.0138 | Threshold: 0.6000
2025-02-24 17:27:49 - Arquivo: nonclear.0576.jpg | Prob: 0.0000 | Threshold: 0.6000
2025-02-24 17:28:32 - Arquivo: nonclear.0577.jpg | Prob: 0.0000 | Threshold: 0.6000
2025-02-24 17:28:56 - Arquivo: nonclear.0578.jpg | Prob: 0.0000 | Threshold: 0.6000
2025-02-24 17:29:21 - Arquivo: nonclear.0579.jpg | Prob: 0.0000 | Threshold: 0.6000
2025-02-24 17:29:46 - Arquivo: nonclear.0580.jpg | Prob: 0.0089 | Threshold: 0.6000
2025-02-24 17:30:11 - Arquivo: nonclear.0581.jpg | Prob: 0.0000 | Threshold: 0.6000
2025-02-24 17:30:35 - Arquivo: nonclear.0582.jpg | Prob: 0.0000 | Threshold: 0.6000
2025-02-24 17:30:58 - Arquivo: nonclear.0583.jpg | Prob: 0.0000 | Threshold: 0.6000
2025-02-24 17:31:20 - Arquivo: nonclear.0584.jpg | Prob: 0.0000 | Threshold: 0.6000
2025-02-24 17:32:08 - Arquivo: nonclear.0585.jpg | Prob: 0.0000 | Threshold: 0.6000
2025-02-24 17:32:33 - Arquivo: nonclear.0586.jpg | Prob: 0.0000 | Threshold: 0.6000
2025-02-24 17:32:58 - Arquivo: nonclear.0587.jpg | Prob: 0.0000 | Threshold: 0.6000
2025-02-24 17:33:18 - Arquivo: nonclear.0588.jpg | Prob: 0.0001 | Threshold: 0.6000
2025-02-24 17:33:42 - Arquivo: nonclear.0589.jpg | Prob: 0.0000 | Threshold: 0.6000
2025-02-24 17:34:07 - Arquivo: nonclear.0590.jpg | Prob: 0.0000 | Threshold: 0.6000
2025-02-24 17:34:29 - Arquivo: nonclear.0591.jpg | Prob: 0.0000 | Threshold: 0.6000
2025-02-24 17:34:52 - Arquivo: nonclear.0592.jpg | Prob: 0.0000 | Threshold: 0.6000
2025-02-24 17:35:15 - Arquivo: nonclear.0593.jpg | Prob: 0.0000 | Threshold: 0.6000
2025-02-24 17:35:36 - Arquivo: nonclear.0594.jpg | Prob: 0.0000 | Threshold: 0.6000
2025-02-24 17:35:59 - Arquivo: nonclear.0595.jpg | Prob: 0.0000 | Threshold: 0.6000
2025-02-24 17:36:34 - Arquivo: nonclear.0596.jpg | Prob: 0.0037 | Threshold: 0.6000
2025-02-24 17:37:01 - Arquivo: nonclear.0597.jpg | Prob: 0.0001 | Threshold: 0.6000
2025-02-24 17:37:27 - Arquivo: nonclear.0598.jpg | Prob: 0.0006 | Threshold: 0.6000
2025-02-24 17:37:56 - Arquivo: nonclear.0599.jpg | Prob: 0.0000 | Threshold: 0.6000
2025-02-24 17:38:19 - Arquivo: nonclear.0600.jpg | Prob: 0.0000 | Threshold: 0.6000
2025-02-24 17:38:49 - Arquivo: nonclear.0601.jpg | Prob: 0.0000 | Threshold: 0.6000
2025-02-24 17:39:11 - Arquivo: nonclear.0602.jpg | Prob: 0.0004 | Threshold: 0.6000
2025-02-24 17:39:35 - Arquivo: nonclear.0603.jpg | Prob: 0.0000 | Threshold: 0.6000
2025-02-24 17:40:01 - Arquivo: nonclear.0604.jpg | Prob: 0.0000 | Threshold: 0.6000
2025-02-24 17:40:28 - Arquivo: nonclear.0605.jpg | Prob: 0.3366 | Threshold: 0.6000
2025-02-24 17:40:59 - Arquivo: nonclear.0606.jpg | Prob: 0.0000 | Threshold: 0.6000
2025-02-24 17:41:28 - Arquivo: nonclear.0607.jpg | Prob: 0.0000 | Threshold: 0.6000
2025-02-24 17:41:55 - Arquivo: nonclear.0608.jpg | Prob: 0.0000 | Threshold: 0.6000
2025-02-24 17:42:22 - Arquivo: nonclear.0609.jpg | Prob: 0.0000 | Threshold: 0.6000
2025-02-24 17:42:52 - Arquivo: nonclear.0610.jpg | Prob: 0.0000 | Threshold: 0.6000
2025-02-24 17:43:21 - Arquivo: nonclear.0611.jpg | Prob: 0.0000 | Threshold: 0.6000
2025-02-24 17:43:47 - Arquivo: nonclear.0612.jpg | Prob: 0.1010 | Threshold: 0.6000
2025-02-24 17:44:12 - Arquivo: nonclear.0613.jpg | Prob: 0.0000 | Threshold: 0.6000
2025-02-24 17:44:41 - Arquivo: nonclear.0614.jpg | Prob: 0.0000 | Threshold: 0.6000
2025-02-24 17:45:09 - Arquivo: nonclear.0615.jpg | Prob: 0.0000 | Threshold: 0.6000
2025-02-24 17:46:11 - Arquivo: nonclear.0616.jpg | Prob: 0.0000 | Threshold: 0.6000
2025-02-24 17:46:40 - Arquivo: nonclear.0617.jpg | Prob: 0.0003 | Threshold: 0.6000
2025-02-24 17:47:05 - Arquivo: nonclear.0618.jpg | Prob: 0.0000 | Threshold: 0.6000
2025-02-24 17:47:30 - Arquivo: nonclear.0619.jpg | Prob: 0.0003 | Threshold: 0.6000
2025-02-24 17:47:56 - Arquivo: nonclear.0620.jpg | Prob: 0.0000 | Threshold: 0.6000
2025-02-24 17:48:24 - Arquivo: nonclear.0621.jpg | Prob: 0.0000 | Threshold: 0.6000
2025-02-24 17:48:51 - Arquivo: nonclear.0622.jpg | Prob: 0.0002 | Threshold: 0.6000
2025-02-24 17:50:13 - Arquivo: nonclear.0623.jpg | Prob: 0.0001 | Threshold: 0.6000
2025-02-24 17:50:39 - Arquivo: nonclear.0624.jpg | Prob: 0.0000 | Threshold: 0.6000
2025-02-24 17:51:06 - Arquivo: nonclear.0625.jpg | Prob: 0.0000 | Threshold: 0.6000
2025-02-24 17:51:30 - Arquivo: nonclear.0626.jpg | Prob: 0.0006 | Threshold: 0.6000
2025-02-24 17:51:58 - Arquivo: nonclear.0627.jpg | Prob: 0.0000 | Threshold: 0.6000
2025-02-24 17:52:26 - Arquivo: nonclear.0628.jpg | Prob: 0.0000 | Threshold: 0.6000
2025-02-24 17:53:00 - Arquivo: nonclear.0629.jpg | Prob: 0.6252 | Threshold: 0.6000
2025-02-24 17:53:39 - Arquivo: nonclear.0630.jpg | Prob: 0.0000 | Threshold: 0.6000
2025-02-24 17:54:04 - Arquivo: nonclear.0631.jpg | Prob: 0.0002 | Threshold: 0.6000
2025-02-24 17:54:51 - Arquivo: nonclear.0632.jpg | Prob: 0.0000 | Threshold: 0.6000
2025-02-24 17:55:17 - Arquivo: nonclear.0633.jpg | Prob: 0.0000 | Threshold: 0.6000
2025-02-24 17:55:42 - Arquivo: nonclear.0634.jpg | Prob: 0.0004 | Threshold: 0.6000
2025-02-24 17:56:09 - Arquivo: nonclear.0635.jpg | Prob: 0.0292 | Threshold: 0.6000
2025-02-24 17:56:37 - Arquivo: nonclear.0636.jpg | Prob: 0.0000 | Threshold: 0.6000
2025-02-24 17:57:03 - Arquivo: nonclear.0637.jpg | Prob: 0.0000 | Threshold: 0.6000
2025-02-24 17:57:39 - Arquivo: nonclear.0638.jpg | Prob: 0.0000 | Threshold: 0.6000
2025-02-24 17:58:03 - Arquivo: nonclear.0639.jpg | Prob: 0.0000 | Threshold: 0.6000
2025-02-24 17:58:48 - Arquivo: nonclear.0640.jpg | Prob: 1.0000 | Threshold: 0.6000
2025-02-24 17:59:14 - Arquivo: nonclear.0641.jpg | Prob: 0.1354 | Threshold: 0.6000
2025-02-24 17:59:41 - Arquivo: nonclear.0642.jpg | Prob: 0.0000 | Threshold: 0.6000
2025-02-24 18:00:08 - Arquivo: nonclear.0643.jpg | Prob: 0.0000 | Threshold: 0.6000
2025-02-24 18:00:36 - Arquivo: nonclear.0644.jpg | Prob: 0.0000 | Threshold: 0.6000
2025-02-24 18:01:05 - Arquivo: nonclear.0645.jpg | Prob: 0.0000 | Threshold: 0.6000
2025-02-24 18:01:30 - Arquivo: nonclear.0646.jpg | Prob: 0.0013 | Threshold: 0.6000
2025-02-24 18:01:59 - Arquivo: nonclear.0647.jpg | Prob: 0.0000 | Threshold: 0.6000
2025-02-24 18:02:25 - Arquivo: nonclear.0648.jpg | Prob: 0.0000 | Threshold: 0.6000
2025-02-24 18:02:54 - Arquivo: nonclear.0649.jpg | Prob: 0.0000 | Threshold: 0.6000
2025-02-24 18:03:19 - Arquivo: nonclear.0650.jpg | Prob: 0.0020 | Threshold: 0.6000
2025-02-24 18:03:46 - Arquivo: nonclear.0651.jpg | Prob: 0.0000 | Threshold: 0.6000
2025-02-24 18:04:12 - Arquivo: nonclear.0652.jpg | Prob: 0.0002 | Threshold: 0.6000
2025-02-24 18:04:37 - Arquivo: nonclear.0653.jpg | Prob: 1.0000 | Threshold: 0.6000
2025-02-24 18:05:10 - Arquivo: nonclear.0654.jpg | Prob: 0.0002 | Threshold: 0.6000
2025-02-24 18:05:34 - Arquivo: nonclear.0655.jpg | Prob: 0.0001 | Threshold: 0.6000
2025-02-24 18:06:02 - Arquivo: nonclear.0656.jpg | Prob: 0.0000 | Threshold: 0.6000
2025-02-24 18:06:27 - Arquivo: nonclear.0657.jpg | Prob: 0.0000 | Threshold: 0.6000
2025-02-24 18:06:53 - Arquivo: nonclear.0658.jpg | Prob: 0.0001 | Threshold: 0.6000
2025-02-24 18:07:17 - Arquivo: nonclear.0659.jpg | Prob: 0.0683 | Threshold: 0.6000
2025-02-24 18:07:43 - Arquivo: nonclear.0660.jpg | Prob: 0.0000 | Threshold: 0.6000
2025-02-24 18:08:10 - Arquivo: nonclear.0661.jpg | Prob: 0.0000 | Threshold: 0.6000
2025-02-24 18:08:34 - Arquivo: nonclear.0662.jpg | Prob: 0.0000 | Threshold: 0.6000
2025-02-24 18:09:04 - Arquivo: nonclear.0663.jpg | Prob: 0.0000 | Threshold: 0.6000
2025-02-24 18:09:28 - Arquivo: nonclear.0664.jpg | Prob: 0.0000 | Threshold: 0.6000
2025-02-24 18:09:52 - Arquivo: nonclear.0665.jpg | Prob: 0.0000 | Threshold: 0.6000
2025-02-24 18:10:20 - Arquivo: nonclear.0666.jpg | Prob: 0.0000 | Threshold: 0.6000
2025-02-24 18:10:44 - Arquivo: nonclear.0667.jpg | Prob: 0.0001 | Threshold: 0.6000
2025-02-24 18:11:12 - Arquivo: nonclear.0668.jpg | Prob: 0.0001 | Threshold: 0.6000
2025-02-24 18:12:03 - Arquivo: nonclear.0669.jpg | Prob: 0.0000 | Threshold: 0.6000
2025-02-24 18:12:33 - Arquivo: nonclear.0670.jpg | Prob: 0.9663 | Threshold: 0.6000
2025-02-24 18:12:56 - Arquivo: nonclear.0671.jpg | Prob: 0.0000 | Threshold: 0.6000
2025-02-24 18:13:18 - Arquivo: nonclear.0672.jpg | Prob: 0.0000 | Threshold: 0.6000
2025-02-24 18:13:44 - Arquivo: nonclear.0673.jpg | Prob: 0.0000 | Threshold: 0.6000
2025-02-24 18:14:09 - Arquivo: nonclear.0674.jpg | Prob: 0.0000 | Threshold: 0.6000
2025-02-24 18:14:34 - Arquivo: nonclear.0675.jpg | Prob: 0.0000 | Threshold: 0.6000
2025-02-24 18:15:31 - Arquivo: nonclear.0676.jpg | Prob: 0.0000 | Threshold: 0.6000
2025-02-24 18:15:58 - Arquivo: nonclear.0677.jpg | Prob: 0.0000 | Threshold: 0.6000
2025-02-24 18:16:24 - Arquivo: nonclear.0678.jpg | Prob: 0.0160 | Threshold: 0.6000
2025-02-24 18:16:47 - Arquivo: nonclear.0679.jpg | Prob: 0.0000 | Threshold: 0.6000
2025-02-24 18:17:17 - Arquivo: nonclear.0680.jpg | Prob: 0.0004 | Threshold: 0.6000
2025-02-24 18:17:41 - Arquivo: nonclear.0681.jpg | Prob: 0.0007 | Threshold: 0.6000
2025-02-24 18:18:02 - Arquivo: nonclear.0682.jpg | Prob: 0.0000 | Threshold: 0.6000
2025-02-24 18:18:25 - Arquivo: nonclear.0683.jpg | Prob: 0.0000 | Threshold: 0.6000
2025-02-24 18:18:52 - Arquivo: nonclear.0684.jpg | Prob: 0.0000 | Threshold: 0.6000
2025-02-24 18:19:18 - Arquivo: nonclear.0685.jpg | Prob: 0.0000 | Threshold: 0.6000
2025-02-24 18:19:41 - Arquivo: nonclear.0686.jpg | Prob: 0.0000 | Threshold: 0.6000
2025-02-24 18:20:35 - Arquivo: nonclear.0687.jpg | Prob: 0.0413 | Threshold: 0.6000
2025-02-24 18:21:11 - Arquivo: nonclear.0688.jpg | Prob: 0.0012 | Threshold: 0.6000
2025-02-24 18:21:35 - Arquivo: nonclear.0689.jpg | Prob: 0.0000 | Threshold: 0.6000
2025-02-24 18:22:25 - Arquivo: nonclear.0690.jpg | Prob: 0.0000 | Threshold: 0.6000
2025-02-24 18:22:45 - Arquivo: nonclear.0691.jpg | Prob: 0.0000 | Threshold: 0.6000
2025-02-24 18:23:21 - Arquivo: nonclear.0692.jpg | Prob: 0.0000 | Threshold: 0.6000
2025-02-24 18:23:47 - Arquivo: nonclear.0693.jpg | Prob: 0.0000 | Threshold: 0.6000
2025-02-24 18:24:30 - Arquivo: nonclear.0694.jpg | Prob: 0.0000 | Threshold: 0.6000
2025-02-24 18:25:01 - Arquivo: nonclear.0695.jpg | Prob: 0.9994 | Threshold: 0.6000
2025-02-24 18:25:25 - Arquivo: nonclear.0696.jpg | Prob: 0.0000 | Threshold: 0.6000
2025-02-24 18:26:20 - Arquivo: nonclear.0697.jpg | Prob: 0.0000 | Threshold: 0.6000
2025-02-24 18:26:42 - Arquivo: nonclear.0698.jpg | Prob: 0.0000 | Threshold: 0.6000
2025-02-24 18:27:25 - Arquivo: nonclear.0699.jpg | Prob: 0.0000 | Threshold: 0.6000
2025-02-24 18:28:07 - Arquivo: nonclear.0700.jpg | Prob: 0.0497 | Threshold: 0.6000
2025-02-24 18:28:34 - Arquivo: nonclear.0701.jpg | Prob: 0.0181 | Threshold: 0.6000
2025-02-24 18:29:49 - Arquivo: nonclear.0702.jpg | Prob: 0.0000 | Threshold: 0.6000
2025-02-24 18:30:47 - Arquivo: nonclear.0703.jpg | Prob: 0.0000 | Threshold: 0.6000
2025-02-24 18:31:07 - Arquivo: nonclear.0704.jpg | Prob: 0.0000 | Threshold: 0.6000
2025-02-24 18:31:27 - Arquivo: nonclear.0705.jpg | Prob: 0.0000 | Threshold: 0.6000
2025-02-24 18:31:52 - Arquivo: nonclear.0706.jpg | Prob: 0.0000 | Threshold: 0.6000
2025-02-24 18:32:17 - Arquivo: nonclear.0707.jpg | Prob: 0.0000 | Threshold: 0.6000
2025-02-24 18:32:37 - Arquivo: nonclear.0708.jpg | Prob: 0.0000 | Threshold: 0.6000
2025-02-24 18:33:00 - Arquivo: nonclear.0709.jpg | Prob: 0.0667 | Threshold: 0.6000
2025-02-24 18:33:23 - Arquivo: nonclear.0710.jpg | Prob: 0.0000 | Threshold: 0.6000
2025-02-24 18:33:48 - Arquivo: nonclear.0711.jpg | Prob: 0.0000 | Threshold: 0.6000
2025-02-24 18:34:36 - Arquivo: nonclear.0712.jpg | Prob: 0.0000 | Threshold: 0.6000
2025-02-24 18:35:00 - Arquivo: nonclear.0713.jpg | Prob: 0.0000 | Threshold: 0.6000
2025-02-24 18:35:20 - Arquivo: nonclear.0714.jpg | Prob: 0.0001 | Threshold: 0.6000
2025-02-24 18:35:40 - Arquivo: nonclear.0715.jpg | Prob: 0.0000 | Threshold: 0.6000
2025-02-24 18:36:04 - Arquivo: nonclear.0716.jpg | Prob: 0.0000 | Threshold: 0.6000
2025-02-24 18:36:27 - Arquivo: nonclear.0717.jpg | Prob: 0.0000 | Threshold: 0.6000
2025-02-24 18:36:48 - Arquivo: nonclear.0718.jpg | Prob: 0.0000 | Threshold: 0.6000
2025-02-24 18:37:11 - Arquivo: nonclear.0719.jpg | Prob: 0.0015 | Threshold: 0.6000
2025-02-24 18:37:34 - Arquivo: nonclear.0720.jpg | Prob: 0.0000 | Threshold: 0.6000
2025-02-24 18:37:55 - Arquivo: nonclear.0721.jpg | Prob: 0.0000 | Threshold: 0.6000
2025-02-24 18:38:18 - Arquivo: nonclear.0722.jpg | Prob: 0.0000 | Threshold: 0.6000
2025-02-24 18:38:59 - Arquivo: nonclear.0723.jpg | Prob: 0.0000 | Threshold: 0.6000
2025-02-24 18:39:20 - Arquivo: nonclear.0724.jpg | Prob: 0.0000 | Threshold: 0.6000
2025-02-24 18:39:41 - Arquivo: nonclear.0725.jpg | Prob: 0.0000 | Threshold: 0.6000
2025-02-24 18:40:13 - Arquivo: nonclear.0726.jpg | Prob: 0.0001 | Threshold: 0.6000
2025-02-24 18:40:34 - Arquivo: nonclear.0727.jpg | Prob: 0.0000 | Threshold: 0.6000
2025-02-24 18:41:08 - Arquivo: nonclear.0728.jpg | Prob: 0.0552 | Threshold: 0.6000
2025-02-24 18:41:32 - Arquivo: nonclear.0729.jpg | Prob: 0.0054 | Threshold: 0.6000
2025-02-24 18:41:53 - Arquivo: nonclear.0730.jpg | Prob: 0.9819 | Threshold: 0.6000
2025-02-24 18:42:14 - Arquivo: nonclear.0731.jpg | Prob: 0.0000 | Threshold: 0.6000
2025-02-24 18:42:37 - Arquivo: nonclear.0732.jpg | Prob: 0.0000 | Threshold: 0.6000
2025-02-24 18:43:02 - Arquivo: nonclear.0733.jpg | Prob: 0.0000 | Threshold: 0.6000
2025-02-24 18:43:30 - Arquivo: nonclear.0734.jpg | Prob: 0.0000 | Threshold: 0.6000
2025-02-24 18:43:56 - Arquivo: nonclear.0735.jpg | Prob: 0.0000 | Threshold: 0.6000
2025-02-24 18:44:19 - Arquivo: nonclear.0736.jpg | Prob: 0.0000 | Threshold: 0.6000
2025-02-24 18:44:46 - Arquivo: nonclear.0737.jpg | Prob: 0.0000 | Threshold: 0.6000
2025-02-24 18:45:09 - Arquivo: nonclear.0738.jpg | Prob: 0.0000 | Threshold: 0.6000
2025-02-24 18:45:38 - Arquivo: nonclear.0739.jpg | Prob: 0.0000 | Threshold: 0.6000
2025-02-24 18:46:01 - Arquivo: nonclear.0740.jpg | Prob: 0.0006 | Threshold: 0.6000
2025-02-24 18:46:26 - Arquivo: nonclear.0741.jpg | Prob: 0.0002 | Threshold: 0.6000
2025-02-24 18:46:49 - Arquivo: nonclear.0742.jpg | Prob: 0.0138 | Threshold: 0.6000
2025-02-24 18:47:14 - Arquivo: nonclear.0743.jpg | Prob: 0.0000 | Threshold: 0.6000
2025-02-24 18:47:37 - Arquivo: nonclear.0744.jpg | Prob: 0.0000 | Threshold: 0.6000
2025-02-24 18:48:02 - Arquivo: nonclear.0745.jpg | Prob: 0.0000 | Threshold: 0.6000
2025-02-24 18:48:27 - Arquivo: nonclear.0746.jpg | Prob: 0.0000 | Threshold: 0.6000
2025-02-24 18:48:52 - Arquivo: nonclear.0747.jpg | Prob: 0.0000 | Threshold: 0.6000
2025-02-24 18:49:16 - Arquivo: nonclear.0748.jpg | Prob: 0.0000 | Threshold: 0.6000
2025-02-24 18:49:37 - Arquivo: nonclear.0749.jpg | Prob: 0.0000 | Threshold: 0.6000
2025-02-24 18:50:02 - Arquivo: nonclear.0750.jpg | Prob: 0.0000 | Threshold: 0.6000
2025-02-24 18:50:27 - Arquivo: nonclear.0751.jpg | Prob: 0.0002 | Threshold: 0.6000
2025-02-24 18:50:55 - Arquivo: nonclear.0752.jpg | Prob: 0.0000 | Threshold: 0.6000
2025-02-24 18:51:13 - Arquivo: nonclear.0753.jpg | Prob: 0.0000 | Threshold: 0.6000
2025-02-24 18:51:38 - Arquivo: nonclear.0754.jpg | Prob: 0.0000 | Threshold: 0.6000
2025-02-24 18:52:23 - Arquivo: nonclear.0755.jpg | Prob: 0.0000 | Threshold: 0.6000
2025-02-24 18:52:44 - Arquivo: nonclear.0756.jpg | Prob: 0.0000 | Threshold: 0.6000
2025-02-24 18:53:07 - Arquivo: nonclear.0757.jpg | Prob: 0.0000 | Threshold: 0.6000
2025-02-24 18:53:32 - Arquivo: nonclear.0758.jpg | Prob: 0.0000 | Threshold: 0.6000
2025-02-24 18:53:58 - Arquivo: nonclear.0759.jpg | Prob: 0.0000 | Threshold: 0.6000
2025-02-24 18:54:18 - Arquivo: nonclear.0760.jpg | Prob: 0.0027 | Threshold: 0.6000
2025-02-24 18:54:38 - Arquivo: nonclear.0761.jpg | Prob: 0.0081 | Threshold: 0.6000
2025-02-24 18:55:07 - Arquivo: nonclear.0762.jpg | Prob: 0.0000 | Threshold: 0.6000
2025-02-24 18:56:42 - Arquivo: nonclear.0763.jpg | Prob: 0.0000 | Threshold: 0.6000
2025-02-24 18:57:06 - Arquivo: nonclear.0764.jpg | Prob: 0.6297 | Threshold: 0.6000
2025-02-24 18:57:29 - Arquivo: nonclear.0765.jpg | Prob: 0.0097 | Threshold: 0.6000
2025-02-24 18:57:52 - Arquivo: nonclear.0766.jpg | Prob: 0.0000 | Threshold: 0.6000
2025-02-24 18:58:13 - Arquivo: nonclear.0767.jpg | Prob: 0.0004 | Threshold: 0.6000
2025-02-24 18:58:34 - Arquivo: nonclear.0768.jpg | Prob: 0.0001 | Threshold: 0.6000
2025-02-24 18:58:59 - Arquivo: nonclear.0769.jpg | Prob: 0.0000 | Threshold: 0.6000
2025-02-24 18:59:24 - Arquivo: nonclear.0770.jpg | Prob: 0.0019 | Threshold: 0.6000
2025-02-24 18:59:45 - Arquivo: nonclear.0771.jpg | Prob: 0.0004 | Threshold: 0.6000
2025-02-24 19:00:06 - Arquivo: nonclear.0772.jpg | Prob: 0.0000 | Threshold: 0.6000
2025-02-24 19:00:29 - Arquivo: nonclear.0773.jpg | Prob: 0.0000 | Threshold: 0.6000
2025-02-24 19:00:52 - Arquivo: nonclear.0774.jpg | Prob: 0.0000 | Threshold: 0.6000
2025-02-24 19:01:50 - Arquivo: nonclear.0775.jpg | Prob: 0.0001 | Threshold: 0.6000
2025-02-24 19:02:12 - Arquivo: nonclear.0776.jpg | Prob: 0.0000 | Threshold: 0.6000
2025-02-24 19:03:08 - Arquivo: nonclear.0777.jpg | Prob: 0.0001 | Threshold: 0.6000
2025-02-24 19:03:31 - Arquivo: nonclear.0778.jpg | Prob: 0.0000 | Threshold: 0.6000
2025-02-24 19:03:53 - Arquivo: nonclear.0779.jpg | Prob: 0.0000 | Threshold: 0.6000
2025-02-24 19:04:15 - Arquivo: nonclear.0780.jpg | Prob: 0.0000 | Threshold: 0.6000
2025-02-24 19:04:42 - Arquivo: nonclear.0781.jpg | Prob: 0.0000 | Threshold: 0.6000
2025-02-24 19:05:08 - Arquivo: nonclear.0782.jpg | Prob: 0.0000 | Threshold: 0.6000
2025-02-24 19:05:45 - Arquivo: nonclear.0783.jpg | Prob: 0.0000 | Threshold: 0.6000
2025-02-24 19:06:12 - Arquivo: nonclear.0784.jpg | Prob: 0.0000 | Threshold: 0.6000
2025-02-24 19:06:36 - Arquivo: nonclear.0785.jpg | Prob: 0.0000 | Threshold: 0.6000
2025-02-24 19:06:58 - Arquivo: nonclear.0786.jpg | Prob: 0.0072 | Threshold: 0.6000
2025-02-24 19:07:25 - Arquivo: nonclear.0787.jpg | Prob: 0.0000 | Threshold: 0.6000
2025-02-24 19:08:02 - Arquivo: nonclear.0788.jpg | Prob: 0.0000 | Threshold: 0.6000
2025-02-24 19:08:24 - Arquivo: nonclear.0789.jpg | Prob: 0.0000 | Threshold: 0.6000
2025-02-24 19:09:08 - Arquivo: nonclear.0790.jpg | Prob: 0.0000 | Threshold: 0.6000
2025-02-24 19:09:31 - Arquivo: nonclear.0791.jpg | Prob: 0.0000 | Threshold: 0.6000
2025-02-24 19:10:01 - Arquivo: nonclear.0792.jpg | Prob: 0.0000 | Threshold: 0.6000
2025-02-24 19:10:52 - Arquivo: nonclear.0793.jpg | Prob: 0.0000 | Threshold: 0.6000
2025-02-24 19:11:22 - Arquivo: nonclear.0794.jpg | Prob: 0.0000 | Threshold: 0.6000
2025-02-24 19:12:12 - Arquivo: nonclear.0795.jpg | Prob: 1.0000 | Threshold: 0.6000
2025-02-24 19:12:37 - Arquivo: nonclear.0796.jpg | Prob: 0.0000 | Threshold: 0.6000
2025-02-24 19:13:03 - Arquivo: nonclear.0797.jpg | Prob: 0.0000 | Threshold: 0.6000
2025-02-24 19:13:29 - Arquivo: nonclear.0798.jpg | Prob: 0.0000 | Threshold: 0.6000
2025-02-24 19:13:52 - Arquivo: nonclear.0799.jpg | Prob: 0.0000 | Threshold: 0.6000
2025-02-24 19:14:14 - Arquivo: nonclear.0800.jpg | Prob: 0.0001 | Threshold: 0.6000
2025-02-24 19:15:11 - Arquivo: nonclear.0801.jpg | Prob: 0.0000 | Threshold: 0.6000
2025-02-24 19:15:41 - Arquivo: nonclear.0802.jpg | Prob: 0.0000 | Threshold: 0.6000
2025-02-24 19:16:05 - Arquivo: nonclear.0803.jpg | Prob: 0.0000 | Threshold: 0.6000
2025-02-24 19:16:35 - Arquivo: nonclear.0804.jpg | Prob: 0.0000 | Threshold: 0.6000
2025-02-24 19:16:58 - Arquivo: nonclear.0805.jpg | Prob: 0.0001 | Threshold: 0.6000
2025-02-24 19:17:27 - Arquivo: nonclear.0806.jpg | Prob: 0.0005 | Threshold: 0.6000
2025-02-24 19:18:11 - Arquivo: nonclear.0807.jpg | Prob: 0.0000 | Threshold: 0.6000
2025-02-24 19:18:35 - Arquivo: nonclear.0808.jpg | Prob: 0.0000 | Threshold: 0.6000
2025-02-24 19:19:00 - Arquivo: nonclear.0809.jpg | Prob: 0.0000 | Threshold: 0.6000
2025-02-24 19:19:32 - Arquivo: nonclear.0810.jpg | Prob: 0.0004 | Threshold: 0.6000
2025-02-24 19:20:00 - Arquivo: nonclear.0811.jpg | Prob: 0.0000 | Threshold: 0.6000
2025-02-24 19:20:26 - Arquivo: nonclear.0812.jpg | Prob: 0.0013 | Threshold: 0.6000
2025-02-24 19:20:51 - Arquivo: nonclear.0813.jpg | Prob: 0.0000 | Threshold: 0.6000
2025-02-24 19:21:10 - Arquivo: nonclear.0814.jpg | Prob: 0.0002 | Threshold: 0.6000
2025-02-24 19:21:31 - Arquivo: nonclear.0815.jpg | Prob: 0.0000 | Threshold: 0.6000
2025-02-24 19:21:53 - Arquivo: nonclear.0816.jpg | Prob: 0.6662 | Threshold: 0.6000
2025-02-24 19:22:13 - Arquivo: nonclear.0817.jpg | Prob: 0.3552 | Threshold: 0.6000
2025-02-24 19:22:39 - Arquivo: nonclear.0818.jpg | Prob: 0.0000 | Threshold: 0.6000
2025-02-24 19:23:00 - Arquivo: nonclear.0819.jpg | Prob: 0.9999 | Threshold: 0.6000
2025-02-24 19:23:20 - Arquivo: nonclear.0820.jpeg | Prob: 0.0000 | Threshold: 0.6000
2025-02-24 19:23:43 - Arquivo: nonclear.0821.jpeg | Prob: 0.0000 | Threshold: 0.6000
2025-02-24 19:24:21 - Arquivo: nonclear.0822.jpeg | Prob: 0.0000 | Threshold: 0.6000
2025-02-24 19:24:44 - Arquivo: nonclear.0823.jpeg | Prob: 0.0000 | Threshold: 0.6000
2025-02-24 19:25:21 - Arquivo: nonclear.0824.jpeg | Prob: 0.0000 | Threshold: 0.6000
2025-02-24 19:25:45 - Arquivo: nonclear.0825.jpg | Prob: 0.0000 | Threshold: 0.6000
2025-02-24 19:26:39 - Arquivo: nonclear.0826.jpg | Prob: 0.2073 | Threshold: 0.6000
2025-02-24 19:27:02 - Arquivo: nonclear.0827.jpg | Prob: 0.0003 | Threshold: 0.6000
2025-02-24 19:27:22 - Arquivo: nonclear.0828.jpg | Prob: 0.0003 | Threshold: 0.6000
2025-02-24 19:27:44 - Arquivo: nonclear.0829.jpg | Prob: 0.0163 | Threshold: 0.6000
2025-02-24 19:28:07 - Arquivo: nonclear.0830.jpg | Prob: 0.0000 | Threshold: 0.6000
2025-02-24 19:28:33 - Arquivo: nonclear.0831.jpg | Prob: 0.0000 | Threshold: 0.6000
2025-02-24 19:28:57 - Arquivo: nonclear.0832.jpg | Prob: 0.0000 | Threshold: 0.6000
2025-02-24 19:29:18 - Arquivo: nonclear.0833.jpg | Prob: 0.0000 | Threshold: 0.6000
2025-02-24 19:29:54 - Arquivo: nonclear.0834.jpg | Prob: 0.0000 | Threshold: 0.6000
2025-02-24 19:30:19 - Arquivo: nonclear.0835.jpg | Prob: 0.0000 | Threshold: 0.6000
2025-02-24 19:30:45 - Arquivo: nonclear.0836.jpg | Prob: 0.0000 | Threshold: 0.6000
2025-02-24 19:31:18 - Arquivo: nonclear.0837.jpg | Prob: 0.0000 | Threshold: 0.6000
2025-02-24 19:31:57 - Arquivo: nonclear.0838.jpeg | Prob: 0.3263 | Threshold: 0.6000
2025-02-24 19:32:26 - Arquivo: nonclear.0839.jpg | Prob: 0.0000 | Threshold: 0.6000
2025-02-24 19:32:55 - Arquivo: nonclear.0840.jpg | Prob: 0.0000 | Threshold: 0.6000
2025-02-24 19:34:02 - Arquivo: nonclear.0841.jpg | Prob: 0.0000 | Threshold: 0.6000
2025-02-24 19:34:31 - Arquivo: nonclear.0842.jpg | Prob: 0.0000 | Threshold: 0.6000
2025-02-24 19:34:55 - Arquivo: nonclear.0843.jpg | Prob: 0.0000 | Threshold: 0.6000
2025-02-24 19:35:24 - Arquivo: nonclear.0844.jpg | Prob: 0.0000 | Threshold: 0.6000
2025-02-24 19:35:54 - Arquivo: nonclear.0845.jpg | Prob: 0.0000 | Threshold: 0.6000
2025-02-24 19:36:32 - Arquivo: nonclear.0846.jpg | Prob: 0.0000 | Threshold: 0.6000
2025-02-24 19:37:01 - Arquivo: nonclear.0847.jpg | Prob: 0.0000 | Threshold: 0.6000
2025-02-24 19:37:58 - Arquivo: nonclear.0848.jpg | Prob: 0.0000 | Threshold: 0.6000
2025-02-24 19:38:19 - Arquivo: nonclear.0849.jpg | Prob: 0.0000 | Threshold: 0.6000
2025-02-24 19:38:47 - Arquivo: nonclear.0850.jpg | Prob: 0.0000 | Threshold: 0.6000
2025-02-24 19:39:16 - Arquivo: nonclear.0851.jpg | Prob: 0.0000 | Threshold: 0.6000
2025-02-24 19:39:46 - Arquivo: nonclear.0852.jpg | Prob: 0.0000 | Threshold: 0.6000
2025-02-24 19:40:14 - Arquivo: nonclear.0853.jpg | Prob: 0.0000 | Threshold: 0.6000
2025-02-24 19:40:39 - Arquivo: nonclear.0854.jpg | Prob: 0.0000 | Threshold: 0.6000
2025-02-24 19:41:04 - Arquivo: nonclear.0855.jpg | Prob: 0.0037 | Threshold: 0.6000
2025-02-24 19:41:34 - Arquivo: nonclear.0856.jpg | Prob: 0.0473 | Threshold: 0.6000
2025-02-24 19:41:56 - Arquivo: nonclear.0857.jpg | Prob: 0.0001 | Threshold: 0.6000
2025-02-24 19:42:32 - Arquivo: nonclear.0858.jpg | Prob: 0.0000 | Threshold: 0.6000
2025-02-24 19:43:13 - Arquivo: nonclear.0859.jpg | Prob: 0.0000 | Threshold: 0.6000
2025-02-24 19:43:37 - Arquivo: nonclear.0860.jpg | Prob: 0.9166 | Threshold: 0.6000
2025-02-24 19:44:14 - Arquivo: nonclear.0861.jpg | Prob: 0.0000 | Threshold: 0.6000
2025-02-24 19:44:35 - Arquivo: nonclear.0862.jpg | Prob: 0.0002 | Threshold: 0.6000
2025-02-24 19:45:40 - Arquivo: nonclear.0863.jpg | Prob: 0.0000 | Threshold: 0.6000
2025-02-24 19:46:05 - Arquivo: nonclear.0864.jpg | Prob: 0.0000 | Threshold: 0.6000
2025-02-24 19:46:28 - Arquivo: nonclear.0865.jpg | Prob: 0.0072 | Threshold: 0.6000
2025-02-24 19:46:50 - Arquivo: nonclear.0866.jpg | Prob: 0.0000 | Threshold: 0.6000
2025-02-24 19:47:20 - Arquivo: nonclear.0867.jpeg | Prob: 0.0000 | Threshold: 0.6000
2025-02-24 19:47:46 - Arquivo: nonclear.0868.jpeg | Prob: 0.0000 | Threshold: 0.6000
2025-02-24 19:48:06 - Arquivo: nonclear.0869.jpeg | Prob: 0.0000 | Threshold: 0.6000
2025-02-24 19:48:43 - Arquivo: nonclear.0870.jpeg | Prob: 0.0004 | Threshold: 0.6000
2025-02-24 19:49:02 - Arquivo: nonclear.0871.jpeg | Prob: 0.0003 | Threshold: 0.6000
2025-02-24 19:49:39 - Arquivo: nonclear.0872.jpeg | Prob: 0.0000 | Threshold: 0.6000
2025-02-24 19:50:16 - Arquivo: nonclear.0873.jpg | Prob: 0.0000 | Threshold: 0.6000
2025-02-24 19:50:42 - Arquivo: nonclear.0874.jpg | Prob: 0.0000 | Threshold: 0.6000
2025-02-24 19:51:05 - Arquivo: nonclear.0875.jpg | Prob: 0.0000 | Threshold: 0.6000
