2025-02-17 22:46:42 - Arquivo: clear.0004.jpg | Prob: 0.0000 | Threshold: 0.6000
2025-02-17 22:50:38 - Arquivo: clear.0014.jpg | Prob: 0.0965 | Threshold: 0.6000
2025-02-17 22:51:01 - Arquivo: clear.0015.jpg | Prob: 0.0852 | Threshold: 0.6000
2025-02-17 22:58:24 - Arquivo: clear.0033.jpg | Prob: 0.0007 | Threshold: 0.6000
2025-02-17 23:05:30 - Arquivo: clear.0050.jpg | Prob: 0.0406 | Threshold: 0.6000
2025-02-17 23:07:38 - Arquivo: clear.0055.jpg | Prob: 0.3170 | Threshold: 0.6000
2025-02-17 23:10:59 - Arquivo: clear.0063.jpg | Prob: 0.0004 | Threshold: 0.6000
2025-02-17 23:28:54 - Arquivo: clear.0106.jpg | Prob: 0.3070 | Threshold: 0.6000
2025-02-17 23:35:29 - Arquivo: clear.0122.jpg | Prob: 0.2483 | Threshold: 0.6000
2025-02-17 23:42:27 - Arquivo: clear.0139.jpg | Prob: 0.3092 | Threshold: 0.6000
2025-02-17 23:49:13 - Arquivo: clear.0154.jpg | Prob: 0.0099 | Threshold: 0.6000
2025-02-17 23:52:38 - Arquivo: clear.0162.jpg | Prob: 0.0531 | Threshold: 0.6000
2025-02-17 23:58:45 - Arquivo: clear.0175.jpg | Prob: 0.0333 | Threshold: 0.6000
2025-02-18 00:00:22 - Arquivo: clear.0179.jpg | Prob: 0.0024 | Threshold: 0.6000
2025-02-18 00:00:51 - Arquivo: clear.0180.jpg | Prob: 0.1934 | Threshold: 0.6000
2025-02-18 00:02:34 - Arquivo: clear.0184.jpg | Prob: 0.1188 | Threshold: 0.6000
2025-02-18 00:03:51 - Arquivo: clear.0187.jpg | Prob: 0.1190 | Threshold: 0.6000
2025-02-18 00:04:14 - Arquivo: clear.0188.jpg | Prob: 0.0447 | Threshold: 0.6000
2025-02-18 00:04:39 - Arquivo: clear.0189.jpg | Prob: 0.0339 | Threshold: 0.6000
2025-02-18 00:40:24 - Arquivo: clear.0272.jpeg | Prob: 0.0908 | Threshold: 0.6000
2025-02-18 00:42:47 - Arquivo: clear.0277.jpeg | Prob: 0.2299 | Threshold: 0.6000
2025-02-18 01:00:00 - Arquivo: clear.0317.jpeg | Prob: 0.1783 | Threshold: 0.6000
2025-02-18 01:02:36 - Arquivo: clear.0323.jpeg | Prob: 0.0260 | Threshold: 0.6000
2025-02-18 01:26:33 - Arquivo: clear.0376.jpeg | Prob: 0.0000 | Threshold: 0.6000
2025-02-18 01:26:58 - Arquivo: clear.0377.jpeg | Prob: 0.0008 | Threshold: 0.6000
2025-02-18 01:28:03 - Arquivo: clear.0379.jpeg | Prob: 0.0000 | Threshold: 0.6000
2025-02-18 01:49:03 - Arquivo: clear.0428.jpg | Prob: 0.0004 | Threshold: 0.6000
2025-02-18 01:52:41 - Arquivo: clear.0435.jpg | Prob: 0.0000 | Threshold: 0.6000
2025-02-18 01:53:07 - Arquivo: clear.0436.jpg | Prob: 0.0000 | Threshold: 0.6000
2025-02-18 02:06:44 - Arquivo: clear.0468.jpg | Prob: 0.0009 | Threshold: 0.6000
2025-02-18 02:10:48 - Arquivo: clear.0478.jpg | Prob: 0.0268 | Threshold: 0.6000
2025-02-18 02:15:39 - Arquivo: clear.0489.jpg | Prob: 0.0358 | Threshold: 0.6000
2025-02-18 02:37:18 - Arquivo: clear.0538.jpg | Prob: 0.1878 | Threshold: 0.6000
2025-02-18 02:45:02 - Arquivo: clear.0556.jpg | Prob: 0.2077 | Threshold: 0.6000
2025-02-18 02:46:37 - Arquivo: clear.0559.jpg | Prob: 0.0629 | Threshold: 0.6000
2025-02-18 03:40:04 - Arquivo: clear.0677.jpg | Prob: 0.0419 | Threshold: 0.6000
2025-02-18 03:59:30 - Arquivo: clear.0722.jpg | Prob: 0.0124 | Threshold: 0.6000
2025-02-18 04:25:52 - Arquivo: clear.0779.jpg | Prob: 0.1255 | Threshold: 0.6000
2025-02-18 04:26:18 - Arquivo: clear.0780.jpg | Prob: 0.0010 | Threshold: 0.6000
2025-02-18 04:51:23 - Arquivo: clear.0834.jpg | Prob: 0.0014 | Threshold: 0.6000
2025-02-18 04:53:57 - Arquivo: clear.0840.jpg | Prob: 0.2061 | Threshold: 0.6000
2025-02-18 04:58:18 - Arquivo: clear.0849.jpg | Prob: 0.0043 | Threshold: 0.6000
2025-02-18 04:59:40 - Arquivo: clear.0852.jpg | Prob: 0.0273 | Threshold: 0.6000
2025-02-18 05:27:39 - Arquivo: clear.0913.jpg | Prob: 0.0077 | Threshold: 0.6000
2025-02-18 05:32:37 - Arquivo: clear.0924.jpg | Prob: 0.0851 | Threshold: 0.6000
2025-02-18 05:34:16 - Arquivo: clear.0928.jpg | Prob: 0.1609 | Threshold: 0.6000
2025-02-18 05:35:53 - Arquivo: clear.0931.jpg | Prob: 0.0002 | Threshold: 0.6000
2025-02-18 05:36:24 - Arquivo: clear.0932.jpg | Prob: 0.0016 | Threshold: 0.6000
2025-02-18 05:37:02 - Arquivo: clear.0933.jpg | Prob: 0.0052 | Threshold: 0.6000
2025-02-18 05:37:27 - Arquivo: clear.0934.jpg | Prob: 0.0852 | Threshold: 0.6000
2025-02-18 05:37:49 - Arquivo: clear.0935.jpg | Prob: 0.0045 | Threshold: 0.6000
2025-02-18 05:42:50 - Arquivo: clear.0946.jpg | Prob: 0.0094 | Threshold: 0.6000
2025-02-18 05:44:29 - Arquivo: clear.0950.jpg | Prob: 0.0000 | Threshold: 0.6000
2025-02-18 05:44:57 - Arquivo: clear.0951.jpg | Prob: 0.0000 | Threshold: 0.6000
2025-02-18 06:02:43 - Arquivo: clear.0990.jpeg | Prob: 0.1191 | Threshold: 0.6000
2025-02-18 06:05:24 - Arquivo: clear.0995.jpg | Prob: 0.2591 | Threshold: 0.6000
2025-02-18 06:09:56 - Arquivo: clear.1005.jpg | Prob: 0.1094 | Threshold: 0.6000
2025-02-18 06:14:16 - Arquivo: clear.1014.jpg | Prob: 0.3472 | Threshold: 0.6000
2025-02-18 06:16:09 - Arquivo: nonclear.0000.jpg | Prob: 0.0154 | Threshold: 0.6000
2025-02-18 06:17:13 - Arquivo: nonclear.0001.jpg | Prob: 0.4911 | Threshold: 0.6000
2025-02-18 06:17:42 - Arquivo: nonclear.0002.jpg | Prob: 0.0000 | Threshold: 0.6000
2025-02-18 06:18:36 - Arquivo: nonclear.0003.jpg | Prob: 0.0000 | Threshold: 0.6000
2025-02-18 06:19:05 - Arquivo: nonclear.0004.jpg | Prob: 0.7800 | Threshold: 0.6000
2025-02-18 06:19:51 - Arquivo: nonclear.0005.jpg | Prob: 0.0000 | Threshold: 0.6000
2025-02-18 06:20:19 - Arquivo: nonclear.0006.jpg | Prob: 0.0000 | Threshold: 0.6000
2025-02-18 06:21:01 - Arquivo: nonclear.0007.jpg | Prob: 0.0002 | Threshold: 0.6000
2025-02-18 06:21:27 - Arquivo: nonclear.0008.jpg | Prob: 0.0000 | Threshold: 0.6000
2025-02-18 06:21:54 - Arquivo: nonclear.0009.jpg | Prob: 0.0000 | Threshold: 0.6000
2025-02-18 06:22:49 - Arquivo: nonclear.0010.jpg | Prob: 0.0000 | Threshold: 0.6000
2025-02-18 06:23:20 - Arquivo: nonclear.0011.jpg | Prob: 0.1331 | Threshold: 0.6000
2025-02-18 06:23:48 - Arquivo: nonclear.0012.jpg | Prob: 0.0443 | Threshold: 0.6000
2025-02-18 06:24:14 - Arquivo: nonclear.0013.jpg | Prob: 0.0001 | Threshold: 0.6000
2025-02-18 06:24:40 - Arquivo: nonclear.0014.jpg | Prob: 0.0064 | Threshold: 0.6000
2025-02-18 06:25:06 - Arquivo: nonclear.0015.jpg | Prob: 0.1303 | Threshold: 0.6000
2025-02-18 06:25:32 - Arquivo: nonclear.0016.jpg | Prob: 0.0000 | Threshold: 0.6000
2025-02-18 06:26:01 - Arquivo: nonclear.0017.jpg | Prob: 0.4655 | Threshold: 0.6000
2025-02-18 06:26:27 - Arquivo: nonclear.0018.jpg | Prob: 0.0000 | Threshold: 0.6000
2025-02-18 06:27:06 - Arquivo: nonclear.0019.jpg | Prob: 0.0067 | Threshold: 0.6000
2025-02-18 06:27:33 - Arquivo: nonclear.0020.jpg | Prob: 1.0000 | Threshold: 0.6000
2025-02-18 06:28:04 - Arquivo: nonclear.0021.jpg | Prob: 0.0045 | Threshold: 0.6000
2025-02-18 06:28:31 - Arquivo: nonclear.0022.jpg | Prob: 0.4677 | Threshold: 0.6000
2025-02-18 06:28:57 - Arquivo: nonclear.0023.jpg | Prob: 0.0010 | Threshold: 0.6000
2025-02-18 06:29:23 - Arquivo: nonclear.0024.jpg | Prob: 0.0000 | Threshold: 0.6000
2025-02-18 06:29:57 - Arquivo: nonclear.0025.jpg | Prob: 0.0001 | Threshold: 0.6000
2025-02-18 06:30:22 - Arquivo: nonclear.0026.jpg | Prob: 0.0007 | Threshold: 0.6000
2025-02-18 06:30:48 - Arquivo: nonclear.0027.jpg | Prob: 0.0081 | Threshold: 0.6000
2025-02-18 06:31:14 - Arquivo: nonclear.0028.jpg | Prob: 0.0000 | Threshold: 0.6000
2025-02-18 06:31:39 - Arquivo: nonclear.0029.jpg | Prob: 0.0000 | Threshold: 0.6000
2025-02-18 06:32:04 - Arquivo: nonclear.0030.jpg | Prob: 0.0026 | Threshold: 0.6000
2025-02-18 06:32:29 - Arquivo: nonclear.0031.jpg | Prob: 0.0881 | Threshold: 0.6000
2025-02-18 06:32:55 - Arquivo: nonclear.0032.jpg | Prob: 0.0000 | Threshold: 0.6000
2025-02-18 06:33:20 - Arquivo: nonclear.0033.jpg | Prob: 0.0000 | Threshold: 0.6000
2025-02-18 06:33:45 - Arquivo: nonclear.0034.jpg | Prob: 0.0000 | Threshold: 0.6000
2025-02-18 06:34:11 - Arquivo: nonclear.0035.jpg | Prob: 0.9792 | Threshold: 0.6000
2025-02-18 06:34:55 - Arquivo: nonclear.0036.jpg | Prob: 0.0000 | Threshold: 0.6000
2025-02-18 06:35:20 - Arquivo: nonclear.0037.jpg | Prob: 0.0000 | Threshold: 0.6000
2025-02-18 06:35:43 - Arquivo: nonclear.0038.jpg | Prob: 0.0000 | Threshold: 0.6000
2025-02-18 06:36:09 - Arquivo: nonclear.0039.jpg | Prob: 0.9996 | Threshold: 0.6000
2025-02-18 06:36:35 - Arquivo: nonclear.0040.jpg | Prob: 1.0000 | Threshold: 0.6000
2025-02-18 06:37:00 - Arquivo: nonclear.0041.jpg | Prob: 0.0000 | Threshold: 0.6000
2025-02-18 06:37:37 - Arquivo: nonclear.0042.jpg | Prob: 0.0000 | Threshold: 0.6000
2025-02-18 06:38:01 - Arquivo: nonclear.0043.jpg | Prob: 0.0001 | Threshold: 0.6000
2025-02-18 06:38:28 - Arquivo: nonclear.0044.jpg | Prob: 0.0000 | Threshold: 0.6000
2025-02-18 06:38:51 - Arquivo: nonclear.0045.jpg | Prob: 0.0000 | Threshold: 0.6000
2025-02-18 06:39:17 - Arquivo: nonclear.0046.jpg | Prob: 0.0000 | Threshold: 0.6000
2025-02-18 06:39:42 - Arquivo: nonclear.0047.jpg | Prob: 0.0000 | Threshold: 0.6000
2025-02-18 06:40:07 - Arquivo: nonclear.0048.jpg | Prob: 0.0000 | Threshold: 0.6000
2025-02-18 06:40:30 - Arquivo: nonclear.0049.jpg | Prob: 0.0000 | Threshold: 0.6000
2025-02-18 06:40:52 - Arquivo: nonclear.0050.jpg | Prob: 0.0000 | Threshold: 0.6000
2025-02-18 06:41:17 - Arquivo: nonclear.0051.jpg | Prob: 0.8894 | Threshold: 0.6000
2025-02-18 06:41:41 - Arquivo: nonclear.0052.jpg | Prob: 0.0001 | Threshold: 0.6000
2025-02-18 06:42:10 - Arquivo: nonclear.0053.jpg | Prob: 0.0015 | Threshold: 0.6000
2025-02-18 06:42:34 - Arquivo: nonclear.0054.jpg | Prob: 0.0000 | Threshold: 0.6000
2025-02-18 06:42:58 - Arquivo: nonclear.0055.jpg | Prob: 0.0000 | Threshold: 0.6000
2025-02-18 06:43:21 - Arquivo: nonclear.0056.jpg | Prob: 0.0020 | Threshold: 0.6000
2025-02-18 06:43:45 - Arquivo: nonclear.0057.jpg | Prob: 0.0000 | Threshold: 0.6000
2025-02-18 06:44:10 - Arquivo: nonclear.0058.jpg | Prob: 0.0000 | Threshold: 0.6000
2025-02-18 06:44:34 - Arquivo: nonclear.0059.jpg | Prob: 0.4399 | Threshold: 0.6000
2025-02-18 06:44:59 - Arquivo: nonclear.0060.jpg | Prob: 0.0017 | Threshold: 0.6000
2025-02-18 06:45:22 - Arquivo: nonclear.0061.jpg | Prob: 0.9242 | Threshold: 0.6000
2025-02-18 06:46:05 - Arquivo: nonclear.0062.jpg | Prob: 0.1579 | Threshold: 0.6000
2025-02-18 06:46:29 - Arquivo: nonclear.0063.jpg | Prob: 0.9999 | Threshold: 0.6000
2025-02-18 06:46:59 - Arquivo: nonclear.0064.jpg | Prob: 0.0000 | Threshold: 0.6000
2025-02-18 06:47:24 - Arquivo: nonclear.0065.jpg | Prob: 0.0000 | Threshold: 0.6000
2025-02-18 06:47:48 - Arquivo: nonclear.0066.jpg | Prob: 0.0000 | Threshold: 0.6000
2025-02-18 06:48:13 - Arquivo: nonclear.0067.jpg | Prob: 0.0000 | Threshold: 0.6000
2025-02-18 06:48:39 - Arquivo: nonclear.0068.jpg | Prob: 0.0000 | Threshold: 0.6000
2025-02-18 06:49:04 - Arquivo: nonclear.0069.jpg | Prob: 0.0069 | Threshold: 0.6000
2025-02-18 06:49:28 - Arquivo: nonclear.0070.jpg | Prob: 0.0000 | Threshold: 0.6000
2025-02-18 06:49:53 - Arquivo: nonclear.0071.jpg | Prob: 0.0000 | Threshold: 0.6000
2025-02-18 06:50:19 - Arquivo: nonclear.0072.jpg | Prob: 0.0000 | Threshold: 0.6000
2025-02-18 06:50:42 - Arquivo: nonclear.0073.jpg | Prob: 0.0000 | Threshold: 0.6000
2025-02-18 06:51:07 - Arquivo: nonclear.0074.jpg | Prob: 0.9911 | Threshold: 0.6000
2025-02-18 06:51:30 - Arquivo: nonclear.0075.jpg | Prob: 0.0000 | Threshold: 0.6000
2025-02-18 06:51:55 - Arquivo: nonclear.0076.jpg | Prob: 0.0006 | Threshold: 0.6000
2025-02-18 06:52:19 - Arquivo: nonclear.0077.jpg | Prob: 0.0000 | Threshold: 0.6000
2025-02-18 06:52:43 - Arquivo: nonclear.0078.jpg | Prob: 0.0000 | Threshold: 0.6000
2025-02-18 06:53:08 - Arquivo: nonclear.0079.jpg | Prob: 0.0001 | Threshold: 0.6000
2025-02-18 06:53:34 - Arquivo: nonclear.0080.jpg | Prob: 0.0000 | Threshold: 0.6000
2025-02-18 06:54:05 - Arquivo: nonclear.0081.jpg | Prob: 0.0000 | Threshold: 0.6000
2025-02-18 06:54:38 - Arquivo: nonclear.0082.jpg | Prob: 0.0000 | Threshold: 0.6000
2025-02-18 06:55:04 - Arquivo: nonclear.0083.jpg | Prob: 0.0000 | Threshold: 0.6000
2025-02-18 06:55:28 - Arquivo: nonclear.0084.jpg | Prob: 0.0000 | Threshold: 0.6000
2025-02-18 06:55:52 - Arquivo: nonclear.0085.jpg | Prob: 0.0000 | Threshold: 0.6000
2025-02-18 06:56:16 - Arquivo: nonclear.0086.jpg | Prob: 0.5201 | Threshold: 0.6000
2025-02-18 06:56:42 - Arquivo: nonclear.0087.jpg | Prob: 0.0000 | Threshold: 0.6000
2025-02-18 06:57:08 - Arquivo: nonclear.0088.jpg | Prob: 0.4653 | Threshold: 0.6000
2025-02-18 06:57:33 - Arquivo: nonclear.0089.jpg | Prob: 0.9998 | Threshold: 0.6000
2025-02-18 06:57:58 - Arquivo: nonclear.0090.jpg | Prob: 0.3218 | Threshold: 0.6000
2025-02-18 06:58:20 - Arquivo: nonclear.0091.jpg | Prob: 0.9906 | Threshold: 0.6000
2025-02-18 06:58:44 - Arquivo: nonclear.0092.jpg | Prob: 0.0000 | Threshold: 0.6000
2025-02-18 06:59:06 - Arquivo: nonclear.0093.jpg | Prob: 0.9997 | Threshold: 0.6000
2025-02-18 06:59:32 - Arquivo: nonclear.0094.jpg | Prob: 0.0000 | Threshold: 0.6000
2025-02-18 06:59:57 - Arquivo: nonclear.0095.jpg | Prob: 0.0000 | Threshold: 0.6000
2025-02-18 07:00:21 - Arquivo: nonclear.0096.jpg | Prob: 0.0000 | Threshold: 0.6000
2025-02-18 07:00:44 - Arquivo: nonclear.0097.jpg | Prob: 0.0000 | Threshold: 0.6000
2025-02-18 07:01:10 - Arquivo: nonclear.0098.jpg | Prob: 0.0000 | Threshold: 0.6000
2025-02-18 07:01:35 - Arquivo: nonclear.0099.jpg | Prob: 0.0000 | Threshold: 0.6000
2025-02-18 07:01:59 - Arquivo: nonclear.0100.jpg | Prob: 0.0000 | Threshold: 0.6000
2025-02-18 07:02:23 - Arquivo: nonclear.0101.jpg | Prob: 0.0000 | Threshold: 0.6000
2025-02-18 07:02:48 - Arquivo: nonclear.0102.jpg | Prob: 0.0001 | Threshold: 0.6000
2025-02-18 07:03:13 - Arquivo: nonclear.0103.jpg | Prob: 0.0000 | Threshold: 0.6000
2025-02-18 07:03:41 - Arquivo: nonclear.0104.jpg | Prob: 0.0000 | Threshold: 0.6000
2025-02-18 07:04:04 - Arquivo: nonclear.0105.jpg | Prob: 0.0000 | Threshold: 0.6000
2025-02-18 07:04:28 - Arquivo: nonclear.0106.jpg | Prob: 0.0017 | Threshold: 0.6000
2025-02-18 07:04:55 - Arquivo: nonclear.0107.jpg | Prob: 0.0000 | Threshold: 0.6000
2025-02-18 07:05:21 - Arquivo: nonclear.0108.jpg | Prob: 0.0000 | Threshold: 0.6000
2025-02-18 07:05:50 - Arquivo: nonclear.0109.jpg | Prob: 0.0006 | Threshold: 0.6000
2025-02-18 07:06:15 - Arquivo: nonclear.0110.jpg | Prob: 0.0000 | Threshold: 0.6000
2025-02-18 07:06:39 - Arquivo: nonclear.0111.jpg | Prob: 0.0987 | Threshold: 0.6000
2025-02-18 07:07:04 - Arquivo: nonclear.0112.jpg | Prob: 0.0013 | Threshold: 0.6000
2025-02-18 07:07:27 - Arquivo: nonclear.0113.jpg | Prob: 0.0000 | Threshold: 0.6000
2025-02-18 07:07:51 - Arquivo: nonclear.0114.jpg | Prob: 0.2014 | Threshold: 0.6000
2025-02-18 07:08:17 - Arquivo: nonclear.0115.jpg | Prob: 0.0000 | Threshold: 0.6000
2025-02-18 07:08:43 - Arquivo: nonclear.0116.jpg | Prob: 0.5079 | Threshold: 0.6000
2025-02-18 07:09:09 - Arquivo: nonclear.0117.jpg | Prob: 0.0533 | Threshold: 0.6000
2025-02-18 07:09:36 - Arquivo: nonclear.0118.jpg | Prob: 0.1065 | Threshold: 0.6000
2025-02-18 07:10:05 - Arquivo: nonclear.0119.jpg | Prob: 0.1728 | Threshold: 0.6000
2025-02-18 07:10:31 - Arquivo: nonclear.0120.jpg | Prob: 0.0000 | Threshold: 0.6000
2025-02-18 07:10:58 - Arquivo: nonclear.0121.jpg | Prob: 0.0000 | Threshold: 0.6000
2025-02-18 07:11:21 - Arquivo: nonclear.0122.jpg | Prob: 0.0081 | Threshold: 0.6000
2025-02-18 07:11:44 - Arquivo: nonclear.0123.jpg | Prob: 0.1613 | Threshold: 0.6000
2025-02-18 07:12:08 - Arquivo: nonclear.0124.jpg | Prob: 0.0000 | Threshold: 0.6000
2025-02-18 07:12:32 - Arquivo: nonclear.0125.jpg | Prob: 0.9999 | Threshold: 0.6000
2025-02-18 07:12:56 - Arquivo: nonclear.0126.jpg | Prob: 0.0001 | Threshold: 0.6000
2025-02-18 07:13:21 - Arquivo: nonclear.0127.jpg | Prob: 0.0055 | Threshold: 0.6000
2025-02-18 07:13:45 - Arquivo: nonclear.0128.jpg | Prob: 0.0524 | Threshold: 0.6000
2025-02-18 07:14:08 - Arquivo: nonclear.0129.jpg | Prob: 0.0682 | Threshold: 0.6000
2025-02-18 07:14:32 - Arquivo: nonclear.0130.jpg | Prob: 0.0062 | Threshold: 0.6000
2025-02-18 07:14:57 - Arquivo: nonclear.0131.jpg | Prob: 0.3097 | Threshold: 0.6000
2025-02-18 07:15:20 - Arquivo: nonclear.0132.jpg | Prob: 0.4090 | Threshold: 0.6000
2025-02-18 07:15:42 - Arquivo: nonclear.0133.jpg | Prob: 0.0009 | Threshold: 0.6000
2025-02-18 07:16:06 - Arquivo: nonclear.0134.jpg | Prob: 0.8415 | Threshold: 0.6000
2025-02-18 07:17:06 - Arquivo: nonclear.0135.jpg | Prob: 0.0000 | Threshold: 0.6000
2025-02-18 07:17:29 - Arquivo: nonclear.0136.jpg | Prob: 0.0007 | Threshold: 0.6000
2025-02-18 07:17:56 - Arquivo: nonclear.0137.jpg | Prob: 0.0000 | Threshold: 0.6000
2025-02-18 07:18:23 - Arquivo: nonclear.0138.jpg | Prob: 0.1487 | Threshold: 0.6000
2025-02-18 07:18:48 - Arquivo: nonclear.0139.jpg | Prob: 0.0000 | Threshold: 0.6000
2025-02-18 07:19:13 - Arquivo: nonclear.0140.jpg | Prob: 0.2528 | Threshold: 0.6000
2025-02-18 07:19:38 - Arquivo: nonclear.0141.jpg | Prob: 0.0563 | Threshold: 0.6000
2025-02-18 07:20:00 - Arquivo: nonclear.0142.jpg | Prob: 0.0095 | Threshold: 0.6000
2025-02-18 07:20:23 - Arquivo: nonclear.0143.jpg | Prob: 0.0005 | Threshold: 0.6000
2025-02-18 07:20:52 - Arquivo: nonclear.0144.jpg | Prob: 0.9932 | Threshold: 0.6000
2025-02-18 07:21:20 - Arquivo: nonclear.0145.jpg | Prob: 0.0000 | Threshold: 0.6000
2025-02-18 07:21:47 - Arquivo: nonclear.0146.jpg | Prob: 0.0000 | Threshold: 0.6000
2025-02-18 07:22:13 - Arquivo: nonclear.0147.jpg | Prob: 0.0000 | Threshold: 0.6000
2025-02-18 07:22:40 - Arquivo: nonclear.0148.jpg | Prob: 0.0000 | Threshold: 0.6000
2025-02-18 07:23:05 - Arquivo: nonclear.0149.jpg | Prob: 0.0000 | Threshold: 0.6000
2025-02-18 07:23:35 - Arquivo: nonclear.0150.jpg | Prob: 0.0000 | Threshold: 0.6000
2025-02-18 07:24:00 - Arquivo: nonclear.0151.jpg | Prob: 0.0001 | Threshold: 0.6000
2025-02-18 07:24:24 - Arquivo: nonclear.0152.jpg | Prob: 0.4373 | Threshold: 0.6000
2025-02-18 07:24:48 - Arquivo: nonclear.0153.jpg | Prob: 0.0027 | Threshold: 0.6000
2025-02-18 07:25:21 - Arquivo: nonclear.0154.jpg | Prob: 0.8912 | Threshold: 0.6000
2025-02-18 07:26:09 - Arquivo: nonclear.0155.jpg | Prob: 0.0005 | Threshold: 0.6000
2025-02-18 07:26:46 - Arquivo: nonclear.0156.jpg | Prob: 0.0000 | Threshold: 0.6000
2025-02-18 07:27:13 - Arquivo: nonclear.0157.jpg | Prob: 0.6483 | Threshold: 0.6000
2025-02-18 07:27:52 - Arquivo: nonclear.0158.jpg | Prob: 0.0000 | Threshold: 0.6000
2025-02-18 07:28:19 - Arquivo: nonclear.0159.jpg | Prob: 0.0000 | Threshold: 0.6000
2025-02-18 07:28:45 - Arquivo: nonclear.0160.jpg | Prob: 0.9732 | Threshold: 0.6000
2025-02-18 07:29:13 - Arquivo: nonclear.0161.jpg | Prob: 1.0000 | Threshold: 0.6000
2025-02-18 07:29:43 - Arquivo: nonclear.0162.jpg | Prob: 0.0000 | Threshold: 0.6000
2025-02-18 07:30:12 - Arquivo: nonclear.0163.jpg | Prob: 0.0006 | Threshold: 0.6000
2025-02-18 07:30:43 - Arquivo: nonclear.0164.jpg | Prob: 0.0000 | Threshold: 0.6000
2025-02-18 07:31:10 - Arquivo: nonclear.0165.jpg | Prob: 0.0414 | Threshold: 0.6000
2025-02-18 07:31:43 - Arquivo: nonclear.0166.jpg | Prob: 0.0300 | Threshold: 0.6000
2025-02-18 07:32:10 - Arquivo: nonclear.0167.jpg | Prob: 0.0000 | Threshold: 0.6000
2025-02-18 07:32:36 - Arquivo: nonclear.0168.jpg | Prob: 0.0000 | Threshold: 0.6000
2025-02-18 07:33:02 - Arquivo: nonclear.0169.jpg | Prob: 0.0000 | Threshold: 0.6000
2025-02-18 07:33:53 - Arquivo: nonclear.0170.jpg | Prob: 0.0000 | Threshold: 0.6000
2025-02-18 07:34:19 - Arquivo: nonclear.0171.jpg | Prob: 0.7186 | Threshold: 0.6000
2025-02-18 07:34:46 - Arquivo: nonclear.0172.jpg | Prob: 0.0000 | Threshold: 0.6000
2025-02-18 07:35:14 - Arquivo: nonclear.0173.jpg | Prob: 0.0000 | Threshold: 0.6000
2025-02-18 07:35:39 - Arquivo: nonclear.0174.jpg | Prob: 0.0000 | Threshold: 0.6000
2025-02-18 07:36:28 - Arquivo: nonclear.0175.jpg | Prob: 0.0000 | Threshold: 0.6000
2025-02-18 07:37:12 - Arquivo: nonclear.0176.jpg | Prob: 0.0000 | Threshold: 0.6000
2025-02-18 07:37:53 - Arquivo: nonclear.0177.jpg | Prob: 0.0000 | Threshold: 0.6000
2025-02-18 07:38:18 - Arquivo: nonclear.0178.jpg | Prob: 0.0211 | Threshold: 0.6000
2025-02-18 07:38:44 - Arquivo: nonclear.0179.jpg | Prob: 0.0007 | Threshold: 0.6000
2025-02-18 07:39:13 - Arquivo: nonclear.0180.jpg | Prob: 0.0001 | Threshold: 0.6000
2025-02-18 07:39:41 - Arquivo: nonclear.0181.jpg | Prob: 0.0000 | Threshold: 0.6000
2025-02-18 07:40:07 - Arquivo: nonclear.0182.jpg | Prob: 0.0002 | Threshold: 0.6000
2025-02-18 07:40:35 - Arquivo: nonclear.0183.jpg | Prob: 0.0008 | Threshold: 0.6000
2025-02-18 07:41:01 - Arquivo: nonclear.0184.jpg | Prob: 0.0002 | Threshold: 0.6000
2025-02-18 07:41:28 - Arquivo: nonclear.0185.jpg | Prob: 0.0000 | Threshold: 0.6000
2025-02-18 07:41:53 - Arquivo: nonclear.0186.jpg | Prob: 0.9945 | Threshold: 0.6000
2025-02-18 07:42:23 - Arquivo: nonclear.0187.jpg | Prob: 0.0000 | Threshold: 0.6000
2025-02-18 07:42:46 - Arquivo: nonclear.0188.jpg | Prob: 0.0000 | Threshold: 0.6000
2025-02-18 07:43:13 - Arquivo: nonclear.0189.jpg | Prob: 0.0000 | Threshold: 0.6000
2025-02-18 07:43:38 - Arquivo: nonclear.0190.jpg | Prob: 0.0000 | Threshold: 0.6000
2025-02-18 07:44:03 - Arquivo: nonclear.0191.jpg | Prob: 0.0000 | Threshold: 0.6000
2025-02-18 07:44:28 - Arquivo: nonclear.0192.jpg | Prob: 0.0000 | Threshold: 0.6000
2025-02-18 07:44:53 - Arquivo: nonclear.0193.jpg | Prob: 0.0000 | Threshold: 0.6000
2025-02-18 07:45:34 - Arquivo: nonclear.0194.jpg | Prob: 0.0000 | Threshold: 0.6000
2025-02-18 07:46:03 - Arquivo: nonclear.0195.jpeg | Prob: 0.0000 | Threshold: 0.6000
2025-02-18 07:46:28 - Arquivo: nonclear.0196.jpeg | Prob: 0.0000 | Threshold: 0.6000
2025-02-18 07:46:55 - Arquivo: nonclear.0197.jpeg | Prob: 0.0000 | Threshold: 0.6000
2025-02-18 07:47:20 - Arquivo: nonclear.0198.jpeg | Prob: 0.0000 | Threshold: 0.6000
2025-02-18 07:47:45 - Arquivo: nonclear.0199.jpeg | Prob: 0.0000 | Threshold: 0.6000
2025-02-18 07:48:12 - Arquivo: nonclear.0200.jpeg | Prob: 0.0011 | Threshold: 0.6000
2025-02-18 07:48:36 - Arquivo: nonclear.0201.jpeg | Prob: 1.0000 | Threshold: 0.6000
2025-02-18 07:49:00 - Arquivo: nonclear.0202.jpeg | Prob: 0.0012 | Threshold: 0.6000
2025-02-18 07:49:32 - Arquivo: nonclear.0203.jpeg | Prob: 0.0000 | Threshold: 0.6000
2025-02-18 07:49:54 - Arquivo: nonclear.0204.jpeg | Prob: 0.0219 | Threshold: 0.6000
2025-02-18 07:50:23 - Arquivo: nonclear.0205.jpeg | Prob: 0.0000 | Threshold: 0.6000
2025-02-18 07:50:51 - Arquivo: nonclear.0206.jpeg | Prob: 0.0006 | Threshold: 0.6000
2025-02-18 07:51:14 - Arquivo: nonclear.0207.jpeg | Prob: 0.0000 | Threshold: 0.6000
2025-02-18 07:52:30 - Arquivo: nonclear.0208.jpeg | Prob: 0.0154 | Threshold: 0.6000
2025-02-18 07:52:55 - Arquivo: nonclear.0209.jpeg | Prob: 0.0000 | Threshold: 0.6000
2025-02-18 07:53:20 - Arquivo: nonclear.0210.jpeg | Prob: 0.0007 | Threshold: 0.6000
2025-02-18 07:53:47 - Arquivo: nonclear.0211.jpeg | Prob: 0.0000 | Threshold: 0.6000
2025-02-18 07:54:11 - Arquivo: nonclear.0212.jpeg | Prob: 0.0088 | Threshold: 0.6000
2025-02-18 07:54:36 - Arquivo: nonclear.0213.jpeg | Prob: 0.0000 | Threshold: 0.6000
2025-02-18 07:55:03 - Arquivo: nonclear.0214.jpeg | Prob: 0.0000 | Threshold: 0.6000
2025-02-18 07:55:33 - Arquivo: nonclear.0215.jpeg | Prob: 0.0000 | Threshold: 0.6000
2025-02-18 07:55:58 - Arquivo: nonclear.0216.jpeg | Prob: 0.0000 | Threshold: 0.6000
2025-02-18 07:56:34 - Arquivo: nonclear.0217.jpeg | Prob: 0.0000 | Threshold: 0.6000
2025-02-18 07:56:59 - Arquivo: nonclear.0218.jpeg | Prob: 0.0000 | Threshold: 0.6000
2025-02-18 07:57:47 - Arquivo: nonclear.0219.jpeg | Prob: 0.0000 | Threshold: 0.6000
2025-02-18 07:58:12 - Arquivo: nonclear.0220.jpeg | Prob: 0.0055 | Threshold: 0.6000
2025-02-18 07:58:37 - Arquivo: nonclear.0221.jpeg | Prob: 0.0001 | Threshold: 0.6000
2025-02-18 07:59:01 - Arquivo: nonclear.0222.jpeg | Prob: 0.0001 | Threshold: 0.6000
2025-02-18 07:59:25 - Arquivo: nonclear.0223.jpeg | Prob: 0.0000 | Threshold: 0.6000
2025-02-18 07:59:47 - Arquivo: nonclear.0224.jpeg | Prob: 0.0000 | Threshold: 0.6000
2025-02-18 08:00:14 - Arquivo: nonclear.0225.jpeg | Prob: 0.0000 | Threshold: 0.6000
2025-02-18 08:01:18 - Arquivo: nonclear.0226.jpeg | Prob: 0.0000 | Threshold: 0.6000
2025-02-18 08:01:43 - Arquivo: nonclear.0227.jpeg | Prob: 0.0000 | Threshold: 0.6000
2025-02-18 08:02:08 - Arquivo: nonclear.0228.jpeg | Prob: 0.0003 | Threshold: 0.6000
2025-02-18 08:02:35 - Arquivo: nonclear.0229.jpeg | Prob: 0.0000 | Threshold: 0.6000
2025-02-18 08:02:58 - Arquivo: nonclear.0230.jpeg | Prob: 0.0000 | Threshold: 0.6000
2025-02-18 08:03:21 - Arquivo: nonclear.0231.jpeg | Prob: 0.0000 | Threshold: 0.6000
2025-02-18 08:03:45 - Arquivo: nonclear.0232.jpeg | Prob: 0.0240 | Threshold: 0.6000
2025-02-18 08:04:09 - Arquivo: nonclear.0233.jpeg | Prob: 0.0000 | Threshold: 0.6000
2025-02-18 08:04:36 - Arquivo: nonclear.0234.jpeg | Prob: 0.0000 | Threshold: 0.6000
2025-02-18 08:05:01 - Arquivo: nonclear.0235.jpeg | Prob: 0.6122 | Threshold: 0.6000
2025-02-18 08:05:24 - Arquivo: nonclear.0236.jpeg | Prob: 0.0002 | Threshold: 0.6000
2025-02-18 08:05:55 - Arquivo: nonclear.0237.jpeg | Prob: 0.0000 | Threshold: 0.6000
2025-02-18 08:06:21 - Arquivo: nonclear.0238.jpeg | Prob: 0.0000 | Threshold: 0.6000
2025-02-18 08:06:47 - Arquivo: nonclear.0239.jpeg | Prob: 0.0000 | Threshold: 0.6000
2025-02-18 08:07:09 - Arquivo: nonclear.0240.jpeg | Prob: 0.5050 | Threshold: 0.6000
2025-02-18 08:07:34 - Arquivo: nonclear.0241.jpeg | Prob: 0.0000 | Threshold: 0.6000
2025-02-18 08:07:59 - Arquivo: nonclear.0242.jpeg | Prob: 0.7582 | Threshold: 0.6000
2025-02-18 08:08:22 - Arquivo: nonclear.0243.jpeg | Prob: 0.0789 | Threshold: 0.6000
2025-02-18 08:08:50 - Arquivo: nonclear.0244.jpeg | Prob: 0.0000 | Threshold: 0.6000
2025-02-18 08:09:12 - Arquivo: nonclear.0245.jpeg | Prob: 0.9905 | Threshold: 0.6000
2025-02-18 08:09:36 - Arquivo: nonclear.0246.jpeg | Prob: 0.0000 | Threshold: 0.6000
2025-02-18 08:10:00 - Arquivo: nonclear.0247.jpeg | Prob: 0.0000 | Threshold: 0.6000
2025-02-18 08:10:23 - Arquivo: nonclear.0248.jpeg | Prob: 0.0000 | Threshold: 0.6000
2025-02-18 08:10:46 - Arquivo: nonclear.0249.jpeg | Prob: 0.0000 | Threshold: 0.6000
2025-02-18 08:11:10 - Arquivo: nonclear.0250.jpeg | Prob: 0.0014 | Threshold: 0.6000
2025-02-18 08:11:34 - Arquivo: nonclear.0251.jpeg | Prob: 0.0020 | Threshold: 0.6000
2025-02-18 08:11:58 - Arquivo: nonclear.0252.jpeg | Prob: 0.0010 | Threshold: 0.6000
2025-02-18 08:12:28 - Arquivo: nonclear.0253.jpeg | Prob: 0.0000 | Threshold: 0.6000
2025-02-18 08:12:54 - Arquivo: nonclear.0254.jpeg | Prob: 0.0000 | Threshold: 0.6000
2025-02-18 08:13:23 - Arquivo: nonclear.0255.jpeg | Prob: 0.0001 | Threshold: 0.6000
2025-02-18 08:14:08 - Arquivo: nonclear.0256.jpeg | Prob: 0.0000 | Threshold: 0.6000
2025-02-18 08:14:33 - Arquivo: nonclear.0257.jpeg | Prob: 0.0000 | Threshold: 0.6000
2025-02-18 08:15:00 - Arquivo: nonclear.0258.jpeg | Prob: 0.2617 | Threshold: 0.6000
2025-02-18 08:15:24 - Arquivo: nonclear.0259.jpeg | Prob: 0.0000 | Threshold: 0.6000
2025-02-18 08:15:47 - Arquivo: nonclear.0260.jpeg | Prob: 0.9801 | Threshold: 0.6000
2025-02-18 08:16:12 - Arquivo: nonclear.0261.jpeg | Prob: 0.0003 | Threshold: 0.6000
2025-02-18 08:16:42 - Arquivo: nonclear.0262.jpeg | Prob: 0.0000 | Threshold: 0.6000
2025-02-18 08:17:05 - Arquivo: nonclear.0263.jpeg | Prob: 0.3891 | Threshold: 0.6000
2025-02-18 08:17:30 - Arquivo: nonclear.0264.jpeg | Prob: 1.0000 | Threshold: 0.6000
2025-02-18 08:17:54 - Arquivo: nonclear.0265.jpeg | Prob: 0.0000 | Threshold: 0.6000
2025-02-18 08:18:31 - Arquivo: nonclear.0266.jpeg | Prob: 0.0000 | Threshold: 0.6000
2025-02-18 08:18:58 - Arquivo: nonclear.0267.jpeg | Prob: 0.0000 | Threshold: 0.6000
2025-02-18 08:19:49 - Arquivo: nonclear.0268.jpeg | Prob: 0.0000 | Threshold: 0.6000
2025-02-18 08:20:20 - Arquivo: nonclear.0269.jpeg | Prob: 0.0024 | Threshold: 0.6000
2025-02-18 08:20:44 - Arquivo: nonclear.0270.jpeg | Prob: 0.0000 | Threshold: 0.6000
2025-02-18 08:21:09 - Arquivo: nonclear.0271.jpeg | Prob: 0.0000 | Threshold: 0.6000
2025-02-18 08:21:33 - Arquivo: nonclear.0272.jpeg | Prob: 0.0000 | Threshold: 0.6000
2025-02-18 08:22:02 - Arquivo: nonclear.0273.jpeg | Prob: 0.0000 | Threshold: 0.6000
2025-02-18 08:22:27 - Arquivo: nonclear.0274.jpeg | Prob: 0.0002 | Threshold: 0.6000
2025-02-18 08:22:51 - Arquivo: nonclear.0275.jpeg | Prob: 0.4900 | Threshold: 0.6000
2025-02-18 08:23:15 - Arquivo: nonclear.0276.jpeg | Prob: 0.0000 | Threshold: 0.6000
2025-02-18 08:23:44 - Arquivo: nonclear.0277.jpeg | Prob: 0.0000 | Threshold: 0.6000
2025-02-18 08:24:29 - Arquivo: nonclear.0278.jpg | Prob: 0.0031 | Threshold: 0.6000
2025-02-18 08:24:53 - Arquivo: nonclear.0279.jpg | Prob: 0.0000 | Threshold: 0.6000
2025-02-18 08:25:17 - Arquivo: nonclear.0280.jpg | Prob: 0.0011 | Threshold: 0.6000
2025-02-18 08:25:43 - Arquivo: nonclear.0281.jpg | Prob: 0.4501 | Threshold: 0.6000
2025-02-18 08:26:06 - Arquivo: nonclear.0282.jpg | Prob: 0.4744 | Threshold: 0.6000
2025-02-18 08:26:47 - Arquivo: nonclear.0283.jpg | Prob: 0.0171 | Threshold: 0.6000
2025-02-18 08:27:13 - Arquivo: nonclear.0284.jpg | Prob: 0.0000 | Threshold: 0.6000
2025-02-18 08:27:47 - Arquivo: nonclear.0285.jpg | Prob: 0.0000 | Threshold: 0.6000
2025-02-18 08:28:12 - Arquivo: nonclear.0286.jpg | Prob: 0.0000 | Threshold: 0.6000
2025-02-18 08:28:40 - Arquivo: nonclear.0287.jpg | Prob: 0.0011 | Threshold: 0.6000
2025-02-18 08:29:04 - Arquivo: nonclear.0288.jpg | Prob: 0.0162 | Threshold: 0.6000
2025-02-18 08:29:30 - Arquivo: nonclear.0289.jpg | Prob: 0.0000 | Threshold: 0.6000
2025-02-18 08:29:54 - Arquivo: nonclear.0290.jpg | Prob: 0.0000 | Threshold: 0.6000
2025-02-18 08:30:20 - Arquivo: nonclear.0291.jpg | Prob: 0.0000 | Threshold: 0.6000
2025-02-18 08:30:44 - Arquivo: nonclear.0292.jpg | Prob: 0.0140 | Threshold: 0.6000
2025-02-18 08:31:09 - Arquivo: nonclear.0293.jpg | Prob: 0.3314 | Threshold: 0.6000
2025-02-18 08:31:36 - Arquivo: nonclear.0294.jpg | Prob: 0.9998 | Threshold: 0.6000
2025-02-18 08:32:01 - Arquivo: nonclear.0295.jpg | Prob: 0.1104 | Threshold: 0.6000
2025-02-18 08:32:25 - Arquivo: nonclear.0296.jpg | Prob: 0.0003 | Threshold: 0.6000
2025-02-18 08:32:49 - Arquivo: nonclear.0297.jpg | Prob: 0.0090 | Threshold: 0.6000
2025-02-18 08:33:13 - Arquivo: nonclear.0298.jpg | Prob: 0.3549 | Threshold: 0.6000
2025-02-18 08:33:36 - Arquivo: nonclear.0299.jpg | Prob: 0.0001 | Threshold: 0.6000
2025-02-18 08:34:01 - Arquivo: nonclear.0300.jpg | Prob: 0.0048 | Threshold: 0.6000
2025-02-18 08:34:25 - Arquivo: nonclear.0301.jpg | Prob: 0.0000 | Threshold: 0.6000
2025-02-18 08:34:52 - Arquivo: nonclear.0302.jpg | Prob: 0.0000 | Threshold: 0.6000
2025-02-18 08:35:16 - Arquivo: nonclear.0303.jpg | Prob: 0.0000 | Threshold: 0.6000
2025-02-18 08:35:45 - Arquivo: nonclear.0304.jpg | Prob: 0.9987 | Threshold: 0.6000
2025-02-18 08:36:09 - Arquivo: nonclear.0305.jpg | Prob: 0.8762 | Threshold: 0.6000
2025-02-18 08:36:38 - Arquivo: nonclear.0306.jpg | Prob: 0.0001 | Threshold: 0.6000
2025-02-18 08:37:05 - Arquivo: nonclear.0307.jpg | Prob: 0.0019 | Threshold: 0.6000
2025-02-18 08:37:30 - Arquivo: nonclear.0308.jpg | Prob: 0.0000 | Threshold: 0.6000
2025-02-18 08:38:15 - Arquivo: nonclear.0309.jpg | Prob: 0.5392 | Threshold: 0.6000
2025-02-18 08:38:40 - Arquivo: nonclear.0310.jpg | Prob: 0.8881 | Threshold: 0.6000
2025-02-18 08:39:04 - Arquivo: nonclear.0311.jpg | Prob: 0.0003 | Threshold: 0.6000
2025-02-18 08:39:28 - Arquivo: nonclear.0312.jpg | Prob: 0.0000 | Threshold: 0.6000
2025-02-18 08:39:53 - Arquivo: nonclear.0313.jpg | Prob: 0.0011 | Threshold: 0.6000
2025-02-18 08:40:24 - Arquivo: nonclear.0314.jpg | Prob: 0.5978 | Threshold: 0.6000
2025-02-18 08:40:50 - Arquivo: nonclear.0315.jpg | Prob: 0.8293 | Threshold: 0.6000
2025-02-18 08:41:20 - Arquivo: nonclear.0316.jpg | Prob: 0.9762 | Threshold: 0.6000
2025-02-18 08:41:44 - Arquivo: nonclear.0317.jpg | Prob: 0.2147 | Threshold: 0.6000
2025-02-18 08:42:08 - Arquivo: nonclear.0318.jpg | Prob: 0.9855 | Threshold: 0.6000
2025-02-18 08:42:53 - Arquivo: nonclear.0319.jpg | Prob: 0.0018 | Threshold: 0.6000
2025-02-18 08:43:16 - Arquivo: nonclear.0320.jpg | Prob: 0.0683 | Threshold: 0.6000
2025-02-18 08:43:53 - Arquivo: nonclear.0321.jpg | Prob: 0.0000 | Threshold: 0.6000
2025-02-18 08:44:17 - Arquivo: nonclear.0322.jpg | Prob: 0.9963 | Threshold: 0.6000
2025-02-18 08:44:40 - Arquivo: nonclear.0323.jpg | Prob: 0.1303 | Threshold: 0.6000
2025-02-18 08:45:03 - Arquivo: nonclear.0324.jpg | Prob: 0.0759 | Threshold: 0.6000
2025-02-18 08:45:49 - Arquivo: nonclear.0325.jpg | Prob: 0.0020 | Threshold: 0.6000
2025-02-18 08:46:13 - Arquivo: nonclear.0326.jpg | Prob: 0.0001 | Threshold: 0.6000
2025-02-18 08:46:37 - Arquivo: nonclear.0327.jpg | Prob: 0.0000 | Threshold: 0.6000
2025-02-18 08:47:02 - Arquivo: nonclear.0328.jpg | Prob: 0.0000 | Threshold: 0.6000
2025-02-18 08:47:36 - Arquivo: nonclear.0329.jpg | Prob: 0.9927 | Threshold: 0.6000
2025-02-18 08:48:04 - Arquivo: nonclear.0330.jpg | Prob: 0.0000 | Threshold: 0.6000
2025-02-18 08:48:29 - Arquivo: nonclear.0331.jpeg | Prob: 0.0000 | Threshold: 0.6000
2025-02-18 08:48:56 - Arquivo: nonclear.0332.jpeg | Prob: 0.0000 | Threshold: 0.6000
2025-02-18 08:49:39 - Arquivo: nonclear.0333.jpeg | Prob: 0.0022 | Threshold: 0.6000
2025-02-18 08:50:10 - Arquivo: nonclear.0334.jpg | Prob: 0.0000 | Threshold: 0.6000
2025-02-18 08:50:53 - Arquivo: nonclear.0335.jpg | Prob: 0.0000 | Threshold: 0.6000
2025-02-18 08:51:19 - Arquivo: nonclear.0336.jpg | Prob: 0.0000 | Threshold: 0.6000
2025-02-18 08:51:47 - Arquivo: nonclear.0337.jpg | Prob: 0.0000 | Threshold: 0.6000
2025-02-18 08:52:13 - Arquivo: nonclear.0338.jpg | Prob: 0.0000 | Threshold: 0.6000
2025-02-18 08:52:41 - Arquivo: nonclear.0339.jpg | Prob: 0.0000 | Threshold: 0.6000
2025-02-18 08:53:07 - Arquivo: nonclear.0340.jpg | Prob: 0.0000 | Threshold: 0.6000
2025-02-18 08:53:34 - Arquivo: nonclear.0341.jpg | Prob: 0.0000 | Threshold: 0.6000
2025-02-18 08:53:59 - Arquivo: nonclear.0342.jpg | Prob: 0.0000 | Threshold: 0.6000
2025-02-18 08:54:26 - Arquivo: nonclear.0343.jpg | Prob: 0.0000 | Threshold: 0.6000
2025-02-18 08:54:58 - Arquivo: nonclear.0344.jpg | Prob: 0.9997 | Threshold: 0.6000
2025-02-18 08:55:24 - Arquivo: nonclear.0345.jpg | Prob: 0.0000 | Threshold: 0.6000
2025-02-18 08:56:02 - Arquivo: nonclear.0346.jpg | Prob: 0.0000 | Threshold: 0.6000
2025-02-18 08:56:30 - Arquivo: nonclear.0347.jpg | Prob: 0.0000 | Threshold: 0.6000
2025-02-18 08:56:56 - Arquivo: nonclear.0348.jpg | Prob: 0.0000 | Threshold: 0.6000
2025-02-18 08:57:43 - Arquivo: nonclear.0349.jpg | Prob: 0.0000 | Threshold: 0.6000
2025-02-18 08:58:08 - Arquivo: nonclear.0350.jpg | Prob: 0.0000 | Threshold: 0.6000
2025-02-18 08:58:35 - Arquivo: nonclear.0351.jpg | Prob: 0.0000 | Threshold: 0.6000
2025-02-18 08:59:04 - Arquivo: nonclear.0352.jpg | Prob: 0.1101 | Threshold: 0.6000
2025-02-18 08:59:48 - Arquivo: nonclear.0353.jpg | Prob: 0.0013 | Threshold: 0.6000
2025-02-18 09:00:14 - Arquivo: nonclear.0354.jpg | Prob: 0.0098 | Threshold: 0.6000
2025-02-18 09:00:38 - Arquivo: nonclear.0355.jpg | Prob: 0.0005 | Threshold: 0.6000
2025-02-18 09:01:21 - Arquivo: nonclear.0356.jpg | Prob: 0.0000 | Threshold: 0.6000
2025-02-18 09:01:46 - Arquivo: nonclear.0357.jpg | Prob: 0.9569 | Threshold: 0.6000
2025-02-18 09:02:11 - Arquivo: nonclear.0358.jpg | Prob: 0.0060 | Threshold: 0.6000
2025-02-18 09:02:39 - Arquivo: nonclear.0359.jpg | Prob: 0.0001 | Threshold: 0.6000
2025-02-18 09:03:04 - Arquivo: nonclear.0360.jpg | Prob: 0.0003 | Threshold: 0.6000
2025-02-18 09:03:27 - Arquivo: nonclear.0361.jpg | Prob: 0.0000 | Threshold: 0.6000
2025-02-18 09:03:59 - Arquivo: nonclear.0362.jpg | Prob: 0.0000 | Threshold: 0.6000
2025-02-18 09:04:26 - Arquivo: nonclear.0363.jpg | Prob: 0.0000 | Threshold: 0.6000
2025-02-18 09:04:52 - Arquivo: nonclear.0364.jpg | Prob: 0.0023 | Threshold: 0.6000
2025-02-18 09:05:17 - Arquivo: nonclear.0365.jpg | Prob: 0.0000 | Threshold: 0.6000
2025-02-18 09:05:42 - Arquivo: nonclear.0366.jpg | Prob: 0.0001 | Threshold: 0.6000
2025-02-18 09:06:13 - Arquivo: nonclear.0367.jpg | Prob: 0.9026 | Threshold: 0.6000
2025-02-18 09:06:38 - Arquivo: nonclear.0368.jpg | Prob: 0.0000 | Threshold: 0.6000
2025-02-18 09:07:03 - Arquivo: nonclear.0369.jpg | Prob: 0.0000 | Threshold: 0.6000
2025-02-18 09:07:30 - Arquivo: nonclear.0370.jpg | Prob: 0.0000 | Threshold: 0.6000
2025-02-18 09:07:55 - Arquivo: nonclear.0371.jpg | Prob: 0.0000 | Threshold: 0.6000
2025-02-18 09:08:20 - Arquivo: nonclear.0372.jpg | Prob: 0.0000 | Threshold: 0.6000
2025-02-18 09:08:44 - Arquivo: nonclear.0373.jpg | Prob: 0.0000 | Threshold: 0.6000
2025-02-18 09:09:29 - Arquivo: nonclear.0374.jpg | Prob: 0.0000 | Threshold: 0.6000
2025-02-18 09:09:55 - Arquivo: nonclear.0375.jpg | Prob: 0.0000 | Threshold: 0.6000
2025-02-18 09:10:19 - Arquivo: nonclear.0376.jpg | Prob: 0.0000 | Threshold: 0.6000
2025-02-18 09:10:54 - Arquivo: nonclear.0377.jpg | Prob: 0.0000 | Threshold: 0.6000
2025-02-18 09:11:19 - Arquivo: nonclear.0378.jpg | Prob: 0.0000 | Threshold: 0.6000
2025-02-18 09:11:43 - Arquivo: nonclear.0379.jpg | Prob: 0.0000 | Threshold: 0.6000
2025-02-18 09:12:07 - Arquivo: nonclear.0380.jpg | Prob: 0.0000 | Threshold: 0.6000
2025-02-18 09:12:32 - Arquivo: nonclear.0381.jpg | Prob: 0.0000 | Threshold: 0.6000
2025-02-18 09:12:57 - Arquivo: nonclear.0382.jpg | Prob: 0.0000 | Threshold: 0.6000
2025-02-18 09:13:22 - Arquivo: nonclear.0383.jpg | Prob: 0.0000 | Threshold: 0.6000
2025-02-18 09:13:46 - Arquivo: nonclear.0384.jpg | Prob: 0.7689 | Threshold: 0.6000
2025-02-18 09:14:10 - Arquivo: nonclear.0385.jpg | Prob: 0.0080 | Threshold: 0.6000
2025-02-18 09:14:35 - Arquivo: nonclear.0386.jpg | Prob: 0.0010 | Threshold: 0.6000
2025-02-18 09:15:09 - Arquivo: nonclear.0387.jpg | Prob: 0.0000 | Threshold: 0.6000
2025-02-18 09:15:33 - Arquivo: nonclear.0388.jpg | Prob: 0.0090 | Threshold: 0.6000
2025-02-18 09:16:03 - Arquivo: nonclear.0389.jpg | Prob: 0.0000 | Threshold: 0.6000
2025-02-18 09:16:28 - Arquivo: nonclear.0390.jpg | Prob: 0.0000 | Threshold: 0.6000
2025-02-18 09:17:15 - Arquivo: nonclear.0391.jpg | Prob: 0.0000 | Threshold: 0.6000
2025-02-18 09:17:43 - Arquivo: nonclear.0392.jpg | Prob: 0.0000 | Threshold: 0.6000
2025-02-18 09:18:23 - Arquivo: nonclear.0393.jpg | Prob: 0.0000 | Threshold: 0.6000
2025-02-18 09:18:49 - Arquivo: nonclear.0394.jpg | Prob: 0.0000 | Threshold: 0.6000
2025-02-18 09:19:15 - Arquivo: nonclear.0395.jpg | Prob: 0.0000 | Threshold: 0.6000
2025-02-18 09:19:44 - Arquivo: nonclear.0396.jpg | Prob: 0.0000 | Threshold: 0.6000
2025-02-18 09:20:15 - Arquivo: nonclear.0397.jpg | Prob: 0.0000 | Threshold: 0.6000
2025-02-18 09:20:43 - Arquivo: nonclear.0398.jpg | Prob: 0.0000 | Threshold: 0.6000
2025-02-18 09:21:34 - Arquivo: nonclear.0399.jpg | Prob: 0.0000 | Threshold: 0.6000
2025-02-18 09:22:04 - Arquivo: nonclear.0400.jpg | Prob: 0.0000 | Threshold: 0.6000
2025-02-18 09:22:37 - Arquivo: nonclear.0401.jpg | Prob: 0.4285 | Threshold: 0.6000
2025-02-18 09:23:04 - Arquivo: nonclear.0402.jpg | Prob: 0.0000 | Threshold: 0.6000
2025-02-18 09:23:31 - Arquivo: nonclear.0403.jpg | Prob: 0.0001 | Threshold: 0.6000
2025-02-18 09:24:00 - Arquivo: nonclear.0404.jpg | Prob: 0.0000 | Threshold: 0.6000
2025-02-18 09:24:43 - Arquivo: nonclear.0405.jpg | Prob: 0.0000 | Threshold: 0.6000
2025-02-18 09:25:17 - Arquivo: nonclear.0406.jpg | Prob: 0.0021 | Threshold: 0.6000
2025-02-18 09:25:45 - Arquivo: nonclear.0407.jpg | Prob: 0.0000 | Threshold: 0.6000
2025-02-18 09:26:29 - Arquivo: nonclear.0408.jpg | Prob: 0.0000 | Threshold: 0.6000
2025-02-18 09:26:56 - Arquivo: nonclear.0409.jpg | Prob: 0.0000 | Threshold: 0.6000
2025-02-18 09:27:24 - Arquivo: nonclear.0410.jpg | Prob: 0.0003 | Threshold: 0.6000
2025-02-18 09:27:52 - Arquivo: nonclear.0411.jpg | Prob: 0.0000 | Threshold: 0.6000
2025-02-18 09:28:35 - Arquivo: nonclear.0412.jpg | Prob: 0.0000 | Threshold: 0.6000
2025-02-18 09:29:07 - Arquivo: nonclear.0413.jpg | Prob: 0.0000 | Threshold: 0.6000
2025-02-18 09:29:34 - Arquivo: nonclear.0414.jpg | Prob: 0.0000 | Threshold: 0.6000
2025-02-18 09:30:02 - Arquivo: nonclear.0415.jpg | Prob: 0.0001 | Threshold: 0.6000
2025-02-18 09:30:32 - Arquivo: nonclear.0416.jpg | Prob: 0.0023 | Threshold: 0.6000
2025-02-18 09:31:01 - Arquivo: nonclear.0417.jpg | Prob: 0.0000 | Threshold: 0.6000
2025-02-18 09:31:27 - Arquivo: nonclear.0418.jpg | Prob: 0.0000 | Threshold: 0.6000
2025-02-18 09:31:55 - Arquivo: nonclear.0419.jpg | Prob: 0.0000 | Threshold: 0.6000
2025-02-18 09:32:22 - Arquivo: nonclear.0420.jpg | Prob: 0.0000 | Threshold: 0.6000
2025-02-18 09:33:38 - Arquivo: nonclear.0421.jpg | Prob: 0.0000 | Threshold: 0.6000
2025-02-18 09:34:48 - Arquivo: nonclear.0422.jpg | Prob: 0.0000 | Threshold: 0.6000
2025-02-18 09:35:15 - Arquivo: nonclear.0423.jpg | Prob: 0.0000 | Threshold: 0.6000
2025-02-18 09:35:42 - Arquivo: nonclear.0424.jpg | Prob: 0.0000 | Threshold: 0.6000
2025-02-18 09:36:09 - Arquivo: nonclear.0425.jpg | Prob: 0.0007 | Threshold: 0.6000
2025-02-18 09:36:35 - Arquivo: nonclear.0426.jpg | Prob: 0.0000 | Threshold: 0.6000
2025-02-18 09:37:05 - Arquivo: nonclear.0427.jpg | Prob: 0.0003 | Threshold: 0.6000
2025-02-18 09:37:32 - Arquivo: nonclear.0428.jpg | Prob: 0.0000 | Threshold: 0.6000
2025-02-18 09:38:00 - Arquivo: nonclear.0429.jpg | Prob: 0.0000 | Threshold: 0.6000
2025-02-18 09:38:28 - Arquivo: nonclear.0430.jpg | Prob: 0.0000 | Threshold: 0.6000
2025-02-18 09:38:59 - Arquivo: nonclear.0431.jpg | Prob: 0.9826 | Threshold: 0.6000
2025-02-18 09:39:26 - Arquivo: nonclear.0432.jpg | Prob: 0.0004 | Threshold: 0.6000
2025-02-18 09:39:54 - Arquivo: nonclear.0433.jpg | Prob: 0.0011 | Threshold: 0.6000
2025-02-18 09:40:22 - Arquivo: nonclear.0434.jpg | Prob: 0.0000 | Threshold: 0.6000
2025-02-18 09:41:00 - Arquivo: nonclear.0435.jpg | Prob: 0.0000 | Threshold: 0.6000
2025-02-18 09:41:26 - Arquivo: nonclear.0436.jpg | Prob: 0.0000 | Threshold: 0.6000
2025-02-18 09:41:54 - Arquivo: nonclear.0437.jpg | Prob: 0.0002 | Threshold: 0.6000
2025-02-18 09:42:21 - Arquivo: nonclear.0438.jpg | Prob: 0.0000 | Threshold: 0.6000
2025-02-18 09:42:48 - Arquivo: nonclear.0439.jpg | Prob: 0.0000 | Threshold: 0.6000
2025-02-18 09:43:15 - Arquivo: nonclear.0440.jpg | Prob: 0.0000 | Threshold: 0.6000
2025-02-18 09:43:42 - Arquivo: nonclear.0441.jpg | Prob: 0.0001 | Threshold: 0.6000
2025-02-18 09:44:29 - Arquivo: nonclear.0442.jpg | Prob: 0.0000 | Threshold: 0.6000
2025-02-18 09:45:20 - Arquivo: nonclear.0443.jpg | Prob: 0.0000 | Threshold: 0.6000
2025-02-18 09:45:49 - Arquivo: nonclear.0444.jpg | Prob: 0.0000 | Threshold: 0.6000
2025-02-18 09:46:16 - Arquivo: nonclear.0445.jpg | Prob: 0.0000 | Threshold: 0.6000
2025-02-18 09:47:06 - Arquivo: nonclear.0446.jpg | Prob: 0.0000 | Threshold: 0.6000
2025-02-18 09:47:35 - Arquivo: nonclear.0447.jpg | Prob: 0.0000 | Threshold: 0.6000
2025-02-18 09:48:02 - Arquivo: nonclear.0448.jpg | Prob: 0.0000 | Threshold: 0.6000
2025-02-18 09:48:47 - Arquivo: nonclear.0449.jpg | Prob: 0.0000 | Threshold: 0.6000
2025-02-18 09:49:13 - Arquivo: nonclear.0450.jpg | Prob: 0.0000 | Threshold: 0.6000
2025-02-18 09:49:53 - Arquivo: nonclear.0451.jpg | Prob: 0.0000 | Threshold: 0.6000
2025-02-18 09:50:19 - Arquivo: nonclear.0452.jpg | Prob: 0.0000 | Threshold: 0.6000
2025-02-18 09:50:45 - Arquivo: nonclear.0453.jpg | Prob: 0.0163 | Threshold: 0.6000
2025-02-18 09:51:14 - Arquivo: nonclear.0454.jpg | Prob: 0.0000 | Threshold: 0.6000
2025-02-18 09:51:58 - Arquivo: nonclear.0455.jpg | Prob: 0.0000 | Threshold: 0.6000
2025-02-18 09:52:40 - Arquivo: nonclear.0456.jpg | Prob: 0.0000 | Threshold: 0.6000
2025-02-18 09:53:08 - Arquivo: nonclear.0457.jpg | Prob: 0.0000 | Threshold: 0.6000
2025-02-18 09:53:36 - Arquivo: nonclear.0458.jpg | Prob: 0.0000 | Threshold: 0.6000
2025-02-18 09:54:04 - Arquivo: nonclear.0459.jpg | Prob: 0.0000 | Threshold: 0.6000
2025-02-18 09:54:30 - Arquivo: nonclear.0460.jpg | Prob: 0.0000 | Threshold: 0.6000
2025-02-18 09:54:57 - Arquivo: nonclear.0461.jpg | Prob: 0.0000 | Threshold: 0.6000
2025-02-18 09:55:24 - Arquivo: nonclear.0462.jpg | Prob: 0.0000 | Threshold: 0.6000
2025-02-18 09:55:52 - Arquivo: nonclear.0463.jpg | Prob: 0.0000 | Threshold: 0.6000
2025-02-18 09:56:20 - Arquivo: nonclear.0464.jpg | Prob: 0.0005 | Threshold: 0.6000
2025-02-18 09:56:48 - Arquivo: nonclear.0465.jpg | Prob: 0.0000 | Threshold: 0.6000
2025-02-18 09:57:15 - Arquivo: nonclear.0466.jpg | Prob: 0.0000 | Threshold: 0.6000
2025-02-18 09:57:52 - Arquivo: nonclear.0467.jpg | Prob: 0.0000 | Threshold: 0.6000
2025-02-18 09:58:22 - Arquivo: nonclear.0468.jpg | Prob: 0.0000 | Threshold: 0.6000
2025-02-18 09:59:17 - Arquivo: nonclear.0469.jpg | Prob: 0.0000 | Threshold: 0.6000
2025-02-18 09:59:44 - Arquivo: nonclear.0470.jpg | Prob: 0.0000 | Threshold: 0.6000
2025-02-18 10:00:12 - Arquivo: nonclear.0471.jpg | Prob: 0.0061 | Threshold: 0.6000
2025-02-18 10:00:44 - Arquivo: nonclear.0472.jpg | Prob: 0.0000 | Threshold: 0.6000
2025-02-18 10:01:20 - Arquivo: nonclear.0473.jpg | Prob: 0.0000 | Threshold: 0.6000
2025-02-18 10:01:46 - Arquivo: nonclear.0474.jpg | Prob: 0.0000 | Threshold: 0.6000
2025-02-18 10:02:12 - Arquivo: nonclear.0475.jpg | Prob: 0.0000 | Threshold: 0.6000
2025-02-18 10:02:38 - Arquivo: nonclear.0476.jpg | Prob: 0.0000 | Threshold: 0.6000
2025-02-18 10:03:06 - Arquivo: nonclear.0477.jpg | Prob: 0.0002 | Threshold: 0.6000
2025-02-18 10:03:33 - Arquivo: nonclear.0478.jpg | Prob: 0.0000 | Threshold: 0.6000
2025-02-18 10:03:58 - Arquivo: nonclear.0479.jpg | Prob: 0.0000 | Threshold: 0.6000
2025-02-18 10:04:24 - Arquivo: nonclear.0480.jpg | Prob: 0.0000 | Threshold: 0.6000
2025-02-18 10:04:52 - Arquivo: nonclear.0481.jpg | Prob: 0.0000 | Threshold: 0.6000
2025-02-18 10:05:18 - Arquivo: nonclear.0482.jpg | Prob: 0.0000 | Threshold: 0.6000
2025-02-18 10:06:07 - Arquivo: nonclear.0483.jpg | Prob: 0.0000 | Threshold: 0.6000
2025-02-18 10:06:33 - Arquivo: nonclear.0484.jpg | Prob: 0.0000 | Threshold: 0.6000
2025-02-18 10:07:00 - Arquivo: nonclear.0485.jpg | Prob: 0.0000 | Threshold: 0.6000
2025-02-18 10:07:27 - Arquivo: nonclear.0486.jpg | Prob: 0.0000 | Threshold: 0.6000
2025-02-18 10:07:54 - Arquivo: nonclear.0487.jpg | Prob: 0.0001 | Threshold: 0.6000
2025-02-18 10:08:21 - Arquivo: nonclear.0488.jpg | Prob: 0.0000 | Threshold: 0.6000
2025-02-18 10:08:55 - Arquivo: nonclear.0489.jpg | Prob: 0.0000 | Threshold: 0.6000
2025-02-18 10:09:22 - Arquivo: nonclear.0490.jpg | Prob: 0.0000 | Threshold: 0.6000
2025-02-18 10:09:48 - Arquivo: nonclear.0491.jpg | Prob: 0.0000 | Threshold: 0.6000
2025-02-18 10:10:24 - Arquivo: nonclear.0492.jpg | Prob: 0.0000 | Threshold: 0.6000
2025-02-18 10:10:53 - Arquivo: nonclear.0493.jpg | Prob: 0.0000 | Threshold: 0.6000
2025-02-18 10:11:21 - Arquivo: nonclear.0494.jpg | Prob: 0.0000 | Threshold: 0.6000
2025-02-18 10:11:50 - Arquivo: nonclear.0495.jpg | Prob: 0.0000 | Threshold: 0.6000
2025-02-18 10:12:16 - Arquivo: nonclear.0496.jpg | Prob: 0.0000 | Threshold: 0.6000
2025-02-18 10:12:43 - Arquivo: nonclear.0497.jpg | Prob: 0.0000 | Threshold: 0.6000
2025-02-18 10:13:22 - Arquivo: nonclear.0498.jpg | Prob: 0.0000 | Threshold: 0.6000
2025-02-18 10:13:50 - Arquivo: nonclear.0499.jpg | Prob: 0.0001 | Threshold: 0.6000
2025-02-18 10:14:21 - Arquivo: nonclear.0500.jpg | Prob: 0.0000 | Threshold: 0.6000
2025-02-18 10:14:48 - Arquivo: nonclear.0501.jpg | Prob: 0.0001 | Threshold: 0.6000
2025-02-18 10:15:13 - Arquivo: nonclear.0502.jpg | Prob: 0.0000 | Threshold: 0.6000
2025-02-18 10:16:16 - Arquivo: nonclear.0503.jpg | Prob: 0.0002 | Threshold: 0.6000
2025-02-18 10:16:44 - Arquivo: nonclear.0504.jpg | Prob: 0.0001 | Threshold: 0.6000
2025-02-18 10:17:25 - Arquivo: nonclear.0505.jpg | Prob: 0.0000 | Threshold: 0.6000
2025-02-18 10:17:55 - Arquivo: nonclear.0506.jpg | Prob: 0.0000 | Threshold: 0.6000
2025-02-18 10:18:23 - Arquivo: nonclear.0507.jpg | Prob: 0.0000 | Threshold: 0.6000
2025-02-18 10:18:52 - Arquivo: nonclear.0508.jpg | Prob: 0.0000 | Threshold: 0.6000
2025-02-18 10:19:20 - Arquivo: nonclear.0509.jpg | Prob: 0.0000 | Threshold: 0.6000
2025-02-18 10:19:47 - Arquivo: nonclear.0510.jpg | Prob: 0.0000 | Threshold: 0.6000
2025-02-18 10:20:17 - Arquivo: nonclear.0511.jpg | Prob: 0.0000 | Threshold: 0.6000
2025-02-18 10:20:46 - Arquivo: nonclear.0512.jpg | Prob: 0.0000 | Threshold: 0.6000
2025-02-18 10:21:13 - Arquivo: nonclear.0513.jpg | Prob: 0.0098 | Threshold: 0.6000
2025-02-18 10:21:39 - Arquivo: nonclear.0514.jpg | Prob: 0.0000 | Threshold: 0.6000
2025-02-18 10:22:07 - Arquivo: nonclear.0515.jpg | Prob: 0.0000 | Threshold: 0.6000
2025-02-18 10:22:34 - Arquivo: nonclear.0516.jpg | Prob: 0.0000 | Threshold: 0.6000
2025-02-18 10:23:17 - Arquivo: nonclear.0517.jpg | Prob: 0.0000 | Threshold: 0.6000
2025-02-18 10:23:46 - Arquivo: nonclear.0518.jpg | Prob: 0.0000 | Threshold: 0.6000
2025-02-18 10:24:13 - Arquivo: nonclear.0519.jpg | Prob: 0.0000 | Threshold: 0.6000
2025-02-18 10:24:40 - Arquivo: nonclear.0520.jpg | Prob: 0.0000 | Threshold: 0.6000
2025-02-18 10:25:06 - Arquivo: nonclear.0521.jpg | Prob: 0.0000 | Threshold: 0.6000
2025-02-18 10:25:33 - Arquivo: nonclear.0522.jpg | Prob: 0.0001 | Threshold: 0.6000
2025-02-18 10:26:00 - Arquivo: nonclear.0523.jpg | Prob: 0.0000 | Threshold: 0.6000
2025-02-18 10:26:27 - Arquivo: nonclear.0524.jpg | Prob: 0.0000 | Threshold: 0.6000
2025-02-18 10:26:54 - Arquivo: nonclear.0525.jpg | Prob: 0.0088 | Threshold: 0.6000
2025-02-18 10:27:21 - Arquivo: nonclear.0526.jpg | Prob: 0.0006 | Threshold: 0.6000
2025-02-18 10:27:53 - Arquivo: nonclear.0527.jpg | Prob: 0.0000 | Threshold: 0.6000
2025-02-18 10:28:21 - Arquivo: nonclear.0528.jpg | Prob: 0.0000 | Threshold: 0.6000
2025-02-18 10:28:45 - Arquivo: nonclear.0529.jpg | Prob: 0.0000 | Threshold: 0.6000
2025-02-18 10:29:42 - Arquivo: nonclear.0530.jpg | Prob: 0.0000 | Threshold: 0.6000
2025-02-18 10:30:26 - Arquivo: nonclear.0531.jpg | Prob: 0.0000 | Threshold: 0.6000
2025-02-18 10:31:07 - Arquivo: nonclear.0532.jpg | Prob: 0.0000 | Threshold: 0.6000
2025-02-18 10:31:35 - Arquivo: nonclear.0533.jpg | Prob: 0.0000 | Threshold: 0.6000
2025-02-18 10:32:03 - Arquivo: nonclear.0534.jpg | Prob: 0.0048 | Threshold: 0.6000
2025-02-18 10:32:33 - Arquivo: nonclear.0535.jpg | Prob: 0.3796 | Threshold: 0.6000
2025-02-18 10:33:02 - Arquivo: nonclear.0536.jpg | Prob: 0.0454 | Threshold: 0.6000
2025-02-18 10:33:33 - Arquivo: nonclear.0537.jpg | Prob: 0.0000 | Threshold: 0.6000
2025-02-18 10:34:02 - Arquivo: nonclear.0538.jpg | Prob: 0.0000 | Threshold: 0.6000
2025-02-18 10:34:28 - Arquivo: nonclear.0539.jpg | Prob: 0.0001 | Threshold: 0.6000
2025-02-18 10:35:04 - Arquivo: nonclear.0540.jpg | Prob: 0.0000 | Threshold: 0.6000
2025-02-18 10:35:35 - Arquivo: nonclear.0541.jpg | Prob: 0.0000 | Threshold: 0.6000
2025-02-18 10:36:02 - Arquivo: nonclear.0542.jpg | Prob: 0.0000 | Threshold: 0.6000
2025-02-18 10:36:29 - Arquivo: nonclear.0543.jpg | Prob: 0.0000 | Threshold: 0.6000
2025-02-18 10:36:55 - Arquivo: nonclear.0544.jpg | Prob: 0.1526 | Threshold: 0.6000
2025-02-18 10:37:33 - Arquivo: nonclear.0545.jpg | Prob: 0.1513 | Threshold: 0.6000
2025-02-18 10:37:59 - Arquivo: nonclear.0546.jpg | Prob: 0.0000 | Threshold: 0.6000
2025-02-18 10:38:27 - Arquivo: nonclear.0547.jpg | Prob: 0.0000 | Threshold: 0.6000
2025-02-18 10:38:58 - Arquivo: nonclear.0548.jpg | Prob: 0.0000 | Threshold: 0.6000
2025-02-18 10:39:31 - Arquivo: nonclear.0549.jpg | Prob: 0.0000 | Threshold: 0.6000
2025-02-18 10:39:57 - Arquivo: nonclear.0550.jpg | Prob: 0.0000 | Threshold: 0.6000
2025-02-18 10:40:25 - Arquivo: nonclear.0551.jpg | Prob: 0.0000 | Threshold: 0.6000
2025-02-18 10:40:53 - Arquivo: nonclear.0552.jpg | Prob: 0.0000 | Threshold: 0.6000
2025-02-18 10:41:18 - Arquivo: nonclear.0553.jpg | Prob: 0.0000 | Threshold: 0.6000
2025-02-18 10:41:47 - Arquivo: nonclear.0554.jpg | Prob: 0.0000 | Threshold: 0.6000
2025-02-18 10:42:13 - Arquivo: nonclear.0555.jpg | Prob: 0.0000 | Threshold: 0.6000
2025-02-18 10:42:49 - Arquivo: nonclear.0556.jpg | Prob: 0.0000 | Threshold: 0.6000
2025-02-18 10:43:16 - Arquivo: nonclear.0557.jpg | Prob: 0.0000 | Threshold: 0.6000
2025-02-18 10:43:45 - Arquivo: nonclear.0558.jpg | Prob: 0.0000 | Threshold: 0.6000
2025-02-18 10:44:13 - Arquivo: nonclear.0559.jpg | Prob: 0.0000 | Threshold: 0.6000
2025-02-18 10:44:41 - Arquivo: nonclear.0560.jpg | Prob: 0.0000 | Threshold: 0.6000
2025-02-18 10:45:14 - Arquivo: nonclear.0561.jpg | Prob: 0.0382 | Threshold: 0.6000
2025-02-18 10:45:41 - Arquivo: nonclear.0562.jpg | Prob: 0.0007 | Threshold: 0.6000
2025-02-18 10:46:13 - Arquivo: nonclear.0563.jpg | Prob: 0.0001 | Threshold: 0.6000
2025-02-18 10:46:38 - Arquivo: nonclear.0564.jpg | Prob: 0.0000 | Threshold: 0.6000
2025-02-18 10:47:33 - Arquivo: nonclear.0565.jpg | Prob: 0.0000 | Threshold: 0.6000
2025-02-18 10:48:11 - Arquivo: nonclear.0566.jpg | Prob: 0.0000 | Threshold: 0.6000
2025-02-18 10:48:36 - Arquivo: nonclear.0567.jpg | Prob: 0.0000 | Threshold: 0.6000
2025-02-18 10:49:02 - Arquivo: nonclear.0568.jpg | Prob: 0.3367 | Threshold: 0.6000
2025-02-18 10:49:36 - Arquivo: nonclear.0569.jpg | Prob: 0.0000 | Threshold: 0.6000
2025-02-18 10:50:02 - Arquivo: nonclear.0570.jpg | Prob: 0.0000 | Threshold: 0.6000
2025-02-18 10:50:27 - Arquivo: nonclear.0571.jpg | Prob: 0.0018 | Threshold: 0.6000
2025-02-18 10:51:27 - Arquivo: nonclear.0572.jpg | Prob: 0.0000 | Threshold: 0.6000
2025-02-18 10:51:53 - Arquivo: nonclear.0573.jpg | Prob: 0.4775 | Threshold: 0.6000
2025-02-18 10:52:21 - Arquivo: nonclear.0574.jpg | Prob: 0.0000 | Threshold: 0.6000
2025-02-18 10:52:47 - Arquivo: nonclear.0575.jpg | Prob: 0.0265 | Threshold: 0.6000
2025-02-18 10:53:12 - Arquivo: nonclear.0576.jpg | Prob: 0.0000 | Threshold: 0.6000
2025-02-18 10:53:38 - Arquivo: nonclear.0577.jpg | Prob: 0.0000 | Threshold: 0.6000
2025-02-18 10:54:04 - Arquivo: nonclear.0578.jpg | Prob: 0.0000 | Threshold: 0.6000
2025-02-18 10:54:30 - Arquivo: nonclear.0579.jpg | Prob: 0.0000 | Threshold: 0.6000
2025-02-18 10:54:55 - Arquivo: nonclear.0580.jpg | Prob: 0.0003 | Threshold: 0.6000
2025-02-18 10:55:20 - Arquivo: nonclear.0581.jpg | Prob: 0.0000 | Threshold: 0.6000
2025-02-18 10:55:45 - Arquivo: nonclear.0582.jpg | Prob: 0.0000 | Threshold: 0.6000
2025-02-18 10:56:11 - Arquivo: nonclear.0583.jpg | Prob: 0.0000 | Threshold: 0.6000
2025-02-18 10:56:37 - Arquivo: nonclear.0584.jpg | Prob: 0.0001 | Threshold: 0.6000
2025-02-18 10:57:03 - Arquivo: nonclear.0585.jpg | Prob: 0.0000 | Threshold: 0.6000
2025-02-18 10:57:28 - Arquivo: nonclear.0586.jpg | Prob: 0.0000 | Threshold: 0.6000
2025-02-18 10:57:53 - Arquivo: nonclear.0587.jpg | Prob: 0.0000 | Threshold: 0.6000
2025-02-18 10:58:23 - Arquivo: nonclear.0588.jpg | Prob: 0.0003 | Threshold: 0.6000
2025-02-18 10:58:50 - Arquivo: nonclear.0589.jpg | Prob: 0.0001 | Threshold: 0.6000
2025-02-18 10:59:15 - Arquivo: nonclear.0590.jpg | Prob: 0.0000 | Threshold: 0.6000
2025-02-18 11:00:12 - Arquivo: nonclear.0591.jpg | Prob: 0.0001 | Threshold: 0.6000
2025-02-18 11:00:37 - Arquivo: nonclear.0592.jpg | Prob: 0.0000 | Threshold: 0.6000
2025-02-18 11:01:01 - Arquivo: nonclear.0593.jpg | Prob: 0.0000 | Threshold: 0.6000
2025-02-18 11:01:26 - Arquivo: nonclear.0594.jpg | Prob: 0.0000 | Threshold: 0.6000
2025-02-18 11:01:52 - Arquivo: nonclear.0595.jpg | Prob: 0.0000 | Threshold: 0.6000
2025-02-18 11:02:32 - Arquivo: nonclear.0596.jpg | Prob: 0.0002 | Threshold: 0.6000
2025-02-18 11:02:58 - Arquivo: nonclear.0597.jpg | Prob: 0.0000 | Threshold: 0.6000
2025-02-18 11:03:21 - Arquivo: nonclear.0598.jpg | Prob: 0.0000 | Threshold: 0.6000
2025-02-18 11:03:46 - Arquivo: nonclear.0599.jpg | Prob: 0.0000 | Threshold: 0.6000
2025-02-18 11:04:11 - Arquivo: nonclear.0600.jpg | Prob: 0.0000 | Threshold: 0.6000
2025-02-18 11:04:41 - Arquivo: nonclear.0601.jpg | Prob: 0.0001 | Threshold: 0.6000
2025-02-18 11:05:05 - Arquivo: nonclear.0602.jpg | Prob: 0.0000 | Threshold: 0.6000
2025-02-18 11:05:30 - Arquivo: nonclear.0603.jpg | Prob: 0.0000 | Threshold: 0.6000
2025-02-18 11:05:55 - Arquivo: nonclear.0604.jpg | Prob: 0.0000 | Threshold: 0.6000
2025-02-18 11:06:19 - Arquivo: nonclear.0605.jpg | Prob: 0.0011 | Threshold: 0.6000
2025-02-18 11:06:44 - Arquivo: nonclear.0606.jpg | Prob: 0.0000 | Threshold: 0.6000
2025-02-18 11:07:21 - Arquivo: nonclear.0607.jpg | Prob: 0.0000 | Threshold: 0.6000
2025-02-18 11:07:47 - Arquivo: nonclear.0608.jpg | Prob: 0.0000 | Threshold: 0.6000
2025-02-18 11:08:11 - Arquivo: nonclear.0609.jpg | Prob: 0.0000 | Threshold: 0.6000
2025-02-18 11:08:37 - Arquivo: nonclear.0610.jpg | Prob: 0.0000 | Threshold: 0.6000
2025-02-18 11:09:05 - Arquivo: nonclear.0611.jpg | Prob: 0.0000 | Threshold: 0.6000
2025-02-18 11:09:32 - Arquivo: nonclear.0612.jpg | Prob: 0.0205 | Threshold: 0.6000
2025-02-18 11:10:03 - Arquivo: nonclear.0613.jpg | Prob: 0.0000 | Threshold: 0.6000
2025-02-18 11:10:31 - Arquivo: nonclear.0614.jpg | Prob: 0.0000 | Threshold: 0.6000
2025-02-18 11:10:59 - Arquivo: nonclear.0615.jpg | Prob: 0.0000 | Threshold: 0.6000
2025-02-18 11:11:25 - Arquivo: nonclear.0616.jpg | Prob: 0.0000 | Threshold: 0.6000
2025-02-18 11:11:52 - Arquivo: nonclear.0617.jpg | Prob: 0.0001 | Threshold: 0.6000
2025-02-18 11:12:18 - Arquivo: nonclear.0618.jpg | Prob: 0.0000 | Threshold: 0.6000
2025-02-18 11:12:48 - Arquivo: nonclear.0619.jpg | Prob: 0.0012 | Threshold: 0.6000
2025-02-18 11:13:16 - Arquivo: nonclear.0620.jpg | Prob: 0.0001 | Threshold: 0.6000
2025-02-18 11:14:05 - Arquivo: nonclear.0621.jpg | Prob: 0.0000 | Threshold: 0.6000
2025-02-18 11:14:31 - Arquivo: nonclear.0622.jpg | Prob: 0.0002 | Threshold: 0.6000
2025-02-18 11:15:01 - Arquivo: nonclear.0623.jpg | Prob: 0.0000 | Threshold: 0.6000
2025-02-18 11:15:29 - Arquivo: nonclear.0624.jpg | Prob: 0.0000 | Threshold: 0.6000
2025-02-18 11:15:56 - Arquivo: nonclear.0625.jpg | Prob: 0.0000 | Threshold: 0.6000
2025-02-18 11:16:22 - Arquivo: nonclear.0626.jpg | Prob: 0.3263 | Threshold: 0.6000
2025-02-18 11:16:48 - Arquivo: nonclear.0627.jpg | Prob: 0.0000 | Threshold: 0.6000
2025-02-18 11:17:17 - Arquivo: nonclear.0628.jpg | Prob: 0.0000 | Threshold: 0.6000
2025-02-18 11:17:52 - Arquivo: nonclear.0629.jpg | Prob: 0.0000 | Threshold: 0.6000
2025-02-18 11:18:20 - Arquivo: nonclear.0630.jpg | Prob: 0.0000 | Threshold: 0.6000
2025-02-18 11:18:48 - Arquivo: nonclear.0631.jpg | Prob: 0.0000 | Threshold: 0.6000
2025-02-18 11:19:15 - Arquivo: nonclear.0632.jpg | Prob: 0.0000 | Threshold: 0.6000
2025-02-18 11:19:41 - Arquivo: nonclear.0633.jpg | Prob: 0.0000 | Threshold: 0.6000
2025-02-18 11:20:06 - Arquivo: nonclear.0634.jpg | Prob: 0.0000 | Threshold: 0.6000
2025-02-18 11:20:32 - Arquivo: nonclear.0635.jpg | Prob: 0.0001 | Threshold: 0.6000
2025-02-18 11:20:57 - Arquivo: nonclear.0636.jpg | Prob: 0.0000 | Threshold: 0.6000
2025-02-18 11:21:23 - Arquivo: nonclear.0637.jpg | Prob: 0.0000 | Threshold: 0.6000
2025-02-18 11:21:48 - Arquivo: nonclear.0638.jpg | Prob: 0.0000 | Threshold: 0.6000
2025-02-18 11:22:15 - Arquivo: nonclear.0639.jpg | Prob: 0.0000 | Threshold: 0.6000
2025-02-18 11:22:41 - Arquivo: nonclear.0640.jpg | Prob: 0.9958 | Threshold: 0.6000
2025-02-18 11:23:07 - Arquivo: nonclear.0641.jpg | Prob: 0.0020 | Threshold: 0.6000
2025-02-18 11:23:34 - Arquivo: nonclear.0642.jpg | Prob: 0.0000 | Threshold: 0.6000
2025-02-18 11:24:22 - Arquivo: nonclear.0643.jpg | Prob: 0.0000 | Threshold: 0.6000
2025-02-18 11:24:48 - Arquivo: nonclear.0644.jpg | Prob: 0.0000 | Threshold: 0.6000
2025-02-18 11:25:14 - Arquivo: nonclear.0645.jpg | Prob: 0.0016 | Threshold: 0.6000
2025-02-18 11:25:41 - Arquivo: nonclear.0646.jpg | Prob: 0.8736 | Threshold: 0.6000
2025-02-18 11:26:09 - Arquivo: nonclear.0647.jpg | Prob: 0.0001 | Threshold: 0.6000
2025-02-18 11:26:37 - Arquivo: nonclear.0648.jpg | Prob: 0.0000 | Threshold: 0.6000
2025-02-18 11:27:04 - Arquivo: nonclear.0649.jpg | Prob: 0.0000 | Threshold: 0.6000
2025-02-18 11:27:32 - Arquivo: nonclear.0650.jpg | Prob: 0.0000 | Threshold: 0.6000
2025-02-18 11:28:29 - Arquivo: nonclear.0651.jpg | Prob: 0.0000 | Threshold: 0.6000
2025-02-18 11:28:58 - Arquivo: nonclear.0652.jpg | Prob: 0.0132 | Threshold: 0.6000
2025-02-18 11:29:33 - Arquivo: nonclear.0653.jpg | Prob: 0.9521 | Threshold: 0.6000
2025-02-18 11:30:02 - Arquivo: nonclear.0654.jpg | Prob: 0.0000 | Threshold: 0.6000
2025-02-18 11:30:29 - Arquivo: nonclear.0655.jpg | Prob: 0.0000 | Threshold: 0.6000
2025-02-18 11:30:55 - Arquivo: nonclear.0656.jpg | Prob: 0.0001 | Threshold: 0.6000
2025-02-18 11:31:24 - Arquivo: nonclear.0657.jpg | Prob: 0.0000 | Threshold: 0.6000
2025-02-18 11:31:52 - Arquivo: nonclear.0658.jpg | Prob: 0.0000 | Threshold: 0.6000
2025-02-18 11:32:20 - Arquivo: nonclear.0659.jpg | Prob: 0.0396 | Threshold: 0.6000
2025-02-18 11:33:05 - Arquivo: nonclear.0660.jpg | Prob: 0.0000 | Threshold: 0.6000
2025-02-18 11:33:34 - Arquivo: nonclear.0661.jpg | Prob: 0.0000 | Threshold: 0.6000
2025-02-18 11:34:01 - Arquivo: nonclear.0662.jpg | Prob: 0.0000 | Threshold: 0.6000
2025-02-18 11:35:27 - Arquivo: nonclear.0663.jpg | Prob: 0.0000 | Threshold: 0.6000
2025-02-18 11:35:56 - Arquivo: nonclear.0664.jpg | Prob: 0.0000 | Threshold: 0.6000
2025-02-18 11:36:24 - Arquivo: nonclear.0665.jpg | Prob: 0.0000 | Threshold: 0.6000
2025-02-18 11:36:51 - Arquivo: nonclear.0666.jpg | Prob: 0.0000 | Threshold: 0.6000
2025-02-18 11:37:20 - Arquivo: nonclear.0667.jpg | Prob: 0.0000 | Threshold: 0.6000
2025-02-18 11:37:47 - Arquivo: nonclear.0668.jpg | Prob: 0.0001 | Threshold: 0.6000
2025-02-18 11:38:15 - Arquivo: nonclear.0669.jpg | Prob: 0.0000 | Threshold: 0.6000
2025-02-18 11:38:42 - Arquivo: nonclear.0670.jpg | Prob: 0.6365 | Threshold: 0.6000
2025-02-18 11:39:21 - Arquivo: nonclear.0671.jpg | Prob: 0.0000 | Threshold: 0.6000
2025-02-18 11:39:48 - Arquivo: nonclear.0672.jpg | Prob: 0.0000 | Threshold: 0.6000
2025-02-18 11:40:17 - Arquivo: nonclear.0673.jpg | Prob: 0.0000 | Threshold: 0.6000
2025-02-18 11:40:44 - Arquivo: nonclear.0674.jpg | Prob: 0.0000 | Threshold: 0.6000
2025-02-18 11:41:14 - Arquivo: nonclear.0675.jpg | Prob: 0.0001 | Threshold: 0.6000
2025-02-18 11:41:41 - Arquivo: nonclear.0676.jpg | Prob: 0.0000 | Threshold: 0.6000
2025-02-18 11:42:10 - Arquivo: nonclear.0677.jpg | Prob: 0.0000 | Threshold: 0.6000
2025-02-18 11:42:36 - Arquivo: nonclear.0678.jpg | Prob: 0.0000 | Threshold: 0.6000
2025-02-18 11:43:05 - Arquivo: nonclear.0679.jpg | Prob: 0.0001 | Threshold: 0.6000
2025-02-18 11:43:32 - Arquivo: nonclear.0680.jpg | Prob: 0.0038 | Threshold: 0.6000
2025-02-18 11:44:20 - Arquivo: nonclear.0681.jpg | Prob: 0.0001 | Threshold: 0.6000
2025-02-18 11:44:48 - Arquivo: nonclear.0682.jpg | Prob: 0.0000 | Threshold: 0.6000
2025-02-18 11:45:15 - Arquivo: nonclear.0683.jpg | Prob: 0.0000 | Threshold: 0.6000
2025-02-18 11:45:45 - Arquivo: nonclear.0684.jpg | Prob: 0.0000 | Threshold: 0.6000
2025-02-18 11:46:13 - Arquivo: nonclear.0685.jpg | Prob: 0.0000 | Threshold: 0.6000
2025-02-18 11:46:43 - Arquivo: nonclear.0686.jpg | Prob: 0.0000 | Threshold: 0.6000
2025-02-18 11:47:13 - Arquivo: nonclear.0687.jpg | Prob: 0.0000 | Threshold: 0.6000
2025-02-18 11:47:41 - Arquivo: nonclear.0688.jpg | Prob: 0.0015 | Threshold: 0.6000
2025-02-18 11:48:08 - Arquivo: nonclear.0689.jpg | Prob: 0.0000 | Threshold: 0.6000
2025-02-18 11:48:37 - Arquivo: nonclear.0690.jpg | Prob: 0.0000 | Threshold: 0.6000
2025-02-18 11:49:07 - Arquivo: nonclear.0691.jpg | Prob: 0.0000 | Threshold: 0.6000
2025-02-18 11:49:35 - Arquivo: nonclear.0692.jpg | Prob: 0.0000 | Threshold: 0.6000
2025-02-18 11:50:14 - Arquivo: nonclear.0693.jpg | Prob: 0.0199 | Threshold: 0.6000
2025-02-18 11:50:41 - Arquivo: nonclear.0694.jpg | Prob: 0.0110 | Threshold: 0.6000
2025-02-18 11:51:11 - Arquivo: nonclear.0695.jpg | Prob: 0.0403 | Threshold: 0.6000
2025-02-18 11:51:39 - Arquivo: nonclear.0696.jpg | Prob: 0.0000 | Threshold: 0.6000
2025-02-18 11:52:07 - Arquivo: nonclear.0697.jpg | Prob: 0.0000 | Threshold: 0.6000
2025-02-18 11:52:42 - Arquivo: nonclear.0698.jpg | Prob: 0.0000 | Threshold: 0.6000
2025-02-18 11:53:11 - Arquivo: nonclear.0699.jpg | Prob: 0.0000 | Threshold: 0.6000
2025-02-18 11:53:38 - Arquivo: nonclear.0700.jpg | Prob: 0.0000 | Threshold: 0.6000
2025-02-18 11:54:06 - Arquivo: nonclear.0701.jpg | Prob: 0.0125 | Threshold: 0.6000
2025-02-18 11:54:33 - Arquivo: nonclear.0702.jpg | Prob: 0.0000 | Threshold: 0.6000
2025-02-18 11:55:01 - Arquivo: nonclear.0703.jpg | Prob: 0.0000 | Threshold: 0.6000
2025-02-18 11:55:29 - Arquivo: nonclear.0704.jpg | Prob: 0.0000 | Threshold: 0.6000
2025-02-18 11:55:56 - Arquivo: nonclear.0705.jpg | Prob: 0.0000 | Threshold: 0.6000
2025-02-18 11:56:31 - Arquivo: nonclear.0706.jpg | Prob: 0.0000 | Threshold: 0.6000
2025-02-18 11:57:01 - Arquivo: nonclear.0707.jpg | Prob: 0.0000 | Threshold: 0.6000
2025-02-18 11:57:27 - Arquivo: nonclear.0708.jpg | Prob: 0.0000 | Threshold: 0.6000
2025-02-18 11:58:12 - Arquivo: nonclear.0709.jpg | Prob: 0.0000 | Threshold: 0.6000
2025-02-18 11:58:41 - Arquivo: nonclear.0710.jpg | Prob: 0.0000 | Threshold: 0.6000
2025-02-18 11:59:08 - Arquivo: nonclear.0711.jpg | Prob: 0.0000 | Threshold: 0.6000
2025-02-18 11:59:34 - Arquivo: nonclear.0712.jpg | Prob: 0.0000 | Threshold: 0.6000
2025-02-18 12:00:02 - Arquivo: nonclear.0713.jpg | Prob: 0.0000 | Threshold: 0.6000
2025-02-18 12:00:30 - Arquivo: nonclear.0714.jpg | Prob: 0.0106 | Threshold: 0.6000
2025-02-18 12:00:58 - Arquivo: nonclear.0715.jpg | Prob: 0.0000 | Threshold: 0.6000
2025-02-18 12:02:10 - Arquivo: nonclear.0716.jpg | Prob: 0.0023 | Threshold: 0.6000
2025-02-18 12:02:40 - Arquivo: nonclear.0717.jpg | Prob: 0.0000 | Threshold: 0.6000
2025-02-18 12:03:09 - Arquivo: nonclear.0718.jpg | Prob: 0.0144 | Threshold: 0.6000
2025-02-18 12:03:35 - Arquivo: nonclear.0719.jpg | Prob: 0.0002 | Threshold: 0.6000
2025-02-18 12:04:03 - Arquivo: nonclear.0720.jpg | Prob: 0.0000 | Threshold: 0.6000
2025-02-18 12:04:33 - Arquivo: nonclear.0721.jpg | Prob: 0.0000 | Threshold: 0.6000
2025-02-18 12:05:06 - Arquivo: nonclear.0722.jpg | Prob: 0.0000 | Threshold: 0.6000
2025-02-18 12:05:32 - Arquivo: nonclear.0723.jpg | Prob: 0.0000 | Threshold: 0.6000
2025-02-18 12:06:03 - Arquivo: nonclear.0724.jpg | Prob: 0.0000 | Threshold: 0.6000
2025-02-18 12:06:31 - Arquivo: nonclear.0725.jpg | Prob: 0.0000 | Threshold: 0.6000
2025-02-18 12:06:58 - Arquivo: nonclear.0726.jpg | Prob: 0.0000 | Threshold: 0.6000
2025-02-18 12:07:25 - Arquivo: nonclear.0727.jpg | Prob: 0.0000 | Threshold: 0.6000
2025-02-18 12:07:55 - Arquivo: nonclear.0728.jpg | Prob: 0.0220 | Threshold: 0.6000
2025-02-18 12:08:23 - Arquivo: nonclear.0729.jpg | Prob: 0.0001 | Threshold: 0.6000
2025-02-18 12:08:51 - Arquivo: nonclear.0730.jpg | Prob: 0.1437 | Threshold: 0.6000
2025-02-18 12:09:21 - Arquivo: nonclear.0731.jpg | Prob: 0.0000 | Threshold: 0.6000
2025-02-18 12:09:51 - Arquivo: nonclear.0732.jpg | Prob: 0.0000 | Threshold: 0.6000
2025-02-18 12:10:17 - Arquivo: nonclear.0733.jpg | Prob: 0.0000 | Threshold: 0.6000
2025-02-18 12:10:43 - Arquivo: nonclear.0734.jpg | Prob: 0.0000 | Threshold: 0.6000
2025-02-18 12:11:09 - Arquivo: nonclear.0735.jpg | Prob: 0.0000 | Threshold: 0.6000
2025-02-18 12:11:35 - Arquivo: nonclear.0736.jpg | Prob: 0.0000 | Threshold: 0.6000
2025-02-18 12:12:05 - Arquivo: nonclear.0737.jpg | Prob: 0.0000 | Threshold: 0.6000
2025-02-18 12:12:30 - Arquivo: nonclear.0738.jpg | Prob: 0.0000 | Threshold: 0.6000
2025-02-18 12:12:59 - Arquivo: nonclear.0739.jpg | Prob: 0.0000 | Threshold: 0.6000
2025-02-18 12:13:25 - Arquivo: nonclear.0740.jpg | Prob: 0.0002 | Threshold: 0.6000
2025-02-18 12:13:53 - Arquivo: nonclear.0741.jpg | Prob: 0.0000 | Threshold: 0.6000
2025-02-18 12:14:54 - Arquivo: nonclear.0742.jpg | Prob: 0.0057 | Threshold: 0.6000
2025-02-18 12:15:23 - Arquivo: nonclear.0743.jpg | Prob: 0.0000 | Threshold: 0.6000
2025-02-18 12:15:50 - Arquivo: nonclear.0744.jpg | Prob: 0.0000 | Threshold: 0.6000
2025-02-18 12:16:17 - Arquivo: nonclear.0745.jpg | Prob: 0.0000 | Threshold: 0.6000
2025-02-18 12:16:45 - Arquivo: nonclear.0746.jpg | Prob: 0.0000 | Threshold: 0.6000
2025-02-18 12:17:14 - Arquivo: nonclear.0747.jpg | Prob: 0.0000 | Threshold: 0.6000
2025-02-18 12:17:42 - Arquivo: nonclear.0748.jpg | Prob: 0.0000 | Threshold: 0.6000
2025-02-18 12:18:08 - Arquivo: nonclear.0749.jpg | Prob: 0.0000 | Threshold: 0.6000
2025-02-18 12:18:54 - Arquivo: nonclear.0750.jpg | Prob: 0.0000 | Threshold: 0.6000
2025-02-18 12:19:22 - Arquivo: nonclear.0751.jpg | Prob: 0.0000 | Threshold: 0.6000
2025-02-18 12:19:50 - Arquivo: nonclear.0752.jpg | Prob: 0.0000 | Threshold: 0.6000
2025-02-18 12:20:18 - Arquivo: nonclear.0753.jpg | Prob: 0.0000 | Threshold: 0.6000
2025-02-18 12:20:48 - Arquivo: nonclear.0754.jpg | Prob: 0.0000 | Threshold: 0.6000
2025-02-18 12:21:16 - Arquivo: nonclear.0755.jpg | Prob: 0.0000 | Threshold: 0.6000
2025-02-18 12:21:46 - Arquivo: nonclear.0756.jpg | Prob: 0.0000 | Threshold: 0.6000
2025-02-18 12:22:14 - Arquivo: nonclear.0757.jpg | Prob: 0.0000 | Threshold: 0.6000
2025-02-18 12:22:43 - Arquivo: nonclear.0758.jpg | Prob: 0.0000 | Threshold: 0.6000
2025-02-18 12:23:21 - Arquivo: nonclear.0759.jpg | Prob: 0.0000 | Threshold: 0.6000
2025-02-18 12:24:32 - Arquivo: nonclear.0760.jpg | Prob: 0.0003 | Threshold: 0.6000
2025-02-18 12:25:43 - Arquivo: nonclear.0761.jpg | Prob: 0.0000 | Threshold: 0.6000
2025-02-18 12:26:18 - Arquivo: nonclear.0762.jpg | Prob: 0.0009 | Threshold: 0.6000
2025-02-18 12:26:49 - Arquivo: nonclear.0763.jpg | Prob: 0.0004 | Threshold: 0.6000
2025-02-18 12:27:23 - Arquivo: nonclear.0764.jpg | Prob: 0.0003 | Threshold: 0.6000
2025-02-18 12:28:22 - Arquivo: nonclear.0765.jpg | Prob: 0.0000 | Threshold: 0.6000
2025-02-18 12:28:59 - Arquivo: nonclear.0766.jpg | Prob: 0.0000 | Threshold: 0.6000
2025-02-18 12:29:30 - Arquivo: nonclear.0767.jpg | Prob: 0.0001 | Threshold: 0.6000
2025-02-18 12:30:03 - Arquivo: nonclear.0768.jpg | Prob: 0.0000 | Threshold: 0.6000
2025-02-18 12:30:34 - Arquivo: nonclear.0769.jpg | Prob: 0.0002 | Threshold: 0.6000
2025-02-18 12:31:06 - Arquivo: nonclear.0770.jpg | Prob: 0.0001 | Threshold: 0.6000
2025-02-18 12:31:41 - Arquivo: nonclear.0771.jpg | Prob: 0.0000 | Threshold: 0.6000
2025-02-18 12:32:13 - Arquivo: nonclear.0772.jpg | Prob: 0.0000 | Threshold: 0.6000
2025-02-18 12:32:44 - Arquivo: nonclear.0773.jpg | Prob: 0.0000 | Threshold: 0.6000
2025-02-18 12:33:15 - Arquivo: nonclear.0774.jpg | Prob: 0.0000 | Threshold: 0.6000
2025-02-18 12:33:47 - Arquivo: nonclear.0775.jpg | Prob: 0.0000 | Threshold: 0.6000
2025-02-18 12:34:16 - Arquivo: nonclear.0776.jpg | Prob: 0.0000 | Threshold: 0.6000
2025-02-18 12:35:01 - Arquivo: nonclear.0777.jpg | Prob: 0.0000 | Threshold: 0.6000
2025-02-18 12:35:34 - Arquivo: nonclear.0778.jpg | Prob: 0.3684 | Threshold: 0.6000
2025-02-18 12:36:11 - Arquivo: nonclear.0779.jpg | Prob: 0.0000 | Threshold: 0.6000
2025-02-18 12:36:41 - Arquivo: nonclear.0780.jpg | Prob: 0.0000 | Threshold: 0.6000
2025-02-18 12:37:11 - Arquivo: nonclear.0781.jpg | Prob: 0.0000 | Threshold: 0.6000
2025-02-18 12:37:46 - Arquivo: nonclear.0782.jpg | Prob: 0.0000 | Threshold: 0.6000
2025-02-18 12:38:16 - Arquivo: nonclear.0783.jpg | Prob: 0.0000 | Threshold: 0.6000
2025-02-18 12:38:47 - Arquivo: nonclear.0784.jpg | Prob: 0.0000 | Threshold: 0.6000
2025-02-18 12:39:26 - Arquivo: nonclear.0785.jpg | Prob: 0.0000 | Threshold: 0.6000
2025-02-18 12:39:59 - Arquivo: nonclear.0786.jpg | Prob: 0.0000 | Threshold: 0.6000
2025-02-18 12:40:29 - Arquivo: nonclear.0787.jpg | Prob: 0.0000 | Threshold: 0.6000
2025-02-18 12:41:00 - Arquivo: nonclear.0788.jpg | Prob: 0.0000 | Threshold: 0.6000
2025-02-18 12:41:29 - Arquivo: nonclear.0789.jpg | Prob: 0.0000 | Threshold: 0.6000
2025-02-18 12:42:03 - Arquivo: nonclear.0790.jpg | Prob: 0.0000 | Threshold: 0.6000
2025-02-18 12:42:57 - Arquivo: nonclear.0791.jpg | Prob: 0.0000 | Threshold: 0.6000
2025-02-18 12:43:26 - Arquivo: nonclear.0792.jpg | Prob: 0.0009 | Threshold: 0.6000
2025-02-18 12:44:36 - Arquivo: nonclear.0793.jpg | Prob: 0.0000 | Threshold: 0.6000
2025-02-18 12:45:05 - Arquivo: nonclear.0794.jpg | Prob: 0.0001 | Threshold: 0.6000
2025-02-18 12:45:35 - Arquivo: nonclear.0795.jpg | Prob: 1.0000 | Threshold: 0.6000
2025-02-18 12:46:17 - Arquivo: nonclear.0796.jpg | Prob: 0.0004 | Threshold: 0.6000
2025-02-18 12:46:46 - Arquivo: nonclear.0797.jpg | Prob: 0.0000 | Threshold: 0.6000
2025-02-18 12:47:15 - Arquivo: nonclear.0798.jpg | Prob: 0.0000 | Threshold: 0.6000
2025-02-18 12:47:51 - Arquivo: nonclear.0799.jpg | Prob: 0.0000 | Threshold: 0.6000
2025-02-18 12:48:22 - Arquivo: nonclear.0800.jpg | Prob: 0.0000 | Threshold: 0.6000
2025-02-18 12:48:52 - Arquivo: nonclear.0801.jpg | Prob: 0.0000 | Threshold: 0.6000
2025-02-18 12:49:20 - Arquivo: nonclear.0802.jpg | Prob: 0.4817 | Threshold: 0.6000
2025-02-18 12:49:49 - Arquivo: nonclear.0803.jpg | Prob: 0.0000 | Threshold: 0.6000
2025-02-18 12:50:35 - Arquivo: nonclear.0804.jpg | Prob: 0.0000 | Threshold: 0.6000
2025-02-18 12:51:07 - Arquivo: nonclear.0805.jpg | Prob: 0.0000 | Threshold: 0.6000
2025-02-18 12:51:36 - Arquivo: nonclear.0806.jpg | Prob: 0.0000 | Threshold: 0.6000
2025-02-18 12:52:03 - Arquivo: nonclear.0807.jpg | Prob: 0.0040 | Threshold: 0.6000
2025-02-18 12:52:35 - Arquivo: nonclear.0808.jpg | Prob: 0.0000 | Threshold: 0.6000
2025-02-18 12:53:14 - Arquivo: nonclear.0809.jpg | Prob: 0.0630 | Threshold: 0.6000
2025-02-18 12:54:17 - Arquivo: nonclear.0810.jpg | Prob: 0.0000 | Threshold: 0.6000
2025-02-18 12:54:47 - Arquivo: nonclear.0811.jpg | Prob: 0.0000 | Threshold: 0.6000
2025-02-18 12:55:15 - Arquivo: nonclear.0812.jpg | Prob: 0.0000 | Threshold: 0.6000
2025-02-18 12:55:42 - Arquivo: nonclear.0813.jpg | Prob: 0.0001 | Threshold: 0.6000
2025-02-18 12:56:14 - Arquivo: nonclear.0814.jpg | Prob: 0.0000 | Threshold: 0.6000
2025-02-18 12:56:44 - Arquivo: nonclear.0815.jpg | Prob: 0.0406 | Threshold: 0.6000
2025-02-18 12:57:12 - Arquivo: nonclear.0816.jpg | Prob: 0.9987 | Threshold: 0.6000
2025-02-18 12:57:40 - Arquivo: nonclear.0817.jpg | Prob: 0.0000 | Threshold: 0.6000
2025-02-18 12:58:09 - Arquivo: nonclear.0818.jpg | Prob: 0.0000 | Threshold: 0.6000
2025-02-18 12:58:38 - Arquivo: nonclear.0819.jpg | Prob: 0.0005 | Threshold: 0.6000
2025-02-18 12:59:09 - Arquivo: nonclear.0820.jpeg | Prob: 0.0000 | Threshold: 0.6000
2025-02-18 12:59:45 - Arquivo: nonclear.0821.jpeg | Prob: 0.0000 | Threshold: 0.6000
2025-02-18 13:00:15 - Arquivo: nonclear.0822.jpeg | Prob: 0.0000 | Threshold: 0.6000
2025-02-18 13:00:44 - Arquivo: nonclear.0823.jpeg | Prob: 0.0001 | Threshold: 0.6000
2025-02-18 13:01:33 - Arquivo: nonclear.0824.jpeg | Prob: 0.0000 | Threshold: 0.6000
2025-02-18 13:02:24 - Arquivo: nonclear.0825.jpg | Prob: 0.0000 | Threshold: 0.6000
2025-02-18 13:02:52 - Arquivo: nonclear.0826.jpg | Prob: 0.0000 | Threshold: 0.6000
2025-02-18 13:03:23 - Arquivo: nonclear.0827.jpg | Prob: 0.0000 | Threshold: 0.6000
2025-02-18 13:03:51 - Arquivo: nonclear.0828.jpg | Prob: 0.0038 | Threshold: 0.6000
2025-02-18 13:04:20 - Arquivo: nonclear.0829.jpg | Prob: 0.1783 | Threshold: 0.6000
2025-02-18 13:04:49 - Arquivo: nonclear.0830.jpg | Prob: 0.0000 | Threshold: 0.6000
2025-02-18 13:05:17 - Arquivo: nonclear.0831.jpg | Prob: 0.0000 | Threshold: 0.6000
2025-02-18 13:05:54 - Arquivo: nonclear.0832.jpg | Prob: 0.0000 | Threshold: 0.6000
2025-02-18 13:06:21 - Arquivo: nonclear.0833.jpg | Prob: 0.0000 | Threshold: 0.6000
2025-02-18 13:06:56 - Arquivo: nonclear.0834.jpg | Prob: 0.0000 | Threshold: 0.6000
2025-02-18 13:07:23 - Arquivo: nonclear.0835.jpg | Prob: 0.0000 | Threshold: 0.6000
2025-02-18 13:07:51 - Arquivo: nonclear.0836.jpg | Prob: 0.0000 | Threshold: 0.6000
2025-02-18 13:08:17 - Arquivo: nonclear.0837.jpg | Prob: 0.0000 | Threshold: 0.6000
2025-02-18 13:08:48 - Arquivo: nonclear.0838.jpeg | Prob: 0.0015 | Threshold: 0.6000
2025-02-18 13:09:15 - Arquivo: nonclear.0839.jpg | Prob: 0.0000 | Threshold: 0.6000
2025-02-18 13:09:43 - Arquivo: nonclear.0840.jpg | Prob: 0.0000 | Threshold: 0.6000
2025-02-18 13:10:10 - Arquivo: nonclear.0841.jpg | Prob: 0.0000 | Threshold: 0.6000
2025-02-18 13:10:40 - Arquivo: nonclear.0842.jpg | Prob: 0.0000 | Threshold: 0.6000
2025-02-18 13:11:09 - Arquivo: nonclear.0843.jpg | Prob: 0.0001 | Threshold: 0.6000
2025-02-18 13:11:36 - Arquivo: nonclear.0844.jpg | Prob: 0.0000 | Threshold: 0.6000
2025-02-18 13:12:04 - Arquivo: nonclear.0845.jpg | Prob: 0.0000 | Threshold: 0.6000
2025-02-18 13:12:30 - Arquivo: nonclear.0846.jpg | Prob: 0.0003 | Threshold: 0.6000
2025-02-18 13:13:24 - Arquivo: nonclear.0847.jpg | Prob: 0.0000 | Threshold: 0.6000
2025-02-18 13:14:24 - Arquivo: nonclear.0848.jpg | Prob: 0.0000 | Threshold: 0.6000
2025-02-18 13:14:51 - Arquivo: nonclear.0849.jpg | Prob: 0.0011 | Threshold: 0.6000
2025-02-18 13:15:50 - Arquivo: nonclear.0850.jpg | Prob: 0.0000 | Threshold: 0.6000
2025-02-18 13:16:18 - Arquivo: nonclear.0851.jpg | Prob: 0.0000 | Threshold: 0.6000
2025-02-18 13:16:44 - Arquivo: nonclear.0852.jpg | Prob: 0.0000 | Threshold: 0.6000
2025-02-18 13:17:12 - Arquivo: nonclear.0853.jpg | Prob: 0.0000 | Threshold: 0.6000
2025-02-18 13:17:38 - Arquivo: nonclear.0854.jpg | Prob: 0.0000 | Threshold: 0.6000
2025-02-18 13:18:04 - Arquivo: nonclear.0855.jpg | Prob: 0.3348 | Threshold: 0.6000
2025-02-18 13:18:50 - Arquivo: nonclear.0856.jpg | Prob: 0.0000 | Threshold: 0.6000
2025-02-18 13:19:18 - Arquivo: nonclear.0857.jpg | Prob: 0.0000 | Threshold: 0.6000
2025-02-18 13:19:46 - Arquivo: nonclear.0858.jpg | Prob: 0.0000 | Threshold: 0.6000
2025-02-18 13:20:15 - Arquivo: nonclear.0859.jpg | Prob: 0.0000 | Threshold: 0.6000
2025-02-18 13:20:41 - Arquivo: nonclear.0860.jpg | Prob: 0.1253 | Threshold: 0.6000
2025-02-18 13:21:08 - Arquivo: nonclear.0861.jpg | Prob: 0.0001 | Threshold: 0.6000
2025-02-18 13:21:36 - Arquivo: nonclear.0862.jpg | Prob: 1.0000 | Threshold: 0.6000
2025-02-18 13:22:04 - Arquivo: nonclear.0863.jpg | Prob: 0.0001 | Threshold: 0.6000
2025-02-18 13:22:31 - Arquivo: nonclear.0864.jpg | Prob: 0.0000 | Threshold: 0.6000
2025-02-18 13:22:59 - Arquivo: nonclear.0865.jpg | Prob: 0.0000 | Threshold: 0.6000
2025-02-18 13:23:26 - Arquivo: nonclear.0866.jpg | Prob: 0.0000 | Threshold: 0.6000
2025-02-18 13:23:53 - Arquivo: nonclear.0867.jpeg | Prob: 0.0001 | Threshold: 0.6000
2025-02-18 13:24:20 - Arquivo: nonclear.0868.jpeg | Prob: 0.0000 | Threshold: 0.6000
2025-02-18 13:24:46 - Arquivo: nonclear.0869.jpeg | Prob: 0.0000 | Threshold: 0.6000
2025-02-18 13:25:16 - Arquivo: nonclear.0870.jpeg | Prob: 0.0000 | Threshold: 0.6000
2025-02-18 13:25:42 - Arquivo: nonclear.0871.jpeg | Prob: 0.0005 | Threshold: 0.6000
2025-02-18 13:26:07 - Arquivo: nonclear.0872.jpeg | Prob: 0.0000 | Threshold: 0.6000
2025-02-18 13:26:49 - Arquivo: nonclear.0873.jpg | Prob: 0.0000 | Threshold: 0.6000
2025-02-18 13:27:15 - Arquivo: nonclear.0874.jpg | Prob: 0.0000 | Threshold: 0.6000
2025-02-18 13:28:09 - Arquivo: nonclear.0875.jpg | Prob: 0.0000 | Threshold: 0.6000
