2025-02-18 23:14:26 - Arquivo: clear.0004.jpg | Prob: 0.0000 | Threshold: 0.6000
2025-02-18 23:18:04 - Arquivo: clear.0014.jpg | Prob: 0.3172 | Threshold: 0.6000
2025-02-18 23:24:50 - Arquivo: clear.0033.jpg | Prob: 0.0541 | Threshold: 0.6000
2025-02-18 23:32:24 - Arquivo: clear.0055.jpg | Prob: 0.0377 | Threshold: 0.6000
2025-02-18 23:35:13 - Arquivo: clear.0063.jpg | Prob: 0.0201 | Threshold: 0.6000
2025-02-18 23:55:26 - Arquivo: clear.0122.jpg | Prob: 0.3136 | Threshold: 0.6000
2025-02-19 00:01:09 - Arquivo: clear.0139.jpg | Prob: 0.0866 | Threshold: 0.6000
2025-02-19 00:06:16 - Arquivo: clear.0154.jpg | Prob: 0.0471 | Threshold: 0.6000
2025-02-19 00:09:06 - Arquivo: clear.0162.jpg | Prob: 0.2351 | Threshold: 0.6000
2025-02-19 00:13:39 - Arquivo: clear.0175.jpg | Prob: 0.0533 | Threshold: 0.6000
2025-02-19 00:15:02 - Arquivo: clear.0179.jpg | Prob: 0.0458 | Threshold: 0.6000
2025-02-19 00:17:41 - Arquivo: clear.0187.jpg | Prob: 0.3009 | Threshold: 0.6000
2025-02-19 00:18:01 - Arquivo: clear.0188.jpg | Prob: 0.1658 | Threshold: 0.6000
2025-02-19 00:18:20 - Arquivo: clear.0189.jpg | Prob: 0.2791 | Threshold: 0.6000
2025-02-19 00:18:38 - Arquivo: clear.0190.jpg | Prob: 0.3219 | Threshold: 0.6000
2025-02-19 00:48:24 - Arquivo: clear.0277.jpeg | Prob: 0.1562 | Threshold: 0.6000
2025-02-19 01:03:01 - Arquivo: clear.0317.jpeg | Prob: 0.2774 | Threshold: 0.6000
2025-02-19 01:05:07 - Arquivo: clear.0323.jpeg | Prob: 0.2847 | Threshold: 0.6000
2025-02-19 01:23:21 - Arquivo: clear.0376.jpeg | Prob: 0.0000 | Threshold: 0.6000
2025-02-19 01:23:40 - Arquivo: clear.0377.jpeg | Prob: 0.0137 | Threshold: 0.6000
2025-02-19 01:24:36 - Arquivo: clear.0379.jpeg | Prob: 0.0000 | Threshold: 0.6000
2025-02-19 01:39:50 - Arquivo: clear.0423.jpg | Prob: 0.2987 | Threshold: 0.6000
2025-02-19 01:41:30 - Arquivo: clear.0428.jpg | Prob: 0.0171 | Threshold: 0.6000
2025-02-19 01:44:20 - Arquivo: clear.0435.jpg | Prob: 0.0001 | Threshold: 0.6000
2025-02-19 01:44:40 - Arquivo: clear.0436.jpg | Prob: 0.0001 | Threshold: 0.6000
2025-02-19 01:56:06 - Arquivo: clear.0468.jpg | Prob: 0.0135 | Threshold: 0.6000
2025-02-19 01:59:59 - Arquivo: clear.0478.jpg | Prob: 0.1113 | Threshold: 0.6000
2025-02-19 02:03:56 - Arquivo: clear.0489.jpg | Prob: 0.2780 | Threshold: 0.6000
2025-02-19 03:07:20 - Arquivo: clear.0665.jpg | Prob: 0.2980 | Threshold: 0.6000
2025-02-19 03:11:26 - Arquivo: clear.0677.jpg | Prob: 0.1017 | Threshold: 0.6000
2025-02-19 03:28:01 - Arquivo: clear.0722.jpg | Prob: 0.2022 | Threshold: 0.6000
2025-02-19 03:50:43 - Arquivo: clear.0779.jpg | Prob: 0.3230 | Threshold: 0.6000
2025-02-19 03:51:06 - Arquivo: clear.0780.jpg | Prob: 0.0188 | Threshold: 0.6000
2025-02-19 04:11:09 - Arquivo: clear.0834.jpg | Prob: 0.0123 | Threshold: 0.6000
2025-02-19 04:16:19 - Arquivo: clear.0848.jpg | Prob: 0.0150 | Threshold: 0.6000
2025-02-19 04:16:39 - Arquivo: clear.0849.jpg | Prob: 0.0592 | Threshold: 0.6000
2025-02-19 04:17:42 - Arquivo: clear.0852.jpg | Prob: 0.2243 | Threshold: 0.6000
2025-02-19 04:25:14 - Arquivo: clear.0873.jpg | Prob: 0.2558 | Threshold: 0.6000
2025-02-19 04:41:24 - Arquivo: clear.0913.jpg | Prob: 0.0912 | Threshold: 0.6000
2025-02-19 04:45:40 - Arquivo: clear.0924.jpg | Prob: 0.0661 | Threshold: 0.6000
2025-02-19 04:48:24 - Arquivo: clear.0931.jpg | Prob: 0.0060 | Threshold: 0.6000
2025-02-19 04:48:45 - Arquivo: clear.0932.jpg | Prob: 0.0119 | Threshold: 0.6000
2025-02-19 04:49:22 - Arquivo: clear.0933.jpg | Prob: 0.0172 | Threshold: 0.6000
2025-02-19 04:50:04 - Arquivo: clear.0935.jpg | Prob: 0.0140 | Threshold: 0.6000
2025-02-19 04:54:54 - Arquivo: clear.0946.jpg | Prob: 0.0020 | Threshold: 0.6000
2025-02-19 04:56:25 - Arquivo: clear.0950.jpg | Prob: 0.0000 | Threshold: 0.6000
2025-02-19 04:56:49 - Arquivo: clear.0951.jpg | Prob: 0.0000 | Threshold: 0.6000
2025-02-19 05:17:33 - Arquivo: clear.1005.jpg | Prob: 0.0249 | Threshold: 0.6000
2025-02-19 05:21:01 - Arquivo: clear.1014.jpg | Prob: 0.3460 | Threshold: 0.6000
2025-02-19 05:23:07 - Arquivo: nonclear.0000.jpg | Prob: 0.0638 | Threshold: 0.6000
2025-02-19 05:23:30 - Arquivo: nonclear.0001.jpg | Prob: 0.0740 | Threshold: 0.6000
2025-02-19 05:24:04 - Arquivo: nonclear.0002.jpg | Prob: 0.0000 | Threshold: 0.6000
2025-02-19 05:24:34 - Arquivo: nonclear.0003.jpg | Prob: 0.0000 | Threshold: 0.6000
2025-02-19 05:24:53 - Arquivo: nonclear.0004.jpg | Prob: 0.1623 | Threshold: 0.6000
2025-02-19 05:25:16 - Arquivo: nonclear.0005.jpg | Prob: 0.0000 | Threshold: 0.6000
2025-02-19 05:25:39 - Arquivo: nonclear.0006.jpg | Prob: 0.0000 | Threshold: 0.6000
2025-02-19 05:26:01 - Arquivo: nonclear.0007.jpg | Prob: 0.0002 | Threshold: 0.6000
2025-02-19 05:26:22 - Arquivo: nonclear.0008.jpg | Prob: 0.0002 | Threshold: 0.6000
2025-02-19 05:26:44 - Arquivo: nonclear.0009.jpg | Prob: 0.0001 | Threshold: 0.6000
2025-02-19 05:27:05 - Arquivo: nonclear.0010.jpg | Prob: 0.0023 | Threshold: 0.6000
2025-02-19 05:27:29 - Arquivo: nonclear.0011.jpg | Prob: 0.4250 | Threshold: 0.6000
2025-02-19 05:27:51 - Arquivo: nonclear.0012.jpg | Prob: 0.3038 | Threshold: 0.6000
2025-02-19 05:28:15 - Arquivo: nonclear.0013.jpg | Prob: 0.0001 | Threshold: 0.6000
2025-02-19 05:28:40 - Arquivo: nonclear.0014.jpg | Prob: 0.0036 | Threshold: 0.6000
2025-02-19 05:29:01 - Arquivo: nonclear.0015.jpg | Prob: 0.1635 | Threshold: 0.6000
2025-02-19 05:29:57 - Arquivo: nonclear.0016.jpg | Prob: 0.0000 | Threshold: 0.6000
2025-02-19 05:30:18 - Arquivo: nonclear.0017.jpg | Prob: 0.8685 | Threshold: 0.6000
2025-02-19 05:30:45 - Arquivo: nonclear.0018.jpg | Prob: 0.0000 | Threshold: 0.6000
2025-02-19 05:31:04 - Arquivo: nonclear.0019.jpg | Prob: 0.0082 | Threshold: 0.6000
2025-02-19 05:31:24 - Arquivo: nonclear.0020.jpg | Prob: 1.0000 | Threshold: 0.6000
2025-02-19 05:31:46 - Arquivo: nonclear.0021.jpg | Prob: 0.1498 | Threshold: 0.6000
2025-02-19 05:32:12 - Arquivo: nonclear.0022.jpg | Prob: 0.5902 | Threshold: 0.6000
2025-02-19 05:32:52 - Arquivo: nonclear.0023.jpg | Prob: 0.0021 | Threshold: 0.6000
2025-02-19 05:33:14 - Arquivo: nonclear.0024.jpg | Prob: 0.0000 | Threshold: 0.6000
2025-02-19 05:33:34 - Arquivo: nonclear.0025.jpg | Prob: 0.0080 | Threshold: 0.6000
2025-02-19 05:33:55 - Arquivo: nonclear.0026.jpg | Prob: 0.0108 | Threshold: 0.6000
2025-02-19 05:34:16 - Arquivo: nonclear.0027.jpg | Prob: 0.1688 | Threshold: 0.6000
2025-02-19 05:34:56 - Arquivo: nonclear.0028.jpg | Prob: 0.0001 | Threshold: 0.6000
2025-02-19 05:35:17 - Arquivo: nonclear.0029.jpg | Prob: 0.0002 | Threshold: 0.6000
2025-02-19 05:35:46 - Arquivo: nonclear.0030.jpg | Prob: 0.0114 | Threshold: 0.6000
2025-02-19 05:36:09 - Arquivo: nonclear.0031.jpg | Prob: 0.0793 | Threshold: 0.6000
2025-02-19 05:36:31 - Arquivo: nonclear.0032.jpg | Prob: 0.0000 | Threshold: 0.6000
2025-02-19 05:36:54 - Arquivo: nonclear.0033.jpg | Prob: 0.0001 | Threshold: 0.6000
2025-02-19 05:37:14 - Arquivo: nonclear.0034.jpg | Prob: 0.0000 | Threshold: 0.6000
2025-02-19 05:37:35 - Arquivo: nonclear.0035.jpg | Prob: 0.9754 | Threshold: 0.6000
2025-02-19 05:37:56 - Arquivo: nonclear.0036.jpg | Prob: 0.0000 | Threshold: 0.6000
2025-02-19 05:38:28 - Arquivo: nonclear.0037.jpg | Prob: 0.0000 | Threshold: 0.6000
2025-02-19 05:38:51 - Arquivo: nonclear.0038.jpg | Prob: 0.0000 | Threshold: 0.6000
2025-02-19 05:39:11 - Arquivo: nonclear.0039.jpg | Prob: 0.8780 | Threshold: 0.6000
2025-02-19 05:39:41 - Arquivo: nonclear.0040.jpg | Prob: 0.8917 | Threshold: 0.6000
2025-02-19 05:40:03 - Arquivo: nonclear.0041.jpg | Prob: 0.0000 | Threshold: 0.6000
2025-02-19 05:40:26 - Arquivo: nonclear.0042.jpg | Prob: 0.0000 | Threshold: 0.6000
2025-02-19 05:40:46 - Arquivo: nonclear.0043.jpg | Prob: 0.0013 | Threshold: 0.6000
2025-02-19 05:41:20 - Arquivo: nonclear.0044.jpg | Prob: 0.0000 | Threshold: 0.6000
2025-02-19 05:41:46 - Arquivo: nonclear.0045.jpg | Prob: 0.0000 | Threshold: 0.6000
2025-02-19 05:42:07 - Arquivo: nonclear.0046.jpg | Prob: 0.0001 | Threshold: 0.6000
2025-02-19 05:42:31 - Arquivo: nonclear.0047.jpg | Prob: 0.0003 | Threshold: 0.6000
2025-02-19 05:42:52 - Arquivo: nonclear.0048.jpg | Prob: 0.0000 | Threshold: 0.6000
2025-02-19 05:43:13 - Arquivo: nonclear.0049.jpg | Prob: 0.0000 | Threshold: 0.6000
2025-02-19 05:43:36 - Arquivo: nonclear.0050.jpg | Prob: 0.0000 | Threshold: 0.6000
2025-02-19 05:43:57 - Arquivo: nonclear.0051.jpg | Prob: 0.9694 | Threshold: 0.6000
2025-02-19 05:44:18 - Arquivo: nonclear.0052.jpg | Prob: 0.0005 | Threshold: 0.6000
2025-02-19 05:44:39 - Arquivo: nonclear.0053.jpg | Prob: 0.0023 | Threshold: 0.6000
2025-02-19 05:45:01 - Arquivo: nonclear.0054.jpg | Prob: 0.0000 | Threshold: 0.6000
2025-02-19 05:45:25 - Arquivo: nonclear.0055.jpg | Prob: 0.0000 | Threshold: 0.6000
2025-02-19 05:45:58 - Arquivo: nonclear.0056.jpg | Prob: 0.0168 | Threshold: 0.6000
2025-02-19 05:46:20 - Arquivo: nonclear.0057.jpg | Prob: 0.0001 | Threshold: 0.6000
2025-02-19 05:46:55 - Arquivo: nonclear.0058.jpg | Prob: 0.0000 | Threshold: 0.6000
2025-02-19 05:47:35 - Arquivo: nonclear.0059.jpg | Prob: 0.7111 | Threshold: 0.6000
2025-02-19 05:47:54 - Arquivo: nonclear.0060.jpg | Prob: 0.0613 | Threshold: 0.6000
2025-02-19 05:48:34 - Arquivo: nonclear.0061.jpg | Prob: 0.6903 | Threshold: 0.6000
2025-02-19 05:49:00 - Arquivo: nonclear.0062.jpg | Prob: 0.6638 | Threshold: 0.6000
2025-02-19 05:49:20 - Arquivo: nonclear.0063.jpg | Prob: 0.9994 | Threshold: 0.6000
2025-02-19 05:49:51 - Arquivo: nonclear.0064.jpg | Prob: 0.0000 | Threshold: 0.6000
2025-02-19 05:50:16 - Arquivo: nonclear.0065.jpg | Prob: 0.0001 | Threshold: 0.6000
2025-02-19 05:50:45 - Arquivo: nonclear.0066.jpg | Prob: 0.0000 | Threshold: 0.6000
2025-02-19 05:51:22 - Arquivo: nonclear.0067.jpg | Prob: 0.0000 | Threshold: 0.6000
2025-02-19 05:51:42 - Arquivo: nonclear.0068.jpg | Prob: 0.0000 | Threshold: 0.6000
2025-02-19 05:52:05 - Arquivo: nonclear.0069.jpg | Prob: 0.3823 | Threshold: 0.6000
2025-02-19 05:52:25 - Arquivo: nonclear.0070.jpg | Prob: 0.0000 | Threshold: 0.6000
2025-02-19 05:52:57 - Arquivo: nonclear.0071.jpg | Prob: 0.0000 | Threshold: 0.6000
2025-02-19 05:53:19 - Arquivo: nonclear.0072.jpg | Prob: 0.0000 | Threshold: 0.6000
2025-02-19 05:53:40 - Arquivo: nonclear.0073.jpg | Prob: 0.0000 | Threshold: 0.6000
2025-02-19 05:53:59 - Arquivo: nonclear.0074.jpg | Prob: 0.9961 | Threshold: 0.6000
2025-02-19 05:54:20 - Arquivo: nonclear.0075.jpg | Prob: 0.0004 | Threshold: 0.6000
2025-02-19 05:54:40 - Arquivo: nonclear.0076.jpg | Prob: 0.0323 | Threshold: 0.6000
2025-02-19 05:55:10 - Arquivo: nonclear.0077.jpg | Prob: 0.0001 | Threshold: 0.6000
2025-02-19 05:55:30 - Arquivo: nonclear.0078.jpg | Prob: 0.0000 | Threshold: 0.6000
2025-02-19 05:55:49 - Arquivo: nonclear.0079.jpg | Prob: 0.0032 | Threshold: 0.6000
2025-02-19 05:56:12 - Arquivo: nonclear.0080.jpg | Prob: 0.0000 | Threshold: 0.6000
2025-02-19 05:56:41 - Arquivo: nonclear.0081.jpg | Prob: 0.0000 | Threshold: 0.6000
2025-02-19 05:57:11 - Arquivo: nonclear.0082.jpg | Prob: 0.0000 | Threshold: 0.6000
2025-02-19 05:57:32 - Arquivo: nonclear.0083.jpg | Prob: 0.0000 | Threshold: 0.6000
2025-02-19 05:57:53 - Arquivo: nonclear.0084.jpg | Prob: 0.0002 | Threshold: 0.6000
2025-02-19 05:58:14 - Arquivo: nonclear.0085.jpg | Prob: 0.0000 | Threshold: 0.6000
2025-02-19 05:58:34 - Arquivo: nonclear.0086.jpg | Prob: 0.9622 | Threshold: 0.6000
2025-02-19 05:58:55 - Arquivo: nonclear.0087.jpg | Prob: 0.0000 | Threshold: 0.6000
2025-02-19 05:59:15 - Arquivo: nonclear.0088.jpg | Prob: 0.8691 | Threshold: 0.6000
2025-02-19 05:59:38 - Arquivo: nonclear.0089.jpg | Prob: 0.9975 | Threshold: 0.6000
2025-02-19 06:00:00 - Arquivo: nonclear.0090.jpg | Prob: 0.8034 | Threshold: 0.6000
2025-02-19 06:00:27 - Arquivo: nonclear.0091.jpg | Prob: 0.9915 | Threshold: 0.6000
2025-02-19 06:00:47 - Arquivo: nonclear.0092.jpg | Prob: 0.0001 | Threshold: 0.6000
2025-02-19 06:01:07 - Arquivo: nonclear.0093.jpg | Prob: 0.9995 | Threshold: 0.6000
2025-02-19 06:01:27 - Arquivo: nonclear.0094.jpg | Prob: 0.0045 | Threshold: 0.6000
2025-02-19 06:01:46 - Arquivo: nonclear.0095.jpg | Prob: 0.0000 | Threshold: 0.6000
2025-02-19 06:02:05 - Arquivo: nonclear.0096.jpg | Prob: 0.0000 | Threshold: 0.6000
2025-02-19 06:02:25 - Arquivo: nonclear.0097.jpg | Prob: 0.0000 | Threshold: 0.6000
2025-02-19 06:02:44 - Arquivo: nonclear.0098.jpg | Prob: 0.0000 | Threshold: 0.6000
2025-02-19 06:03:05 - Arquivo: nonclear.0099.jpg | Prob: 0.0000 | Threshold: 0.6000
2025-02-19 06:03:26 - Arquivo: nonclear.0100.jpg | Prob: 0.0000 | Threshold: 0.6000
2025-02-19 06:03:45 - Arquivo: nonclear.0101.jpg | Prob: 0.0000 | Threshold: 0.6000
2025-02-19 06:04:03 - Arquivo: nonclear.0102.jpg | Prob: 0.0032 | Threshold: 0.6000
2025-02-19 06:04:22 - Arquivo: nonclear.0103.jpg | Prob: 0.0000 | Threshold: 0.6000
2025-02-19 06:04:41 - Arquivo: nonclear.0104.jpg | Prob: 0.0000 | Threshold: 0.6000
2025-02-19 06:05:00 - Arquivo: nonclear.0105.jpg | Prob: 0.0000 | Threshold: 0.6000
2025-02-19 06:05:21 - Arquivo: nonclear.0106.jpg | Prob: 0.0025 | Threshold: 0.6000
2025-02-19 06:05:42 - Arquivo: nonclear.0107.jpg | Prob: 0.0000 | Threshold: 0.6000
2025-02-19 06:06:02 - Arquivo: nonclear.0108.jpg | Prob: 0.0001 | Threshold: 0.6000
2025-02-19 06:06:22 - Arquivo: nonclear.0109.jpg | Prob: 0.0030 | Threshold: 0.6000
2025-02-19 06:06:42 - Arquivo: nonclear.0110.jpg | Prob: 0.0006 | Threshold: 0.6000
2025-02-19 06:07:00 - Arquivo: nonclear.0111.jpg | Prob: 0.0690 | Threshold: 0.6000
2025-02-19 06:07:19 - Arquivo: nonclear.0112.jpg | Prob: 0.1143 | Threshold: 0.6000
2025-02-19 06:07:39 - Arquivo: nonclear.0113.jpg | Prob: 0.0006 | Threshold: 0.6000
2025-02-19 06:07:58 - Arquivo: nonclear.0114.jpg | Prob: 0.2126 | Threshold: 0.6000
2025-02-19 06:08:19 - Arquivo: nonclear.0115.jpg | Prob: 0.0002 | Threshold: 0.6000
2025-02-19 06:08:38 - Arquivo: nonclear.0116.jpg | Prob: 0.3130 | Threshold: 0.6000
2025-02-19 06:08:59 - Arquivo: nonclear.0117.jpg | Prob: 0.0263 | Threshold: 0.6000
2025-02-19 06:09:18 - Arquivo: nonclear.0118.jpg | Prob: 0.4709 | Threshold: 0.6000
2025-02-19 06:09:37 - Arquivo: nonclear.0119.jpg | Prob: 0.4125 | Threshold: 0.6000
2025-02-19 06:09:58 - Arquivo: nonclear.0120.jpg | Prob: 0.0000 | Threshold: 0.6000
2025-02-19 06:10:18 - Arquivo: nonclear.0121.jpg | Prob: 0.0000 | Threshold: 0.6000
2025-02-19 06:10:40 - Arquivo: nonclear.0122.jpg | Prob: 0.0319 | Threshold: 0.6000
2025-02-19 06:11:00 - Arquivo: nonclear.0123.jpg | Prob: 0.4673 | Threshold: 0.6000
2025-02-19 06:11:23 - Arquivo: nonclear.0124.jpg | Prob: 0.0000 | Threshold: 0.6000
2025-02-19 06:11:43 - Arquivo: nonclear.0125.jpg | Prob: 0.9910 | Threshold: 0.6000
2025-02-19 06:12:04 - Arquivo: nonclear.0126.jpg | Prob: 0.0012 | Threshold: 0.6000
2025-02-19 06:12:23 - Arquivo: nonclear.0127.jpg | Prob: 0.0135 | Threshold: 0.6000
2025-02-19 06:12:43 - Arquivo: nonclear.0128.jpg | Prob: 0.2828 | Threshold: 0.6000
2025-02-19 06:13:03 - Arquivo: nonclear.0129.jpg | Prob: 0.3509 | Threshold: 0.6000
2025-02-19 06:13:22 - Arquivo: nonclear.0130.jpg | Prob: 0.0397 | Threshold: 0.6000
2025-02-19 06:13:42 - Arquivo: nonclear.0131.jpg | Prob: 0.1692 | Threshold: 0.6000
2025-02-19 06:14:04 - Arquivo: nonclear.0132.jpg | Prob: 0.0665 | Threshold: 0.6000
2025-02-19 06:14:25 - Arquivo: nonclear.0133.jpg | Prob: 0.0003 | Threshold: 0.6000
2025-02-19 06:14:48 - Arquivo: nonclear.0134.jpg | Prob: 0.8476 | Threshold: 0.6000
2025-02-19 06:15:11 - Arquivo: nonclear.0135.jpg | Prob: 0.0001 | Threshold: 0.6000
2025-02-19 06:15:58 - Arquivo: nonclear.0136.jpg | Prob: 0.0004 | Threshold: 0.6000
2025-02-19 06:16:18 - Arquivo: nonclear.0137.jpg | Prob: 0.0006 | Threshold: 0.6000
2025-02-19 06:16:41 - Arquivo: nonclear.0138.jpg | Prob: 0.7709 | Threshold: 0.6000
2025-02-19 06:17:09 - Arquivo: nonclear.0139.jpg | Prob: 0.0029 | Threshold: 0.6000
2025-02-19 06:17:29 - Arquivo: nonclear.0140.jpg | Prob: 0.2221 | Threshold: 0.6000
2025-02-19 06:17:55 - Arquivo: nonclear.0141.jpg | Prob: 0.3113 | Threshold: 0.6000
2025-02-19 06:18:28 - Arquivo: nonclear.0142.jpg | Prob: 0.0862 | Threshold: 0.6000
2025-02-19 06:18:51 - Arquivo: nonclear.0143.jpg | Prob: 0.0014 | Threshold: 0.6000
2025-02-19 06:19:18 - Arquivo: nonclear.0144.jpg | Prob: 0.9025 | Threshold: 0.6000
2025-02-19 06:19:40 - Arquivo: nonclear.0145.jpg | Prob: 0.0001 | Threshold: 0.6000
2025-02-19 06:20:11 - Arquivo: nonclear.0146.jpg | Prob: 0.0003 | Threshold: 0.6000
2025-02-19 06:20:35 - Arquivo: nonclear.0147.jpg | Prob: 0.0000 | Threshold: 0.6000
2025-02-19 06:20:58 - Arquivo: nonclear.0148.jpg | Prob: 0.0002 | Threshold: 0.6000
2025-02-19 06:21:22 - Arquivo: nonclear.0149.jpg | Prob: 0.0000 | Threshold: 0.6000
2025-02-19 06:21:45 - Arquivo: nonclear.0150.jpg | Prob: 0.0000 | Threshold: 0.6000
2025-02-19 06:22:13 - Arquivo: nonclear.0151.jpg | Prob: 0.0002 | Threshold: 0.6000
2025-02-19 06:22:37 - Arquivo: nonclear.0152.jpg | Prob: 0.3271 | Threshold: 0.6000
2025-02-19 06:23:01 - Arquivo: nonclear.0153.jpg | Prob: 0.0005 | Threshold: 0.6000
2025-02-19 06:23:39 - Arquivo: nonclear.0154.jpg | Prob: 0.7888 | Threshold: 0.6000
2025-02-19 06:24:04 - Arquivo: nonclear.0155.jpg | Prob: 0.0234 | Threshold: 0.6000
2025-02-19 06:24:30 - Arquivo: nonclear.0156.jpg | Prob: 0.0000 | Threshold: 0.6000
2025-02-19 06:24:55 - Arquivo: nonclear.0157.jpg | Prob: 0.9054 | Threshold: 0.6000
2025-02-19 06:25:21 - Arquivo: nonclear.0158.jpg | Prob: 0.0003 | Threshold: 0.6000
2025-02-19 06:25:51 - Arquivo: nonclear.0159.jpg | Prob: 0.0000 | Threshold: 0.6000
2025-02-19 06:26:13 - Arquivo: nonclear.0160.jpg | Prob: 0.8971 | Threshold: 0.6000
2025-02-19 06:26:46 - Arquivo: nonclear.0161.jpg | Prob: 1.0000 | Threshold: 0.6000
2025-02-19 06:27:11 - Arquivo: nonclear.0162.jpg | Prob: 0.0000 | Threshold: 0.6000
2025-02-19 06:27:44 - Arquivo: nonclear.0163.jpg | Prob: 0.0002 | Threshold: 0.6000
2025-02-19 06:28:22 - Arquivo: nonclear.0164.jpg | Prob: 0.0000 | Threshold: 0.6000
2025-02-19 06:28:54 - Arquivo: nonclear.0165.jpg | Prob: 0.0599 | Threshold: 0.6000
2025-02-19 06:29:16 - Arquivo: nonclear.0166.jpg | Prob: 0.8178 | Threshold: 0.6000
2025-02-19 06:29:55 - Arquivo: nonclear.0167.jpg | Prob: 0.0000 | Threshold: 0.6000
2025-02-19 06:30:21 - Arquivo: nonclear.0168.jpg | Prob: 0.0000 | Threshold: 0.6000
2025-02-19 06:30:46 - Arquivo: nonclear.0169.jpg | Prob: 0.0000 | Threshold: 0.6000
2025-02-19 06:31:18 - Arquivo: nonclear.0170.jpg | Prob: 0.0001 | Threshold: 0.6000
2025-02-19 06:31:45 - Arquivo: nonclear.0171.jpg | Prob: 0.2351 | Threshold: 0.6000
2025-02-19 06:32:17 - Arquivo: nonclear.0172.jpg | Prob: 0.0000 | Threshold: 0.6000
2025-02-19 06:32:42 - Arquivo: nonclear.0173.jpg | Prob: 0.0001 | Threshold: 0.6000
2025-02-19 06:33:07 - Arquivo: nonclear.0174.jpg | Prob: 0.0000 | Threshold: 0.6000
2025-02-19 06:33:29 - Arquivo: nonclear.0175.jpg | Prob: 0.0000 | Threshold: 0.6000
2025-02-19 06:33:50 - Arquivo: nonclear.0176.jpg | Prob: 0.0000 | Threshold: 0.6000
2025-02-19 06:34:16 - Arquivo: nonclear.0177.jpg | Prob: 0.0000 | Threshold: 0.6000
2025-02-19 06:34:44 - Arquivo: nonclear.0178.jpg | Prob: 0.0310 | Threshold: 0.6000
2025-02-19 06:35:10 - Arquivo: nonclear.0179.jpg | Prob: 0.0016 | Threshold: 0.6000
2025-02-19 06:35:34 - Arquivo: nonclear.0180.jpg | Prob: 0.0006 | Threshold: 0.6000
2025-02-19 06:35:57 - Arquivo: nonclear.0181.jpg | Prob: 0.0001 | Threshold: 0.6000
2025-02-19 06:36:31 - Arquivo: nonclear.0182.jpg | Prob: 0.0002 | Threshold: 0.6000
2025-02-19 06:36:55 - Arquivo: nonclear.0183.jpg | Prob: 0.0059 | Threshold: 0.6000
2025-02-19 06:37:20 - Arquivo: nonclear.0184.jpg | Prob: 0.0040 | Threshold: 0.6000
2025-02-19 06:37:40 - Arquivo: nonclear.0185.jpg | Prob: 0.0001 | Threshold: 0.6000
2025-02-19 06:38:25 - Arquivo: nonclear.0186.jpg | Prob: 0.9991 | Threshold: 0.6000
2025-02-19 06:39:00 - Arquivo: nonclear.0187.jpg | Prob: 0.0000 | Threshold: 0.6000
2025-02-19 06:39:20 - Arquivo: nonclear.0188.jpg | Prob: 0.0002 | Threshold: 0.6000
2025-02-19 06:39:45 - Arquivo: nonclear.0189.jpg | Prob: 0.0000 | Threshold: 0.6000
2025-02-19 06:40:06 - Arquivo: nonclear.0190.jpg | Prob: 0.0000 | Threshold: 0.6000
2025-02-19 06:40:44 - Arquivo: nonclear.0191.jpg | Prob: 0.0000 | Threshold: 0.6000
2025-02-19 06:41:04 - Arquivo: nonclear.0192.jpg | Prob: 0.0000 | Threshold: 0.6000
2025-02-19 06:41:29 - Arquivo: nonclear.0193.jpg | Prob: 0.0000 | Threshold: 0.6000
2025-02-19 06:41:51 - Arquivo: nonclear.0194.jpg | Prob: 0.0002 | Threshold: 0.6000
2025-02-19 06:42:16 - Arquivo: nonclear.0195.jpeg | Prob: 0.0000 | Threshold: 0.6000
2025-02-19 06:42:45 - Arquivo: nonclear.0196.jpeg | Prob: 0.0000 | Threshold: 0.6000
2025-02-19 06:43:12 - Arquivo: nonclear.0197.jpeg | Prob: 0.0000 | Threshold: 0.6000
2025-02-19 06:43:36 - Arquivo: nonclear.0198.jpeg | Prob: 0.0000 | Threshold: 0.6000
2025-02-19 06:43:57 - Arquivo: nonclear.0199.jpeg | Prob: 0.0000 | Threshold: 0.6000
2025-02-19 06:44:21 - Arquivo: nonclear.0200.jpeg | Prob: 0.0547 | Threshold: 0.6000
2025-02-19 06:44:56 - Arquivo: nonclear.0201.jpeg | Prob: 1.0000 | Threshold: 0.6000
2025-02-19 06:45:22 - Arquivo: nonclear.0202.jpeg | Prob: 0.0011 | Threshold: 0.6000
2025-02-19 06:45:46 - Arquivo: nonclear.0203.jpeg | Prob: 0.0000 | Threshold: 0.6000
2025-02-19 06:46:16 - Arquivo: nonclear.0204.jpeg | Prob: 0.0352 | Threshold: 0.6000
2025-02-19 06:46:53 - Arquivo: nonclear.0205.jpeg | Prob: 0.0000 | Threshold: 0.6000
2025-02-19 06:47:32 - Arquivo: nonclear.0206.jpeg | Prob: 0.0009 | Threshold: 0.6000
2025-02-19 06:48:05 - Arquivo: nonclear.0207.jpeg | Prob: 0.0000 | Threshold: 0.6000
2025-02-19 06:48:34 - Arquivo: nonclear.0208.jpeg | Prob: 0.0250 | Threshold: 0.6000
2025-02-19 06:48:56 - Arquivo: nonclear.0209.jpeg | Prob: 0.0000 | Threshold: 0.6000
2025-02-19 06:49:28 - Arquivo: nonclear.0210.jpeg | Prob: 0.0001 | Threshold: 0.6000
2025-02-19 06:50:01 - Arquivo: nonclear.0211.jpeg | Prob: 0.0000 | Threshold: 0.6000
2025-02-19 06:50:26 - Arquivo: nonclear.0212.jpeg | Prob: 0.5045 | Threshold: 0.6000
2025-02-19 06:50:45 - Arquivo: nonclear.0213.jpeg | Prob: 0.0000 | Threshold: 0.6000
2025-02-19 06:51:09 - Arquivo: nonclear.0214.jpeg | Prob: 0.0001 | Threshold: 0.6000
2025-02-19 06:51:32 - Arquivo: nonclear.0215.jpeg | Prob: 0.0005 | Threshold: 0.6000
2025-02-19 06:51:52 - Arquivo: nonclear.0216.jpeg | Prob: 0.0000 | Threshold: 0.6000
2025-02-19 06:52:12 - Arquivo: nonclear.0217.jpeg | Prob: 0.0000 | Threshold: 0.6000
2025-02-19 06:52:39 - Arquivo: nonclear.0218.jpeg | Prob: 0.0019 | Threshold: 0.6000
2025-02-19 06:52:59 - Arquivo: nonclear.0219.jpeg | Prob: 0.0018 | Threshold: 0.6000
2025-02-19 06:53:26 - Arquivo: nonclear.0220.jpeg | Prob: 0.0109 | Threshold: 0.6000
2025-02-19 06:53:50 - Arquivo: nonclear.0221.jpeg | Prob: 0.0002 | Threshold: 0.6000
2025-02-19 06:54:22 - Arquivo: nonclear.0222.jpeg | Prob: 0.0001 | Threshold: 0.6000
2025-02-19 06:54:51 - Arquivo: nonclear.0223.jpeg | Prob: 0.0034 | Threshold: 0.6000
2025-02-19 06:55:28 - Arquivo: nonclear.0224.jpeg | Prob: 0.0000 | Threshold: 0.6000
2025-02-19 06:55:50 - Arquivo: nonclear.0225.jpeg | Prob: 0.0001 | Threshold: 0.6000
2025-02-19 06:56:18 - Arquivo: nonclear.0226.jpeg | Prob: 0.0010 | Threshold: 0.6000
2025-02-19 06:56:50 - Arquivo: nonclear.0227.jpeg | Prob: 0.0000 | Threshold: 0.6000
2025-02-19 06:57:23 - Arquivo: nonclear.0228.jpeg | Prob: 0.0000 | Threshold: 0.6000
2025-02-19 06:57:45 - Arquivo: nonclear.0229.jpeg | Prob: 0.0000 | Threshold: 0.6000
2025-02-19 06:58:11 - Arquivo: nonclear.0230.jpeg | Prob: 0.0000 | Threshold: 0.6000
2025-02-19 06:58:47 - Arquivo: nonclear.0231.jpeg | Prob: 0.0001 | Threshold: 0.6000
2025-02-19 06:59:06 - Arquivo: nonclear.0232.jpeg | Prob: 0.1617 | Threshold: 0.6000
2025-02-19 06:59:26 - Arquivo: nonclear.0233.jpeg | Prob: 0.0001 | Threshold: 0.6000
2025-02-19 06:59:50 - Arquivo: nonclear.0234.jpeg | Prob: 0.0000 | Threshold: 0.6000
2025-02-19 07:00:44 - Arquivo: nonclear.0235.jpeg | Prob: 0.6520 | Threshold: 0.6000
2025-02-19 07:01:05 - Arquivo: nonclear.0236.jpeg | Prob: 0.0026 | Threshold: 0.6000
2025-02-19 07:01:25 - Arquivo: nonclear.0237.jpeg | Prob: 0.0003 | Threshold: 0.6000
2025-02-19 07:01:56 - Arquivo: nonclear.0238.jpeg | Prob: 0.0000 | Threshold: 0.6000
2025-02-19 07:02:18 - Arquivo: nonclear.0239.jpeg | Prob: 0.0000 | Threshold: 0.6000
2025-02-19 07:02:38 - Arquivo: nonclear.0240.jpeg | Prob: 0.8840 | Threshold: 0.6000
2025-02-19 07:03:02 - Arquivo: nonclear.0241.jpeg | Prob: 0.0001 | Threshold: 0.6000
2025-02-19 07:03:22 - Arquivo: nonclear.0242.jpeg | Prob: 0.9106 | Threshold: 0.6000
2025-02-19 07:03:43 - Arquivo: nonclear.0243.jpeg | Prob: 0.0285 | Threshold: 0.6000
2025-02-19 07:04:14 - Arquivo: nonclear.0244.jpeg | Prob: 0.0001 | Threshold: 0.6000
2025-02-19 07:04:33 - Arquivo: nonclear.0245.jpeg | Prob: 0.9137 | Threshold: 0.6000
2025-02-19 07:04:57 - Arquivo: nonclear.0246.jpeg | Prob: 0.0000 | Threshold: 0.6000
2025-02-19 07:05:30 - Arquivo: nonclear.0247.jpeg | Prob: 0.0000 | Threshold: 0.6000
2025-02-19 07:06:00 - Arquivo: nonclear.0248.jpeg | Prob: 0.0000 | Threshold: 0.6000
2025-02-19 07:06:22 - Arquivo: nonclear.0249.jpeg | Prob: 0.0000 | Threshold: 0.6000
2025-02-19 07:06:44 - Arquivo: nonclear.0250.jpeg | Prob: 0.0213 | Threshold: 0.6000
2025-02-19 07:07:09 - Arquivo: nonclear.0251.jpeg | Prob: 0.0377 | Threshold: 0.6000
2025-02-19 07:07:36 - Arquivo: nonclear.0252.jpeg | Prob: 0.0052 | Threshold: 0.6000
2025-02-19 07:07:57 - Arquivo: nonclear.0253.jpeg | Prob: 0.0001 | Threshold: 0.6000
2025-02-19 07:08:28 - Arquivo: nonclear.0254.jpeg | Prob: 0.0000 | Threshold: 0.6000
2025-02-19 07:08:51 - Arquivo: nonclear.0255.jpeg | Prob: 0.0069 | Threshold: 0.6000
2025-02-19 07:09:24 - Arquivo: nonclear.0256.jpeg | Prob: 0.0008 | Threshold: 0.6000
2025-02-19 07:10:01 - Arquivo: nonclear.0257.jpeg | Prob: 0.0000 | Threshold: 0.6000
2025-02-19 07:10:24 - Arquivo: nonclear.0258.jpeg | Prob: 0.4255 | Threshold: 0.6000
2025-02-19 07:10:48 - Arquivo: nonclear.0259.jpeg | Prob: 0.0000 | Threshold: 0.6000
2025-02-19 07:11:24 - Arquivo: nonclear.0260.jpeg | Prob: 0.9456 | Threshold: 0.6000
2025-02-19 07:11:58 - Arquivo: nonclear.0261.jpeg | Prob: 0.0010 | Threshold: 0.6000
2025-02-19 07:12:24 - Arquivo: nonclear.0262.jpeg | Prob: 0.0000 | Threshold: 0.6000
2025-02-19 07:12:47 - Arquivo: nonclear.0263.jpeg | Prob: 0.1522 | Threshold: 0.6000
2025-02-19 07:13:13 - Arquivo: nonclear.0264.jpeg | Prob: 1.0000 | Threshold: 0.6000
2025-02-19 07:14:19 - Arquivo: nonclear.0265.jpeg | Prob: 0.0000 | Threshold: 0.6000
2025-02-19 07:14:44 - Arquivo: nonclear.0266.jpeg | Prob: 0.0006 | Threshold: 0.6000
2025-02-19 07:15:06 - Arquivo: nonclear.0267.jpeg | Prob: 0.0000 | Threshold: 0.6000
2025-02-19 07:15:41 - Arquivo: nonclear.0268.jpeg | Prob: 0.0000 | Threshold: 0.6000
2025-02-19 07:16:05 - Arquivo: nonclear.0269.jpeg | Prob: 0.0192 | Threshold: 0.6000
2025-02-19 07:16:33 - Arquivo: nonclear.0270.jpeg | Prob: 0.0000 | Threshold: 0.6000
2025-02-19 07:16:56 - Arquivo: nonclear.0271.jpeg | Prob: 0.0000 | Threshold: 0.6000
2025-02-19 07:17:16 - Arquivo: nonclear.0272.jpeg | Prob: 0.0000 | Threshold: 0.6000
2025-02-19 07:17:45 - Arquivo: nonclear.0273.jpeg | Prob: 0.0000 | Threshold: 0.6000
2025-02-19 07:18:21 - Arquivo: nonclear.0274.jpeg | Prob: 0.0003 | Threshold: 0.6000
2025-02-19 07:18:47 - Arquivo: nonclear.0275.jpeg | Prob: 0.8761 | Threshold: 0.6000
2025-02-19 07:19:12 - Arquivo: nonclear.0276.jpeg | Prob: 0.0000 | Threshold: 0.6000
2025-02-19 07:19:40 - Arquivo: nonclear.0277.jpeg | Prob: 0.0000 | Threshold: 0.6000
2025-02-19 07:19:59 - Arquivo: nonclear.0278.jpg | Prob: 0.1579 | Threshold: 0.6000
2025-02-19 07:20:31 - Arquivo: nonclear.0279.jpg | Prob: 0.0003 | Threshold: 0.6000
2025-02-19 07:20:51 - Arquivo: nonclear.0280.jpg | Prob: 0.0010 | Threshold: 0.6000
2025-02-19 07:21:22 - Arquivo: nonclear.0281.jpg | Prob: 0.3166 | Threshold: 0.6000
2025-02-19 07:21:57 - Arquivo: nonclear.0282.jpg | Prob: 0.3415 | Threshold: 0.6000
2025-02-19 07:22:23 - Arquivo: nonclear.0283.jpg | Prob: 0.0135 | Threshold: 0.6000
2025-02-19 07:22:43 - Arquivo: nonclear.0284.jpg | Prob: 0.0001 | Threshold: 0.6000
2025-02-19 07:23:13 - Arquivo: nonclear.0285.jpg | Prob: 0.0000 | Threshold: 0.6000
2025-02-19 07:23:42 - Arquivo: nonclear.0286.jpg | Prob: 0.0004 | Threshold: 0.6000
2025-02-19 07:24:12 - Arquivo: nonclear.0287.jpg | Prob: 0.0147 | Threshold: 0.6000
2025-02-19 07:24:36 - Arquivo: nonclear.0288.jpg | Prob: 0.0467 | Threshold: 0.6000
2025-02-19 07:25:00 - Arquivo: nonclear.0289.jpg | Prob: 0.0001 | Threshold: 0.6000
2025-02-19 07:25:24 - Arquivo: nonclear.0290.jpg | Prob: 0.0000 | Threshold: 0.6000
2025-02-19 07:25:50 - Arquivo: nonclear.0291.jpg | Prob: 0.0000 | Threshold: 0.6000
2025-02-19 07:26:11 - Arquivo: nonclear.0292.jpg | Prob: 0.0092 | Threshold: 0.6000
2025-02-19 07:26:32 - Arquivo: nonclear.0293.jpg | Prob: 0.2969 | Threshold: 0.6000
2025-02-19 07:27:08 - Arquivo: nonclear.0294.jpg | Prob: 0.9995 | Threshold: 0.6000
2025-02-19 07:27:31 - Arquivo: nonclear.0295.jpg | Prob: 0.2744 | Threshold: 0.6000
2025-02-19 07:27:57 - Arquivo: nonclear.0296.jpg | Prob: 0.0000 | Threshold: 0.6000
2025-02-19 07:28:19 - Arquivo: nonclear.0297.jpg | Prob: 0.0116 | Threshold: 0.6000
2025-02-19 07:28:52 - Arquivo: nonclear.0298.jpg | Prob: 0.1795 | Threshold: 0.6000
2025-02-19 07:29:16 - Arquivo: nonclear.0299.jpg | Prob: 0.0007 | Threshold: 0.6000
2025-02-19 07:29:41 - Arquivo: nonclear.0300.jpg | Prob: 0.0294 | Threshold: 0.6000
2025-02-19 07:30:15 - Arquivo: nonclear.0301.jpg | Prob: 0.0000 | Threshold: 0.6000
2025-02-19 07:30:39 - Arquivo: nonclear.0302.jpg | Prob: 0.0004 | Threshold: 0.6000
2025-02-19 07:31:11 - Arquivo: nonclear.0303.jpg | Prob: 0.0000 | Threshold: 0.6000
2025-02-19 07:31:32 - Arquivo: nonclear.0304.jpg | Prob: 0.9522 | Threshold: 0.6000
2025-02-19 07:31:52 - Arquivo: nonclear.0305.jpg | Prob: 0.2574 | Threshold: 0.6000
2025-02-19 07:32:31 - Arquivo: nonclear.0306.jpg | Prob: 0.0075 | Threshold: 0.6000
2025-02-19 07:33:05 - Arquivo: nonclear.0307.jpg | Prob: 0.0392 | Threshold: 0.6000
2025-02-19 07:33:26 - Arquivo: nonclear.0308.jpg | Prob: 0.0004 | Threshold: 0.6000
2025-02-19 07:33:52 - Arquivo: nonclear.0309.jpg | Prob: 0.2648 | Threshold: 0.6000
2025-02-19 07:34:13 - Arquivo: nonclear.0310.jpg | Prob: 0.9670 | Threshold: 0.6000
2025-02-19 07:34:33 - Arquivo: nonclear.0311.jpg | Prob: 0.0027 | Threshold: 0.6000
2025-02-19 07:34:52 - Arquivo: nonclear.0312.jpg | Prob: 0.0051 | Threshold: 0.6000
2025-02-19 07:35:12 - Arquivo: nonclear.0313.jpg | Prob: 0.0320 | Threshold: 0.6000
2025-02-19 07:35:33 - Arquivo: nonclear.0314.jpg | Prob: 0.9008 | Threshold: 0.6000
2025-02-19 07:35:52 - Arquivo: nonclear.0315.jpg | Prob: 0.5120 | Threshold: 0.6000
2025-02-19 07:36:17 - Arquivo: nonclear.0316.jpg | Prob: 0.9531 | Threshold: 0.6000
2025-02-19 07:36:39 - Arquivo: nonclear.0317.jpg | Prob: 0.4825 | Threshold: 0.6000
2025-02-19 07:36:59 - Arquivo: nonclear.0318.jpg | Prob: 0.7945 | Threshold: 0.6000
2025-02-19 07:37:19 - Arquivo: nonclear.0319.jpg | Prob: 0.2013 | Threshold: 0.6000
2025-02-19 07:37:39 - Arquivo: nonclear.0320.jpg | Prob: 0.1491 | Threshold: 0.6000
2025-02-19 07:37:58 - Arquivo: nonclear.0321.jpg | Prob: 0.0009 | Threshold: 0.6000
2025-02-19 07:38:17 - Arquivo: nonclear.0322.jpg | Prob: 0.9941 | Threshold: 0.6000
2025-02-19 07:38:36 - Arquivo: nonclear.0323.jpg | Prob: 0.1392 | Threshold: 0.6000
2025-02-19 07:38:56 - Arquivo: nonclear.0324.jpg | Prob: 0.0500 | Threshold: 0.6000
2025-02-19 07:39:17 - Arquivo: nonclear.0325.jpg | Prob: 0.0124 | Threshold: 0.6000
2025-02-19 07:39:37 - Arquivo: nonclear.0326.jpg | Prob: 0.0024 | Threshold: 0.6000
2025-02-19 07:40:23 - Arquivo: nonclear.0327.jpg | Prob: 0.0000 | Threshold: 0.6000
2025-02-19 07:40:49 - Arquivo: nonclear.0328.jpg | Prob: 0.0001 | Threshold: 0.6000
2025-02-19 07:41:08 - Arquivo: nonclear.0329.jpg | Prob: 0.9249 | Threshold: 0.6000
2025-02-19 07:41:34 - Arquivo: nonclear.0330.jpg | Prob: 0.0001 | Threshold: 0.6000
2025-02-19 07:41:54 - Arquivo: nonclear.0331.jpeg | Prob: 0.0000 | Threshold: 0.6000
2025-02-19 07:42:16 - Arquivo: nonclear.0332.jpeg | Prob: 0.0000 | Threshold: 0.6000
2025-02-19 07:42:40 - Arquivo: nonclear.0333.jpeg | Prob: 0.0036 | Threshold: 0.6000
2025-02-19 07:43:00 - Arquivo: nonclear.0334.jpg | Prob: 0.0000 | Threshold: 0.6000
2025-02-19 07:43:30 - Arquivo: nonclear.0335.jpg | Prob: 0.0000 | Threshold: 0.6000
2025-02-19 07:43:56 - Arquivo: nonclear.0336.jpg | Prob: 0.0000 | Threshold: 0.6000
2025-02-19 07:44:27 - Arquivo: nonclear.0337.jpg | Prob: 0.0000 | Threshold: 0.6000
2025-02-19 07:44:56 - Arquivo: nonclear.0338.jpg | Prob: 0.0000 | Threshold: 0.6000
2025-02-19 07:45:18 - Arquivo: nonclear.0339.jpg | Prob: 0.0000 | Threshold: 0.6000
2025-02-19 07:45:46 - Arquivo: nonclear.0340.jpg | Prob: 0.0000 | Threshold: 0.6000
2025-02-19 07:46:12 - Arquivo: nonclear.0341.jpg | Prob: 0.0004 | Threshold: 0.6000
2025-02-19 07:46:33 - Arquivo: nonclear.0342.jpg | Prob: 0.0000 | Threshold: 0.6000
2025-02-19 07:46:54 - Arquivo: nonclear.0343.jpg | Prob: 0.0000 | Threshold: 0.6000
2025-02-19 07:47:33 - Arquivo: nonclear.0344.jpg | Prob: 0.9953 | Threshold: 0.6000
2025-02-19 07:47:54 - Arquivo: nonclear.0345.jpg | Prob: 0.0000 | Threshold: 0.6000
2025-02-19 07:48:21 - Arquivo: nonclear.0346.jpg | Prob: 0.0000 | Threshold: 0.6000
2025-02-19 07:48:45 - Arquivo: nonclear.0347.jpg | Prob: 0.0000 | Threshold: 0.6000
2025-02-19 07:49:09 - Arquivo: nonclear.0348.jpg | Prob: 0.0000 | Threshold: 0.6000
2025-02-19 07:49:29 - Arquivo: nonclear.0349.jpg | Prob: 0.0000 | Threshold: 0.6000
2025-02-19 07:49:50 - Arquivo: nonclear.0350.jpg | Prob: 0.0000 | Threshold: 0.6000
2025-02-19 07:50:20 - Arquivo: nonclear.0351.jpg | Prob: 0.0000 | Threshold: 0.6000
2025-02-19 07:50:41 - Arquivo: nonclear.0352.jpg | Prob: 0.0173 | Threshold: 0.6000
2025-02-19 07:51:04 - Arquivo: nonclear.0353.jpg | Prob: 0.0026 | Threshold: 0.6000
2025-02-19 07:51:37 - Arquivo: nonclear.0354.jpg | Prob: 0.0305 | Threshold: 0.6000
2025-02-19 07:51:57 - Arquivo: nonclear.0355.jpg | Prob: 0.0022 | Threshold: 0.6000
2025-02-19 07:52:20 - Arquivo: nonclear.0356.jpg | Prob: 0.0011 | Threshold: 0.6000
2025-02-19 07:52:40 - Arquivo: nonclear.0357.jpg | Prob: 0.9054 | Threshold: 0.6000
2025-02-19 07:53:00 - Arquivo: nonclear.0358.jpg | Prob: 0.0752 | Threshold: 0.6000
2025-02-19 07:53:39 - Arquivo: nonclear.0359.jpg | Prob: 0.0013 | Threshold: 0.6000
2025-02-19 07:53:59 - Arquivo: nonclear.0360.jpg | Prob: 0.0014 | Threshold: 0.6000
2025-02-19 07:54:44 - Arquivo: nonclear.0361.jpg | Prob: 0.0000 | Threshold: 0.6000
2025-02-19 07:55:04 - Arquivo: nonclear.0362.jpg | Prob: 0.0000 | Threshold: 0.6000
2025-02-19 07:55:51 - Arquivo: nonclear.0363.jpg | Prob: 0.0000 | Threshold: 0.6000
2025-02-19 07:56:15 - Arquivo: nonclear.0364.jpg | Prob: 0.2696 | Threshold: 0.6000
2025-02-19 07:56:46 - Arquivo: nonclear.0365.jpg | Prob: 0.0000 | Threshold: 0.6000
2025-02-19 07:57:19 - Arquivo: nonclear.0366.jpg | Prob: 0.0035 | Threshold: 0.6000
2025-02-19 07:57:39 - Arquivo: nonclear.0367.jpg | Prob: 0.9722 | Threshold: 0.6000
2025-02-19 07:58:12 - Arquivo: nonclear.0368.jpg | Prob: 0.0000 | Threshold: 0.6000
2025-02-19 07:58:38 - Arquivo: nonclear.0369.jpg | Prob: 0.0001 | Threshold: 0.6000
2025-02-19 07:59:04 - Arquivo: nonclear.0370.jpg | Prob: 0.0000 | Threshold: 0.6000
2025-02-19 07:59:23 - Arquivo: nonclear.0371.jpg | Prob: 0.0000 | Threshold: 0.6000
2025-02-19 07:59:58 - Arquivo: nonclear.0372.jpg | Prob: 0.0000 | Threshold: 0.6000
2025-02-19 08:00:42 - Arquivo: nonclear.0373.jpg | Prob: 0.0000 | Threshold: 0.6000
2025-02-19 08:01:18 - Arquivo: nonclear.0374.jpg | Prob: 0.0000 | Threshold: 0.6000
2025-02-19 08:01:37 - Arquivo: nonclear.0375.jpg | Prob: 0.0000 | Threshold: 0.6000
2025-02-19 08:01:59 - Arquivo: nonclear.0376.jpg | Prob: 0.0000 | Threshold: 0.6000
2025-02-19 08:02:21 - Arquivo: nonclear.0377.jpg | Prob: 0.0000 | Threshold: 0.6000
2025-02-19 08:02:49 - Arquivo: nonclear.0378.jpg | Prob: 0.0000 | Threshold: 0.6000
2025-02-19 08:03:11 - Arquivo: nonclear.0379.jpg | Prob: 0.0010 | Threshold: 0.6000
2025-02-19 08:03:36 - Arquivo: nonclear.0380.jpg | Prob: 0.0000 | Threshold: 0.6000
2025-02-19 08:03:57 - Arquivo: nonclear.0381.jpg | Prob: 0.0000 | Threshold: 0.6000
2025-02-19 08:04:37 - Arquivo: nonclear.0382.jpg | Prob: 0.0000 | Threshold: 0.6000
2025-02-19 08:05:01 - Arquivo: nonclear.0383.jpg | Prob: 0.0002 | Threshold: 0.6000
2025-02-19 08:05:29 - Arquivo: nonclear.0384.jpg | Prob: 0.5048 | Threshold: 0.6000
2025-02-19 08:06:18 - Arquivo: nonclear.0385.jpg | Prob: 0.0009 | Threshold: 0.6000
2025-02-19 08:06:40 - Arquivo: nonclear.0386.jpg | Prob: 0.0071 | Threshold: 0.6000
2025-02-19 08:07:00 - Arquivo: nonclear.0387.jpg | Prob: 0.0002 | Threshold: 0.6000
2025-02-19 08:07:27 - Arquivo: nonclear.0388.jpg | Prob: 0.0006 | Threshold: 0.6000
2025-02-19 08:08:00 - Arquivo: nonclear.0389.jpg | Prob: 0.0000 | Threshold: 0.6000
2025-02-19 08:08:57 - Arquivo: nonclear.0390.jpg | Prob: 0.0000 | Threshold: 0.6000
2025-02-19 08:09:31 - Arquivo: nonclear.0391.jpg | Prob: 0.0000 | Threshold: 0.6000
2025-02-19 08:09:51 - Arquivo: nonclear.0392.jpg | Prob: 0.0001 | Threshold: 0.6000
2025-02-19 08:10:12 - Arquivo: nonclear.0393.jpg | Prob: 0.0000 | Threshold: 0.6000
2025-02-19 08:11:00 - Arquivo: nonclear.0394.jpg | Prob: 0.0000 | Threshold: 0.6000
2025-02-19 08:11:31 - Arquivo: nonclear.0395.jpg | Prob: 0.0000 | Threshold: 0.6000
2025-02-19 08:12:21 - Arquivo: nonclear.0396.jpg | Prob: 0.0001 | Threshold: 0.6000
2025-02-19 08:12:44 - Arquivo: nonclear.0397.jpg | Prob: 0.0000 | Threshold: 0.6000
2025-02-19 08:13:04 - Arquivo: nonclear.0398.jpg | Prob: 0.0000 | Threshold: 0.6000
2025-02-19 08:13:45 - Arquivo: nonclear.0399.jpg | Prob: 0.0000 | Threshold: 0.6000
2025-02-19 08:14:07 - Arquivo: nonclear.0400.jpg | Prob: 0.0000 | Threshold: 0.6000
2025-02-19 08:14:27 - Arquivo: nonclear.0401.jpg | Prob: 0.5512 | Threshold: 0.6000
2025-02-19 08:15:07 - Arquivo: nonclear.0402.jpg | Prob: 0.0000 | Threshold: 0.6000
2025-02-19 08:15:27 - Arquivo: nonclear.0403.jpg | Prob: 0.0001 | Threshold: 0.6000
2025-02-19 08:15:46 - Arquivo: nonclear.0404.jpg | Prob: 0.0068 | Threshold: 0.6000
2025-02-19 08:16:06 - Arquivo: nonclear.0405.jpg | Prob: 0.0000 | Threshold: 0.6000
2025-02-19 08:16:29 - Arquivo: nonclear.0406.jpg | Prob: 0.0925 | Threshold: 0.6000
2025-02-19 08:16:54 - Arquivo: nonclear.0407.jpg | Prob: 0.0000 | Threshold: 0.6000
2025-02-19 08:17:32 - Arquivo: nonclear.0408.jpg | Prob: 0.0000 | Threshold: 0.6000
2025-02-19 08:17:52 - Arquivo: nonclear.0409.jpg | Prob: 0.0000 | Threshold: 0.6000
2025-02-19 08:18:11 - Arquivo: nonclear.0410.jpg | Prob: 0.0065 | Threshold: 0.6000
2025-02-19 08:18:39 - Arquivo: nonclear.0411.jpg | Prob: 0.0000 | Threshold: 0.6000
2025-02-19 08:19:00 - Arquivo: nonclear.0412.jpg | Prob: 0.0000 | Threshold: 0.6000
2025-02-19 08:19:22 - Arquivo: nonclear.0413.jpg | Prob: 0.0000 | Threshold: 0.6000
2025-02-19 08:19:53 - Arquivo: nonclear.0414.jpg | Prob: 0.0000 | Threshold: 0.6000
2025-02-19 08:20:12 - Arquivo: nonclear.0415.jpg | Prob: 0.0030 | Threshold: 0.6000
2025-02-19 08:20:46 - Arquivo: nonclear.0416.jpg | Prob: 0.0230 | Threshold: 0.6000
2025-02-19 08:21:10 - Arquivo: nonclear.0417.jpg | Prob: 0.0000 | Threshold: 0.6000
2025-02-19 08:21:30 - Arquivo: nonclear.0418.jpg | Prob: 0.0000 | Threshold: 0.6000
2025-02-19 08:22:05 - Arquivo: nonclear.0419.jpg | Prob: 0.0002 | Threshold: 0.6000
2025-02-19 08:22:26 - Arquivo: nonclear.0420.jpg | Prob: 0.0000 | Threshold: 0.6000
2025-02-19 08:22:45 - Arquivo: nonclear.0421.jpg | Prob: 0.0000 | Threshold: 0.6000
2025-02-19 08:23:18 - Arquivo: nonclear.0422.jpg | Prob: 0.0000 | Threshold: 0.6000
2025-02-19 08:23:39 - Arquivo: nonclear.0423.jpg | Prob: 0.0000 | Threshold: 0.6000
2025-02-19 08:23:58 - Arquivo: nonclear.0424.jpg | Prob: 0.0000 | Threshold: 0.6000
2025-02-19 08:24:33 - Arquivo: nonclear.0425.jpg | Prob: 0.0007 | Threshold: 0.6000
2025-02-19 08:24:53 - Arquivo: nonclear.0426.jpg | Prob: 0.0001 | Threshold: 0.6000
2025-02-19 08:25:39 - Arquivo: nonclear.0427.jpg | Prob: 0.0001 | Threshold: 0.6000
2025-02-19 08:26:09 - Arquivo: nonclear.0428.jpg | Prob: 0.0000 | Threshold: 0.6000
2025-02-19 08:26:33 - Arquivo: nonclear.0429.jpg | Prob: 0.0000 | Threshold: 0.6000
2025-02-19 08:27:17 - Arquivo: nonclear.0430.jpg | Prob: 0.0001 | Threshold: 0.6000
2025-02-19 08:27:36 - Arquivo: nonclear.0431.jpg | Prob: 0.8000 | Threshold: 0.6000
2025-02-19 08:27:57 - Arquivo: nonclear.0432.jpg | Prob: 0.0019 | Threshold: 0.6000
2025-02-19 08:28:38 - Arquivo: nonclear.0433.jpg | Prob: 0.0056 | Threshold: 0.6000
2025-02-19 08:28:56 - Arquivo: nonclear.0434.jpg | Prob: 0.0000 | Threshold: 0.6000
2025-02-19 08:29:24 - Arquivo: nonclear.0435.jpg | Prob: 0.0000 | Threshold: 0.6000
2025-02-19 08:29:51 - Arquivo: nonclear.0436.jpg | Prob: 0.0000 | Threshold: 0.6000
2025-02-19 08:30:25 - Arquivo: nonclear.0437.jpg | Prob: 0.0225 | Threshold: 0.6000
2025-02-19 08:30:48 - Arquivo: nonclear.0438.jpg | Prob: 0.0000 | Threshold: 0.6000
2025-02-19 08:31:19 - Arquivo: nonclear.0439.jpg | Prob: 0.0000 | Threshold: 0.6000
2025-02-19 08:31:38 - Arquivo: nonclear.0440.jpg | Prob: 0.0000 | Threshold: 0.6000
2025-02-19 08:32:03 - Arquivo: nonclear.0441.jpg | Prob: 0.0000 | Threshold: 0.6000
2025-02-19 08:32:29 - Arquivo: nonclear.0442.jpg | Prob: 0.0000 | Threshold: 0.6000
2025-02-19 08:32:52 - Arquivo: nonclear.0443.jpg | Prob: 0.0010 | Threshold: 0.6000
2025-02-19 08:33:18 - Arquivo: nonclear.0444.jpg | Prob: 0.0000 | Threshold: 0.6000
2025-02-19 08:34:03 - Arquivo: nonclear.0445.jpg | Prob: 0.0000 | Threshold: 0.6000
2025-02-19 08:34:27 - Arquivo: nonclear.0446.jpg | Prob: 0.0000 | Threshold: 0.6000
2025-02-19 08:34:55 - Arquivo: nonclear.0447.jpg | Prob: 0.0000 | Threshold: 0.6000
2025-02-19 08:35:15 - Arquivo: nonclear.0448.jpg | Prob: 0.0001 | Threshold: 0.6000
2025-02-19 08:36:02 - Arquivo: nonclear.0449.jpg | Prob: 0.0000 | Threshold: 0.6000
2025-02-19 08:36:22 - Arquivo: nonclear.0450.jpg | Prob: 0.0003 | Threshold: 0.6000
2025-02-19 08:36:42 - Arquivo: nonclear.0451.jpg | Prob: 0.0000 | Threshold: 0.6000
2025-02-19 08:37:15 - Arquivo: nonclear.0452.jpg | Prob: 0.0000 | Threshold: 0.6000
2025-02-19 08:38:11 - Arquivo: nonclear.0453.jpg | Prob: 0.0159 | Threshold: 0.6000
2025-02-19 08:38:34 - Arquivo: nonclear.0454.jpg | Prob: 0.0000 | Threshold: 0.6000
2025-02-19 08:38:55 - Arquivo: nonclear.0455.jpg | Prob: 0.0000 | Threshold: 0.6000
2025-02-19 08:39:19 - Arquivo: nonclear.0456.jpg | Prob: 0.0027 | Threshold: 0.6000
2025-02-19 08:39:38 - Arquivo: nonclear.0457.jpg | Prob: 0.0000 | Threshold: 0.6000
2025-02-19 08:40:00 - Arquivo: nonclear.0458.jpg | Prob: 0.0000 | Threshold: 0.6000
2025-02-19 08:40:32 - Arquivo: nonclear.0459.jpg | Prob: 0.0000 | Threshold: 0.6000
2025-02-19 08:40:57 - Arquivo: nonclear.0460.jpg | Prob: 0.0000 | Threshold: 0.6000
2025-02-19 08:41:24 - Arquivo: nonclear.0461.jpg | Prob: 0.0000 | Threshold: 0.6000
2025-02-19 08:42:05 - Arquivo: nonclear.0462.jpg | Prob: 0.0000 | Threshold: 0.6000
2025-02-19 08:42:29 - Arquivo: nonclear.0463.jpg | Prob: 0.0000 | Threshold: 0.6000
2025-02-19 08:42:50 - Arquivo: nonclear.0464.jpg | Prob: 0.0014 | Threshold: 0.6000
2025-02-19 08:43:13 - Arquivo: nonclear.0465.jpg | Prob: 0.0000 | Threshold: 0.6000
2025-02-19 08:43:34 - Arquivo: nonclear.0466.jpg | Prob: 0.0000 | Threshold: 0.6000
2025-02-19 08:44:00 - Arquivo: nonclear.0467.jpg | Prob: 0.0000 | Threshold: 0.6000
2025-02-19 08:44:20 - Arquivo: nonclear.0468.jpg | Prob: 0.0000 | Threshold: 0.6000
2025-02-19 08:44:41 - Arquivo: nonclear.0469.jpg | Prob: 0.0003 | Threshold: 0.6000
2025-02-19 08:45:02 - Arquivo: nonclear.0470.jpg | Prob: 0.0000 | Threshold: 0.6000
2025-02-19 08:45:34 - Arquivo: nonclear.0471.jpg | Prob: 0.2349 | Threshold: 0.6000
2025-02-19 08:46:13 - Arquivo: nonclear.0472.jpg | Prob: 0.0000 | Threshold: 0.6000
2025-02-19 08:46:33 - Arquivo: nonclear.0473.jpg | Prob: 0.0000 | Threshold: 0.6000
2025-02-19 08:47:10 - Arquivo: nonclear.0474.jpg | Prob: 0.0000 | Threshold: 0.6000
2025-02-19 08:47:29 - Arquivo: nonclear.0475.jpg | Prob: 0.0000 | Threshold: 0.6000
2025-02-19 08:47:54 - Arquivo: nonclear.0476.jpg | Prob: 0.0000 | Threshold: 0.6000
2025-02-19 08:48:24 - Arquivo: nonclear.0477.jpg | Prob: 0.0016 | Threshold: 0.6000
2025-02-19 08:48:59 - Arquivo: nonclear.0478.jpg | Prob: 0.0000 | Threshold: 0.6000
2025-02-19 08:49:18 - Arquivo: nonclear.0479.jpg | Prob: 0.0000 | Threshold: 0.6000
2025-02-19 08:49:38 - Arquivo: nonclear.0480.jpg | Prob: 0.0000 | Threshold: 0.6000
2025-02-19 08:50:03 - Arquivo: nonclear.0481.jpg | Prob: 0.0000 | Threshold: 0.6000
2025-02-19 08:50:28 - Arquivo: nonclear.0482.jpg | Prob: 0.0000 | Threshold: 0.6000
2025-02-19 08:50:54 - Arquivo: nonclear.0483.jpg | Prob: 0.0000 | Threshold: 0.6000
2025-02-19 08:51:22 - Arquivo: nonclear.0484.jpg | Prob: 0.0000 | Threshold: 0.6000
2025-02-19 08:52:01 - Arquivo: nonclear.0485.jpg | Prob: 0.0000 | Threshold: 0.6000
2025-02-19 08:52:38 - Arquivo: nonclear.0486.jpg | Prob: 0.0000 | Threshold: 0.6000
2025-02-19 08:52:57 - Arquivo: nonclear.0487.jpg | Prob: 0.0004 | Threshold: 0.6000
2025-02-19 08:53:16 - Arquivo: nonclear.0488.jpg | Prob: 0.0001 | Threshold: 0.6000
2025-02-19 08:53:35 - Arquivo: nonclear.0489.jpg | Prob: 0.0000 | Threshold: 0.6000
2025-02-19 08:54:00 - Arquivo: nonclear.0490.jpg | Prob: 0.0004 | Threshold: 0.6000
2025-02-19 08:54:21 - Arquivo: nonclear.0491.jpg | Prob: 0.0000 | Threshold: 0.6000
2025-02-19 08:55:00 - Arquivo: nonclear.0492.jpg | Prob: 0.0000 | Threshold: 0.6000
2025-02-19 08:55:20 - Arquivo: nonclear.0493.jpg | Prob: 0.0000 | Threshold: 0.6000
2025-02-19 08:56:00 - Arquivo: nonclear.0494.jpg | Prob: 0.0000 | Threshold: 0.6000
2025-02-19 08:56:24 - Arquivo: nonclear.0495.jpg | Prob: 0.0000 | Threshold: 0.6000
2025-02-19 08:56:43 - Arquivo: nonclear.0496.jpg | Prob: 0.0000 | Threshold: 0.6000
2025-02-19 08:57:03 - Arquivo: nonclear.0497.jpg | Prob: 0.0003 | Threshold: 0.6000
2025-02-19 08:57:43 - Arquivo: nonclear.0498.jpg | Prob: 0.0000 | Threshold: 0.6000
2025-02-19 08:58:15 - Arquivo: nonclear.0499.jpg | Prob: 0.0013 | Threshold: 0.6000
2025-02-19 08:59:03 - Arquivo: nonclear.0500.jpg | Prob: 0.0000 | Threshold: 0.6000
2025-02-19 08:59:22 - Arquivo: nonclear.0501.jpg | Prob: 0.0039 | Threshold: 0.6000
2025-02-19 09:00:04 - Arquivo: nonclear.0502.jpg | Prob: 0.0000 | Threshold: 0.6000
2025-02-19 09:00:24 - Arquivo: nonclear.0503.jpg | Prob: 0.0048 | Threshold: 0.6000
2025-02-19 09:00:44 - Arquivo: nonclear.0504.jpg | Prob: 0.0068 | Threshold: 0.6000
2025-02-19 09:01:04 - Arquivo: nonclear.0505.jpg | Prob: 0.0004 | Threshold: 0.6000
2025-02-19 09:01:23 - Arquivo: nonclear.0506.jpg | Prob: 0.0004 | Threshold: 0.6000
2025-02-19 09:01:43 - Arquivo: nonclear.0507.jpg | Prob: 0.0007 | Threshold: 0.6000
2025-02-19 09:02:03 - Arquivo: nonclear.0508.jpg | Prob: 0.0000 | Threshold: 0.6000
2025-02-19 09:02:48 - Arquivo: nonclear.0509.jpg | Prob: 0.0000 | Threshold: 0.6000
2025-02-19 09:03:07 - Arquivo: nonclear.0510.jpg | Prob: 0.0001 | Threshold: 0.6000
2025-02-19 09:03:52 - Arquivo: nonclear.0511.jpg | Prob: 0.0000 | Threshold: 0.6000
2025-02-19 09:04:16 - Arquivo: nonclear.0512.jpg | Prob: 0.0005 | Threshold: 0.6000
2025-02-19 09:04:51 - Arquivo: nonclear.0513.jpg | Prob: 0.0091 | Threshold: 0.6000
2025-02-19 09:05:11 - Arquivo: nonclear.0514.jpg | Prob: 0.0002 | Threshold: 0.6000
2025-02-19 09:05:31 - Arquivo: nonclear.0515.jpg | Prob: 0.0002 | Threshold: 0.6000
2025-02-19 09:06:02 - Arquivo: nonclear.0516.jpg | Prob: 0.0000 | Threshold: 0.6000
2025-02-19 09:06:31 - Arquivo: nonclear.0517.jpg | Prob: 0.0000 | Threshold: 0.6000
2025-02-19 09:06:51 - Arquivo: nonclear.0518.jpg | Prob: 0.0000 | Threshold: 0.6000
2025-02-19 09:07:17 - Arquivo: nonclear.0519.jpg | Prob: 0.0000 | Threshold: 0.6000
2025-02-19 09:07:50 - Arquivo: nonclear.0520.jpg | Prob: 0.0017 | Threshold: 0.6000
2025-02-19 09:08:11 - Arquivo: nonclear.0521.jpg | Prob: 0.0003 | Threshold: 0.6000
2025-02-19 09:08:30 - Arquivo: nonclear.0522.jpg | Prob: 0.0006 | Threshold: 0.6000
2025-02-19 09:08:49 - Arquivo: nonclear.0523.jpg | Prob: 0.0000 | Threshold: 0.6000
2025-02-19 09:09:13 - Arquivo: nonclear.0524.jpg | Prob: 0.0000 | Threshold: 0.6000
2025-02-19 09:09:40 - Arquivo: nonclear.0525.jpg | Prob: 0.0130 | Threshold: 0.6000
2025-02-19 09:09:59 - Arquivo: nonclear.0526.jpg | Prob: 0.0026 | Threshold: 0.6000
2025-02-19 09:10:19 - Arquivo: nonclear.0527.jpg | Prob: 0.0001 | Threshold: 0.6000
2025-02-19 09:10:37 - Arquivo: nonclear.0528.jpg | Prob: 0.0001 | Threshold: 0.6000
2025-02-19 09:11:14 - Arquivo: nonclear.0529.jpg | Prob: 0.0000 | Threshold: 0.6000
2025-02-19 09:12:15 - Arquivo: nonclear.0530.jpg | Prob: 0.0000 | Threshold: 0.6000
2025-02-19 09:12:45 - Arquivo: nonclear.0531.jpg | Prob: 0.0000 | Threshold: 0.6000
2025-02-19 09:13:15 - Arquivo: nonclear.0532.jpg | Prob: 0.0000 | Threshold: 0.6000
2025-02-19 09:13:35 - Arquivo: nonclear.0533.jpg | Prob: 0.0000 | Threshold: 0.6000
2025-02-19 09:14:08 - Arquivo: nonclear.0534.jpg | Prob: 0.0111 | Threshold: 0.6000
2025-02-19 09:14:35 - Arquivo: nonclear.0535.jpg | Prob: 0.7313 | Threshold: 0.6000
2025-02-19 09:15:00 - Arquivo: nonclear.0536.jpg | Prob: 0.5501 | Threshold: 0.6000
2025-02-19 09:15:27 - Arquivo: nonclear.0537.jpg | Prob: 0.0003 | Threshold: 0.6000
2025-02-19 09:16:03 - Arquivo: nonclear.0538.jpg | Prob: 0.0000 | Threshold: 0.6000
2025-02-19 09:16:37 - Arquivo: nonclear.0539.jpg | Prob: 0.0022 | Threshold: 0.6000
2025-02-19 09:17:09 - Arquivo: nonclear.0540.jpg | Prob: 0.0001 | Threshold: 0.6000
2025-02-19 09:17:40 - Arquivo: nonclear.0541.jpg | Prob: 0.0000 | Threshold: 0.6000
2025-02-19 09:18:17 - Arquivo: nonclear.0542.jpg | Prob: 0.0000 | Threshold: 0.6000
2025-02-19 09:18:39 - Arquivo: nonclear.0543.jpg | Prob: 0.0000 | Threshold: 0.6000
2025-02-19 09:19:00 - Arquivo: nonclear.0544.jpg | Prob: 0.2411 | Threshold: 0.6000
2025-02-19 09:19:21 - Arquivo: nonclear.0545.jpg | Prob: 0.2343 | Threshold: 0.6000
2025-02-19 09:19:42 - Arquivo: nonclear.0546.jpg | Prob: 0.0001 | Threshold: 0.6000
2025-02-19 09:20:04 - Arquivo: nonclear.0547.jpg | Prob: 0.0000 | Threshold: 0.6000
2025-02-19 09:20:27 - Arquivo: nonclear.0548.jpg | Prob: 0.0000 | Threshold: 0.6000
2025-02-19 09:21:05 - Arquivo: nonclear.0549.jpg | Prob: 0.0000 | Threshold: 0.6000
2025-02-19 09:21:25 - Arquivo: nonclear.0550.jpg | Prob: 0.0000 | Threshold: 0.6000
2025-02-19 09:21:59 - Arquivo: nonclear.0551.jpg | Prob: 0.0000 | Threshold: 0.6000
2025-02-19 09:22:28 - Arquivo: nonclear.0552.jpg | Prob: 0.0000 | Threshold: 0.6000
2025-02-19 09:23:07 - Arquivo: nonclear.0553.jpg | Prob: 0.0000 | Threshold: 0.6000
2025-02-19 09:23:29 - Arquivo: nonclear.0554.jpg | Prob: 0.0002 | Threshold: 0.6000
2025-02-19 09:24:03 - Arquivo: nonclear.0555.jpg | Prob: 0.0000 | Threshold: 0.6000
2025-02-19 09:24:31 - Arquivo: nonclear.0556.jpg | Prob: 0.0002 | Threshold: 0.6000
2025-02-19 09:24:52 - Arquivo: nonclear.0557.jpg | Prob: 0.0001 | Threshold: 0.6000
2025-02-19 09:25:33 - Arquivo: nonclear.0558.jpg | Prob: 0.0000 | Threshold: 0.6000
2025-02-19 09:26:07 - Arquivo: nonclear.0559.jpg | Prob: 0.0000 | Threshold: 0.6000
2025-02-19 09:26:39 - Arquivo: nonclear.0560.jpg | Prob: 0.0000 | Threshold: 0.6000
2025-02-19 09:27:00 - Arquivo: nonclear.0561.jpg | Prob: 0.0559 | Threshold: 0.6000
2025-02-19 09:27:28 - Arquivo: nonclear.0562.jpg | Prob: 0.0002 | Threshold: 0.6000
2025-02-19 09:27:55 - Arquivo: nonclear.0563.jpg | Prob: 0.0210 | Threshold: 0.6000
2025-02-19 09:28:29 - Arquivo: nonclear.0564.jpg | Prob: 0.0000 | Threshold: 0.6000
2025-02-19 09:29:04 - Arquivo: nonclear.0565.jpg | Prob: 0.0000 | Threshold: 0.6000
2025-02-19 09:29:38 - Arquivo: nonclear.0566.jpg | Prob: 0.0000 | Threshold: 0.6000
2025-02-19 09:30:18 - Arquivo: nonclear.0567.jpg | Prob: 0.0002 | Threshold: 0.6000
2025-02-19 09:30:54 - Arquivo: nonclear.0568.jpg | Prob: 0.2587 | Threshold: 0.6000
2025-02-19 09:31:50 - Arquivo: nonclear.0569.jpg | Prob: 0.0000 | Threshold: 0.6000
2025-02-19 09:32:20 - Arquivo: nonclear.0570.jpg | Prob: 0.0000 | Threshold: 0.6000
2025-02-19 09:32:40 - Arquivo: nonclear.0571.jpg | Prob: 0.0165 | Threshold: 0.6000
2025-02-19 09:32:59 - Arquivo: nonclear.0572.jpg | Prob: 0.0000 | Threshold: 0.6000
2025-02-19 09:33:20 - Arquivo: nonclear.0573.jpg | Prob: 0.8172 | Threshold: 0.6000
2025-02-19 09:33:40 - Arquivo: nonclear.0574.jpg | Prob: 0.0001 | Threshold: 0.6000
2025-02-19 09:34:00 - Arquivo: nonclear.0575.jpg | Prob: 0.0425 | Threshold: 0.6000
2025-02-19 09:34:29 - Arquivo: nonclear.0576.jpg | Prob: 0.0000 | Threshold: 0.6000
2025-02-19 09:34:50 - Arquivo: nonclear.0577.jpg | Prob: 0.0000 | Threshold: 0.6000
2025-02-19 09:35:11 - Arquivo: nonclear.0578.jpg | Prob: 0.0000 | Threshold: 0.6000
2025-02-19 09:35:32 - Arquivo: nonclear.0579.jpg | Prob: 0.0000 | Threshold: 0.6000
2025-02-19 09:35:51 - Arquivo: nonclear.0580.jpg | Prob: 0.1865 | Threshold: 0.6000
2025-02-19 09:36:13 - Arquivo: nonclear.0581.jpg | Prob: 0.0000 | Threshold: 0.6000
2025-02-19 09:36:35 - Arquivo: nonclear.0582.jpg | Prob: 0.0000 | Threshold: 0.6000
2025-02-19 09:36:56 - Arquivo: nonclear.0583.jpg | Prob: 0.0000 | Threshold: 0.6000
2025-02-19 09:37:20 - Arquivo: nonclear.0584.jpg | Prob: 0.0006 | Threshold: 0.6000
2025-02-19 09:37:52 - Arquivo: nonclear.0585.jpg | Prob: 0.0000 | Threshold: 0.6000
2025-02-19 09:38:13 - Arquivo: nonclear.0586.jpg | Prob: 0.0000 | Threshold: 0.6000
2025-02-19 09:38:35 - Arquivo: nonclear.0587.jpg | Prob: 0.0000 | Threshold: 0.6000
2025-02-19 09:39:22 - Arquivo: nonclear.0588.jpg | Prob: 0.0018 | Threshold: 0.6000
2025-02-19 09:39:43 - Arquivo: nonclear.0589.jpg | Prob: 0.0045 | Threshold: 0.6000
2025-02-19 09:40:04 - Arquivo: nonclear.0590.jpg | Prob: 0.0003 | Threshold: 0.6000
2025-02-19 09:40:28 - Arquivo: nonclear.0591.jpg | Prob: 0.0015 | Threshold: 0.6000
2025-02-19 09:40:51 - Arquivo: nonclear.0592.jpg | Prob: 0.0000 | Threshold: 0.6000
2025-02-19 09:41:18 - Arquivo: nonclear.0593.jpg | Prob: 0.0000 | Threshold: 0.6000
2025-02-19 09:41:56 - Arquivo: nonclear.0594.jpg | Prob: 0.0000 | Threshold: 0.6000
2025-02-19 09:42:17 - Arquivo: nonclear.0595.jpg | Prob: 0.0000 | Threshold: 0.6000
2025-02-19 09:42:37 - Arquivo: nonclear.0596.jpg | Prob: 0.0252 | Threshold: 0.6000
2025-02-19 09:43:20 - Arquivo: nonclear.0597.jpg | Prob: 0.0000 | Threshold: 0.6000
2025-02-19 09:43:41 - Arquivo: nonclear.0598.jpg | Prob: 0.0000 | Threshold: 0.6000
2025-02-19 09:44:02 - Arquivo: nonclear.0599.jpg | Prob: 0.0001 | Threshold: 0.6000
2025-02-19 09:44:23 - Arquivo: nonclear.0600.jpg | Prob: 0.0001 | Threshold: 0.6000
2025-02-19 09:45:16 - Arquivo: nonclear.0601.jpg | Prob: 0.0003 | Threshold: 0.6000
2025-02-19 09:45:36 - Arquivo: nonclear.0602.jpg | Prob: 0.0002 | Threshold: 0.6000
2025-02-19 09:46:01 - Arquivo: nonclear.0603.jpg | Prob: 0.0001 | Threshold: 0.6000
2025-02-19 09:46:21 - Arquivo: nonclear.0604.jpg | Prob: 0.0006 | Threshold: 0.6000
2025-02-19 09:46:47 - Arquivo: nonclear.0605.jpg | Prob: 0.0056 | Threshold: 0.6000
2025-02-19 09:47:07 - Arquivo: nonclear.0606.jpg | Prob: 0.0000 | Threshold: 0.6000
2025-02-19 09:47:29 - Arquivo: nonclear.0607.jpg | Prob: 0.0001 | Threshold: 0.6000
2025-02-19 09:48:05 - Arquivo: nonclear.0608.jpg | Prob: 0.0001 | Threshold: 0.6000
2025-02-19 09:48:31 - Arquivo: nonclear.0609.jpg | Prob: 0.0000 | Threshold: 0.6000
2025-02-19 09:48:53 - Arquivo: nonclear.0610.jpg | Prob: 0.0000 | Threshold: 0.6000
2025-02-19 09:49:12 - Arquivo: nonclear.0611.jpg | Prob: 0.0003 | Threshold: 0.6000
2025-02-19 09:49:51 - Arquivo: nonclear.0612.jpg | Prob: 0.0335 | Threshold: 0.6000
2025-02-19 09:50:11 - Arquivo: nonclear.0613.jpg | Prob: 0.0060 | Threshold: 0.6000
2025-02-19 09:50:36 - Arquivo: nonclear.0614.jpg | Prob: 0.0002 | Threshold: 0.6000
2025-02-19 09:50:56 - Arquivo: nonclear.0615.jpg | Prob: 0.0006 | Threshold: 0.6000
2025-02-19 09:51:18 - Arquivo: nonclear.0616.jpg | Prob: 0.0000 | Threshold: 0.6000
2025-02-19 09:51:38 - Arquivo: nonclear.0617.jpg | Prob: 0.0005 | Threshold: 0.6000
2025-02-19 09:52:08 - Arquivo: nonclear.0618.jpg | Prob: 0.0000 | Threshold: 0.6000
2025-02-19 09:52:29 - Arquivo: nonclear.0619.jpg | Prob: 0.0025 | Threshold: 0.6000
2025-02-19 09:52:50 - Arquivo: nonclear.0620.jpg | Prob: 0.0017 | Threshold: 0.6000
2025-02-19 09:53:10 - Arquivo: nonclear.0621.jpg | Prob: 0.0000 | Threshold: 0.6000
2025-02-19 09:53:43 - Arquivo: nonclear.0622.jpg | Prob: 0.0001 | Threshold: 0.6000
2025-02-19 09:54:03 - Arquivo: nonclear.0623.jpg | Prob: 0.0012 | Threshold: 0.6000
2025-02-19 09:54:53 - Arquivo: nonclear.0624.jpg | Prob: 0.0000 | Threshold: 0.6000
2025-02-19 09:55:14 - Arquivo: nonclear.0625.jpg | Prob: 0.0000 | Threshold: 0.6000
2025-02-19 09:56:09 - Arquivo: nonclear.0626.jpg | Prob: 0.7377 | Threshold: 0.6000
2025-02-19 09:56:43 - Arquivo: nonclear.0627.jpg | Prob: 0.0003 | Threshold: 0.6000
2025-02-19 09:57:02 - Arquivo: nonclear.0628.jpg | Prob: 0.0005 | Threshold: 0.6000
2025-02-19 09:57:28 - Arquivo: nonclear.0629.jpg | Prob: 0.0001 | Threshold: 0.6000
2025-02-19 09:58:12 - Arquivo: nonclear.0630.jpg | Prob: 0.0000 | Threshold: 0.6000
2025-02-19 09:58:33 - Arquivo: nonclear.0631.jpg | Prob: 0.0000 | Threshold: 0.6000
2025-02-19 09:59:06 - Arquivo: nonclear.0632.jpg | Prob: 0.0000 | Threshold: 0.6000
2025-02-19 09:59:32 - Arquivo: nonclear.0633.jpg | Prob: 0.0000 | Threshold: 0.6000
2025-02-19 09:59:51 - Arquivo: nonclear.0634.jpg | Prob: 0.0000 | Threshold: 0.6000
2025-02-19 10:00:12 - Arquivo: nonclear.0635.jpg | Prob: 0.0011 | Threshold: 0.6000
2025-02-19 10:00:32 - Arquivo: nonclear.0636.jpg | Prob: 0.0001 | Threshold: 0.6000
2025-02-19 10:00:56 - Arquivo: nonclear.0637.jpg | Prob: 0.0000 | Threshold: 0.6000
2025-02-19 10:01:23 - Arquivo: nonclear.0638.jpg | Prob: 0.0016 | Threshold: 0.6000
2025-02-19 10:01:43 - Arquivo: nonclear.0639.jpg | Prob: 0.0002 | Threshold: 0.6000
2025-02-19 10:02:03 - Arquivo: nonclear.0640.jpg | Prob: 0.9890 | Threshold: 0.6000
2025-02-19 10:02:47 - Arquivo: nonclear.0641.jpg | Prob: 0.0008 | Threshold: 0.6000
2025-02-19 10:03:13 - Arquivo: nonclear.0642.jpg | Prob: 0.0000 | Threshold: 0.6000
2025-02-19 10:03:39 - Arquivo: nonclear.0643.jpg | Prob: 0.0000 | Threshold: 0.6000
2025-02-19 10:04:04 - Arquivo: nonclear.0644.jpg | Prob: 0.0000 | Threshold: 0.6000
2025-02-19 10:04:40 - Arquivo: nonclear.0645.jpg | Prob: 0.0115 | Threshold: 0.6000
2025-02-19 10:05:00 - Arquivo: nonclear.0646.jpg | Prob: 0.8040 | Threshold: 0.6000
2025-02-19 10:05:24 - Arquivo: nonclear.0647.jpg | Prob: 0.0001 | Threshold: 0.6000
2025-02-19 10:05:53 - Arquivo: nonclear.0648.jpg | Prob: 0.0001 | Threshold: 0.6000
2025-02-19 10:06:25 - Arquivo: nonclear.0649.jpg | Prob: 0.0000 | Threshold: 0.6000
2025-02-19 10:06:45 - Arquivo: nonclear.0650.jpg | Prob: 0.0000 | Threshold: 0.6000
2025-02-19 10:07:06 - Arquivo: nonclear.0651.jpg | Prob: 0.0000 | Threshold: 0.6000
2025-02-19 10:07:39 - Arquivo: nonclear.0652.jpg | Prob: 0.3738 | Threshold: 0.6000
2025-02-19 10:08:00 - Arquivo: nonclear.0653.jpg | Prob: 0.8848 | Threshold: 0.6000
2025-02-19 10:08:26 - Arquivo: nonclear.0654.jpg | Prob: 0.0000 | Threshold: 0.6000
2025-02-19 10:08:55 - Arquivo: nonclear.0655.jpg | Prob: 0.0000 | Threshold: 0.6000
2025-02-19 10:09:39 - Arquivo: nonclear.0656.jpg | Prob: 0.0000 | Threshold: 0.6000
2025-02-19 10:09:59 - Arquivo: nonclear.0657.jpg | Prob: 0.0000 | Threshold: 0.6000
2025-02-19 10:10:19 - Arquivo: nonclear.0658.jpg | Prob: 0.0002 | Threshold: 0.6000
2025-02-19 10:10:43 - Arquivo: nonclear.0659.jpg | Prob: 0.1309 | Threshold: 0.6000
2025-02-19 10:11:04 - Arquivo: nonclear.0660.jpg | Prob: 0.0000 | Threshold: 0.6000
2025-02-19 10:11:24 - Arquivo: nonclear.0661.jpg | Prob: 0.0001 | Threshold: 0.6000
2025-02-19 10:11:44 - Arquivo: nonclear.0662.jpg | Prob: 0.0000 | Threshold: 0.6000
2025-02-19 10:12:03 - Arquivo: nonclear.0663.jpg | Prob: 0.0000 | Threshold: 0.6000
2025-02-19 10:12:46 - Arquivo: nonclear.0664.jpg | Prob: 0.0000 | Threshold: 0.6000
2025-02-19 10:13:24 - Arquivo: nonclear.0665.jpg | Prob: 0.0000 | Threshold: 0.6000
2025-02-19 10:13:45 - Arquivo: nonclear.0666.jpg | Prob: 0.0000 | Threshold: 0.6000
2025-02-19 10:14:08 - Arquivo: nonclear.0667.jpg | Prob: 0.0008 | Threshold: 0.6000
2025-02-19 10:14:31 - Arquivo: nonclear.0668.jpg | Prob: 0.0016 | Threshold: 0.6000
2025-02-19 10:14:54 - Arquivo: nonclear.0669.jpg | Prob: 0.0000 | Threshold: 0.6000
2025-02-19 10:15:22 - Arquivo: nonclear.0670.jpg | Prob: 0.9598 | Threshold: 0.6000
2025-02-19 10:15:43 - Arquivo: nonclear.0671.jpg | Prob: 0.0000 | Threshold: 0.6000
2025-02-19 10:16:20 - Arquivo: nonclear.0672.jpg | Prob: 0.0000 | Threshold: 0.6000
2025-02-19 10:16:44 - Arquivo: nonclear.0673.jpg | Prob: 0.0000 | Threshold: 0.6000
2025-02-19 10:17:33 - Arquivo: nonclear.0674.jpg | Prob: 0.0000 | Threshold: 0.6000
2025-02-19 10:18:15 - Arquivo: nonclear.0675.jpg | Prob: 0.0023 | Threshold: 0.6000
2025-02-19 10:18:38 - Arquivo: nonclear.0676.jpg | Prob: 0.0000 | Threshold: 0.6000
2025-02-19 10:19:15 - Arquivo: nonclear.0677.jpg | Prob: 0.0000 | Threshold: 0.6000
2025-02-19 10:19:54 - Arquivo: nonclear.0678.jpg | Prob: 0.0000 | Threshold: 0.6000
2025-02-19 10:20:28 - Arquivo: nonclear.0679.jpg | Prob: 0.0001 | Threshold: 0.6000
2025-02-19 10:20:54 - Arquivo: nonclear.0680.jpg | Prob: 0.0111 | Threshold: 0.6000
2025-02-19 10:21:21 - Arquivo: nonclear.0681.jpg | Prob: 0.0028 | Threshold: 0.6000
2025-02-19 10:21:43 - Arquivo: nonclear.0682.jpg | Prob: 0.0000 | Threshold: 0.6000
2025-02-19 10:22:14 - Arquivo: nonclear.0683.jpg | Prob: 0.0000 | Threshold: 0.6000
2025-02-19 10:22:49 - Arquivo: nonclear.0684.jpg | Prob: 0.0002 | Threshold: 0.6000
2025-02-19 10:23:09 - Arquivo: nonclear.0685.jpg | Prob: 0.0000 | Threshold: 0.6000
2025-02-19 10:23:40 - Arquivo: nonclear.0686.jpg | Prob: 0.0000 | Threshold: 0.6000
2025-02-19 10:24:00 - Arquivo: nonclear.0687.jpg | Prob: 0.0065 | Threshold: 0.6000
2025-02-19 10:24:35 - Arquivo: nonclear.0688.jpg | Prob: 0.0106 | Threshold: 0.6000
2025-02-19 10:25:08 - Arquivo: nonclear.0689.jpg | Prob: 0.0000 | Threshold: 0.6000
2025-02-19 10:25:33 - Arquivo: nonclear.0690.jpg | Prob: 0.0000 | Threshold: 0.6000
2025-02-19 10:26:27 - Arquivo: nonclear.0691.jpg | Prob: 0.0000 | Threshold: 0.6000
2025-02-19 10:27:08 - Arquivo: nonclear.0692.jpg | Prob: 0.0000 | Threshold: 0.6000
2025-02-19 10:27:35 - Arquivo: nonclear.0693.jpg | Prob: 0.0679 | Threshold: 0.6000
2025-02-19 10:28:05 - Arquivo: nonclear.0694.jpg | Prob: 0.0049 | Threshold: 0.6000
2025-02-19 10:29:00 - Arquivo: nonclear.0695.jpg | Prob: 0.0438 | Threshold: 0.6000
2025-02-19 10:29:20 - Arquivo: nonclear.0696.jpg | Prob: 0.0001 | Threshold: 0.6000
2025-02-19 10:30:08 - Arquivo: nonclear.0697.jpg | Prob: 0.0000 | Threshold: 0.6000
2025-02-19 10:30:31 - Arquivo: nonclear.0698.jpg | Prob: 0.0000 | Threshold: 0.6000
2025-02-19 10:30:57 - Arquivo: nonclear.0699.jpg | Prob: 0.0000 | Threshold: 0.6000
2025-02-19 10:31:45 - Arquivo: nonclear.0700.jpg | Prob: 0.0001 | Threshold: 0.6000
2025-02-19 10:32:06 - Arquivo: nonclear.0701.jpg | Prob: 0.2565 | Threshold: 0.6000
2025-02-19 10:32:37 - Arquivo: nonclear.0702.jpg | Prob: 0.0000 | Threshold: 0.6000
2025-02-19 10:33:02 - Arquivo: nonclear.0703.jpg | Prob: 0.0000 | Threshold: 0.6000
2025-02-19 10:33:35 - Arquivo: nonclear.0704.jpg | Prob: 0.0000 | Threshold: 0.6000
2025-02-19 10:34:29 - Arquivo: nonclear.0705.jpg | Prob: 0.0000 | Threshold: 0.6000
2025-02-19 10:34:49 - Arquivo: nonclear.0706.jpg | Prob: 0.0002 | Threshold: 0.6000
2025-02-19 10:35:23 - Arquivo: nonclear.0707.jpg | Prob: 0.0000 | Threshold: 0.6000
2025-02-19 10:35:53 - Arquivo: nonclear.0708.jpg | Prob: 0.0000 | Threshold: 0.6000
2025-02-19 10:36:33 - Arquivo: nonclear.0709.jpg | Prob: 0.0001 | Threshold: 0.6000
2025-02-19 10:36:58 - Arquivo: nonclear.0710.jpg | Prob: 0.0000 | Threshold: 0.6000
2025-02-19 10:37:21 - Arquivo: nonclear.0711.jpg | Prob: 0.0000 | Threshold: 0.6000
2025-02-19 10:37:44 - Arquivo: nonclear.0712.jpg | Prob: 0.0000 | Threshold: 0.6000
2025-02-19 10:38:19 - Arquivo: nonclear.0713.jpg | Prob: 0.0000 | Threshold: 0.6000
2025-02-19 10:38:42 - Arquivo: nonclear.0714.jpg | Prob: 0.2111 | Threshold: 0.6000
2025-02-19 10:39:05 - Arquivo: nonclear.0715.jpg | Prob: 0.0002 | Threshold: 0.6000
2025-02-19 10:39:46 - Arquivo: nonclear.0716.jpg | Prob: 0.0107 | Threshold: 0.6000
2025-02-19 10:40:23 - Arquivo: nonclear.0717.jpg | Prob: 0.0000 | Threshold: 0.6000
2025-02-19 10:40:44 - Arquivo: nonclear.0718.jpg | Prob: 0.1960 | Threshold: 0.6000
2025-02-19 10:41:08 - Arquivo: nonclear.0719.jpg | Prob: 0.0005 | Threshold: 0.6000
2025-02-19 10:41:48 - Arquivo: nonclear.0720.jpg | Prob: 0.0000 | Threshold: 0.6000
2025-02-19 10:42:25 - Arquivo: nonclear.0721.jpg | Prob: 0.0000 | Threshold: 0.6000
2025-02-19 10:42:49 - Arquivo: nonclear.0722.jpg | Prob: 0.0002 | Threshold: 0.6000
2025-02-19 10:43:17 - Arquivo: nonclear.0723.jpg | Prob: 0.0000 | Threshold: 0.6000
2025-02-19 10:43:49 - Arquivo: nonclear.0724.jpg | Prob: 0.0000 | Threshold: 0.6000
2025-02-19 10:44:19 - Arquivo: nonclear.0725.jpg | Prob: 0.0000 | Threshold: 0.6000
2025-02-19 10:44:55 - Arquivo: nonclear.0726.jpg | Prob: 0.0000 | Threshold: 0.6000
2025-02-19 10:45:18 - Arquivo: nonclear.0727.jpg | Prob: 0.0004 | Threshold: 0.6000
2025-02-19 10:45:57 - Arquivo: nonclear.0728.jpg | Prob: 0.0268 | Threshold: 0.6000
2025-02-19 10:46:31 - Arquivo: nonclear.0729.jpg | Prob: 0.0001 | Threshold: 0.6000
2025-02-19 10:47:01 - Arquivo: nonclear.0730.jpg | Prob: 0.2910 | Threshold: 0.6000
2025-02-19 10:47:25 - Arquivo: nonclear.0731.jpg | Prob: 0.0000 | Threshold: 0.6000
2025-02-19 10:47:48 - Arquivo: nonclear.0732.jpg | Prob: 0.0000 | Threshold: 0.6000
2025-02-19 10:48:34 - Arquivo: nonclear.0733.jpg | Prob: 0.0000 | Threshold: 0.6000
2025-02-19 10:49:01 - Arquivo: nonclear.0734.jpg | Prob: 0.0000 | Threshold: 0.6000
2025-02-19 10:49:26 - Arquivo: nonclear.0735.jpg | Prob: 0.0000 | Threshold: 0.6000
2025-02-19 10:50:11 - Arquivo: nonclear.0736.jpg | Prob: 0.0000 | Threshold: 0.6000
2025-02-19 10:50:36 - Arquivo: nonclear.0737.jpg | Prob: 0.0000 | Threshold: 0.6000
2025-02-19 10:51:00 - Arquivo: nonclear.0738.jpg | Prob: 0.0000 | Threshold: 0.6000
2025-02-19 10:51:40 - Arquivo: nonclear.0739.jpg | Prob: 0.0000 | Threshold: 0.6000
2025-02-19 10:52:03 - Arquivo: nonclear.0740.jpg | Prob: 0.0025 | Threshold: 0.6000
2025-02-19 10:52:28 - Arquivo: nonclear.0741.jpg | Prob: 0.0001 | Threshold: 0.6000
2025-02-19 10:52:49 - Arquivo: nonclear.0742.jpg | Prob: 0.1277 | Threshold: 0.6000
2025-02-19 10:53:18 - Arquivo: nonclear.0743.jpg | Prob: 0.0000 | Threshold: 0.6000
2025-02-19 10:54:01 - Arquivo: nonclear.0744.jpg | Prob: 0.0000 | Threshold: 0.6000
2025-02-19 10:54:24 - Arquivo: nonclear.0745.jpg | Prob: 0.0000 | Threshold: 0.6000
2025-02-19 10:54:46 - Arquivo: nonclear.0746.jpg | Prob: 0.0000 | Threshold: 0.6000
2025-02-19 10:55:18 - Arquivo: nonclear.0747.jpg | Prob: 0.0000 | Threshold: 0.6000
2025-02-19 10:55:42 - Arquivo: nonclear.0748.jpg | Prob: 0.0000 | Threshold: 0.6000
2025-02-19 10:56:12 - Arquivo: nonclear.0749.jpg | Prob: 0.0000 | Threshold: 0.6000
2025-02-19 10:56:35 - Arquivo: nonclear.0750.jpg | Prob: 0.0000 | Threshold: 0.6000
2025-02-19 10:56:57 - Arquivo: nonclear.0751.jpg | Prob: 0.0000 | Threshold: 0.6000
2025-02-19 10:57:31 - Arquivo: nonclear.0752.jpg | Prob: 0.0000 | Threshold: 0.6000
2025-02-19 10:57:53 - Arquivo: nonclear.0753.jpg | Prob: 0.0001 | Threshold: 0.6000
2025-02-19 10:58:39 - Arquivo: nonclear.0754.jpg | Prob: 0.0000 | Threshold: 0.6000
2025-02-19 10:59:03 - Arquivo: nonclear.0755.jpg | Prob: 0.0000 | Threshold: 0.6000
2025-02-19 10:59:41 - Arquivo: nonclear.0756.jpg | Prob: 0.0000 | Threshold: 0.6000
2025-02-19 11:00:16 - Arquivo: nonclear.0757.jpg | Prob: 0.0000 | Threshold: 0.6000
2025-02-19 11:00:48 - Arquivo: nonclear.0758.jpg | Prob: 0.0000 | Threshold: 0.6000
2025-02-19 11:01:09 - Arquivo: nonclear.0759.jpg | Prob: 0.0000 | Threshold: 0.6000
2025-02-19 11:01:44 - Arquivo: nonclear.0760.jpg | Prob: 0.0012 | Threshold: 0.6000
2025-02-19 11:02:04 - Arquivo: nonclear.0761.jpg | Prob: 0.0005 | Threshold: 0.6000
2025-02-19 11:02:55 - Arquivo: nonclear.0762.jpg | Prob: 0.0006 | Threshold: 0.6000
2025-02-19 11:03:22 - Arquivo: nonclear.0763.jpg | Prob: 0.0031 | Threshold: 0.6000
2025-02-19 11:03:43 - Arquivo: nonclear.0764.jpg | Prob: 0.0068 | Threshold: 0.6000
2025-02-19 11:04:13 - Arquivo: nonclear.0765.jpg | Prob: 0.0000 | Threshold: 0.6000
2025-02-19 11:04:38 - Arquivo: nonclear.0766.jpg | Prob: 0.0002 | Threshold: 0.6000
2025-02-19 11:04:59 - Arquivo: nonclear.0767.jpg | Prob: 0.0016 | Threshold: 0.6000
2025-02-19 11:05:20 - Arquivo: nonclear.0768.jpg | Prob: 0.0027 | Threshold: 0.6000
2025-02-19 11:05:51 - Arquivo: nonclear.0769.jpg | Prob: 0.0025 | Threshold: 0.6000
2025-02-19 11:06:12 - Arquivo: nonclear.0770.jpg | Prob: 0.0001 | Threshold: 0.6000
2025-02-19 11:07:00 - Arquivo: nonclear.0771.jpg | Prob: 0.0000 | Threshold: 0.6000
2025-02-19 11:07:39 - Arquivo: nonclear.0772.jpg | Prob: 0.0000 | Threshold: 0.6000
2025-02-19 11:08:04 - Arquivo: nonclear.0773.jpg | Prob: 0.0000 | Threshold: 0.6000
2025-02-19 11:08:48 - Arquivo: nonclear.0774.jpg | Prob: 0.0000 | Threshold: 0.6000
2025-02-19 11:09:11 - Arquivo: nonclear.0775.jpg | Prob: 0.0000 | Threshold: 0.6000
2025-02-19 11:09:58 - Arquivo: nonclear.0776.jpg | Prob: 0.0000 | Threshold: 0.6000
2025-02-19 11:10:22 - Arquivo: nonclear.0777.jpg | Prob: 0.0006 | Threshold: 0.6000
2025-02-19 11:10:44 - Arquivo: nonclear.0778.jpg | Prob: 0.4730 | Threshold: 0.6000
2025-02-19 11:11:07 - Arquivo: nonclear.0779.jpg | Prob: 0.0000 | Threshold: 0.6000
2025-02-19 11:11:50 - Arquivo: nonclear.0780.jpg | Prob: 0.0000 | Threshold: 0.6000
2025-02-19 11:12:24 - Arquivo: nonclear.0781.jpg | Prob: 0.0000 | Threshold: 0.6000
2025-02-19 11:12:46 - Arquivo: nonclear.0782.jpg | Prob: 0.0000 | Threshold: 0.6000
2025-02-19 11:13:10 - Arquivo: nonclear.0783.jpg | Prob: 0.0008 | Threshold: 0.6000
2025-02-19 11:13:33 - Arquivo: nonclear.0784.jpg | Prob: 0.0000 | Threshold: 0.6000
2025-02-19 11:13:56 - Arquivo: nonclear.0785.jpg | Prob: 0.0000 | Threshold: 0.6000
2025-02-19 11:14:20 - Arquivo: nonclear.0786.jpg | Prob: 0.0000 | Threshold: 0.6000
2025-02-19 11:14:56 - Arquivo: nonclear.0787.jpg | Prob: 0.0000 | Threshold: 0.6000
2025-02-19 11:15:18 - Arquivo: nonclear.0788.jpg | Prob: 0.0000 | Threshold: 0.6000
2025-02-19 11:16:45 - Arquivo: nonclear.0789.jpg | Prob: 0.0001 | Threshold: 0.6000
2025-02-19 11:17:07 - Arquivo: nonclear.0790.jpg | Prob: 0.0001 | Threshold: 0.6000
2025-02-19 11:17:29 - Arquivo: nonclear.0791.jpg | Prob: 0.0005 | Threshold: 0.6000
2025-02-19 11:17:57 - Arquivo: nonclear.0792.jpg | Prob: 0.0016 | Threshold: 0.6000
2025-02-19 11:18:23 - Arquivo: nonclear.0793.jpg | Prob: 0.0001 | Threshold: 0.6000
2025-02-19 11:18:46 - Arquivo: nonclear.0794.jpg | Prob: 0.0002 | Threshold: 0.6000
2025-02-19 11:19:14 - Arquivo: nonclear.0795.jpg | Prob: 1.0000 | Threshold: 0.6000
2025-02-19 11:19:48 - Arquivo: nonclear.0796.jpg | Prob: 0.0007 | Threshold: 0.6000
2025-02-19 11:20:29 - Arquivo: nonclear.0797.jpg | Prob: 0.0001 | Threshold: 0.6000
2025-02-19 11:21:17 - Arquivo: nonclear.0798.jpg | Prob: 0.0000 | Threshold: 0.6000
2025-02-19 11:21:47 - Arquivo: nonclear.0799.jpg | Prob: 0.0000 | Threshold: 0.6000
2025-02-19 11:22:12 - Arquivo: nonclear.0800.jpg | Prob: 0.0000 | Threshold: 0.6000
2025-02-19 11:22:37 - Arquivo: nonclear.0801.jpg | Prob: 0.0004 | Threshold: 0.6000
2025-02-19 11:23:15 - Arquivo: nonclear.0802.jpg | Prob: 0.7564 | Threshold: 0.6000
2025-02-19 11:24:06 - Arquivo: nonclear.0803.jpg | Prob: 0.0000 | Threshold: 0.6000
2025-02-19 11:24:36 - Arquivo: nonclear.0804.jpg | Prob: 0.0000 | Threshold: 0.6000
2025-02-19 11:24:59 - Arquivo: nonclear.0805.jpg | Prob: 0.0001 | Threshold: 0.6000
2025-02-19 11:25:25 - Arquivo: nonclear.0806.jpg | Prob: 0.0000 | Threshold: 0.6000
2025-02-19 11:25:50 - Arquivo: nonclear.0807.jpg | Prob: 0.0012 | Threshold: 0.6000
2025-02-19 11:26:14 - Arquivo: nonclear.0808.jpg | Prob: 0.0002 | Threshold: 0.6000
2025-02-19 11:27:07 - Arquivo: nonclear.0809.jpg | Prob: 0.1696 | Threshold: 0.6000
2025-02-19 11:27:34 - Arquivo: nonclear.0810.jpg | Prob: 0.0101 | Threshold: 0.6000
2025-02-19 11:27:55 - Arquivo: nonclear.0811.jpg | Prob: 0.0002 | Threshold: 0.6000
2025-02-19 11:28:32 - Arquivo: nonclear.0812.jpg | Prob: 0.0000 | Threshold: 0.6000
2025-02-19 11:29:11 - Arquivo: nonclear.0813.jpg | Prob: 0.0000 | Threshold: 0.6000
2025-02-19 11:29:40 - Arquivo: nonclear.0814.jpg | Prob: 0.0000 | Threshold: 0.6000
2025-02-19 11:30:10 - Arquivo: nonclear.0815.jpg | Prob: 0.0144 | Threshold: 0.6000
2025-02-19 11:30:31 - Arquivo: nonclear.0816.jpg | Prob: 0.9410 | Threshold: 0.6000
2025-02-19 11:30:52 - Arquivo: nonclear.0817.jpg | Prob: 0.0000 | Threshold: 0.6000
2025-02-19 11:31:18 - Arquivo: nonclear.0818.jpg | Prob: 0.0000 | Threshold: 0.6000
2025-02-19 11:31:45 - Arquivo: nonclear.0819.jpg | Prob: 0.1317 | Threshold: 0.6000
2025-02-19 11:32:11 - Arquivo: nonclear.0820.jpeg | Prob: 0.0000 | Threshold: 0.6000
2025-02-19 11:32:57 - Arquivo: nonclear.0821.jpeg | Prob: 0.0000 | Threshold: 0.6000
2025-02-19 11:33:17 - Arquivo: nonclear.0822.jpeg | Prob: 0.0000 | Threshold: 0.6000
2025-02-19 11:33:49 - Arquivo: nonclear.0823.jpeg | Prob: 0.0001 | Threshold: 0.6000
2025-02-19 11:34:18 - Arquivo: nonclear.0824.jpeg | Prob: 0.0000 | Threshold: 0.6000
2025-02-19 11:34:55 - Arquivo: nonclear.0825.jpg | Prob: 0.0000 | Threshold: 0.6000
2025-02-19 11:35:31 - Arquivo: nonclear.0826.jpg | Prob: 0.0000 | Threshold: 0.6000
2025-02-19 11:36:10 - Arquivo: nonclear.0827.jpg | Prob: 0.0000 | Threshold: 0.6000
2025-02-19 11:36:43 - Arquivo: nonclear.0828.jpg | Prob: 0.0453 | Threshold: 0.6000
2025-02-19 11:37:09 - Arquivo: nonclear.0829.jpg | Prob: 0.0308 | Threshold: 0.6000
2025-02-19 11:37:29 - Arquivo: nonclear.0830.jpg | Prob: 0.0000 | Threshold: 0.6000
2025-02-19 11:37:50 - Arquivo: nonclear.0831.jpg | Prob: 0.0000 | Threshold: 0.6000
2025-02-19 11:38:12 - Arquivo: nonclear.0832.jpg | Prob: 0.0005 | Threshold: 0.6000
2025-02-19 11:38:39 - Arquivo: nonclear.0833.jpg | Prob: 0.0001 | Threshold: 0.6000
2025-02-19 11:39:14 - Arquivo: nonclear.0834.jpg | Prob: 0.0000 | Threshold: 0.6000
2025-02-19 11:39:49 - Arquivo: nonclear.0835.jpg | Prob: 0.0000 | Threshold: 0.6000
2025-02-19 11:40:19 - Arquivo: nonclear.0836.jpg | Prob: 0.0077 | Threshold: 0.6000
2025-02-19 11:40:49 - Arquivo: nonclear.0837.jpg | Prob: 0.0000 | Threshold: 0.6000
2025-02-19 11:41:09 - Arquivo: nonclear.0838.jpeg | Prob: 0.0604 | Threshold: 0.6000
2025-02-19 11:41:44 - Arquivo: nonclear.0839.jpg | Prob: 0.0000 | Threshold: 0.6000
2025-02-19 11:42:05 - Arquivo: nonclear.0840.jpg | Prob: 0.0002 | Threshold: 0.6000
2025-02-19 11:42:34 - Arquivo: nonclear.0841.jpg | Prob: 0.0000 | Threshold: 0.6000
2025-02-19 11:43:26 - Arquivo: nonclear.0842.jpg | Prob: 0.0000 | Threshold: 0.6000
2025-02-19 11:43:52 - Arquivo: nonclear.0843.jpg | Prob: 0.0008 | Threshold: 0.6000
2025-02-19 11:44:41 - Arquivo: nonclear.0844.jpg | Prob: 0.0000 | Threshold: 0.6000
2025-02-19 11:45:02 - Arquivo: nonclear.0845.jpg | Prob: 0.0000 | Threshold: 0.6000
2025-02-19 11:45:36 - Arquivo: nonclear.0846.jpg | Prob: 0.0048 | Threshold: 0.6000
2025-02-19 11:45:56 - Arquivo: nonclear.0847.jpg | Prob: 0.0000 | Threshold: 0.6000
2025-02-19 11:46:17 - Arquivo: nonclear.0848.jpg | Prob: 0.0001 | Threshold: 0.6000
2025-02-19 11:46:38 - Arquivo: nonclear.0849.jpg | Prob: 0.0004 | Threshold: 0.6000
2025-02-19 11:46:59 - Arquivo: nonclear.0850.jpg | Prob: 0.0000 | Threshold: 0.6000
2025-02-19 11:47:20 - Arquivo: nonclear.0851.jpg | Prob: 0.0000 | Threshold: 0.6000
2025-02-19 11:47:55 - Arquivo: nonclear.0852.jpg | Prob: 0.0000 | Threshold: 0.6000
2025-02-19 11:48:32 - Arquivo: nonclear.0853.jpg | Prob: 0.0000 | Threshold: 0.6000
2025-02-19 11:48:51 - Arquivo: nonclear.0854.jpg | Prob: 0.0000 | Threshold: 0.6000
2025-02-19 11:49:11 - Arquivo: nonclear.0855.jpg | Prob: 0.5782 | Threshold: 0.6000
2025-02-19 11:49:39 - Arquivo: nonclear.0856.jpg | Prob: 0.0000 | Threshold: 0.6000
2025-02-19 11:50:00 - Arquivo: nonclear.0857.jpg | Prob: 0.0012 | Threshold: 0.6000
2025-02-19 11:50:21 - Arquivo: nonclear.0858.jpg | Prob: 0.0000 | Threshold: 0.6000
2025-02-19 11:50:42 - Arquivo: nonclear.0859.jpg | Prob: 0.0000 | Threshold: 0.6000
2025-02-19 11:51:14 - Arquivo: nonclear.0860.jpg | Prob: 0.8734 | Threshold: 0.6000
2025-02-19 11:51:34 - Arquivo: nonclear.0861.jpg | Prob: 0.0002 | Threshold: 0.6000
2025-02-19 11:51:55 - Arquivo: nonclear.0862.jpg | Prob: 0.9992 | Threshold: 0.6000
2025-02-19 11:52:15 - Arquivo: nonclear.0863.jpg | Prob: 0.0084 | Threshold: 0.6000
2025-02-19 11:52:55 - Arquivo: nonclear.0864.jpg | Prob: 0.0000 | Threshold: 0.6000
2025-02-19 11:53:24 - Arquivo: nonclear.0865.jpg | Prob: 0.0000 | Threshold: 0.6000
2025-02-19 11:53:44 - Arquivo: nonclear.0866.jpg | Prob: 0.0000 | Threshold: 0.6000
2025-02-19 11:54:07 - Arquivo: nonclear.0867.jpeg | Prob: 0.0001 | Threshold: 0.6000
2025-02-19 11:54:33 - Arquivo: nonclear.0868.jpeg | Prob: 0.0000 | Threshold: 0.6000
2025-02-19 11:55:15 - Arquivo: nonclear.0869.jpeg | Prob: 0.0000 | Threshold: 0.6000
2025-02-19 11:55:36 - Arquivo: nonclear.0870.jpeg | Prob: 0.0001 | Threshold: 0.6000
2025-02-19 11:55:55 - Arquivo: nonclear.0871.jpeg | Prob: 0.0003 | Threshold: 0.6000
2025-02-19 11:56:39 - Arquivo: nonclear.0872.jpeg | Prob: 0.0000 | Threshold: 0.6000
2025-02-19 11:56:59 - Arquivo: nonclear.0873.jpg | Prob: 0.0037 | Threshold: 0.6000
2025-02-19 11:57:20 - Arquivo: nonclear.0874.jpg | Prob: 0.0000 | Threshold: 0.6000
2025-02-19 11:57:42 - Arquivo: nonclear.0875.jpg | Prob: 0.0000 | Threshold: 0.6000
