2025-02-19 13:53:31 - Arquivo: clear.0004.jpg | Prob: 0.0000 | Threshold: 0.6000
2025-02-19 14:05:29 - Arquivo: clear.0031.jpg | Prob: 0.0152 | Threshold: 0.6000
2025-02-19 14:06:30 - Arquivo: clear.0033.jpg | Prob: 0.1680 | Threshold: 0.6000
2025-02-19 14:15:07 - Arquivo: clear.0051.jpg | Prob: 0.0091 | Threshold: 0.6000
2025-02-19 14:22:58 - Arquivo: clear.0069.jpg | Prob: 0.0096 | Threshold: 0.6000
2025-02-19 14:27:11 - Arquivo: clear.0079.jpg | Prob: 0.2013 | Threshold: 0.6000
2025-02-19 14:30:52 - Arquivo: clear.0088.jpg | Prob: 0.0697 | Threshold: 0.6000
2025-02-19 14:38:19 - Arquivo: clear.0106.jpg | Prob: 0.0692 | Threshold: 0.6000
2025-02-19 14:52:20 - Arquivo: clear.0136.jpg | Prob: 0.1350 | Threshold: 0.6000
2025-02-19 14:53:40 - Arquivo: clear.0139.jpg | Prob: 0.0189 | Threshold: 0.6000
2025-02-19 15:04:47 - Arquivo: clear.0162.jpg | Prob: 0.0032 | Threshold: 0.6000
2025-02-19 15:15:36 - Arquivo: clear.0188.jpg | Prob: 0.0732 | Threshold: 0.6000
2025-02-19 15:16:10 - Arquivo: clear.0189.jpg | Prob: 0.0125 | Threshold: 0.6000
2025-02-19 15:54:56 - Arquivo: clear.0272.jpeg | Prob: 0.0189 | Threshold: 0.6000
2025-02-19 16:33:40 - Arquivo: clear.0376.jpeg | Prob: 0.0001 | Threshold: 0.6000
2025-02-19 16:33:57 - Arquivo: clear.0377.jpeg | Prob: 0.0435 | Threshold: 0.6000
2025-02-19 16:34:36 - Arquivo: clear.0379.jpeg | Prob: 0.1104 | Threshold: 0.6000
2025-02-19 16:50:32 - Arquivo: clear.0420.jpg | Prob: 0.1521 | Threshold: 0.6000
2025-02-19 16:53:46 - Arquivo: clear.0428.jpg | Prob: 0.0426 | Threshold: 0.6000
2025-02-19 16:56:30 - Arquivo: clear.0435.jpg | Prob: 0.0017 | Threshold: 0.6000
2025-02-19 16:56:53 - Arquivo: clear.0436.jpg | Prob: 0.0008 | Threshold: 0.6000
2025-02-19 17:05:45 - Arquivo: clear.0457.jpg | Prob: 0.1736 | Threshold: 0.6000
2025-02-19 17:19:40 - Arquivo: clear.0489.jpg | Prob: 0.0227 | Threshold: 0.6000
2025-02-19 17:22:15 - Arquivo: clear.0496.jpg | Prob: 0.2325 | Threshold: 0.6000
2025-02-19 17:28:26 - Arquivo: clear.0510.jpg | Prob: 0.0001 | Threshold: 0.6000
2025-02-19 17:47:26 - Arquivo: clear.0556.jpg | Prob: 0.2985 | Threshold: 0.6000
2025-02-19 18:07:34 - Arquivo: clear.0603.jpg | Prob: 0.0796 | Threshold: 0.6000
2025-02-19 18:14:08 - Arquivo: clear.0617.jpg | Prob: 0.0062 | Threshold: 0.6000
2025-02-19 18:39:20 - Arquivo: clear.0675.jpg | Prob: 0.0663 | Threshold: 0.6000
2025-02-19 18:39:47 - Arquivo: clear.0676.jpg | Prob: 0.1049 | Threshold: 0.6000
2025-02-19 18:52:16 - Arquivo: clear.0706.jpg | Prob: 0.3325 | Threshold: 0.6000
2025-02-19 19:23:40 - Arquivo: clear.0780.jpg | Prob: 0.0122 | Threshold: 0.6000
2025-02-19 19:48:07 - Arquivo: clear.0834.jpg | Prob: 0.0119 | Threshold: 0.6000
2025-02-19 19:55:32 - Arquivo: clear.0849.jpg | Prob: 0.2653 | Threshold: 0.6000
2025-02-19 20:04:15 - Arquivo: clear.0867.jpg | Prob: 0.0000 | Threshold: 0.6000
2025-02-19 20:09:37 - Arquivo: clear.0876.jpg | Prob: 0.0004 | Threshold: 0.6000
2025-02-19 20:20:01 - Arquivo: clear.0898.jpg | Prob: 0.3473 | Threshold: 0.6000
2025-02-19 20:32:35 - Arquivo: clear.0924.jpg | Prob: 0.3389 | Threshold: 0.6000
2025-02-19 20:36:20 - Arquivo: clear.0931.jpg | Prob: 0.0001 | Threshold: 0.6000
2025-02-19 20:39:39 - Arquivo: clear.0937.jpg | Prob: 0.0176 | Threshold: 0.6000
2025-02-19 20:44:26 - Arquivo: clear.0946.jpg | Prob: 0.0449 | Threshold: 0.6000
2025-02-19 20:46:23 - Arquivo: clear.0950.jpg | Prob: 0.0067 | Threshold: 0.6000
2025-02-19 20:46:56 - Arquivo: clear.0951.jpg | Prob: 0.0062 | Threshold: 0.6000
2025-02-19 21:06:55 - Arquivo: clear.0990.jpeg | Prob: 0.2607 | Threshold: 0.6000
2025-02-19 21:07:18 - Arquivo: clear.0991.jpeg | Prob: 0.0178 | Threshold: 0.6000
2025-02-19 21:15:30 - Arquivo: clear.1006.jpg | Prob: 0.0103 | Threshold: 0.6000
2025-02-19 21:21:12 - Arquivo: nonclear.0000.jpg | Prob: 0.0534 | Threshold: 0.6000
2025-02-19 21:21:37 - Arquivo: nonclear.0001.jpg | Prob: 0.0650 | Threshold: 0.6000
2025-02-19 21:22:11 - Arquivo: nonclear.0002.jpg | Prob: 0.0000 | Threshold: 0.6000
2025-02-19 21:22:35 - Arquivo: nonclear.0003.jpg | Prob: 0.0000 | Threshold: 0.6000
2025-02-19 21:22:58 - Arquivo: nonclear.0004.jpg | Prob: 0.1034 | Threshold: 0.6000
2025-02-19 21:23:31 - Arquivo: nonclear.0005.jpg | Prob: 0.0000 | Threshold: 0.6000
2025-02-19 21:23:54 - Arquivo: nonclear.0006.jpg | Prob: 0.0000 | Threshold: 0.6000
2025-02-19 21:24:31 - Arquivo: nonclear.0007.jpg | Prob: 0.0109 | Threshold: 0.6000
2025-02-19 21:25:31 - Arquivo: nonclear.0008.jpg | Prob: 0.0107 | Threshold: 0.6000
2025-02-19 21:26:16 - Arquivo: nonclear.0009.jpg | Prob: 0.1601 | Threshold: 0.6000
2025-02-19 21:27:02 - Arquivo: nonclear.0010.jpg | Prob: 0.0003 | Threshold: 0.6000
2025-02-19 21:27:29 - Arquivo: nonclear.0011.jpg | Prob: 0.6020 | Threshold: 0.6000
2025-02-19 21:28:30 - Arquivo: nonclear.0012.jpg | Prob: 0.0005 | Threshold: 0.6000
2025-02-19 21:28:53 - Arquivo: nonclear.0013.jpg | Prob: 0.2674 | Threshold: 0.6000
2025-02-19 21:29:49 - Arquivo: nonclear.0014.jpg | Prob: 0.9582 | Threshold: 0.6000
2025-02-19 21:30:19 - Arquivo: nonclear.0015.jpg | Prob: 0.0012 | Threshold: 0.6000
2025-02-19 21:30:41 - Arquivo: nonclear.0016.jpg | Prob: 0.0000 | Threshold: 0.6000
2025-02-19 21:31:11 - Arquivo: nonclear.0017.jpg | Prob: 0.9995 | Threshold: 0.6000
2025-02-19 21:31:53 - Arquivo: nonclear.0018.jpg | Prob: 0.0000 | Threshold: 0.6000
2025-02-19 21:32:15 - Arquivo: nonclear.0019.jpg | Prob: 0.0011 | Threshold: 0.6000
2025-02-19 21:32:46 - Arquivo: nonclear.0020.jpg | Prob: 1.0000 | Threshold: 0.6000
2025-02-19 21:33:25 - Arquivo: nonclear.0021.jpg | Prob: 0.0413 | Threshold: 0.6000
2025-02-19 21:34:18 - Arquivo: nonclear.0022.jpg | Prob: 0.0308 | Threshold: 0.6000
2025-02-19 21:34:45 - Arquivo: nonclear.0023.jpg | Prob: 0.0002 | Threshold: 0.6000
2025-02-19 21:35:09 - Arquivo: nonclear.0024.jpg | Prob: 0.0002 | Threshold: 0.6000
2025-02-19 21:35:43 - Arquivo: nonclear.0025.jpg | Prob: 0.0014 | Threshold: 0.6000
2025-02-19 21:36:23 - Arquivo: nonclear.0026.jpg | Prob: 0.0005 | Threshold: 0.6000
2025-02-19 21:36:55 - Arquivo: nonclear.0027.jpg | Prob: 0.0011 | Threshold: 0.6000
2025-02-19 21:37:23 - Arquivo: nonclear.0028.jpg | Prob: 0.0912 | Threshold: 0.6000
2025-02-19 21:37:52 - Arquivo: nonclear.0029.jpg | Prob: 0.0000 | Threshold: 0.6000
2025-02-19 21:38:19 - Arquivo: nonclear.0030.jpg | Prob: 0.0131 | Threshold: 0.6000
2025-02-19 21:38:52 - Arquivo: nonclear.0031.jpg | Prob: 0.0003 | Threshold: 0.6000
2025-02-19 21:39:17 - Arquivo: nonclear.0032.jpg | Prob: 0.0010 | Threshold: 0.6000
2025-02-19 21:39:45 - Arquivo: nonclear.0033.jpg | Prob: 0.0000 | Threshold: 0.6000
2025-02-19 21:40:09 - Arquivo: nonclear.0034.jpg | Prob: 0.0000 | Threshold: 0.6000
2025-02-19 21:40:33 - Arquivo: nonclear.0035.jpg | Prob: 0.0116 | Threshold: 0.6000
2025-02-19 21:40:57 - Arquivo: nonclear.0036.jpg | Prob: 0.0000 | Threshold: 0.6000
2025-02-19 21:41:29 - Arquivo: nonclear.0037.jpg | Prob: 0.0000 | Threshold: 0.6000
2025-02-19 21:41:50 - Arquivo: nonclear.0038.jpg | Prob: 0.0000 | Threshold: 0.6000
2025-02-19 21:42:14 - Arquivo: nonclear.0039.jpg | Prob: 0.8349 | Threshold: 0.6000
2025-02-19 21:42:44 - Arquivo: nonclear.0040.jpg | Prob: 0.1147 | Threshold: 0.6000
2025-02-19 21:43:43 - Arquivo: nonclear.0041.jpg | Prob: 0.0000 | Threshold: 0.6000
2025-02-19 21:44:06 - Arquivo: nonclear.0042.jpg | Prob: 0.0000 | Threshold: 0.6000
2025-02-19 21:44:36 - Arquivo: nonclear.0043.jpg | Prob: 0.0172 | Threshold: 0.6000
2025-02-19 21:45:38 - Arquivo: nonclear.0044.jpg | Prob: 0.0000 | Threshold: 0.6000
2025-02-19 21:46:07 - Arquivo: nonclear.0045.jpg | Prob: 0.0000 | Threshold: 0.6000
2025-02-19 21:46:42 - Arquivo: nonclear.0046.jpg | Prob: 0.0001 | Threshold: 0.6000
2025-02-19 21:47:12 - Arquivo: nonclear.0047.jpg | Prob: 0.0000 | Threshold: 0.6000
2025-02-19 21:47:40 - Arquivo: nonclear.0048.jpg | Prob: 0.0000 | Threshold: 0.6000
2025-02-19 21:48:07 - Arquivo: nonclear.0049.jpg | Prob: 0.0000 | Threshold: 0.6000
2025-02-19 21:48:31 - Arquivo: nonclear.0050.jpg | Prob: 0.0000 | Threshold: 0.6000
2025-02-19 21:49:01 - Arquivo: nonclear.0051.jpg | Prob: 0.6067 | Threshold: 0.6000
2025-02-19 21:49:25 - Arquivo: nonclear.0052.jpg | Prob: 0.0009 | Threshold: 0.6000
2025-02-19 21:50:23 - Arquivo: nonclear.0053.jpg | Prob: 0.5152 | Threshold: 0.6000
2025-02-19 21:50:52 - Arquivo: nonclear.0054.jpg | Prob: 0.0000 | Threshold: 0.6000
2025-02-19 21:51:49 - Arquivo: nonclear.0055.jpg | Prob: 0.0000 | Threshold: 0.6000
2025-02-19 21:52:21 - Arquivo: nonclear.0056.jpg | Prob: 0.2804 | Threshold: 0.6000
2025-02-19 21:53:27 - Arquivo: nonclear.0057.jpg | Prob: 0.0001 | Threshold: 0.6000
2025-02-19 21:53:59 - Arquivo: nonclear.0058.jpg | Prob: 0.0000 | Threshold: 0.6000
2025-02-19 21:54:38 - Arquivo: nonclear.0059.jpg | Prob: 0.0023 | Threshold: 0.6000
2025-02-19 21:55:25 - Arquivo: nonclear.0060.jpg | Prob: 0.5950 | Threshold: 0.6000
2025-02-19 21:55:57 - Arquivo: nonclear.0061.jpg | Prob: 0.2433 | Threshold: 0.6000
2025-02-19 21:56:25 - Arquivo: nonclear.0062.jpg | Prob: 0.0014 | Threshold: 0.6000
2025-02-19 21:56:57 - Arquivo: nonclear.0063.jpg | Prob: 1.0000 | Threshold: 0.6000
2025-02-19 21:57:21 - Arquivo: nonclear.0064.jpg | Prob: 0.0000 | Threshold: 0.6000
2025-02-19 21:57:59 - Arquivo: nonclear.0065.jpg | Prob: 0.0000 | Threshold: 0.6000
2025-02-19 21:58:33 - Arquivo: nonclear.0066.jpg | Prob: 0.0000 | Threshold: 0.6000
2025-02-19 21:59:02 - Arquivo: nonclear.0067.jpg | Prob: 0.0000 | Threshold: 0.6000
2025-02-19 21:59:30 - Arquivo: nonclear.0068.jpg | Prob: 0.0000 | Threshold: 0.6000
2025-02-19 22:00:00 - Arquivo: nonclear.0069.jpg | Prob: 0.0000 | Threshold: 0.6000
2025-02-19 22:00:27 - Arquivo: nonclear.0070.jpg | Prob: 0.0000 | Threshold: 0.6000
2025-02-19 22:00:55 - Arquivo: nonclear.0071.jpg | Prob: 0.0000 | Threshold: 0.6000
2025-02-19 22:01:21 - Arquivo: nonclear.0072.jpg | Prob: 0.0028 | Threshold: 0.6000
2025-02-19 22:01:58 - Arquivo: nonclear.0073.jpg | Prob: 0.0000 | Threshold: 0.6000
2025-02-19 22:03:00 - Arquivo: nonclear.0074.jpg | Prob: 0.0043 | Threshold: 0.6000
2025-02-19 22:03:23 - Arquivo: nonclear.0075.jpg | Prob: 0.0001 | Threshold: 0.6000
2025-02-19 22:04:21 - Arquivo: nonclear.0076.jpg | Prob: 0.0360 | Threshold: 0.6000
2025-02-19 22:05:04 - Arquivo: nonclear.0077.jpg | Prob: 0.0000 | Threshold: 0.6000
2025-02-19 22:05:43 - Arquivo: nonclear.0078.jpg | Prob: 0.0000 | Threshold: 0.6000
2025-02-19 22:06:12 - Arquivo: nonclear.0079.jpg | Prob: 0.0005 | Threshold: 0.6000
2025-02-19 22:07:02 - Arquivo: nonclear.0080.jpg | Prob: 0.0001 | Threshold: 0.6000
2025-02-19 22:07:36 - Arquivo: nonclear.0081.jpg | Prob: 0.0000 | Threshold: 0.6000
2025-02-19 22:08:05 - Arquivo: nonclear.0082.jpg | Prob: 0.0000 | Threshold: 0.6000
2025-02-19 22:08:35 - Arquivo: nonclear.0083.jpg | Prob: 0.0000 | Threshold: 0.6000
2025-02-19 22:09:00 - Arquivo: nonclear.0084.jpg | Prob: 0.0000 | Threshold: 0.6000
2025-02-19 22:09:25 - Arquivo: nonclear.0085.jpg | Prob: 0.0000 | Threshold: 0.6000
2025-02-19 22:09:54 - Arquivo: nonclear.0086.jpg | Prob: 0.4981 | Threshold: 0.6000
2025-02-19 22:10:20 - Arquivo: nonclear.0087.jpg | Prob: 0.0001 | Threshold: 0.6000
2025-02-19 22:11:03 - Arquivo: nonclear.0088.jpg | Prob: 0.0113 | Threshold: 0.6000
2025-02-19 22:11:33 - Arquivo: nonclear.0089.jpg | Prob: 0.9996 | Threshold: 0.6000
2025-02-19 22:12:16 - Arquivo: nonclear.0090.jpg | Prob: 0.0000 | Threshold: 0.6000
2025-02-19 22:12:39 - Arquivo: nonclear.0091.jpg | Prob: 0.9993 | Threshold: 0.6000
2025-02-19 22:13:10 - Arquivo: nonclear.0092.jpg | Prob: 0.0000 | Threshold: 0.6000
2025-02-19 22:13:36 - Arquivo: nonclear.0093.jpg | Prob: 0.9997 | Threshold: 0.6000
2025-02-19 22:14:02 - Arquivo: nonclear.0094.jpg | Prob: 0.0555 | Threshold: 0.6000
2025-02-19 22:14:35 - Arquivo: nonclear.0095.jpg | Prob: 0.0000 | Threshold: 0.6000
2025-02-19 22:15:04 - Arquivo: nonclear.0096.jpg | Prob: 0.0000 | Threshold: 0.6000
2025-02-19 22:15:31 - Arquivo: nonclear.0097.jpg | Prob: 0.0000 | Threshold: 0.6000
2025-02-19 22:15:59 - Arquivo: nonclear.0098.jpg | Prob: 0.0000 | Threshold: 0.6000
2025-02-19 22:16:28 - Arquivo: nonclear.0099.jpg | Prob: 0.0000 | Threshold: 0.6000
2025-02-19 22:16:56 - Arquivo: nonclear.0100.jpg | Prob: 0.0000 | Threshold: 0.6000
2025-02-19 22:17:26 - Arquivo: nonclear.0101.jpg | Prob: 0.0000 | Threshold: 0.6000
2025-02-19 22:17:55 - Arquivo: nonclear.0102.jpg | Prob: 0.0000 | Threshold: 0.6000
2025-02-19 22:18:25 - Arquivo: nonclear.0103.jpg | Prob: 0.0000 | Threshold: 0.6000
2025-02-19 22:19:02 - Arquivo: nonclear.0104.jpg | Prob: 0.0000 | Threshold: 0.6000
2025-02-19 22:19:37 - Arquivo: nonclear.0105.jpg | Prob: 0.0000 | Threshold: 0.6000
2025-02-19 22:20:18 - Arquivo: nonclear.0106.jpg | Prob: 0.0000 | Threshold: 0.6000
2025-02-19 22:20:54 - Arquivo: nonclear.0107.jpg | Prob: 0.0000 | Threshold: 0.6000
2025-02-19 22:21:25 - Arquivo: nonclear.0108.jpg | Prob: 0.0018 | Threshold: 0.6000
2025-02-19 22:21:55 - Arquivo: nonclear.0109.jpg | Prob: 0.0000 | Threshold: 0.6000
2025-02-19 22:22:26 - Arquivo: nonclear.0110.jpg | Prob: 0.0000 | Threshold: 0.6000
2025-02-19 22:22:54 - Arquivo: nonclear.0111.jpg | Prob: 0.0096 | Threshold: 0.6000
2025-02-19 22:23:36 - Arquivo: nonclear.0112.jpg | Prob: 0.0000 | Threshold: 0.6000
2025-02-19 22:24:00 - Arquivo: nonclear.0113.jpg | Prob: 0.0001 | Threshold: 0.6000
2025-02-19 22:24:26 - Arquivo: nonclear.0114.jpg | Prob: 0.0019 | Threshold: 0.6000
2025-02-19 22:25:12 - Arquivo: nonclear.0115.jpg | Prob: 0.0000 | Threshold: 0.6000
2025-02-19 22:25:43 - Arquivo: nonclear.0116.jpg | Prob: 0.6205 | Threshold: 0.6000
2025-02-19 22:26:31 - Arquivo: nonclear.0117.jpg | Prob: 0.1573 | Threshold: 0.6000
2025-02-19 22:26:55 - Arquivo: nonclear.0118.jpg | Prob: 0.9850 | Threshold: 0.6000
2025-02-19 22:27:18 - Arquivo: nonclear.0119.jpg | Prob: 0.3608 | Threshold: 0.6000
2025-02-19 22:27:43 - Arquivo: nonclear.0120.jpg | Prob: 0.0002 | Threshold: 0.6000
2025-02-19 22:28:11 - Arquivo: nonclear.0121.jpg | Prob: 0.0000 | Threshold: 0.6000
2025-02-19 22:28:50 - Arquivo: nonclear.0122.jpg | Prob: 1.0000 | Threshold: 0.6000
2025-02-19 22:29:19 - Arquivo: nonclear.0123.jpg | Prob: 0.0000 | Threshold: 0.6000
2025-02-19 22:29:47 - Arquivo: nonclear.0124.jpg | Prob: 0.0000 | Threshold: 0.6000
2025-02-19 22:30:17 - Arquivo: nonclear.0125.jpg | Prob: 0.9932 | Threshold: 0.6000
2025-02-19 22:30:51 - Arquivo: nonclear.0126.jpg | Prob: 0.0001 | Threshold: 0.6000
2025-02-19 22:31:20 - Arquivo: nonclear.0127.jpg | Prob: 0.0000 | Threshold: 0.6000
2025-02-19 22:32:21 - Arquivo: nonclear.0128.jpg | Prob: 0.0022 | Threshold: 0.6000
2025-02-19 22:32:52 - Arquivo: nonclear.0129.jpg | Prob: 0.0001 | Threshold: 0.6000
2025-02-19 22:33:32 - Arquivo: nonclear.0130.jpg | Prob: 0.0551 | Threshold: 0.6000
2025-02-19 22:34:01 - Arquivo: nonclear.0131.jpg | Prob: 0.0148 | Threshold: 0.6000
2025-02-19 22:34:31 - Arquivo: nonclear.0132.jpg | Prob: 0.0035 | Threshold: 0.6000
2025-02-19 22:35:14 - Arquivo: nonclear.0133.jpg | Prob: 0.0001 | Threshold: 0.6000
2025-02-19 22:35:43 - Arquivo: nonclear.0134.jpg | Prob: 0.0189 | Threshold: 0.6000
2025-02-19 22:36:11 - Arquivo: nonclear.0135.jpg | Prob: 0.0000 | Threshold: 0.6000
2025-02-19 22:37:12 - Arquivo: nonclear.0136.jpg | Prob: 0.1423 | Threshold: 0.6000
2025-02-19 22:37:54 - Arquivo: nonclear.0137.jpg | Prob: 0.0751 | Threshold: 0.6000
2025-02-19 22:38:29 - Arquivo: nonclear.0138.jpg | Prob: 0.0246 | Threshold: 0.6000
2025-02-19 22:38:55 - Arquivo: nonclear.0139.jpg | Prob: 0.0001 | Threshold: 0.6000
2025-02-19 22:39:25 - Arquivo: nonclear.0140.jpg | Prob: 0.2379 | Threshold: 0.6000
2025-02-19 22:39:50 - Arquivo: nonclear.0141.jpg | Prob: 0.4677 | Threshold: 0.6000
2025-02-19 22:40:35 - Arquivo: nonclear.0142.jpg | Prob: 0.0383 | Threshold: 0.6000
2025-02-19 22:41:19 - Arquivo: nonclear.0143.jpg | Prob: 0.0031 | Threshold: 0.6000
2025-02-19 22:41:50 - Arquivo: nonclear.0144.jpg | Prob: 1.0000 | Threshold: 0.6000
2025-02-19 22:42:12 - Arquivo: nonclear.0145.jpg | Prob: 0.3311 | Threshold: 0.6000
2025-02-19 22:42:49 - Arquivo: nonclear.0146.jpg | Prob: 0.0277 | Threshold: 0.6000
2025-02-19 22:43:13 - Arquivo: nonclear.0147.jpg | Prob: 0.0000 | Threshold: 0.6000
2025-02-19 22:43:41 - Arquivo: nonclear.0148.jpg | Prob: 0.4153 | Threshold: 0.6000
2025-02-19 22:44:04 - Arquivo: nonclear.0149.jpg | Prob: 0.0000 | Threshold: 0.6000
2025-02-19 22:44:28 - Arquivo: nonclear.0150.jpg | Prob: 0.0002 | Threshold: 0.6000
2025-02-19 22:44:54 - Arquivo: nonclear.0151.jpg | Prob: 0.0000 | Threshold: 0.6000
2025-02-19 22:45:36 - Arquivo: nonclear.0152.jpg | Prob: 0.0012 | Threshold: 0.6000
2025-02-19 22:46:00 - Arquivo: nonclear.0153.jpg | Prob: 0.0361 | Threshold: 0.6000
2025-02-19 22:46:28 - Arquivo: nonclear.0154.jpg | Prob: 1.0000 | Threshold: 0.6000
2025-02-19 22:46:53 - Arquivo: nonclear.0155.jpg | Prob: 0.9901 | Threshold: 0.6000
2025-02-19 22:47:17 - Arquivo: nonclear.0156.jpg | Prob: 0.0009 | Threshold: 0.6000
2025-02-19 22:47:39 - Arquivo: nonclear.0157.jpg | Prob: 0.9991 | Threshold: 0.6000
2025-02-19 22:48:09 - Arquivo: nonclear.0158.jpg | Prob: 0.0582 | Threshold: 0.6000
2025-02-19 22:48:40 - Arquivo: nonclear.0159.jpg | Prob: 0.0000 | Threshold: 0.6000
2025-02-19 22:49:13 - Arquivo: nonclear.0160.jpg | Prob: 0.9934 | Threshold: 0.6000
2025-02-19 22:49:51 - Arquivo: nonclear.0161.jpg | Prob: 0.9999 | Threshold: 0.6000
2025-02-19 22:50:14 - Arquivo: nonclear.0162.jpg | Prob: 0.0000 | Threshold: 0.6000
2025-02-19 22:51:15 - Arquivo: nonclear.0163.jpg | Prob: 0.0000 | Threshold: 0.6000
2025-02-19 22:52:05 - Arquivo: nonclear.0164.jpg | Prob: 0.0000 | Threshold: 0.6000
2025-02-19 22:52:49 - Arquivo: nonclear.0165.jpg | Prob: 0.0282 | Threshold: 0.6000
2025-02-19 22:53:21 - Arquivo: nonclear.0166.jpg | Prob: 1.0000 | Threshold: 0.6000
2025-02-19 22:53:45 - Arquivo: nonclear.0167.jpg | Prob: 0.0000 | Threshold: 0.6000
2025-02-19 22:54:28 - Arquivo: nonclear.0168.jpg | Prob: 0.0000 | Threshold: 0.6000
2025-02-19 22:54:51 - Arquivo: nonclear.0169.jpg | Prob: 0.0000 | Threshold: 0.6000
2025-02-19 22:55:35 - Arquivo: nonclear.0170.jpg | Prob: 0.0000 | Threshold: 0.6000
2025-02-19 22:56:01 - Arquivo: nonclear.0171.jpg | Prob: 0.0209 | Threshold: 0.6000
2025-02-19 22:56:28 - Arquivo: nonclear.0172.jpg | Prob: 0.0000 | Threshold: 0.6000
2025-02-19 22:56:57 - Arquivo: nonclear.0173.jpg | Prob: 0.0064 | Threshold: 0.6000
2025-02-19 22:57:21 - Arquivo: nonclear.0174.jpg | Prob: 0.0000 | Threshold: 0.6000
2025-02-19 22:57:46 - Arquivo: nonclear.0175.jpg | Prob: 0.0000 | Threshold: 0.6000
2025-02-19 22:58:22 - Arquivo: nonclear.0176.jpg | Prob: 0.0000 | Threshold: 0.6000
2025-02-19 22:58:48 - Arquivo: nonclear.0177.jpg | Prob: 0.0000 | Threshold: 0.6000
2025-02-19 22:59:19 - Arquivo: nonclear.0178.jpg | Prob: 0.0167 | Threshold: 0.6000
2025-02-19 22:59:45 - Arquivo: nonclear.0179.jpg | Prob: 0.0011 | Threshold: 0.6000
2025-02-19 23:00:14 - Arquivo: nonclear.0180.jpg | Prob: 0.0001 | Threshold: 0.6000
2025-02-19 23:00:45 - Arquivo: nonclear.0181.jpg | Prob: 0.0000 | Threshold: 0.6000
2025-02-19 23:01:07 - Arquivo: nonclear.0182.jpg | Prob: 0.0000 | Threshold: 0.6000
2025-02-19 23:01:41 - Arquivo: nonclear.0183.jpg | Prob: 0.0000 | Threshold: 0.6000
2025-02-19 23:02:18 - Arquivo: nonclear.0184.jpg | Prob: 0.0000 | Threshold: 0.6000
2025-02-19 23:02:54 - Arquivo: nonclear.0185.jpg | Prob: 0.0000 | Threshold: 0.6000
2025-02-19 23:03:32 - Arquivo: nonclear.0186.jpg | Prob: 0.9992 | Threshold: 0.6000
2025-02-19 23:03:57 - Arquivo: nonclear.0187.jpg | Prob: 0.0000 | Threshold: 0.6000
2025-02-19 23:04:34 - Arquivo: nonclear.0188.jpg | Prob: 0.0020 | Threshold: 0.6000
2025-02-19 23:05:00 - Arquivo: nonclear.0189.jpg | Prob: 0.0000 | Threshold: 0.6000
2025-02-19 23:05:32 - Arquivo: nonclear.0190.jpg | Prob: 0.0000 | Threshold: 0.6000
2025-02-19 23:06:00 - Arquivo: nonclear.0191.jpg | Prob: 0.0003 | Threshold: 0.6000
2025-02-19 23:06:30 - Arquivo: nonclear.0192.jpg | Prob: 0.0000 | Threshold: 0.6000
2025-02-19 23:07:02 - Arquivo: nonclear.0193.jpg | Prob: 0.0000 | Threshold: 0.6000
2025-02-19 23:07:26 - Arquivo: nonclear.0194.jpg | Prob: 0.0011 | Threshold: 0.6000
2025-02-19 23:07:57 - Arquivo: nonclear.0195.jpeg | Prob: 0.0000 | Threshold: 0.6000
2025-02-19 23:08:40 - Arquivo: nonclear.0196.jpeg | Prob: 0.0000 | Threshold: 0.6000
2025-02-19 23:09:07 - Arquivo: nonclear.0197.jpeg | Prob: 0.0000 | Threshold: 0.6000
2025-02-19 23:09:33 - Arquivo: nonclear.0198.jpeg | Prob: 0.0000 | Threshold: 0.6000
2025-02-19 23:10:30 - Arquivo: nonclear.0199.jpeg | Prob: 0.0000 | Threshold: 0.6000
2025-02-19 23:11:08 - Arquivo: nonclear.0200.jpeg | Prob: 0.9561 | Threshold: 0.6000
2025-02-19 23:11:34 - Arquivo: nonclear.0201.jpeg | Prob: 0.8977 | Threshold: 0.6000
2025-02-19 23:11:59 - Arquivo: nonclear.0202.jpeg | Prob: 0.0014 | Threshold: 0.6000
2025-02-19 23:12:27 - Arquivo: nonclear.0203.jpeg | Prob: 0.0000 | Threshold: 0.6000
2025-02-19 23:13:16 - Arquivo: nonclear.0204.jpeg | Prob: 0.0018 | Threshold: 0.6000
2025-02-19 23:14:20 - Arquivo: nonclear.0205.jpeg | Prob: 0.0000 | Threshold: 0.6000
2025-02-19 23:14:44 - Arquivo: nonclear.0206.jpeg | Prob: 0.0000 | Threshold: 0.6000
2025-02-19 23:15:24 - Arquivo: nonclear.0207.jpeg | Prob: 0.0000 | Threshold: 0.6000
2025-02-19 23:15:48 - Arquivo: nonclear.0208.jpeg | Prob: 0.0001 | Threshold: 0.6000
2025-02-19 23:16:15 - Arquivo: nonclear.0209.jpeg | Prob: 0.0000 | Threshold: 0.6000
2025-02-19 23:16:40 - Arquivo: nonclear.0210.jpeg | Prob: 0.0018 | Threshold: 0.6000
2025-02-19 23:17:08 - Arquivo: nonclear.0211.jpeg | Prob: 0.0187 | Threshold: 0.6000
2025-02-19 23:17:33 - Arquivo: nonclear.0212.jpeg | Prob: 0.0000 | Threshold: 0.6000
2025-02-19 23:18:03 - Arquivo: nonclear.0213.jpeg | Prob: 0.0000 | Threshold: 0.6000
2025-02-19 23:18:54 - Arquivo: nonclear.0214.jpeg | Prob: 0.0000 | Threshold: 0.6000
2025-02-19 23:19:19 - Arquivo: nonclear.0215.jpeg | Prob: 0.0000 | Threshold: 0.6000
2025-02-19 23:19:45 - Arquivo: nonclear.0216.jpeg | Prob: 0.0000 | Threshold: 0.6000
2025-02-19 23:20:12 - Arquivo: nonclear.0217.jpeg | Prob: 0.0000 | Threshold: 0.6000
2025-02-19 23:20:39 - Arquivo: nonclear.0218.jpeg | Prob: 0.0010 | Threshold: 0.6000
2025-02-19 23:21:31 - Arquivo: nonclear.0219.jpeg | Prob: 0.0199 | Threshold: 0.6000
2025-02-19 23:22:18 - Arquivo: nonclear.0220.jpeg | Prob: 0.0010 | Threshold: 0.6000
2025-02-19 23:22:52 - Arquivo: nonclear.0221.jpeg | Prob: 0.0005 | Threshold: 0.6000
2025-02-19 23:23:16 - Arquivo: nonclear.0222.jpeg | Prob: 0.0027 | Threshold: 0.6000
2025-02-19 23:23:43 - Arquivo: nonclear.0223.jpeg | Prob: 0.0000 | Threshold: 0.6000
2025-02-19 23:24:24 - Arquivo: nonclear.0224.jpeg | Prob: 0.0000 | Threshold: 0.6000
2025-02-19 23:25:16 - Arquivo: nonclear.0225.jpeg | Prob: 0.0000 | Threshold: 0.6000
2025-02-19 23:25:48 - Arquivo: nonclear.0226.jpeg | Prob: 0.0000 | Threshold: 0.6000
2025-02-19 23:26:26 - Arquivo: nonclear.0227.jpeg | Prob: 0.0000 | Threshold: 0.6000
2025-02-19 23:26:56 - Arquivo: nonclear.0228.jpeg | Prob: 0.0315 | Threshold: 0.6000
2025-02-19 23:27:21 - Arquivo: nonclear.0229.jpeg | Prob: 0.0000 | Threshold: 0.6000
2025-02-19 23:27:45 - Arquivo: nonclear.0230.jpeg | Prob: 0.0000 | Threshold: 0.6000
2025-02-19 23:28:25 - Arquivo: nonclear.0231.jpeg | Prob: 0.0000 | Threshold: 0.6000
2025-02-19 23:28:50 - Arquivo: nonclear.0232.jpeg | Prob: 0.0024 | Threshold: 0.6000
2025-02-19 23:29:16 - Arquivo: nonclear.0233.jpeg | Prob: 0.0141 | Threshold: 0.6000
2025-02-19 23:30:05 - Arquivo: nonclear.0234.jpeg | Prob: 0.0000 | Threshold: 0.6000
2025-02-19 23:30:50 - Arquivo: nonclear.0235.jpeg | Prob: 0.0022 | Threshold: 0.6000
2025-02-19 23:31:20 - Arquivo: nonclear.0236.jpeg | Prob: 0.0003 | Threshold: 0.6000
2025-02-19 23:31:52 - Arquivo: nonclear.0237.jpeg | Prob: 0.0000 | Threshold: 0.6000
2025-02-19 23:32:51 - Arquivo: nonclear.0238.jpeg | Prob: 0.0050 | Threshold: 0.6000
2025-02-19 23:33:39 - Arquivo: nonclear.0239.jpeg | Prob: 0.0000 | Threshold: 0.6000
2025-02-19 23:34:51 - Arquivo: nonclear.0240.jpeg | Prob: 0.9999 | Threshold: 0.6000
2025-02-19 23:35:17 - Arquivo: nonclear.0241.jpeg | Prob: 0.0474 | Threshold: 0.6000
2025-02-19 23:36:12 - Arquivo: nonclear.0242.jpeg | Prob: 0.0188 | Threshold: 0.6000
2025-02-19 23:36:38 - Arquivo: nonclear.0243.jpeg | Prob: 0.0963 | Threshold: 0.6000
2025-02-19 23:37:01 - Arquivo: nonclear.0244.jpeg | Prob: 0.0009 | Threshold: 0.6000
2025-02-19 23:37:29 - Arquivo: nonclear.0245.jpeg | Prob: 0.9839 | Threshold: 0.6000
2025-02-19 23:38:03 - Arquivo: nonclear.0246.jpeg | Prob: 0.0000 | Threshold: 0.6000
2025-02-19 23:39:04 - Arquivo: nonclear.0247.jpeg | Prob: 0.0000 | Threshold: 0.6000
2025-02-19 23:39:31 - Arquivo: nonclear.0248.jpeg | Prob: 0.0000 | Threshold: 0.6000
2025-02-19 23:39:59 - Arquivo: nonclear.0249.jpeg | Prob: 0.0008 | Threshold: 0.6000
2025-02-19 23:40:24 - Arquivo: nonclear.0250.jpeg | Prob: 0.0000 | Threshold: 0.6000
2025-02-19 23:40:49 - Arquivo: nonclear.0251.jpeg | Prob: 0.0052 | Threshold: 0.6000
2025-02-19 23:41:18 - Arquivo: nonclear.0252.jpeg | Prob: 0.0000 | Threshold: 0.6000
2025-02-19 23:41:45 - Arquivo: nonclear.0253.jpeg | Prob: 0.0001 | Threshold: 0.6000
2025-02-19 23:42:13 - Arquivo: nonclear.0254.jpeg | Prob: 0.0000 | Threshold: 0.6000
2025-02-19 23:42:36 - Arquivo: nonclear.0255.jpeg | Prob: 0.0028 | Threshold: 0.6000
2025-02-19 23:43:02 - Arquivo: nonclear.0256.jpeg | Prob: 0.0002 | Threshold: 0.6000
2025-02-19 23:43:27 - Arquivo: nonclear.0257.jpeg | Prob: 0.1366 | Threshold: 0.6000
2025-02-19 23:43:57 - Arquivo: nonclear.0258.jpeg | Prob: 0.0001 | Threshold: 0.6000
2025-02-19 23:44:33 - Arquivo: nonclear.0259.jpeg | Prob: 0.0000 | Threshold: 0.6000
2025-02-19 23:45:06 - Arquivo: nonclear.0260.jpeg | Prob: 0.9694 | Threshold: 0.6000
2025-02-19 23:45:36 - Arquivo: nonclear.0261.jpeg | Prob: 0.0024 | Threshold: 0.6000
2025-02-19 23:46:02 - Arquivo: nonclear.0262.jpeg | Prob: 0.0000 | Threshold: 0.6000
2025-02-19 23:47:00 - Arquivo: nonclear.0263.jpeg | Prob: 0.0011 | Threshold: 0.6000
2025-02-19 23:47:28 - Arquivo: nonclear.0264.jpeg | Prob: 0.9997 | Threshold: 0.6000
2025-02-19 23:48:26 - Arquivo: nonclear.0265.jpeg | Prob: 0.0000 | Threshold: 0.6000
2025-02-19 23:49:34 - Arquivo: nonclear.0266.jpeg | Prob: 0.0070 | Threshold: 0.6000
2025-02-19 23:50:02 - Arquivo: nonclear.0267.jpeg | Prob: 0.0000 | Threshold: 0.6000
2025-02-19 23:50:30 - Arquivo: nonclear.0268.jpeg | Prob: 0.0000 | Threshold: 0.6000
2025-02-19 23:50:57 - Arquivo: nonclear.0269.jpeg | Prob: 0.0001 | Threshold: 0.6000
2025-02-19 23:51:28 - Arquivo: nonclear.0270.jpeg | Prob: 0.0025 | Threshold: 0.6000
2025-02-19 23:51:59 - Arquivo: nonclear.0271.jpeg | Prob: 0.0002 | Threshold: 0.6000
2025-02-19 23:52:30 - Arquivo: nonclear.0272.jpeg | Prob: 0.0000 | Threshold: 0.6000
2025-02-19 23:53:05 - Arquivo: nonclear.0273.jpeg | Prob: 0.0000 | Threshold: 0.6000
2025-02-19 23:53:31 - Arquivo: nonclear.0274.jpeg | Prob: 0.0001 | Threshold: 0.6000
2025-02-19 23:54:01 - Arquivo: nonclear.0275.jpeg | Prob: 0.0313 | Threshold: 0.6000
2025-02-19 23:54:26 - Arquivo: nonclear.0276.jpeg | Prob: 0.0000 | Threshold: 0.6000
2025-02-19 23:55:12 - Arquivo: nonclear.0277.jpeg | Prob: 0.0008 | Threshold: 0.6000
2025-02-19 23:55:40 - Arquivo: nonclear.0278.jpg | Prob: 0.0200 | Threshold: 0.6000
2025-02-19 23:56:06 - Arquivo: nonclear.0279.jpg | Prob: 0.0001 | Threshold: 0.6000
2025-02-19 23:56:47 - Arquivo: nonclear.0280.jpg | Prob: 0.0001 | Threshold: 0.6000
2025-02-19 23:57:12 - Arquivo: nonclear.0281.jpg | Prob: 0.0007 | Threshold: 0.6000
2025-02-19 23:57:43 - Arquivo: nonclear.0282.jpg | Prob: 0.0006 | Threshold: 0.6000
2025-02-19 23:58:10 - Arquivo: nonclear.0283.jpg | Prob: 0.0013 | Threshold: 0.6000
2025-02-19 23:58:34 - Arquivo: nonclear.0284.jpg | Prob: 0.0004 | Threshold: 0.6000
2025-02-19 23:59:02 - Arquivo: nonclear.0285.jpg | Prob: 0.0001 | Threshold: 0.6000
2025-02-19 23:59:33 - Arquivo: nonclear.0286.jpg | Prob: 0.0057 | Threshold: 0.6000
2025-02-19 23:59:59 - Arquivo: nonclear.0287.jpg | Prob: 0.0061 | Threshold: 0.6000
2025-02-20 00:00:23 - Arquivo: nonclear.0288.jpg | Prob: 0.0080 | Threshold: 0.6000
2025-02-20 00:01:08 - Arquivo: nonclear.0289.jpg | Prob: 0.0000 | Threshold: 0.6000
2025-02-20 00:01:36 - Arquivo: nonclear.0290.jpg | Prob: 0.0001 | Threshold: 0.6000
2025-02-20 00:02:08 - Arquivo: nonclear.0291.jpg | Prob: 0.0000 | Threshold: 0.6000
2025-02-20 00:03:03 - Arquivo: nonclear.0292.jpg | Prob: 0.0000 | Threshold: 0.6000
2025-02-20 00:03:28 - Arquivo: nonclear.0293.jpg | Prob: 0.0000 | Threshold: 0.6000
2025-02-20 00:04:09 - Arquivo: nonclear.0294.jpg | Prob: 0.0000 | Threshold: 0.6000
2025-02-20 00:05:00 - Arquivo: nonclear.0295.jpg | Prob: 0.0002 | Threshold: 0.6000
2025-02-20 00:05:29 - Arquivo: nonclear.0296.jpg | Prob: 0.0000 | Threshold: 0.6000
2025-02-20 00:06:09 - Arquivo: nonclear.0297.jpg | Prob: 0.0004 | Threshold: 0.6000
2025-02-20 00:06:43 - Arquivo: nonclear.0298.jpg | Prob: 0.9664 | Threshold: 0.6000
2025-02-20 00:07:10 - Arquivo: nonclear.0299.jpg | Prob: 0.0001 | Threshold: 0.6000
2025-02-20 00:07:44 - Arquivo: nonclear.0300.jpg | Prob: 0.0000 | Threshold: 0.6000
2025-02-20 00:08:14 - Arquivo: nonclear.0301.jpg | Prob: 0.0000 | Threshold: 0.6000
2025-02-20 00:08:38 - Arquivo: nonclear.0302.jpg | Prob: 0.0108 | Threshold: 0.6000
2025-02-20 00:09:11 - Arquivo: nonclear.0303.jpg | Prob: 0.0000 | Threshold: 0.6000
2025-02-20 00:09:38 - Arquivo: nonclear.0304.jpg | Prob: 0.0206 | Threshold: 0.6000
2025-02-20 00:10:23 - Arquivo: nonclear.0305.jpg | Prob: 0.6440 | Threshold: 0.6000
2025-02-20 00:10:53 - Arquivo: nonclear.0306.jpg | Prob: 0.0081 | Threshold: 0.6000
2025-02-20 00:11:30 - Arquivo: nonclear.0307.jpg | Prob: 0.0000 | Threshold: 0.6000
2025-02-20 00:12:03 - Arquivo: nonclear.0308.jpg | Prob: 0.0177 | Threshold: 0.6000
2025-02-20 00:12:41 - Arquivo: nonclear.0309.jpg | Prob: 0.0008 | Threshold: 0.6000
2025-02-20 00:13:06 - Arquivo: nonclear.0310.jpg | Prob: 0.2070 | Threshold: 0.6000
2025-02-20 00:13:29 - Arquivo: nonclear.0311.jpg | Prob: 0.0344 | Threshold: 0.6000
2025-02-20 00:13:54 - Arquivo: nonclear.0312.jpg | Prob: 0.5778 | Threshold: 0.6000
2025-02-20 00:14:26 - Arquivo: nonclear.0313.jpg | Prob: 0.0000 | Threshold: 0.6000
2025-02-20 00:14:56 - Arquivo: nonclear.0314.jpg | Prob: 0.0001 | Threshold: 0.6000
2025-02-20 00:15:23 - Arquivo: nonclear.0315.jpg | Prob: 0.1258 | Threshold: 0.6000
2025-02-20 00:15:49 - Arquivo: nonclear.0316.jpg | Prob: 0.0217 | Threshold: 0.6000
2025-02-20 00:16:21 - Arquivo: nonclear.0317.jpg | Prob: 0.0006 | Threshold: 0.6000
2025-02-20 00:16:47 - Arquivo: nonclear.0318.jpg | Prob: 0.0196 | Threshold: 0.6000
2025-02-20 00:17:20 - Arquivo: nonclear.0319.jpg | Prob: 0.9786 | Threshold: 0.6000
2025-02-20 00:17:48 - Arquivo: nonclear.0320.jpg | Prob: 0.0079 | Threshold: 0.6000
2025-02-20 00:18:16 - Arquivo: nonclear.0321.jpg | Prob: 0.6505 | Threshold: 0.6000
2025-02-20 00:18:40 - Arquivo: nonclear.0322.jpg | Prob: 0.9808 | Threshold: 0.6000
2025-02-20 00:19:28 - Arquivo: nonclear.0323.jpg | Prob: 0.0024 | Threshold: 0.6000
2025-02-20 00:19:53 - Arquivo: nonclear.0324.jpg | Prob: 0.0182 | Threshold: 0.6000
2025-02-20 00:20:23 - Arquivo: nonclear.0325.jpg | Prob: 0.0008 | Threshold: 0.6000
2025-02-20 00:20:55 - Arquivo: nonclear.0326.jpg | Prob: 0.0000 | Threshold: 0.6000
2025-02-20 00:21:20 - Arquivo: nonclear.0327.jpg | Prob: 0.0000 | Threshold: 0.6000
2025-02-20 00:21:51 - Arquivo: nonclear.0328.jpg | Prob: 0.0000 | Threshold: 0.6000
2025-02-20 00:22:20 - Arquivo: nonclear.0329.jpg | Prob: 0.9951 | Threshold: 0.6000
2025-02-20 00:23:27 - Arquivo: nonclear.0330.jpg | Prob: 0.0078 | Threshold: 0.6000
2025-02-20 00:24:05 - Arquivo: nonclear.0331.jpeg | Prob: 0.0000 | Threshold: 0.6000
2025-02-20 00:24:32 - Arquivo: nonclear.0332.jpeg | Prob: 0.0000 | Threshold: 0.6000
2025-02-20 00:24:59 - Arquivo: nonclear.0333.jpeg | Prob: 0.0164 | Threshold: 0.6000
2025-02-20 00:25:25 - Arquivo: nonclear.0334.jpg | Prob: 0.0000 | Threshold: 0.6000
2025-02-20 00:25:49 - Arquivo: nonclear.0335.jpg | Prob: 0.0000 | Threshold: 0.6000
2025-02-20 00:26:14 - Arquivo: nonclear.0336.jpg | Prob: 0.0001 | Threshold: 0.6000
2025-02-20 00:26:44 - Arquivo: nonclear.0337.jpg | Prob: 0.0000 | Threshold: 0.6000
2025-02-20 00:27:09 - Arquivo: nonclear.0338.jpg | Prob: 0.0000 | Threshold: 0.6000
2025-02-20 00:27:33 - Arquivo: nonclear.0339.jpg | Prob: 0.0000 | Threshold: 0.6000
2025-02-20 00:28:39 - Arquivo: nonclear.0340.jpg | Prob: 0.0000 | Threshold: 0.6000
2025-02-20 00:29:05 - Arquivo: nonclear.0341.jpg | Prob: 0.0000 | Threshold: 0.6000
2025-02-20 00:29:36 - Arquivo: nonclear.0342.jpg | Prob: 0.2159 | Threshold: 0.6000
2025-02-20 00:30:48 - Arquivo: nonclear.0343.jpg | Prob: 0.0000 | Threshold: 0.6000
2025-02-20 00:31:17 - Arquivo: nonclear.0344.jpg | Prob: 0.9954 | Threshold: 0.6000
2025-02-20 00:31:46 - Arquivo: nonclear.0345.jpg | Prob: 0.0000 | Threshold: 0.6000
2025-02-20 00:32:31 - Arquivo: nonclear.0346.jpg | Prob: 0.0000 | Threshold: 0.6000
2025-02-20 00:32:57 - Arquivo: nonclear.0347.jpg | Prob: 0.0000 | Threshold: 0.6000
2025-02-20 00:33:28 - Arquivo: nonclear.0348.jpg | Prob: 0.0000 | Threshold: 0.6000
2025-02-20 00:34:22 - Arquivo: nonclear.0349.jpg | Prob: 0.0000 | Threshold: 0.6000
2025-02-20 00:34:46 - Arquivo: nonclear.0350.jpg | Prob: 0.0000 | Threshold: 0.6000
2025-02-20 00:35:37 - Arquivo: nonclear.0351.jpg | Prob: 0.0018 | Threshold: 0.6000
2025-02-20 00:36:06 - Arquivo: nonclear.0352.jpg | Prob: 0.9914 | Threshold: 0.6000
2025-02-20 00:36:44 - Arquivo: nonclear.0353.jpg | Prob: 0.0000 | Threshold: 0.6000
2025-02-20 00:37:10 - Arquivo: nonclear.0354.jpg | Prob: 0.0025 | Threshold: 0.6000
2025-02-20 00:37:38 - Arquivo: nonclear.0355.jpg | Prob: 0.0004 | Threshold: 0.6000
2025-02-20 00:38:10 - Arquivo: nonclear.0356.jpg | Prob: 0.0008 | Threshold: 0.6000
2025-02-20 00:38:43 - Arquivo: nonclear.0357.jpg | Prob: 0.6142 | Threshold: 0.6000
2025-02-20 00:39:26 - Arquivo: nonclear.0358.jpg | Prob: 0.0001 | Threshold: 0.6000
2025-02-20 00:39:57 - Arquivo: nonclear.0359.jpg | Prob: 0.0001 | Threshold: 0.6000
2025-02-20 00:40:25 - Arquivo: nonclear.0360.jpg | Prob: 0.0003 | Threshold: 0.6000
2025-02-20 00:41:05 - Arquivo: nonclear.0361.jpg | Prob: 0.0000 | Threshold: 0.6000
2025-02-20 00:41:29 - Arquivo: nonclear.0362.jpg | Prob: 0.0000 | Threshold: 0.6000
2025-02-20 00:41:56 - Arquivo: nonclear.0363.jpg | Prob: 0.0000 | Threshold: 0.6000
2025-02-20 00:42:40 - Arquivo: nonclear.0364.jpg | Prob: 0.0000 | Threshold: 0.6000
2025-02-20 00:43:07 - Arquivo: nonclear.0365.jpg | Prob: 0.0000 | Threshold: 0.6000
2025-02-20 00:43:32 - Arquivo: nonclear.0366.jpg | Prob: 0.0621 | Threshold: 0.6000
2025-02-20 00:43:56 - Arquivo: nonclear.0367.jpg | Prob: 0.9984 | Threshold: 0.6000
2025-02-20 00:44:43 - Arquivo: nonclear.0368.jpg | Prob: 0.0007 | Threshold: 0.6000
2025-02-20 00:45:09 - Arquivo: nonclear.0369.jpg | Prob: 0.0044 | Threshold: 0.6000
2025-02-20 00:45:34 - Arquivo: nonclear.0370.jpg | Prob: 0.0054 | Threshold: 0.6000
2025-02-20 00:46:05 - Arquivo: nonclear.0371.jpg | Prob: 0.0034 | Threshold: 0.6000
2025-02-20 00:46:45 - Arquivo: nonclear.0372.jpg | Prob: 0.0000 | Threshold: 0.6000
2025-02-20 00:47:12 - Arquivo: nonclear.0373.jpg | Prob: 0.0000 | Threshold: 0.6000
2025-02-20 00:48:14 - Arquivo: nonclear.0374.jpg | Prob: 0.0000 | Threshold: 0.6000
2025-02-20 00:48:39 - Arquivo: nonclear.0375.jpg | Prob: 0.0001 | Threshold: 0.6000
2025-02-20 00:49:13 - Arquivo: nonclear.0376.jpg | Prob: 0.0002 | Threshold: 0.6000
2025-02-20 00:49:49 - Arquivo: nonclear.0377.jpg | Prob: 0.0000 | Threshold: 0.6000
2025-02-20 00:50:15 - Arquivo: nonclear.0378.jpg | Prob: 0.0002 | Threshold: 0.6000
2025-02-20 00:50:42 - Arquivo: nonclear.0379.jpg | Prob: 0.0000 | Threshold: 0.6000
2025-02-20 00:51:22 - Arquivo: nonclear.0380.jpg | Prob: 0.0000 | Threshold: 0.6000
2025-02-20 00:51:46 - Arquivo: nonclear.0381.jpg | Prob: 0.0002 | Threshold: 0.6000
2025-02-20 00:52:11 - Arquivo: nonclear.0382.jpg | Prob: 0.0001 | Threshold: 0.6000
2025-02-20 00:52:38 - Arquivo: nonclear.0383.jpg | Prob: 0.0001 | Threshold: 0.6000
2025-02-20 00:53:06 - Arquivo: nonclear.0384.jpg | Prob: 0.0448 | Threshold: 0.6000
2025-02-20 00:53:48 - Arquivo: nonclear.0385.jpg | Prob: 0.9849 | Threshold: 0.6000
2025-02-20 00:54:16 - Arquivo: nonclear.0386.jpg | Prob: 0.0000 | Threshold: 0.6000
2025-02-20 00:54:51 - Arquivo: nonclear.0387.jpg | Prob: 0.0000 | Threshold: 0.6000
2025-02-20 00:55:20 - Arquivo: nonclear.0388.jpg | Prob: 0.0032 | Threshold: 0.6000
2025-02-20 00:55:54 - Arquivo: nonclear.0389.jpg | Prob: 0.0000 | Threshold: 0.6000
2025-02-20 00:56:23 - Arquivo: nonclear.0390.jpg | Prob: 0.0000 | Threshold: 0.6000
2025-02-20 00:56:55 - Arquivo: nonclear.0391.jpg | Prob: 0.0000 | Threshold: 0.6000
2025-02-20 00:57:22 - Arquivo: nonclear.0392.jpg | Prob: 0.0000 | Threshold: 0.6000
2025-02-20 00:58:03 - Arquivo: nonclear.0393.jpg | Prob: 0.0000 | Threshold: 0.6000
2025-02-20 00:58:29 - Arquivo: nonclear.0394.jpg | Prob: 0.0000 | Threshold: 0.6000
2025-02-20 00:59:00 - Arquivo: nonclear.0395.jpg | Prob: 0.0001 | Threshold: 0.6000
2025-02-20 00:59:30 - Arquivo: nonclear.0396.jpg | Prob: 0.0057 | Threshold: 0.6000
2025-02-20 00:59:59 - Arquivo: nonclear.0397.jpg | Prob: 0.0000 | Threshold: 0.6000
2025-02-20 01:00:28 - Arquivo: nonclear.0398.jpg | Prob: 0.0000 | Threshold: 0.6000
2025-02-20 01:01:06 - Arquivo: nonclear.0399.jpg | Prob: 0.0003 | Threshold: 0.6000
2025-02-20 01:01:33 - Arquivo: nonclear.0400.jpg | Prob: 0.0000 | Threshold: 0.6000
2025-02-20 01:02:01 - Arquivo: nonclear.0401.jpg | Prob: 0.4137 | Threshold: 0.6000
2025-02-20 01:02:30 - Arquivo: nonclear.0402.jpg | Prob: 0.0000 | Threshold: 0.6000
2025-02-20 01:03:17 - Arquivo: nonclear.0403.jpg | Prob: 0.0000 | Threshold: 0.6000
2025-02-20 01:03:45 - Arquivo: nonclear.0404.jpg | Prob: 0.1066 | Threshold: 0.6000
2025-02-20 01:04:31 - Arquivo: nonclear.0405.jpg | Prob: 0.0000 | Threshold: 0.6000
2025-02-20 01:04:58 - Arquivo: nonclear.0406.jpg | Prob: 0.0002 | Threshold: 0.6000
2025-02-20 01:05:29 - Arquivo: nonclear.0407.jpg | Prob: 0.0000 | Threshold: 0.6000
2025-02-20 01:05:55 - Arquivo: nonclear.0408.jpg | Prob: 0.0000 | Threshold: 0.6000
2025-02-20 01:06:23 - Arquivo: nonclear.0409.jpg | Prob: 0.0000 | Threshold: 0.6000
2025-02-20 01:06:57 - Arquivo: nonclear.0410.jpg | Prob: 0.0001 | Threshold: 0.6000
2025-02-20 01:07:58 - Arquivo: nonclear.0411.jpg | Prob: 0.0000 | Threshold: 0.6000
2025-02-20 01:08:25 - Arquivo: nonclear.0412.jpg | Prob: 0.0000 | Threshold: 0.6000
2025-02-20 01:09:26 - Arquivo: nonclear.0413.jpg | Prob: 0.0000 | Threshold: 0.6000
2025-02-20 01:10:04 - Arquivo: nonclear.0414.jpg | Prob: 0.0000 | Threshold: 0.6000
2025-02-20 01:10:32 - Arquivo: nonclear.0415.jpg | Prob: 0.0000 | Threshold: 0.6000
2025-02-20 01:11:01 - Arquivo: nonclear.0416.jpg | Prob: 0.9731 | Threshold: 0.6000
2025-02-20 01:11:44 - Arquivo: nonclear.0417.jpg | Prob: 0.0000 | Threshold: 0.6000
2025-02-20 01:12:21 - Arquivo: nonclear.0418.jpg | Prob: 0.0000 | Threshold: 0.6000
2025-02-20 01:13:03 - Arquivo: nonclear.0419.jpg | Prob: 0.0000 | Threshold: 0.6000
2025-02-20 01:13:31 - Arquivo: nonclear.0420.jpg | Prob: 0.0000 | Threshold: 0.6000
2025-02-20 01:14:01 - Arquivo: nonclear.0421.jpg | Prob: 0.0000 | Threshold: 0.6000
2025-02-20 01:14:26 - Arquivo: nonclear.0422.jpg | Prob: 0.0000 | Threshold: 0.6000
2025-02-20 01:14:54 - Arquivo: nonclear.0423.jpg | Prob: 0.0000 | Threshold: 0.6000
2025-02-20 01:15:51 - Arquivo: nonclear.0424.jpg | Prob: 0.0000 | Threshold: 0.6000
2025-02-20 01:16:19 - Arquivo: nonclear.0425.jpg | Prob: 0.0000 | Threshold: 0.6000
2025-02-20 01:16:45 - Arquivo: nonclear.0426.jpg | Prob: 0.0010 | Threshold: 0.6000
2025-02-20 01:17:15 - Arquivo: nonclear.0427.jpg | Prob: 0.0000 | Threshold: 0.6000
2025-02-20 01:17:41 - Arquivo: nonclear.0428.jpg | Prob: 0.0000 | Threshold: 0.6000
2025-02-20 01:18:19 - Arquivo: nonclear.0429.jpg | Prob: 0.0000 | Threshold: 0.6000
2025-02-20 01:18:46 - Arquivo: nonclear.0430.jpg | Prob: 0.5249 | Threshold: 0.6000
2025-02-20 01:19:14 - Arquivo: nonclear.0431.jpg | Prob: 0.2585 | Threshold: 0.6000
2025-02-20 01:19:50 - Arquivo: nonclear.0432.jpg | Prob: 0.0002 | Threshold: 0.6000
2025-02-20 01:20:17 - Arquivo: nonclear.0433.jpg | Prob: 0.0000 | Threshold: 0.6000
2025-02-20 01:20:41 - Arquivo: nonclear.0434.jpg | Prob: 0.0000 | Threshold: 0.6000
2025-02-20 01:21:26 - Arquivo: nonclear.0435.jpg | Prob: 0.0000 | Threshold: 0.6000
2025-02-20 01:21:54 - Arquivo: nonclear.0436.jpg | Prob: 0.0000 | Threshold: 0.6000
2025-02-20 01:22:22 - Arquivo: nonclear.0437.jpg | Prob: 0.0569 | Threshold: 0.6000
2025-02-20 01:22:51 - Arquivo: nonclear.0438.jpg | Prob: 0.0001 | Threshold: 0.6000
2025-02-20 01:23:18 - Arquivo: nonclear.0439.jpg | Prob: 0.0000 | Threshold: 0.6000
2025-02-20 01:23:44 - Arquivo: nonclear.0440.jpg | Prob: 0.0000 | Threshold: 0.6000
2025-02-20 01:24:19 - Arquivo: nonclear.0441.jpg | Prob: 0.0000 | Threshold: 0.6000
2025-02-20 01:24:47 - Arquivo: nonclear.0442.jpg | Prob: 0.0000 | Threshold: 0.6000
2025-02-20 01:25:22 - Arquivo: nonclear.0443.jpg | Prob: 0.0005 | Threshold: 0.6000
2025-02-20 01:25:50 - Arquivo: nonclear.0444.jpg | Prob: 0.0002 | Threshold: 0.6000
2025-02-20 01:26:16 - Arquivo: nonclear.0445.jpg | Prob: 0.0000 | Threshold: 0.6000
2025-02-20 01:26:43 - Arquivo: nonclear.0446.jpg | Prob: 0.0000 | Threshold: 0.6000
2025-02-20 01:27:10 - Arquivo: nonclear.0447.jpg | Prob: 0.0000 | Threshold: 0.6000
2025-02-20 01:27:36 - Arquivo: nonclear.0448.jpg | Prob: 0.0000 | Threshold: 0.6000
2025-02-20 01:28:01 - Arquivo: nonclear.0449.jpg | Prob: 0.0000 | Threshold: 0.6000
2025-02-20 01:28:29 - Arquivo: nonclear.0450.jpg | Prob: 0.0001 | Threshold: 0.6000
2025-02-20 01:28:55 - Arquivo: nonclear.0451.jpg | Prob: 0.0000 | Threshold: 0.6000
2025-02-20 01:29:22 - Arquivo: nonclear.0452.jpg | Prob: 0.0000 | Threshold: 0.6000
2025-02-20 01:30:01 - Arquivo: nonclear.0453.jpg | Prob: 0.1339 | Threshold: 0.6000
2025-02-20 01:30:31 - Arquivo: nonclear.0454.jpg | Prob: 0.0000 | Threshold: 0.6000
2025-02-20 01:31:11 - Arquivo: nonclear.0455.jpg | Prob: 0.0000 | Threshold: 0.6000
2025-02-20 01:31:38 - Arquivo: nonclear.0456.jpg | Prob: 0.4659 | Threshold: 0.6000
2025-02-20 01:32:08 - Arquivo: nonclear.0457.jpg | Prob: 0.0001 | Threshold: 0.6000
2025-02-20 01:32:34 - Arquivo: nonclear.0458.jpg | Prob: 0.0000 | Threshold: 0.6000
2025-02-20 01:33:03 - Arquivo: nonclear.0459.jpg | Prob: 0.0000 | Threshold: 0.6000
2025-02-20 01:33:30 - Arquivo: nonclear.0460.jpg | Prob: 0.0000 | Threshold: 0.6000
2025-02-20 01:34:04 - Arquivo: nonclear.0461.jpg | Prob: 0.0000 | Threshold: 0.6000
2025-02-20 01:34:32 - Arquivo: nonclear.0462.jpg | Prob: 0.0000 | Threshold: 0.6000
2025-02-20 01:35:00 - Arquivo: nonclear.0463.jpg | Prob: 0.0000 | Threshold: 0.6000
2025-02-20 01:35:29 - Arquivo: nonclear.0464.jpg | Prob: 0.0001 | Threshold: 0.6000
2025-02-20 01:35:58 - Arquivo: nonclear.0465.jpg | Prob: 0.0000 | Threshold: 0.6000
2025-02-20 01:36:27 - Arquivo: nonclear.0466.jpg | Prob: 0.0000 | Threshold: 0.6000
2025-02-20 01:36:55 - Arquivo: nonclear.0467.jpg | Prob: 0.0000 | Threshold: 0.6000
2025-02-20 01:37:23 - Arquivo: nonclear.0468.jpg | Prob: 0.0000 | Threshold: 0.6000
2025-02-20 01:38:01 - Arquivo: nonclear.0469.jpg | Prob: 0.0000 | Threshold: 0.6000
2025-02-20 01:38:27 - Arquivo: nonclear.0470.jpg | Prob: 0.0000 | Threshold: 0.6000
2025-02-20 01:38:51 - Arquivo: nonclear.0471.jpg | Prob: 0.9788 | Threshold: 0.6000
2025-02-20 01:39:53 - Arquivo: nonclear.0472.jpg | Prob: 0.0000 | Threshold: 0.6000
2025-02-20 01:40:21 - Arquivo: nonclear.0473.jpg | Prob: 0.0001 | Threshold: 0.6000
2025-02-20 01:40:46 - Arquivo: nonclear.0474.jpg | Prob: 0.0000 | Threshold: 0.6000
2025-02-20 01:41:14 - Arquivo: nonclear.0475.jpg | Prob: 0.0000 | Threshold: 0.6000
2025-02-20 01:41:55 - Arquivo: nonclear.0476.jpg | Prob: 0.0000 | Threshold: 0.6000
2025-02-20 01:42:23 - Arquivo: nonclear.0477.jpg | Prob: 0.0000 | Threshold: 0.6000
2025-02-20 01:42:49 - Arquivo: nonclear.0478.jpg | Prob: 0.0000 | Threshold: 0.6000
2025-02-20 01:43:24 - Arquivo: nonclear.0479.jpg | Prob: 0.0000 | Threshold: 0.6000
2025-02-20 01:43:51 - Arquivo: nonclear.0480.jpg | Prob: 0.0001 | Threshold: 0.6000
2025-02-20 01:44:17 - Arquivo: nonclear.0481.jpg | Prob: 0.0000 | Threshold: 0.6000
2025-02-20 01:44:42 - Arquivo: nonclear.0482.jpg | Prob: 0.0000 | Threshold: 0.6000
2025-02-20 01:45:08 - Arquivo: nonclear.0483.jpg | Prob: 0.0000 | Threshold: 0.6000
2025-02-20 01:45:34 - Arquivo: nonclear.0484.jpg | Prob: 0.0000 | Threshold: 0.6000
2025-02-20 01:46:00 - Arquivo: nonclear.0485.jpg | Prob: 0.0008 | Threshold: 0.6000
2025-02-20 01:46:25 - Arquivo: nonclear.0486.jpg | Prob: 0.0000 | Threshold: 0.6000
2025-02-20 01:46:52 - Arquivo: nonclear.0487.jpg | Prob: 0.0000 | Threshold: 0.6000
2025-02-20 01:47:47 - Arquivo: nonclear.0488.jpg | Prob: 0.0000 | Threshold: 0.6000
2025-02-20 01:48:17 - Arquivo: nonclear.0489.jpg | Prob: 0.0000 | Threshold: 0.6000
2025-02-20 01:48:43 - Arquivo: nonclear.0490.jpg | Prob: 0.0000 | Threshold: 0.6000
2025-02-20 01:49:13 - Arquivo: nonclear.0491.jpg | Prob: 0.0000 | Threshold: 0.6000
2025-02-20 01:49:39 - Arquivo: nonclear.0492.jpg | Prob: 0.0002 | Threshold: 0.6000
2025-02-20 01:50:04 - Arquivo: nonclear.0493.jpg | Prob: 0.0000 | Threshold: 0.6000
2025-02-20 01:50:29 - Arquivo: nonclear.0494.jpg | Prob: 0.0644 | Threshold: 0.6000
2025-02-20 01:50:56 - Arquivo: nonclear.0495.jpg | Prob: 0.0000 | Threshold: 0.6000
2025-02-20 01:51:22 - Arquivo: nonclear.0496.jpg | Prob: 0.0000 | Threshold: 0.6000
2025-02-20 01:51:48 - Arquivo: nonclear.0497.jpg | Prob: 0.0000 | Threshold: 0.6000
2025-02-20 01:52:13 - Arquivo: nonclear.0498.jpg | Prob: 0.0000 | Threshold: 0.6000
2025-02-20 01:52:38 - Arquivo: nonclear.0499.jpg | Prob: 0.0001 | Threshold: 0.6000
2025-02-20 01:53:04 - Arquivo: nonclear.0500.jpg | Prob: 0.0000 | Threshold: 0.6000
2025-02-20 01:53:40 - Arquivo: nonclear.0501.jpg | Prob: 0.0000 | Threshold: 0.6000
2025-02-20 01:54:07 - Arquivo: nonclear.0502.jpg | Prob: 0.0000 | Threshold: 0.6000
2025-02-20 01:54:31 - Arquivo: nonclear.0503.jpg | Prob: 0.0094 | Threshold: 0.6000
2025-02-20 01:54:56 - Arquivo: nonclear.0504.jpg | Prob: 0.0000 | Threshold: 0.6000
2025-02-20 01:55:45 - Arquivo: nonclear.0505.jpg | Prob: 0.0000 | Threshold: 0.6000
2025-02-20 01:56:12 - Arquivo: nonclear.0506.jpg | Prob: 0.0000 | Threshold: 0.6000
2025-02-20 01:56:41 - Arquivo: nonclear.0507.jpg | Prob: 0.0000 | Threshold: 0.6000
2025-02-20 01:57:13 - Arquivo: nonclear.0508.jpg | Prob: 0.0002 | Threshold: 0.6000
2025-02-20 01:57:53 - Arquivo: nonclear.0509.jpg | Prob: 0.0016 | Threshold: 0.6000
2025-02-20 01:58:17 - Arquivo: nonclear.0510.jpg | Prob: 0.0000 | Threshold: 0.6000
2025-02-20 01:58:41 - Arquivo: nonclear.0511.jpg | Prob: 0.0000 | Threshold: 0.6000
2025-02-20 01:59:20 - Arquivo: nonclear.0512.jpg | Prob: 0.0000 | Threshold: 0.6000
2025-02-20 01:59:47 - Arquivo: nonclear.0513.jpg | Prob: 0.0001 | Threshold: 0.6000
2025-02-20 02:00:20 - Arquivo: nonclear.0514.jpg | Prob: 0.0000 | Threshold: 0.6000
2025-02-20 02:00:46 - Arquivo: nonclear.0515.jpg | Prob: 0.0000 | Threshold: 0.6000
2025-02-20 02:01:14 - Arquivo: nonclear.0516.jpg | Prob: 0.0000 | Threshold: 0.6000
2025-02-20 02:01:49 - Arquivo: nonclear.0517.jpg | Prob: 0.0000 | Threshold: 0.6000
2025-02-20 02:02:16 - Arquivo: nonclear.0518.jpg | Prob: 0.0137 | Threshold: 0.6000
2025-02-20 02:02:45 - Arquivo: nonclear.0519.jpg | Prob: 0.0180 | Threshold: 0.6000
2025-02-20 02:03:32 - Arquivo: nonclear.0520.jpg | Prob: 0.0000 | Threshold: 0.6000
2025-02-20 02:04:25 - Arquivo: nonclear.0521.jpg | Prob: 0.0054 | Threshold: 0.6000
2025-02-20 02:04:56 - Arquivo: nonclear.0522.jpg | Prob: 0.0001 | Threshold: 0.6000
2025-02-20 02:05:25 - Arquivo: nonclear.0523.jpg | Prob: 0.0000 | Threshold: 0.6000
2025-02-20 02:05:53 - Arquivo: nonclear.0524.jpg | Prob: 0.0000 | Threshold: 0.6000
2025-02-20 02:06:23 - Arquivo: nonclear.0525.jpg | Prob: 0.0000 | Threshold: 0.6000
2025-02-20 02:06:49 - Arquivo: nonclear.0526.jpg | Prob: 0.0229 | Threshold: 0.6000
2025-02-20 02:07:15 - Arquivo: nonclear.0527.jpg | Prob: 0.0002 | Threshold: 0.6000
2025-02-20 02:07:39 - Arquivo: nonclear.0528.jpg | Prob: 0.0061 | Threshold: 0.6000
2025-02-20 02:08:24 - Arquivo: nonclear.0529.jpg | Prob: 0.0000 | Threshold: 0.6000
2025-02-20 02:08:57 - Arquivo: nonclear.0530.jpg | Prob: 0.0000 | Threshold: 0.6000
2025-02-20 02:09:32 - Arquivo: nonclear.0531.jpg | Prob: 0.0000 | Threshold: 0.6000
2025-02-20 02:09:58 - Arquivo: nonclear.0532.jpg | Prob: 0.0000 | Threshold: 0.6000
2025-02-20 02:10:26 - Arquivo: nonclear.0533.jpg | Prob: 0.0000 | Threshold: 0.6000
2025-02-20 02:11:00 - Arquivo: nonclear.0534.jpg | Prob: 0.0000 | Threshold: 0.6000
2025-02-20 02:11:25 - Arquivo: nonclear.0535.jpg | Prob: 0.0002 | Threshold: 0.6000
2025-02-20 02:12:02 - Arquivo: nonclear.0536.jpg | Prob: 0.0003 | Threshold: 0.6000
2025-02-20 02:12:29 - Arquivo: nonclear.0537.jpg | Prob: 0.0002 | Threshold: 0.6000
2025-02-20 02:12:56 - Arquivo: nonclear.0538.jpg | Prob: 0.0000 | Threshold: 0.6000
2025-02-20 02:13:24 - Arquivo: nonclear.0539.jpg | Prob: 0.0001 | Threshold: 0.6000
2025-02-20 02:13:55 - Arquivo: nonclear.0540.jpg | Prob: 0.0000 | Threshold: 0.6000
2025-02-20 02:14:21 - Arquivo: nonclear.0541.jpg | Prob: 0.0097 | Threshold: 0.6000
2025-02-20 02:14:46 - Arquivo: nonclear.0542.jpg | Prob: 0.0000 | Threshold: 0.6000
2025-02-20 02:15:29 - Arquivo: nonclear.0543.jpg | Prob: 0.1169 | Threshold: 0.6000
2025-02-20 02:16:00 - Arquivo: nonclear.0544.jpg | Prob: 0.0025 | Threshold: 0.6000
2025-02-20 02:16:54 - Arquivo: nonclear.0545.jpg | Prob: 0.9409 | Threshold: 0.6000
2025-02-20 02:17:20 - Arquivo: nonclear.0546.jpg | Prob: 0.0000 | Threshold: 0.6000
2025-02-20 02:17:49 - Arquivo: nonclear.0547.jpg | Prob: 0.0000 | Threshold: 0.6000
2025-02-20 02:18:15 - Arquivo: nonclear.0548.jpg | Prob: 0.0000 | Threshold: 0.6000
2025-02-20 02:18:41 - Arquivo: nonclear.0549.jpg | Prob: 0.0000 | Threshold: 0.6000
2025-02-20 02:19:07 - Arquivo: nonclear.0550.jpg | Prob: 0.0000 | Threshold: 0.6000
2025-02-20 02:19:34 - Arquivo: nonclear.0551.jpg | Prob: 0.0000 | Threshold: 0.6000
2025-02-20 02:20:02 - Arquivo: nonclear.0552.jpg | Prob: 0.0000 | Threshold: 0.6000
2025-02-20 02:20:34 - Arquivo: nonclear.0553.jpg | Prob: 0.0000 | Threshold: 0.6000
2025-02-20 02:21:03 - Arquivo: nonclear.0554.jpg | Prob: 0.0000 | Threshold: 0.6000
2025-02-20 02:21:28 - Arquivo: nonclear.0555.jpg | Prob: 0.0009 | Threshold: 0.6000
2025-02-20 02:21:55 - Arquivo: nonclear.0556.jpg | Prob: 0.0008 | Threshold: 0.6000
2025-02-20 02:22:19 - Arquivo: nonclear.0557.jpg | Prob: 0.0056 | Threshold: 0.6000
2025-02-20 02:22:45 - Arquivo: nonclear.0558.jpg | Prob: 0.0000 | Threshold: 0.6000
2025-02-20 02:23:14 - Arquivo: nonclear.0559.jpg | Prob: 0.0000 | Threshold: 0.6000
2025-02-20 02:23:43 - Arquivo: nonclear.0560.jpg | Prob: 0.0000 | Threshold: 0.6000
2025-02-20 02:24:12 - Arquivo: nonclear.0561.jpg | Prob: 0.9518 | Threshold: 0.6000
2025-02-20 02:24:48 - Arquivo: nonclear.0562.jpg | Prob: 0.0000 | Threshold: 0.6000
2025-02-20 02:25:21 - Arquivo: nonclear.0563.jpg | Prob: 0.1381 | Threshold: 0.6000
2025-02-20 02:25:48 - Arquivo: nonclear.0564.jpg | Prob: 0.0000 | Threshold: 0.6000
2025-02-20 02:26:16 - Arquivo: nonclear.0565.jpg | Prob: 0.0000 | Threshold: 0.6000
2025-02-20 02:26:45 - Arquivo: nonclear.0566.jpg | Prob: 0.0000 | Threshold: 0.6000
2025-02-20 02:27:10 - Arquivo: nonclear.0567.jpg | Prob: 0.0020 | Threshold: 0.6000
2025-02-20 02:27:42 - Arquivo: nonclear.0568.jpg | Prob: 0.1268 | Threshold: 0.6000
2025-02-20 02:28:22 - Arquivo: nonclear.0569.jpg | Prob: 0.0000 | Threshold: 0.6000
2025-02-20 02:29:01 - Arquivo: nonclear.0570.jpg | Prob: 0.0000 | Threshold: 0.6000
2025-02-20 02:29:35 - Arquivo: nonclear.0571.jpg | Prob: 0.0001 | Threshold: 0.6000
2025-02-20 02:30:25 - Arquivo: nonclear.0572.jpg | Prob: 0.0000 | Threshold: 0.6000
2025-02-20 02:30:57 - Arquivo: nonclear.0573.jpg | Prob: 0.8948 | Threshold: 0.6000
2025-02-20 02:31:36 - Arquivo: nonclear.0574.jpg | Prob: 0.0001 | Threshold: 0.6000
2025-02-20 02:32:05 - Arquivo: nonclear.0575.jpg | Prob: 0.0273 | Threshold: 0.6000
2025-02-20 02:32:31 - Arquivo: nonclear.0576.jpg | Prob: 0.0000 | Threshold: 0.6000
2025-02-20 02:32:57 - Arquivo: nonclear.0577.jpg | Prob: 0.0000 | Threshold: 0.6000
2025-02-20 02:33:23 - Arquivo: nonclear.0578.jpg | Prob: 0.0000 | Threshold: 0.6000
2025-02-20 02:33:50 - Arquivo: nonclear.0579.jpg | Prob: 0.0000 | Threshold: 0.6000
2025-02-20 02:34:18 - Arquivo: nonclear.0580.jpg | Prob: 0.0210 | Threshold: 0.6000
2025-02-20 02:34:45 - Arquivo: nonclear.0581.jpg | Prob: 0.0000 | Threshold: 0.6000
2025-02-20 02:35:14 - Arquivo: nonclear.0582.jpg | Prob: 0.0000 | Threshold: 0.6000
2025-02-20 02:35:41 - Arquivo: nonclear.0583.jpg | Prob: 0.0000 | Threshold: 0.6000
2025-02-20 02:36:15 - Arquivo: nonclear.0584.jpg | Prob: 0.0000 | Threshold: 0.6000
2025-02-20 02:36:43 - Arquivo: nonclear.0585.jpg | Prob: 0.0000 | Threshold: 0.6000
2025-02-20 02:37:12 - Arquivo: nonclear.0586.jpg | Prob: 0.0000 | Threshold: 0.6000
2025-02-20 02:37:39 - Arquivo: nonclear.0587.jpg | Prob: 0.0000 | Threshold: 0.6000
2025-02-20 02:38:05 - Arquivo: nonclear.0588.jpg | Prob: 0.0000 | Threshold: 0.6000
2025-02-20 02:38:33 - Arquivo: nonclear.0589.jpg | Prob: 0.0000 | Threshold: 0.6000
2025-02-20 02:39:16 - Arquivo: nonclear.0590.jpg | Prob: 0.0000 | Threshold: 0.6000
2025-02-20 02:39:45 - Arquivo: nonclear.0591.jpg | Prob: 0.0000 | Threshold: 0.6000
2025-02-20 02:40:17 - Arquivo: nonclear.0592.jpg | Prob: 0.0000 | Threshold: 0.6000
2025-02-20 02:40:43 - Arquivo: nonclear.0593.jpg | Prob: 0.0000 | Threshold: 0.6000
2025-02-20 02:41:20 - Arquivo: nonclear.0594.jpg | Prob: 0.0000 | Threshold: 0.6000
2025-02-20 02:41:50 - Arquivo: nonclear.0595.jpg | Prob: 0.0000 | Threshold: 0.6000
2025-02-20 02:42:36 - Arquivo: nonclear.0596.jpg | Prob: 0.0027 | Threshold: 0.6000
2025-02-20 02:43:09 - Arquivo: nonclear.0597.jpg | Prob: 0.0003 | Threshold: 0.6000
2025-02-20 02:43:42 - Arquivo: nonclear.0598.jpg | Prob: 0.0011 | Threshold: 0.6000
2025-02-20 02:44:45 - Arquivo: nonclear.0599.jpg | Prob: 0.0000 | Threshold: 0.6000
2025-02-20 02:45:17 - Arquivo: nonclear.0600.jpg | Prob: 0.0000 | Threshold: 0.6000
2025-02-20 02:45:50 - Arquivo: nonclear.0601.jpg | Prob: 0.0000 | Threshold: 0.6000
2025-02-20 02:46:19 - Arquivo: nonclear.0602.jpg | Prob: 0.0005 | Threshold: 0.6000
2025-02-20 02:46:47 - Arquivo: nonclear.0603.jpg | Prob: 0.0000 | Threshold: 0.6000
2025-02-20 02:47:16 - Arquivo: nonclear.0604.jpg | Prob: 0.0000 | Threshold: 0.6000
2025-02-20 02:47:47 - Arquivo: nonclear.0605.jpg | Prob: 0.2965 | Threshold: 0.6000
2025-02-20 02:48:38 - Arquivo: nonclear.0606.jpg | Prob: 0.0000 | Threshold: 0.6000
2025-02-20 02:49:09 - Arquivo: nonclear.0607.jpg | Prob: 0.0000 | Threshold: 0.6000
2025-02-20 02:49:50 - Arquivo: nonclear.0608.jpg | Prob: 0.0000 | Threshold: 0.6000
2025-02-20 02:50:23 - Arquivo: nonclear.0609.jpg | Prob: 0.0000 | Threshold: 0.6000
2025-02-20 02:50:52 - Arquivo: nonclear.0610.jpg | Prob: 0.0005 | Threshold: 0.6000
2025-02-20 02:51:20 - Arquivo: nonclear.0611.jpg | Prob: 0.0001 | Threshold: 0.6000
2025-02-20 02:51:55 - Arquivo: nonclear.0612.jpg | Prob: 0.1753 | Threshold: 0.6000
2025-02-20 02:52:25 - Arquivo: nonclear.0613.jpg | Prob: 0.0000 | Threshold: 0.6000
2025-02-20 02:53:00 - Arquivo: nonclear.0614.jpg | Prob: 0.0000 | Threshold: 0.6000
2025-02-20 02:53:30 - Arquivo: nonclear.0615.jpg | Prob: 0.0000 | Threshold: 0.6000
2025-02-20 02:54:00 - Arquivo: nonclear.0616.jpg | Prob: 0.0000 | Threshold: 0.6000
2025-02-20 02:54:38 - Arquivo: nonclear.0617.jpg | Prob: 0.0012 | Threshold: 0.6000
2025-02-20 02:55:24 - Arquivo: nonclear.0618.jpg | Prob: 0.0000 | Threshold: 0.6000
2025-02-20 02:55:59 - Arquivo: nonclear.0619.jpg | Prob: 0.0010 | Threshold: 0.6000
2025-02-20 02:56:29 - Arquivo: nonclear.0620.jpg | Prob: 0.0000 | Threshold: 0.6000
2025-02-20 02:57:01 - Arquivo: nonclear.0621.jpg | Prob: 0.0000 | Threshold: 0.6000
2025-02-20 02:57:31 - Arquivo: nonclear.0622.jpg | Prob: 0.0002 | Threshold: 0.6000
2025-02-20 02:58:01 - Arquivo: nonclear.0623.jpg | Prob: 0.0003 | Threshold: 0.6000
2025-02-20 02:58:55 - Arquivo: nonclear.0624.jpg | Prob: 0.0000 | Threshold: 0.6000
2025-02-20 02:59:24 - Arquivo: nonclear.0625.jpg | Prob: 0.0002 | Threshold: 0.6000
2025-02-20 02:59:57 - Arquivo: nonclear.0626.jpg | Prob: 0.0005 | Threshold: 0.6000
2025-02-20 03:00:50 - Arquivo: nonclear.0627.jpg | Prob: 0.0000 | Threshold: 0.6000
2025-02-20 03:01:26 - Arquivo: nonclear.0628.jpg | Prob: 0.0000 | Threshold: 0.6000
2025-02-20 03:02:04 - Arquivo: nonclear.0629.jpg | Prob: 0.6043 | Threshold: 0.6000
2025-02-20 03:02:33 - Arquivo: nonclear.0630.jpg | Prob: 0.0000 | Threshold: 0.6000
2025-02-20 03:03:17 - Arquivo: nonclear.0631.jpg | Prob: 0.0000 | Threshold: 0.6000
2025-02-20 03:03:58 - Arquivo: nonclear.0632.jpg | Prob: 0.0000 | Threshold: 0.6000
2025-02-20 03:04:30 - Arquivo: nonclear.0633.jpg | Prob: 0.0000 | Threshold: 0.6000
2025-02-20 03:05:06 - Arquivo: nonclear.0634.jpg | Prob: 0.0002 | Threshold: 0.6000
2025-02-20 03:05:40 - Arquivo: nonclear.0635.jpg | Prob: 0.0142 | Threshold: 0.6000
2025-02-20 03:06:13 - Arquivo: nonclear.0636.jpg | Prob: 0.0000 | Threshold: 0.6000
2025-02-20 03:06:42 - Arquivo: nonclear.0637.jpg | Prob: 0.0000 | Threshold: 0.6000
2025-02-20 03:07:24 - Arquivo: nonclear.0638.jpg | Prob: 0.0000 | Threshold: 0.6000
2025-02-20 03:07:59 - Arquivo: nonclear.0639.jpg | Prob: 0.0000 | Threshold: 0.6000
2025-02-20 03:08:37 - Arquivo: nonclear.0640.jpg | Prob: 1.0000 | Threshold: 0.6000
2025-02-20 03:09:11 - Arquivo: nonclear.0641.jpg | Prob: 0.3696 | Threshold: 0.6000
2025-02-20 03:09:43 - Arquivo: nonclear.0642.jpg | Prob: 0.0000 | Threshold: 0.6000
2025-02-20 03:10:17 - Arquivo: nonclear.0643.jpg | Prob: 0.0000 | Threshold: 0.6000
2025-02-20 03:10:57 - Arquivo: nonclear.0644.jpg | Prob: 0.0000 | Threshold: 0.6000
2025-02-20 03:11:34 - Arquivo: nonclear.0645.jpg | Prob: 0.0000 | Threshold: 0.6000
2025-02-20 03:12:08 - Arquivo: nonclear.0646.jpg | Prob: 0.0007 | Threshold: 0.6000
2025-02-20 03:12:54 - Arquivo: nonclear.0647.jpg | Prob: 0.0000 | Threshold: 0.6000
2025-02-20 03:13:51 - Arquivo: nonclear.0648.jpg | Prob: 0.0000 | Threshold: 0.6000
2025-02-20 03:14:27 - Arquivo: nonclear.0649.jpg | Prob: 0.0000 | Threshold: 0.6000
2025-02-20 03:15:18 - Arquivo: nonclear.0650.jpg | Prob: 0.0007 | Threshold: 0.6000
2025-02-20 03:15:46 - Arquivo: nonclear.0651.jpg | Prob: 0.0000 | Threshold: 0.6000
2025-02-20 03:16:24 - Arquivo: nonclear.0652.jpg | Prob: 0.0001 | Threshold: 0.6000
2025-02-20 03:17:04 - Arquivo: nonclear.0653.jpg | Prob: 1.0000 | Threshold: 0.6000
2025-02-20 03:17:30 - Arquivo: nonclear.0654.jpg | Prob: 0.0003 | Threshold: 0.6000
2025-02-20 03:18:00 - Arquivo: nonclear.0655.jpg | Prob: 0.0001 | Threshold: 0.6000
2025-02-20 03:18:50 - Arquivo: nonclear.0656.jpg | Prob: 0.0001 | Threshold: 0.6000
2025-02-20 03:19:29 - Arquivo: nonclear.0657.jpg | Prob: 0.0000 | Threshold: 0.6000
2025-02-20 03:19:59 - Arquivo: nonclear.0658.jpg | Prob: 0.0002 | Threshold: 0.6000
2025-02-20 03:20:28 - Arquivo: nonclear.0659.jpg | Prob: 0.2455 | Threshold: 0.6000
2025-02-20 03:21:00 - Arquivo: nonclear.0660.jpg | Prob: 0.0000 | Threshold: 0.6000
2025-02-20 03:21:41 - Arquivo: nonclear.0661.jpg | Prob: 0.0000 | Threshold: 0.6000
2025-02-20 03:22:08 - Arquivo: nonclear.0662.jpg | Prob: 0.0000 | Threshold: 0.6000
2025-02-20 03:22:39 - Arquivo: nonclear.0663.jpg | Prob: 0.0000 | Threshold: 0.6000
2025-02-20 03:23:27 - Arquivo: nonclear.0664.jpg | Prob: 0.0000 | Threshold: 0.6000
2025-02-20 03:24:03 - Arquivo: nonclear.0665.jpg | Prob: 0.0000 | Threshold: 0.6000
2025-02-20 03:24:31 - Arquivo: nonclear.0666.jpg | Prob: 0.0000 | Threshold: 0.6000
2025-02-20 03:25:05 - Arquivo: nonclear.0667.jpg | Prob: 0.0002 | Threshold: 0.6000
2025-02-20 03:25:35 - Arquivo: nonclear.0668.jpg | Prob: 0.0021 | Threshold: 0.6000
2025-02-20 03:26:12 - Arquivo: nonclear.0669.jpg | Prob: 0.0000 | Threshold: 0.6000
2025-02-20 03:26:50 - Arquivo: nonclear.0670.jpg | Prob: 0.9964 | Threshold: 0.6000
2025-02-20 03:27:23 - Arquivo: nonclear.0671.jpg | Prob: 0.0000 | Threshold: 0.6000
2025-02-20 03:27:54 - Arquivo: nonclear.0672.jpg | Prob: 0.0000 | Threshold: 0.6000
2025-02-20 03:28:24 - Arquivo: nonclear.0673.jpg | Prob: 0.0000 | Threshold: 0.6000
2025-02-20 03:29:02 - Arquivo: nonclear.0674.jpg | Prob: 0.0000 | Threshold: 0.6000
2025-02-20 03:29:36 - Arquivo: nonclear.0675.jpg | Prob: 0.0000 | Threshold: 0.6000
2025-02-20 03:30:19 - Arquivo: nonclear.0676.jpg | Prob: 0.0000 | Threshold: 0.6000
2025-02-20 03:30:56 - Arquivo: nonclear.0677.jpg | Prob: 0.0000 | Threshold: 0.6000
2025-02-20 03:31:31 - Arquivo: nonclear.0678.jpg | Prob: 0.0183 | Threshold: 0.6000
2025-02-20 03:32:14 - Arquivo: nonclear.0679.jpg | Prob: 0.0000 | Threshold: 0.6000
2025-02-20 03:32:53 - Arquivo: nonclear.0680.jpg | Prob: 0.0001 | Threshold: 0.6000
2025-02-20 03:33:27 - Arquivo: nonclear.0681.jpg | Prob: 0.0003 | Threshold: 0.6000
2025-02-20 03:34:01 - Arquivo: nonclear.0682.jpg | Prob: 0.0000 | Threshold: 0.6000
2025-02-20 03:34:37 - Arquivo: nonclear.0683.jpg | Prob: 0.0000 | Threshold: 0.6000
2025-02-20 03:35:06 - Arquivo: nonclear.0684.jpg | Prob: 0.0000 | Threshold: 0.6000
2025-02-20 03:35:53 - Arquivo: nonclear.0685.jpg | Prob: 0.0000 | Threshold: 0.6000
2025-02-20 03:36:31 - Arquivo: nonclear.0686.jpg | Prob: 0.0000 | Threshold: 0.6000
2025-02-20 03:37:08 - Arquivo: nonclear.0687.jpg | Prob: 0.0497 | Threshold: 0.6000
2025-02-20 03:37:50 - Arquivo: nonclear.0688.jpg | Prob: 0.0020 | Threshold: 0.6000
2025-02-20 03:38:16 - Arquivo: nonclear.0689.jpg | Prob: 0.0000 | Threshold: 0.6000
2025-02-20 03:38:46 - Arquivo: nonclear.0690.jpg | Prob: 0.0000 | Threshold: 0.6000
2025-02-20 03:39:19 - Arquivo: nonclear.0691.jpg | Prob: 0.0000 | Threshold: 0.6000
2025-02-20 03:39:56 - Arquivo: nonclear.0692.jpg | Prob: 0.0000 | Threshold: 0.6000
2025-02-20 03:40:21 - Arquivo: nonclear.0693.jpg | Prob: 0.0000 | Threshold: 0.6000
2025-02-20 03:40:54 - Arquivo: nonclear.0694.jpg | Prob: 0.0000 | Threshold: 0.6000
2025-02-20 03:41:39 - Arquivo: nonclear.0695.jpg | Prob: 0.9999 | Threshold: 0.6000
2025-02-20 03:42:11 - Arquivo: nonclear.0696.jpg | Prob: 0.0001 | Threshold: 0.6000
2025-02-20 03:42:52 - Arquivo: nonclear.0697.jpg | Prob: 0.0000 | Threshold: 0.6000
2025-02-20 03:43:27 - Arquivo: nonclear.0698.jpg | Prob: 0.0000 | Threshold: 0.6000
2025-02-20 03:44:07 - Arquivo: nonclear.0699.jpg | Prob: 0.0000 | Threshold: 0.6000
2025-02-20 03:44:40 - Arquivo: nonclear.0700.jpg | Prob: 0.0021 | Threshold: 0.6000
2025-02-20 03:45:36 - Arquivo: nonclear.0701.jpg | Prob: 0.0360 | Threshold: 0.6000
2025-02-20 03:46:08 - Arquivo: nonclear.0702.jpg | Prob: 0.0000 | Threshold: 0.6000
2025-02-20 03:46:44 - Arquivo: nonclear.0703.jpg | Prob: 0.0000 | Threshold: 0.6000
2025-02-20 03:47:51 - Arquivo: nonclear.0704.jpg | Prob: 0.0000 | Threshold: 0.6000
2025-02-20 03:48:20 - Arquivo: nonclear.0705.jpg | Prob: 0.0000 | Threshold: 0.6000
2025-02-20 03:49:00 - Arquivo: nonclear.0706.jpg | Prob: 0.0002 | Threshold: 0.6000
2025-02-20 03:49:38 - Arquivo: nonclear.0707.jpg | Prob: 0.0000 | Threshold: 0.6000
2025-02-20 03:50:14 - Arquivo: nonclear.0708.jpg | Prob: 0.0000 | Threshold: 0.6000
2025-02-20 03:50:47 - Arquivo: nonclear.0709.jpg | Prob: 0.1905 | Threshold: 0.6000
2025-02-20 03:51:19 - Arquivo: nonclear.0710.jpg | Prob: 0.0000 | Threshold: 0.6000
2025-02-20 03:52:04 - Arquivo: nonclear.0711.jpg | Prob: 0.0000 | Threshold: 0.6000
2025-02-20 03:52:52 - Arquivo: nonclear.0712.jpg | Prob: 0.0000 | Threshold: 0.6000
2025-02-20 03:53:22 - Arquivo: nonclear.0713.jpg | Prob: 0.0000 | Threshold: 0.6000
2025-02-20 03:54:23 - Arquivo: nonclear.0714.jpg | Prob: 0.0000 | Threshold: 0.6000
2025-02-20 03:55:16 - Arquivo: nonclear.0715.jpg | Prob: 0.0000 | Threshold: 0.6000
2025-02-20 03:55:41 - Arquivo: nonclear.0716.jpg | Prob: 0.0000 | Threshold: 0.6000
2025-02-20 03:56:16 - Arquivo: nonclear.0717.jpg | Prob: 0.0000 | Threshold: 0.6000
2025-02-20 03:56:53 - Arquivo: nonclear.0718.jpg | Prob: 0.0000 | Threshold: 0.6000
2025-02-20 03:57:29 - Arquivo: nonclear.0719.jpg | Prob: 0.0005 | Threshold: 0.6000
2025-02-20 03:57:59 - Arquivo: nonclear.0720.jpg | Prob: 0.0000 | Threshold: 0.6000
2025-02-20 03:58:28 - Arquivo: nonclear.0721.jpg | Prob: 0.0000 | Threshold: 0.6000
2025-02-20 03:59:02 - Arquivo: nonclear.0722.jpg | Prob: 0.0000 | Threshold: 0.6000
2025-02-20 03:59:43 - Arquivo: nonclear.0723.jpg | Prob: 0.0000 | Threshold: 0.6000
2025-02-20 04:00:11 - Arquivo: nonclear.0724.jpg | Prob: 0.0000 | Threshold: 0.6000
2025-02-20 04:00:37 - Arquivo: nonclear.0725.jpg | Prob: 0.0000 | Threshold: 0.6000
2025-02-20 04:01:13 - Arquivo: nonclear.0726.jpg | Prob: 0.0000 | Threshold: 0.6000
2025-02-20 04:01:41 - Arquivo: nonclear.0727.jpg | Prob: 0.0000 | Threshold: 0.6000
2025-02-20 04:02:12 - Arquivo: nonclear.0728.jpg | Prob: 0.1640 | Threshold: 0.6000
2025-02-20 04:02:52 - Arquivo: nonclear.0729.jpg | Prob: 0.0097 | Threshold: 0.6000
2025-02-20 04:03:33 - Arquivo: nonclear.0730.jpg | Prob: 0.9986 | Threshold: 0.6000
2025-02-20 04:04:19 - Arquivo: nonclear.0731.jpg | Prob: 0.0000 | Threshold: 0.6000
2025-02-20 04:04:53 - Arquivo: nonclear.0732.jpg | Prob: 0.0000 | Threshold: 0.6000
2025-02-20 04:05:34 - Arquivo: nonclear.0733.jpg | Prob: 0.0000 | Threshold: 0.6000
2025-02-20 04:06:09 - Arquivo: nonclear.0734.jpg | Prob: 0.0000 | Threshold: 0.6000
2025-02-20 04:06:58 - Arquivo: nonclear.0735.jpg | Prob: 0.0000 | Threshold: 0.6000
2025-02-20 04:07:34 - Arquivo: nonclear.0736.jpg | Prob: 0.0000 | Threshold: 0.6000
2025-02-20 04:08:02 - Arquivo: nonclear.0737.jpg | Prob: 0.0000 | Threshold: 0.6000
2025-02-20 04:08:36 - Arquivo: nonclear.0738.jpg | Prob: 0.0000 | Threshold: 0.6000
2025-02-20 04:09:24 - Arquivo: nonclear.0739.jpg | Prob: 0.0000 | Threshold: 0.6000
2025-02-20 04:09:55 - Arquivo: nonclear.0740.jpg | Prob: 0.0009 | Threshold: 0.6000
2025-02-20 04:10:32 - Arquivo: nonclear.0741.jpg | Prob: 0.0003 | Threshold: 0.6000
2025-02-20 04:11:30 - Arquivo: nonclear.0742.jpg | Prob: 0.0461 | Threshold: 0.6000
2025-02-20 04:11:58 - Arquivo: nonclear.0743.jpg | Prob: 0.0000 | Threshold: 0.6000
2025-02-20 04:12:38 - Arquivo: nonclear.0744.jpg | Prob: 0.0000 | Threshold: 0.6000
2025-02-20 04:13:15 - Arquivo: nonclear.0745.jpg | Prob: 0.0000 | Threshold: 0.6000
2025-02-20 04:14:01 - Arquivo: nonclear.0746.jpg | Prob: 0.0000 | Threshold: 0.6000
2025-02-20 04:14:37 - Arquivo: nonclear.0747.jpg | Prob: 0.0000 | Threshold: 0.6000
2025-02-20 04:15:03 - Arquivo: nonclear.0748.jpg | Prob: 0.0000 | Threshold: 0.6000
2025-02-20 04:15:31 - Arquivo: nonclear.0749.jpg | Prob: 0.0000 | Threshold: 0.6000
2025-02-20 04:16:14 - Arquivo: nonclear.0750.jpg | Prob: 0.0000 | Threshold: 0.6000
2025-02-20 04:16:59 - Arquivo: nonclear.0751.jpg | Prob: 0.0003 | Threshold: 0.6000
2025-02-20 04:17:41 - Arquivo: nonclear.0752.jpg | Prob: 0.0000 | Threshold: 0.6000
2025-02-20 04:19:16 - Arquivo: nonclear.0753.jpg | Prob: 0.0000 | Threshold: 0.6000
2025-02-20 04:19:45 - Arquivo: nonclear.0754.jpg | Prob: 0.0000 | Threshold: 0.6000
2025-02-20 04:20:31 - Arquivo: nonclear.0755.jpg | Prob: 0.0000 | Threshold: 0.6000
2025-02-20 04:21:11 - Arquivo: nonclear.0756.jpg | Prob: 0.0000 | Threshold: 0.6000
2025-02-20 04:21:44 - Arquivo: nonclear.0757.jpg | Prob: 0.0000 | Threshold: 0.6000
2025-02-20 04:22:20 - Arquivo: nonclear.0758.jpg | Prob: 0.0000 | Threshold: 0.6000
2025-02-20 04:22:57 - Arquivo: nonclear.0759.jpg | Prob: 0.0000 | Threshold: 0.6000
2025-02-20 04:23:32 - Arquivo: nonclear.0760.jpg | Prob: 0.0007 | Threshold: 0.6000
2025-02-20 04:24:19 - Arquivo: nonclear.0761.jpg | Prob: 0.0023 | Threshold: 0.6000
2025-02-20 04:24:58 - Arquivo: nonclear.0762.jpg | Prob: 0.0000 | Threshold: 0.6000
2025-02-20 04:25:32 - Arquivo: nonclear.0763.jpg | Prob: 0.0000 | Threshold: 0.6000
2025-02-20 04:26:20 - Arquivo: nonclear.0764.jpg | Prob: 0.8600 | Threshold: 0.6000
2025-02-20 04:26:52 - Arquivo: nonclear.0765.jpg | Prob: 0.5494 | Threshold: 0.6000
2025-02-20 04:27:25 - Arquivo: nonclear.0766.jpg | Prob: 0.0000 | Threshold: 0.6000
2025-02-20 04:28:06 - Arquivo: nonclear.0767.jpg | Prob: 0.0004 | Threshold: 0.6000
2025-02-20 04:28:34 - Arquivo: nonclear.0768.jpg | Prob: 0.0001 | Threshold: 0.6000
2025-02-20 04:29:18 - Arquivo: nonclear.0769.jpg | Prob: 0.0000 | Threshold: 0.6000
2025-02-20 04:29:49 - Arquivo: nonclear.0770.jpg | Prob: 0.0006 | Threshold: 0.6000
2025-02-20 04:30:24 - Arquivo: nonclear.0771.jpg | Prob: 0.0000 | Threshold: 0.6000
2025-02-20 04:30:59 - Arquivo: nonclear.0772.jpg | Prob: 0.0000 | Threshold: 0.6000
2025-02-20 04:31:33 - Arquivo: nonclear.0773.jpg | Prob: 0.0000 | Threshold: 0.6000
2025-02-20 04:32:15 - Arquivo: nonclear.0774.jpg | Prob: 0.0001 | Threshold: 0.6000
2025-02-20 04:33:14 - Arquivo: nonclear.0775.jpg | Prob: 0.0001 | Threshold: 0.6000
2025-02-20 04:33:49 - Arquivo: nonclear.0776.jpg | Prob: 0.0000 | Threshold: 0.6000
2025-02-20 04:34:32 - Arquivo: nonclear.0777.jpg | Prob: 0.0004 | Threshold: 0.6000
2025-02-20 04:35:37 - Arquivo: nonclear.0778.jpg | Prob: 0.0000 | Threshold: 0.6000
2025-02-20 04:36:12 - Arquivo: nonclear.0779.jpg | Prob: 0.0000 | Threshold: 0.6000
2025-02-20 04:37:16 - Arquivo: nonclear.0780.jpg | Prob: 0.0000 | Threshold: 0.6000
2025-02-20 04:37:52 - Arquivo: nonclear.0781.jpg | Prob: 0.0000 | Threshold: 0.6000
2025-02-20 04:38:59 - Arquivo: nonclear.0782.jpg | Prob: 0.0000 | Threshold: 0.6000
2025-02-20 04:39:25 - Arquivo: nonclear.0783.jpg | Prob: 0.0000 | Threshold: 0.6000
2025-02-20 04:40:00 - Arquivo: nonclear.0784.jpg | Prob: 0.0000 | Threshold: 0.6000
2025-02-20 04:41:06 - Arquivo: nonclear.0785.jpg | Prob: 0.0000 | Threshold: 0.6000
2025-02-20 04:42:00 - Arquivo: nonclear.0786.jpg | Prob: 0.0037 | Threshold: 0.6000
2025-02-20 04:42:31 - Arquivo: nonclear.0787.jpg | Prob: 0.0000 | Threshold: 0.6000
2025-02-20 04:43:16 - Arquivo: nonclear.0788.jpg | Prob: 0.0000 | Threshold: 0.6000
2025-02-20 04:43:46 - Arquivo: nonclear.0789.jpg | Prob: 0.0000 | Threshold: 0.6000
2025-02-20 04:44:29 - Arquivo: nonclear.0790.jpg | Prob: 0.0000 | Threshold: 0.6000
2025-02-20 04:45:21 - Arquivo: nonclear.0791.jpg | Prob: 0.0000 | Threshold: 0.6000
2025-02-20 04:45:50 - Arquivo: nonclear.0792.jpg | Prob: 0.0000 | Threshold: 0.6000
2025-02-20 04:46:26 - Arquivo: nonclear.0793.jpg | Prob: 0.0000 | Threshold: 0.6000
2025-02-20 04:47:00 - Arquivo: nonclear.0794.jpg | Prob: 0.0000 | Threshold: 0.6000
2025-02-20 04:47:31 - Arquivo: nonclear.0795.jpg | Prob: 1.0000 | Threshold: 0.6000
2025-02-20 04:48:08 - Arquivo: nonclear.0796.jpg | Prob: 0.0000 | Threshold: 0.6000
2025-02-20 04:48:43 - Arquivo: nonclear.0797.jpg | Prob: 0.0000 | Threshold: 0.6000
2025-02-20 04:49:19 - Arquivo: nonclear.0798.jpg | Prob: 0.0000 | Threshold: 0.6000
2025-02-20 04:49:54 - Arquivo: nonclear.0799.jpg | Prob: 0.0000 | Threshold: 0.6000
2025-02-20 04:50:33 - Arquivo: nonclear.0800.jpg | Prob: 0.0000 | Threshold: 0.6000
2025-02-20 04:51:02 - Arquivo: nonclear.0801.jpg | Prob: 0.0002 | Threshold: 0.6000
2025-02-20 04:51:48 - Arquivo: nonclear.0802.jpg | Prob: 0.0000 | Threshold: 0.6000
2025-02-20 04:52:17 - Arquivo: nonclear.0803.jpg | Prob: 0.0000 | Threshold: 0.6000
2025-02-20 04:52:45 - Arquivo: nonclear.0804.jpg | Prob: 0.0000 | Threshold: 0.6000
2025-02-20 04:53:17 - Arquivo: nonclear.0805.jpg | Prob: 0.0001 | Threshold: 0.6000
2025-02-20 04:53:45 - Arquivo: nonclear.0806.jpg | Prob: 0.0017 | Threshold: 0.6000
2025-02-20 04:55:07 - Arquivo: nonclear.0807.jpg | Prob: 0.0000 | Threshold: 0.6000
2025-02-20 04:56:13 - Arquivo: nonclear.0808.jpg | Prob: 0.0000 | Threshold: 0.6000
2025-02-20 04:56:55 - Arquivo: nonclear.0809.jpg | Prob: 0.0000 | Threshold: 0.6000
2025-02-20 04:57:59 - Arquivo: nonclear.0810.jpg | Prob: 0.0006 | Threshold: 0.6000
2025-02-20 04:58:46 - Arquivo: nonclear.0811.jpg | Prob: 0.0000 | Threshold: 0.6000
2025-02-20 04:59:24 - Arquivo: nonclear.0812.jpg | Prob: 0.0064 | Threshold: 0.6000
2025-02-20 05:00:08 - Arquivo: nonclear.0813.jpg | Prob: 0.0000 | Threshold: 0.6000
2025-02-20 05:01:16 - Arquivo: nonclear.0814.jpg | Prob: 0.0000 | Threshold: 0.6000
2025-02-20 05:02:02 - Arquivo: nonclear.0815.jpg | Prob: 0.0000 | Threshold: 0.6000
2025-02-20 05:02:29 - Arquivo: nonclear.0816.jpg | Prob: 0.7525 | Threshold: 0.6000
2025-02-20 05:03:01 - Arquivo: nonclear.0817.jpg | Prob: 0.3452 | Threshold: 0.6000
2025-02-20 05:03:50 - Arquivo: nonclear.0818.jpg | Prob: 0.0000 | Threshold: 0.6000
2025-02-20 05:04:25 - Arquivo: nonclear.0819.jpg | Prob: 1.0000 | Threshold: 0.6000
2025-02-20 05:04:55 - Arquivo: nonclear.0820.jpeg | Prob: 0.0000 | Threshold: 0.6000
2025-02-20 05:05:51 - Arquivo: nonclear.0821.jpeg | Prob: 0.0000 | Threshold: 0.6000
2025-02-20 05:06:23 - Arquivo: nonclear.0822.jpeg | Prob: 0.0000 | Threshold: 0.6000
2025-02-20 05:06:58 - Arquivo: nonclear.0823.jpeg | Prob: 0.0000 | Threshold: 0.6000
2025-02-20 05:07:47 - Arquivo: nonclear.0824.jpeg | Prob: 0.0000 | Threshold: 0.6000
2025-02-20 05:08:24 - Arquivo: nonclear.0825.jpg | Prob: 0.0000 | Threshold: 0.6000
2025-02-20 05:09:07 - Arquivo: nonclear.0826.jpg | Prob: 0.8216 | Threshold: 0.6000
2025-02-20 05:09:49 - Arquivo: nonclear.0827.jpg | Prob: 0.0003 | Threshold: 0.6000
2025-02-20 05:10:23 - Arquivo: nonclear.0828.jpg | Prob: 0.0000 | Threshold: 0.6000
2025-02-20 05:10:51 - Arquivo: nonclear.0829.jpg | Prob: 0.0030 | Threshold: 0.6000
2025-02-20 05:11:28 - Arquivo: nonclear.0830.jpg | Prob: 0.0000 | Threshold: 0.6000
2025-02-20 05:12:06 - Arquivo: nonclear.0831.jpg | Prob: 0.0000 | Threshold: 0.6000
2025-02-20 05:12:51 - Arquivo: nonclear.0832.jpg | Prob: 0.0000 | Threshold: 0.6000
2025-02-20 05:13:25 - Arquivo: nonclear.0833.jpg | Prob: 0.0000 | Threshold: 0.6000
2025-02-20 05:14:00 - Arquivo: nonclear.0834.jpg | Prob: 0.0000 | Threshold: 0.6000
2025-02-20 05:14:50 - Arquivo: nonclear.0835.jpg | Prob: 0.0000 | Threshold: 0.6000
2025-02-20 05:15:42 - Arquivo: nonclear.0836.jpg | Prob: 0.0003 | Threshold: 0.6000
2025-02-20 05:16:31 - Arquivo: nonclear.0837.jpg | Prob: 0.0000 | Threshold: 0.6000
2025-02-20 05:17:24 - Arquivo: nonclear.0838.jpeg | Prob: 0.2431 | Threshold: 0.6000
2025-02-20 05:18:03 - Arquivo: nonclear.0839.jpg | Prob: 0.0000 | Threshold: 0.6000
2025-02-20 05:18:48 - Arquivo: nonclear.0840.jpg | Prob: 0.0000 | Threshold: 0.6000
2025-02-20 05:19:24 - Arquivo: nonclear.0841.jpg | Prob: 0.0000 | Threshold: 0.6000
2025-02-20 05:20:13 - Arquivo: nonclear.0842.jpg | Prob: 0.0000 | Threshold: 0.6000
2025-02-20 05:21:08 - Arquivo: nonclear.0843.jpg | Prob: 0.0000 | Threshold: 0.6000
2025-02-20 05:21:59 - Arquivo: nonclear.0844.jpg | Prob: 0.0000 | Threshold: 0.6000
2025-02-20 05:22:45 - Arquivo: nonclear.0845.jpg | Prob: 0.0000 | Threshold: 0.6000
2025-02-20 05:23:35 - Arquivo: nonclear.0846.jpg | Prob: 0.0000 | Threshold: 0.6000
2025-02-20 05:24:06 - Arquivo: nonclear.0847.jpg | Prob: 0.0000 | Threshold: 0.6000
2025-02-20 05:24:44 - Arquivo: nonclear.0848.jpg | Prob: 0.0000 | Threshold: 0.6000
2025-02-20 05:25:21 - Arquivo: nonclear.0849.jpg | Prob: 0.0000 | Threshold: 0.6000
2025-02-20 05:26:07 - Arquivo: nonclear.0850.jpg | Prob: 0.0000 | Threshold: 0.6000
2025-02-20 05:26:43 - Arquivo: nonclear.0851.jpg | Prob: 0.0000 | Threshold: 0.6000
2025-02-20 05:27:20 - Arquivo: nonclear.0852.jpg | Prob: 0.0000 | Threshold: 0.6000
2025-02-20 05:27:54 - Arquivo: nonclear.0853.jpg | Prob: 0.0001 | Threshold: 0.6000
2025-02-20 05:28:47 - Arquivo: nonclear.0854.jpg | Prob: 0.0000 | Threshold: 0.6000
2025-02-20 05:29:38 - Arquivo: nonclear.0855.jpg | Prob: 0.0011 | Threshold: 0.6000
2025-02-20 05:30:17 - Arquivo: nonclear.0856.jpg | Prob: 0.0041 | Threshold: 0.6000
2025-02-20 05:30:51 - Arquivo: nonclear.0857.jpg | Prob: 0.0000 | Threshold: 0.6000
2025-02-20 05:31:41 - Arquivo: nonclear.0858.jpg | Prob: 0.0000 | Threshold: 0.6000
2025-02-20 05:32:24 - Arquivo: nonclear.0859.jpg | Prob: 0.0000 | Threshold: 0.6000
2025-02-20 05:33:08 - Arquivo: nonclear.0860.jpg | Prob: 0.9986 | Threshold: 0.6000
2025-02-20 05:33:50 - Arquivo: nonclear.0861.jpg | Prob: 0.0000 | Threshold: 0.6000
2025-02-20 05:34:44 - Arquivo: nonclear.0862.jpg | Prob: 0.0000 | Threshold: 0.6000
2025-02-20 05:35:25 - Arquivo: nonclear.0863.jpg | Prob: 0.0000 | Threshold: 0.6000
2025-02-20 05:36:03 - Arquivo: nonclear.0864.jpg | Prob: 0.0000 | Threshold: 0.6000
2025-02-20 05:36:55 - Arquivo: nonclear.0865.jpg | Prob: 0.0065 | Threshold: 0.6000
2025-02-20 05:37:35 - Arquivo: nonclear.0866.jpg | Prob: 0.0000 | Threshold: 0.6000
2025-02-20 05:38:12 - Arquivo: nonclear.0867.jpeg | Prob: 0.0000 | Threshold: 0.6000
2025-02-20 05:38:42 - Arquivo: nonclear.0868.jpeg | Prob: 0.0000 | Threshold: 0.6000
2025-02-20 05:39:18 - Arquivo: nonclear.0869.jpeg | Prob: 0.0000 | Threshold: 0.6000
2025-02-20 05:39:53 - Arquivo: nonclear.0870.jpeg | Prob: 0.0002 | Threshold: 0.6000
2025-02-20 05:40:24 - Arquivo: nonclear.0871.jpeg | Prob: 0.0000 | Threshold: 0.6000
2025-02-20 05:40:56 - Arquivo: nonclear.0872.jpeg | Prob: 0.0000 | Threshold: 0.6000
2025-02-20 05:41:30 - Arquivo: nonclear.0873.jpg | Prob: 0.0000 | Threshold: 0.6000
2025-02-20 05:42:07 - Arquivo: nonclear.0874.jpg | Prob: 0.0000 | Threshold: 0.6000
2025-02-20 05:42:37 - Arquivo: nonclear.0875.jpg | Prob: 0.0000 | Threshold: 0.6000
