2025-02-22 08:46:28 - Arquivo: clear.0004.jpg | Prob: 0.0000 | Threshold: 0.6000
2025-02-22 08:56:40 - Arquivo: clear.0031.jpg | Prob: 0.0152 | Threshold: 0.6000
2025-02-22 08:57:32 - Arquivo: clear.0033.jpg | Prob: 0.1680 | Threshold: 0.6000
2025-02-22 09:04:46 - Arquivo: clear.0051.jpg | Prob: 0.0091 | Threshold: 0.6000
2025-02-22 09:11:21 - Arquivo: clear.0069.jpg | Prob: 0.0096 | Threshold: 0.6000
2025-02-22 09:14:55 - Arquivo: clear.0079.jpg | Prob: 0.2013 | Threshold: 0.6000
2025-02-22 09:18:03 - Arquivo: clear.0088.jpg | Prob: 0.0697 | Threshold: 0.6000
2025-02-22 09:24:24 - Arquivo: clear.0106.jpg | Prob: 0.0692 | Threshold: 0.6000
2025-02-22 09:36:18 - Arquivo: clear.0136.jpg | Prob: 0.1350 | Threshold: 0.6000
2025-02-22 09:37:27 - Arquivo: clear.0139.jpg | Prob: 0.0189 | Threshold: 0.6000
2025-02-22 09:47:09 - Arquivo: clear.0162.jpg | Prob: 0.0032 | Threshold: 0.6000
2025-02-22 09:53:52 - Arquivo: clear.0180.jpg | Prob: 0.3726 | Threshold: 0.6000
2025-02-22 09:56:46 - Arquivo: clear.0188.jpg | Prob: 0.0732 | Threshold: 0.6000
2025-02-22 09:57:17 - Arquivo: clear.0189.jpg | Prob: 0.0125 | Threshold: 0.6000
2025-02-22 10:36:15 - Arquivo: clear.0272.jpeg | Prob: 0.0189 | Threshold: 0.6000
2025-02-22 11:19:05 - Arquivo: clear.0376.jpeg | Prob: 0.0001 | Threshold: 0.6000
2025-02-22 11:19:24 - Arquivo: clear.0377.jpeg | Prob: 0.0435 | Threshold: 0.6000
2025-02-22 11:20:08 - Arquivo: clear.0379.jpeg | Prob: 0.1104 | Threshold: 0.6000
2025-02-22 11:36:47 - Arquivo: clear.0420.jpg | Prob: 0.1521 | Threshold: 0.6000
2025-02-22 11:40:16 - Arquivo: clear.0428.jpg | Prob: 0.0426 | Threshold: 0.6000
2025-02-22 11:42:51 - Arquivo: clear.0435.jpg | Prob: 0.0017 | Threshold: 0.6000
2025-02-22 11:43:12 - Arquivo: clear.0436.jpg | Prob: 0.0008 | Threshold: 0.6000
2025-02-22 11:51:28 - Arquivo: clear.0457.jpg | Prob: 0.1736 | Threshold: 0.6000
2025-02-22 12:04:33 - Arquivo: clear.0489.jpg | Prob: 0.0227 | Threshold: 0.6000
2025-02-22 12:07:01 - Arquivo: clear.0496.jpg | Prob: 0.2325 | Threshold: 0.6000
2025-02-22 12:12:51 - Arquivo: clear.0510.jpg | Prob: 0.0001 | Threshold: 0.6000
2025-02-22 12:30:46 - Arquivo: clear.0556.jpg | Prob: 0.2985 | Threshold: 0.6000
2025-02-22 12:50:00 - Arquivo: clear.0603.jpg | Prob: 0.0796 | Threshold: 0.6000
2025-02-22 12:56:14 - Arquivo: clear.0617.jpg | Prob: 0.0062 | Threshold: 0.6000
2025-02-22 13:20:11 - Arquivo: clear.0675.jpg | Prob: 0.0663 | Threshold: 0.6000
2025-02-22 13:20:37 - Arquivo: clear.0676.jpg | Prob: 0.1049 | Threshold: 0.6000
2025-02-22 13:32:33 - Arquivo: clear.0706.jpg | Prob: 0.3325 | Threshold: 0.6000
2025-02-22 14:02:28 - Arquivo: clear.0780.jpg | Prob: 0.0122 | Threshold: 0.6000
2025-02-22 14:25:31 - Arquivo: clear.0834.jpg | Prob: 0.0119 | Threshold: 0.6000
2025-02-22 14:31:56 - Arquivo: clear.0849.jpg | Prob: 0.2653 | Threshold: 0.6000
2025-02-22 14:39:09 - Arquivo: clear.0867.jpg | Prob: 0.0000 | Threshold: 0.6000
2025-02-22 14:43:33 - Arquivo: clear.0876.jpg | Prob: 0.0004 | Threshold: 0.6000
2025-02-22 14:52:05 - Arquivo: clear.0898.jpg | Prob: 0.3473 | Threshold: 0.6000
2025-02-22 15:02:25 - Arquivo: clear.0924.jpg | Prob: 0.3389 | Threshold: 0.6000
2025-02-22 15:05:32 - Arquivo: clear.0931.jpg | Prob: 0.0001 | Threshold: 0.6000
2025-02-22 15:08:18 - Arquivo: clear.0937.jpg | Prob: 0.0176 | Threshold: 0.6000
2025-02-22 15:12:17 - Arquivo: clear.0946.jpg | Prob: 0.0449 | Threshold: 0.6000
2025-02-22 15:13:55 - Arquivo: clear.0950.jpg | Prob: 0.0067 | Threshold: 0.6000
2025-02-22 15:14:22 - Arquivo: clear.0951.jpg | Prob: 0.0062 | Threshold: 0.6000
2025-02-22 15:30:56 - Arquivo: clear.0990.jpeg | Prob: 0.2607 | Threshold: 0.6000
2025-02-22 15:31:15 - Arquivo: clear.0991.jpeg | Prob: 0.0178 | Threshold: 0.6000
2025-02-22 15:38:02 - Arquivo: clear.1006.jpg | Prob: 0.0103 | Threshold: 0.6000
2025-02-22 15:42:44 - Arquivo: nonclear.0000.jpg | Prob: 0.0534 | Threshold: 0.6000
2025-02-22 15:43:06 - Arquivo: nonclear.0001.jpg | Prob: 0.0650 | Threshold: 0.6000
2025-02-22 15:43:33 - Arquivo: nonclear.0002.jpg | Prob: 0.0000 | Threshold: 0.6000
2025-02-22 15:43:53 - Arquivo: nonclear.0003.jpg | Prob: 0.0000 | Threshold: 0.6000
2025-02-22 15:44:12 - Arquivo: nonclear.0004.jpg | Prob: 0.1034 | Threshold: 0.6000
2025-02-22 15:44:39 - Arquivo: nonclear.0005.jpg | Prob: 0.0000 | Threshold: 0.6000
2025-02-22 15:44:58 - Arquivo: nonclear.0006.jpg | Prob: 0.0000 | Threshold: 0.6000
2025-02-22 15:45:29 - Arquivo: nonclear.0007.jpg | Prob: 0.0109 | Threshold: 0.6000
2025-02-22 15:46:19 - Arquivo: nonclear.0008.jpg | Prob: 0.0107 | Threshold: 0.6000
2025-02-22 15:46:56 - Arquivo: nonclear.0009.jpg | Prob: 0.1601 | Threshold: 0.6000
2025-02-22 15:47:34 - Arquivo: nonclear.0010.jpg | Prob: 0.0003 | Threshold: 0.6000
2025-02-22 15:47:56 - Arquivo: nonclear.0011.jpg | Prob: 0.6020 | Threshold: 0.6000
2025-02-22 15:48:47 - Arquivo: nonclear.0012.jpg | Prob: 0.0005 | Threshold: 0.6000
2025-02-22 15:49:06 - Arquivo: nonclear.0013.jpg | Prob: 0.2674 | Threshold: 0.6000
2025-02-22 15:49:52 - Arquivo: nonclear.0014.jpg | Prob: 0.9582 | Threshold: 0.6000
2025-02-22 15:50:17 - Arquivo: nonclear.0015.jpg | Prob: 0.0012 | Threshold: 0.6000
2025-02-22 15:50:35 - Arquivo: nonclear.0016.jpg | Prob: 0.0000 | Threshold: 0.6000
2025-02-22 15:50:59 - Arquivo: nonclear.0017.jpg | Prob: 0.9995 | Threshold: 0.6000
2025-02-22 15:51:34 - Arquivo: nonclear.0018.jpg | Prob: 0.0000 | Threshold: 0.6000
2025-02-22 15:51:52 - Arquivo: nonclear.0019.jpg | Prob: 0.0011 | Threshold: 0.6000
2025-02-22 15:52:18 - Arquivo: nonclear.0020.jpg | Prob: 1.0000 | Threshold: 0.6000
2025-02-22 15:52:49 - Arquivo: nonclear.0021.jpg | Prob: 0.0413 | Threshold: 0.6000
2025-02-22 15:53:33 - Arquivo: nonclear.0022.jpg | Prob: 0.0308 | Threshold: 0.6000
2025-02-22 15:53:55 - Arquivo: nonclear.0023.jpg | Prob: 0.0002 | Threshold: 0.6000
2025-02-22 15:54:15 - Arquivo: nonclear.0024.jpg | Prob: 0.0002 | Threshold: 0.6000
2025-02-22 15:54:42 - Arquivo: nonclear.0025.jpg | Prob: 0.0014 | Threshold: 0.6000
2025-02-22 15:55:15 - Arquivo: nonclear.0026.jpg | Prob: 0.0005 | Threshold: 0.6000
2025-02-22 15:55:41 - Arquivo: nonclear.0027.jpg | Prob: 0.0011 | Threshold: 0.6000
2025-02-22 15:56:03 - Arquivo: nonclear.0028.jpg | Prob: 0.0912 | Threshold: 0.6000
2025-02-22 15:56:26 - Arquivo: nonclear.0029.jpg | Prob: 0.0000 | Threshold: 0.6000
2025-02-22 15:56:48 - Arquivo: nonclear.0030.jpg | Prob: 0.0131 | Threshold: 0.6000
2025-02-22 15:57:16 - Arquivo: nonclear.0031.jpg | Prob: 0.0003 | Threshold: 0.6000
2025-02-22 15:57:37 - Arquivo: nonclear.0032.jpg | Prob: 0.0010 | Threshold: 0.6000
2025-02-22 15:58:00 - Arquivo: nonclear.0033.jpg | Prob: 0.0000 | Threshold: 0.6000
2025-02-22 15:58:19 - Arquivo: nonclear.0034.jpg | Prob: 0.0000 | Threshold: 0.6000
2025-02-22 15:58:39 - Arquivo: nonclear.0035.jpg | Prob: 0.0116 | Threshold: 0.6000
2025-02-22 15:58:58 - Arquivo: nonclear.0036.jpg | Prob: 0.0000 | Threshold: 0.6000
2025-02-22 15:59:25 - Arquivo: nonclear.0037.jpg | Prob: 0.0000 | Threshold: 0.6000
2025-02-22 15:59:42 - Arquivo: nonclear.0038.jpg | Prob: 0.0000 | Threshold: 0.6000
2025-02-22 16:00:02 - Arquivo: nonclear.0039.jpg | Prob: 0.8349 | Threshold: 0.6000
2025-02-22 16:00:22 - Arquivo: nonclear.0040.jpg | Prob: 0.1147 | Threshold: 0.6000
2025-02-22 16:01:08 - Arquivo: nonclear.0041.jpg | Prob: 0.0000 | Threshold: 0.6000
2025-02-22 16:01:32 - Arquivo: nonclear.0042.jpg | Prob: 0.0000 | Threshold: 0.6000
2025-02-22 16:01:57 - Arquivo: nonclear.0043.jpg | Prob: 0.0172 | Threshold: 0.6000
2025-02-22 16:02:48 - Arquivo: nonclear.0044.jpg | Prob: 0.0000 | Threshold: 0.6000
2025-02-22 16:03:12 - Arquivo: nonclear.0045.jpg | Prob: 0.0000 | Threshold: 0.6000
2025-02-22 16:03:41 - Arquivo: nonclear.0046.jpg | Prob: 0.0001 | Threshold: 0.6000
2025-02-22 16:04:06 - Arquivo: nonclear.0047.jpg | Prob: 0.0000 | Threshold: 0.6000
2025-02-22 16:04:29 - Arquivo: nonclear.0048.jpg | Prob: 0.0000 | Threshold: 0.6000
2025-02-22 16:04:51 - Arquivo: nonclear.0049.jpg | Prob: 0.0000 | Threshold: 0.6000
2025-02-22 16:05:11 - Arquivo: nonclear.0050.jpg | Prob: 0.0000 | Threshold: 0.6000
2025-02-22 16:05:36 - Arquivo: nonclear.0051.jpg | Prob: 0.6067 | Threshold: 0.6000
2025-02-22 16:05:56 - Arquivo: nonclear.0052.jpg | Prob: 0.0009 | Threshold: 0.6000
2025-02-22 16:06:44 - Arquivo: nonclear.0053.jpg | Prob: 0.5152 | Threshold: 0.6000
2025-02-22 16:07:08 - Arquivo: nonclear.0054.jpg | Prob: 0.0000 | Threshold: 0.6000
2025-02-22 16:07:55 - Arquivo: nonclear.0055.jpg | Prob: 0.0000 | Threshold: 0.6000
2025-02-22 16:08:22 - Arquivo: nonclear.0056.jpg | Prob: 0.2804 | Threshold: 0.6000
2025-02-22 16:09:16 - Arquivo: nonclear.0057.jpg | Prob: 0.0001 | Threshold: 0.6000
2025-02-22 16:09:43 - Arquivo: nonclear.0058.jpg | Prob: 0.0000 | Threshold: 0.6000
2025-02-22 16:10:15 - Arquivo: nonclear.0059.jpg | Prob: 0.0023 | Threshold: 0.6000
2025-02-22 16:10:54 - Arquivo: nonclear.0060.jpg | Prob: 0.5950 | Threshold: 0.6000
2025-02-22 16:11:20 - Arquivo: nonclear.0061.jpg | Prob: 0.2433 | Threshold: 0.6000
2025-02-22 16:11:44 - Arquivo: nonclear.0062.jpg | Prob: 0.0014 | Threshold: 0.6000
2025-02-22 16:12:10 - Arquivo: nonclear.0063.jpg | Prob: 1.0000 | Threshold: 0.6000
2025-02-22 16:12:30 - Arquivo: nonclear.0064.jpg | Prob: 0.0000 | Threshold: 0.6000
2025-02-22 16:13:02 - Arquivo: nonclear.0065.jpg | Prob: 0.0000 | Threshold: 0.6000
2025-02-22 16:13:30 - Arquivo: nonclear.0066.jpg | Prob: 0.0000 | Threshold: 0.6000
2025-02-22 16:13:54 - Arquivo: nonclear.0067.jpg | Prob: 0.0000 | Threshold: 0.6000
2025-02-22 16:14:17 - Arquivo: nonclear.0068.jpg | Prob: 0.0000 | Threshold: 0.6000
2025-02-22 16:14:42 - Arquivo: nonclear.0069.jpg | Prob: 0.0000 | Threshold: 0.6000
2025-02-22 16:15:05 - Arquivo: nonclear.0070.jpg | Prob: 0.0000 | Threshold: 0.6000
2025-02-22 16:15:28 - Arquivo: nonclear.0071.jpg | Prob: 0.0000 | Threshold: 0.6000
2025-02-22 16:15:50 - Arquivo: nonclear.0072.jpg | Prob: 0.0028 | Threshold: 0.6000
2025-02-22 16:16:20 - Arquivo: nonclear.0073.jpg | Prob: 0.0000 | Threshold: 0.6000
2025-02-22 16:17:11 - Arquivo: nonclear.0074.jpg | Prob: 0.0043 | Threshold: 0.6000
2025-02-22 16:17:31 - Arquivo: nonclear.0075.jpg | Prob: 0.0001 | Threshold: 0.6000
2025-02-22 16:18:18 - Arquivo: nonclear.0076.jpg | Prob: 0.0360 | Threshold: 0.6000
2025-02-22 16:18:53 - Arquivo: nonclear.0077.jpg | Prob: 0.0000 | Threshold: 0.6000
2025-02-22 16:19:26 - Arquivo: nonclear.0078.jpg | Prob: 0.0000 | Threshold: 0.6000
2025-02-22 16:19:50 - Arquivo: nonclear.0079.jpg | Prob: 0.0005 | Threshold: 0.6000
2025-02-22 16:20:31 - Arquivo: nonclear.0080.jpg | Prob: 0.0001 | Threshold: 0.6000
2025-02-22 16:21:00 - Arquivo: nonclear.0081.jpg | Prob: 0.0000 | Threshold: 0.6000
2025-02-22 16:21:24 - Arquivo: nonclear.0082.jpg | Prob: 0.0000 | Threshold: 0.6000
2025-02-22 16:21:48 - Arquivo: nonclear.0083.jpg | Prob: 0.0000 | Threshold: 0.6000
2025-02-22 16:22:09 - Arquivo: nonclear.0084.jpg | Prob: 0.0000 | Threshold: 0.6000
2025-02-22 16:22:29 - Arquivo: nonclear.0085.jpg | Prob: 0.0000 | Threshold: 0.6000
2025-02-22 16:22:53 - Arquivo: nonclear.0086.jpg | Prob: 0.4981 | Threshold: 0.6000
2025-02-22 16:23:15 - Arquivo: nonclear.0087.jpg | Prob: 0.0001 | Threshold: 0.6000
2025-02-22 16:23:50 - Arquivo: nonclear.0088.jpg | Prob: 0.0113 | Threshold: 0.6000
2025-02-22 16:24:15 - Arquivo: nonclear.0089.jpg | Prob: 0.9996 | Threshold: 0.6000
2025-02-22 16:24:51 - Arquivo: nonclear.0090.jpg | Prob: 0.0000 | Threshold: 0.6000
2025-02-22 16:25:10 - Arquivo: nonclear.0091.jpg | Prob: 0.9993 | Threshold: 0.6000
2025-02-22 16:25:36 - Arquivo: nonclear.0092.jpg | Prob: 0.0000 | Threshold: 0.6000
2025-02-22 16:25:57 - Arquivo: nonclear.0093.jpg | Prob: 0.9997 | Threshold: 0.6000
2025-02-22 16:26:18 - Arquivo: nonclear.0094.jpg | Prob: 0.0555 | Threshold: 0.6000
2025-02-22 16:26:46 - Arquivo: nonclear.0095.jpg | Prob: 0.0000 | Threshold: 0.6000
2025-02-22 16:27:10 - Arquivo: nonclear.0096.jpg | Prob: 0.0000 | Threshold: 0.6000
2025-02-22 16:27:32 - Arquivo: nonclear.0097.jpg | Prob: 0.0000 | Threshold: 0.6000
2025-02-22 16:27:56 - Arquivo: nonclear.0098.jpg | Prob: 0.0000 | Threshold: 0.6000
2025-02-22 16:28:19 - Arquivo: nonclear.0099.jpg | Prob: 0.0000 | Threshold: 0.6000
2025-02-22 16:28:42 - Arquivo: nonclear.0100.jpg | Prob: 0.0000 | Threshold: 0.6000
2025-02-22 16:29:07 - Arquivo: nonclear.0101.jpg | Prob: 0.0000 | Threshold: 0.6000
2025-02-22 16:29:31 - Arquivo: nonclear.0102.jpg | Prob: 0.0000 | Threshold: 0.6000
2025-02-22 16:29:56 - Arquivo: nonclear.0103.jpg | Prob: 0.0000 | Threshold: 0.6000
2025-02-22 16:30:27 - Arquivo: nonclear.0104.jpg | Prob: 0.0000 | Threshold: 0.6000
2025-02-22 16:30:55 - Arquivo: nonclear.0105.jpg | Prob: 0.0000 | Threshold: 0.6000
2025-02-22 16:31:28 - Arquivo: nonclear.0106.jpg | Prob: 0.0000 | Threshold: 0.6000
2025-02-22 16:31:58 - Arquivo: nonclear.0107.jpg | Prob: 0.0000 | Threshold: 0.6000
2025-02-22 16:32:24 - Arquivo: nonclear.0108.jpg | Prob: 0.0018 | Threshold: 0.6000
2025-02-22 16:32:48 - Arquivo: nonclear.0109.jpg | Prob: 0.0000 | Threshold: 0.6000
2025-02-22 16:33:14 - Arquivo: nonclear.0110.jpg | Prob: 0.0000 | Threshold: 0.6000
2025-02-22 16:33:37 - Arquivo: nonclear.0111.jpg | Prob: 0.0096 | Threshold: 0.6000
2025-02-22 16:34:11 - Arquivo: nonclear.0112.jpg | Prob: 0.0000 | Threshold: 0.6000
2025-02-22 16:34:32 - Arquivo: nonclear.0113.jpg | Prob: 0.0001 | Threshold: 0.6000
2025-02-22 16:34:53 - Arquivo: nonclear.0114.jpg | Prob: 0.0019 | Threshold: 0.6000
2025-02-22 16:35:31 - Arquivo: nonclear.0115.jpg | Prob: 0.0000 | Threshold: 0.6000
2025-02-22 16:35:57 - Arquivo: nonclear.0116.jpg | Prob: 0.6205 | Threshold: 0.6000
2025-02-22 16:36:36 - Arquivo: nonclear.0117.jpg | Prob: 0.1573 | Threshold: 0.6000
2025-02-22 16:36:56 - Arquivo: nonclear.0118.jpg | Prob: 0.9850 | Threshold: 0.6000
2025-02-22 16:37:15 - Arquivo: nonclear.0119.jpg | Prob: 0.3608 | Threshold: 0.6000
2025-02-22 16:37:35 - Arquivo: nonclear.0120.jpg | Prob: 0.0002 | Threshold: 0.6000
2025-02-22 16:37:58 - Arquivo: nonclear.0121.jpg | Prob: 0.0000 | Threshold: 0.6000
2025-02-22 16:38:31 - Arquivo: nonclear.0122.jpg | Prob: 1.0000 | Threshold: 0.6000
2025-02-22 16:38:55 - Arquivo: nonclear.0123.jpg | Prob: 0.0000 | Threshold: 0.6000
2025-02-22 16:39:17 - Arquivo: nonclear.0124.jpg | Prob: 0.0000 | Threshold: 0.6000
2025-02-22 16:39:42 - Arquivo: nonclear.0125.jpg | Prob: 0.9932 | Threshold: 0.6000
2025-02-22 16:40:10 - Arquivo: nonclear.0126.jpg | Prob: 0.0001 | Threshold: 0.6000
2025-02-22 16:40:33 - Arquivo: nonclear.0127.jpg | Prob: 0.0000 | Threshold: 0.6000
2025-02-22 16:41:23 - Arquivo: nonclear.0128.jpg | Prob: 0.0022 | Threshold: 0.6000
2025-02-22 16:41:49 - Arquivo: nonclear.0129.jpg | Prob: 0.0001 | Threshold: 0.6000
2025-02-22 16:42:22 - Arquivo: nonclear.0130.jpg | Prob: 0.0551 | Threshold: 0.6000
2025-02-22 16:42:45 - Arquivo: nonclear.0131.jpg | Prob: 0.0148 | Threshold: 0.6000
2025-02-22 16:43:10 - Arquivo: nonclear.0132.jpg | Prob: 0.0035 | Threshold: 0.6000
2025-02-22 16:43:46 - Arquivo: nonclear.0133.jpg | Prob: 0.0001 | Threshold: 0.6000
2025-02-22 16:44:10 - Arquivo: nonclear.0134.jpg | Prob: 0.0189 | Threshold: 0.6000
2025-02-22 16:44:33 - Arquivo: nonclear.0135.jpg | Prob: 0.0000 | Threshold: 0.6000
2025-02-22 16:45:22 - Arquivo: nonclear.0136.jpg | Prob: 0.1423 | Threshold: 0.6000
2025-02-22 16:45:56 - Arquivo: nonclear.0137.jpg | Prob: 0.0751 | Threshold: 0.6000
2025-02-22 16:46:26 - Arquivo: nonclear.0138.jpg | Prob: 0.0246 | Threshold: 0.6000
2025-02-22 16:46:47 - Arquivo: nonclear.0139.jpg | Prob: 0.0001 | Threshold: 0.6000
2025-02-22 16:47:12 - Arquivo: nonclear.0140.jpg | Prob: 0.2379 | Threshold: 0.6000
2025-02-22 16:47:32 - Arquivo: nonclear.0141.jpg | Prob: 0.4677 | Threshold: 0.6000
2025-02-22 16:48:09 - Arquivo: nonclear.0142.jpg | Prob: 0.0383 | Threshold: 0.6000
2025-02-22 16:48:45 - Arquivo: nonclear.0143.jpg | Prob: 0.0031 | Threshold: 0.6000
2025-02-22 16:49:10 - Arquivo: nonclear.0144.jpg | Prob: 1.0000 | Threshold: 0.6000
2025-02-22 16:49:29 - Arquivo: nonclear.0145.jpg | Prob: 0.3311 | Threshold: 0.6000
2025-02-22 16:49:59 - Arquivo: nonclear.0146.jpg | Prob: 0.0277 | Threshold: 0.6000
2025-02-22 16:50:19 - Arquivo: nonclear.0147.jpg | Prob: 0.0000 | Threshold: 0.6000
2025-02-22 16:50:42 - Arquivo: nonclear.0148.jpg | Prob: 0.4153 | Threshold: 0.6000
2025-02-22 16:51:01 - Arquivo: nonclear.0149.jpg | Prob: 0.0000 | Threshold: 0.6000
2025-02-22 16:51:21 - Arquivo: nonclear.0150.jpg | Prob: 0.0002 | Threshold: 0.6000
2025-02-22 16:51:42 - Arquivo: nonclear.0151.jpg | Prob: 0.0000 | Threshold: 0.6000
2025-02-22 16:52:16 - Arquivo: nonclear.0152.jpg | Prob: 0.0012 | Threshold: 0.6000
2025-02-22 16:52:37 - Arquivo: nonclear.0153.jpg | Prob: 0.0361 | Threshold: 0.6000
2025-02-22 16:53:00 - Arquivo: nonclear.0154.jpg | Prob: 1.0000 | Threshold: 0.6000
2025-02-22 16:53:20 - Arquivo: nonclear.0155.jpg | Prob: 0.9901 | Threshold: 0.6000
2025-02-22 16:53:39 - Arquivo: nonclear.0156.jpg | Prob: 0.0009 | Threshold: 0.6000
2025-02-22 16:53:58 - Arquivo: nonclear.0157.jpg | Prob: 0.9991 | Threshold: 0.6000
2025-02-22 16:54:23 - Arquivo: nonclear.0158.jpg | Prob: 0.0582 | Threshold: 0.6000
2025-02-22 16:54:48 - Arquivo: nonclear.0159.jpg | Prob: 0.0000 | Threshold: 0.6000
2025-02-22 16:55:15 - Arquivo: nonclear.0160.jpg | Prob: 0.9934 | Threshold: 0.6000
2025-02-22 16:55:46 - Arquivo: nonclear.0161.jpg | Prob: 0.9999 | Threshold: 0.6000
2025-02-22 16:56:06 - Arquivo: nonclear.0162.jpg | Prob: 0.0000 | Threshold: 0.6000
2025-02-22 16:56:56 - Arquivo: nonclear.0163.jpg | Prob: 0.0000 | Threshold: 0.6000
2025-02-22 16:57:37 - Arquivo: nonclear.0164.jpg | Prob: 0.0000 | Threshold: 0.6000
2025-02-22 16:58:13 - Arquivo: nonclear.0165.jpg | Prob: 0.0282 | Threshold: 0.6000
2025-02-22 16:58:39 - Arquivo: nonclear.0166.jpg | Prob: 1.0000 | Threshold: 0.6000
2025-02-22 16:58:59 - Arquivo: nonclear.0167.jpg | Prob: 0.0000 | Threshold: 0.6000
2025-02-22 16:59:34 - Arquivo: nonclear.0168.jpg | Prob: 0.0000 | Threshold: 0.6000
2025-02-22 16:59:53 - Arquivo: nonclear.0169.jpg | Prob: 0.0000 | Threshold: 0.6000
2025-02-22 17:00:30 - Arquivo: nonclear.0170.jpg | Prob: 0.0000 | Threshold: 0.6000
2025-02-22 17:00:51 - Arquivo: nonclear.0171.jpg | Prob: 0.0209 | Threshold: 0.6000
2025-02-22 17:01:12 - Arquivo: nonclear.0172.jpg | Prob: 0.0000 | Threshold: 0.6000
2025-02-22 17:01:36 - Arquivo: nonclear.0173.jpg | Prob: 0.0064 | Threshold: 0.6000
2025-02-22 17:01:56 - Arquivo: nonclear.0174.jpg | Prob: 0.0000 | Threshold: 0.6000
2025-02-22 17:02:17 - Arquivo: nonclear.0175.jpg | Prob: 0.0000 | Threshold: 0.6000
2025-02-22 17:02:47 - Arquivo: nonclear.0176.jpg | Prob: 0.0000 | Threshold: 0.6000
2025-02-22 17:03:08 - Arquivo: nonclear.0177.jpg | Prob: 0.0000 | Threshold: 0.6000
2025-02-22 17:03:32 - Arquivo: nonclear.0178.jpg | Prob: 0.0167 | Threshold: 0.6000
2025-02-22 17:03:53 - Arquivo: nonclear.0179.jpg | Prob: 0.0011 | Threshold: 0.6000
2025-02-22 17:04:17 - Arquivo: nonclear.0180.jpg | Prob: 0.0001 | Threshold: 0.6000
2025-02-22 17:04:42 - Arquivo: nonclear.0181.jpg | Prob: 0.0000 | Threshold: 0.6000
2025-02-22 17:05:00 - Arquivo: nonclear.0182.jpg | Prob: 0.0000 | Threshold: 0.6000
2025-02-22 17:05:27 - Arquivo: nonclear.0183.jpg | Prob: 0.0000 | Threshold: 0.6000
2025-02-22 17:05:57 - Arquivo: nonclear.0184.jpg | Prob: 0.0000 | Threshold: 0.6000
2025-02-22 17:06:26 - Arquivo: nonclear.0185.jpg | Prob: 0.0000 | Threshold: 0.6000
2025-02-22 17:06:57 - Arquivo: nonclear.0186.jpg | Prob: 0.9992 | Threshold: 0.6000
2025-02-22 17:07:17 - Arquivo: nonclear.0187.jpg | Prob: 0.0000 | Threshold: 0.6000
2025-02-22 17:07:46 - Arquivo: nonclear.0188.jpg | Prob: 0.0020 | Threshold: 0.6000
2025-02-22 17:08:07 - Arquivo: nonclear.0189.jpg | Prob: 0.0000 | Threshold: 0.6000
2025-02-22 17:08:33 - Arquivo: nonclear.0190.jpg | Prob: 0.0000 | Threshold: 0.6000
2025-02-22 17:08:56 - Arquivo: nonclear.0191.jpg | Prob: 0.0003 | Threshold: 0.6000
2025-02-22 17:09:20 - Arquivo: nonclear.0192.jpg | Prob: 0.0000 | Threshold: 0.6000
2025-02-22 17:09:46 - Arquivo: nonclear.0193.jpg | Prob: 0.0000 | Threshold: 0.6000
2025-02-22 17:10:06 - Arquivo: nonclear.0194.jpg | Prob: 0.0011 | Threshold: 0.6000
2025-02-22 17:10:31 - Arquivo: nonclear.0195.jpeg | Prob: 0.0000 | Threshold: 0.6000
2025-02-22 17:11:06 - Arquivo: nonclear.0196.jpeg | Prob: 0.0000 | Threshold: 0.6000
2025-02-22 17:11:28 - Arquivo: nonclear.0197.jpeg | Prob: 0.0000 | Threshold: 0.6000
2025-02-22 17:11:49 - Arquivo: nonclear.0198.jpeg | Prob: 0.0000 | Threshold: 0.6000
2025-02-22 17:12:35 - Arquivo: nonclear.0199.jpeg | Prob: 0.0000 | Threshold: 0.6000
2025-02-22 17:13:01 - Arquivo: nonclear.0200.jpeg | Prob: 0.9561 | Threshold: 0.6000
2025-02-22 17:13:21 - Arquivo: nonclear.0201.jpeg | Prob: 0.8977 | Threshold: 0.6000
2025-02-22 17:13:47 - Arquivo: nonclear.0202.jpeg | Prob: 0.0014 | Threshold: 0.6000
2025-02-22 17:14:10 - Arquivo: nonclear.0203.jpeg | Prob: 0.0000 | Threshold: 0.6000
2025-02-22 17:14:50 - Arquivo: nonclear.0204.jpeg | Prob: 0.0018 | Threshold: 0.6000
2025-02-22 17:15:43 - Arquivo: nonclear.0205.jpeg | Prob: 0.0000 | Threshold: 0.6000
2025-02-22 17:16:03 - Arquivo: nonclear.0206.jpeg | Prob: 0.0000 | Threshold: 0.6000
2025-02-22 17:16:36 - Arquivo: nonclear.0207.jpeg | Prob: 0.0000 | Threshold: 0.6000
2025-02-22 17:16:56 - Arquivo: nonclear.0208.jpeg | Prob: 0.0001 | Threshold: 0.6000
2025-02-22 17:17:18 - Arquivo: nonclear.0209.jpeg | Prob: 0.0000 | Threshold: 0.6000
2025-02-22 17:17:39 - Arquivo: nonclear.0210.jpeg | Prob: 0.0018 | Threshold: 0.6000
2025-02-22 17:18:02 - Arquivo: nonclear.0211.jpeg | Prob: 0.0187 | Threshold: 0.6000
2025-02-22 17:18:22 - Arquivo: nonclear.0212.jpeg | Prob: 0.0000 | Threshold: 0.6000
2025-02-22 17:18:46 - Arquivo: nonclear.0213.jpeg | Prob: 0.0000 | Threshold: 0.6000
2025-02-22 17:19:28 - Arquivo: nonclear.0214.jpeg | Prob: 0.0000 | Threshold: 0.6000
2025-02-22 17:19:49 - Arquivo: nonclear.0215.jpeg | Prob: 0.0000 | Threshold: 0.6000
2025-02-22 17:20:10 - Arquivo: nonclear.0216.jpeg | Prob: 0.0000 | Threshold: 0.6000
2025-02-22 17:20:32 - Arquivo: nonclear.0217.jpeg | Prob: 0.0000 | Threshold: 0.6000
2025-02-22 17:20:54 - Arquivo: nonclear.0218.jpeg | Prob: 0.0010 | Threshold: 0.6000
2025-02-22 17:21:37 - Arquivo: nonclear.0219.jpeg | Prob: 0.0199 | Threshold: 0.6000
2025-02-22 17:22:15 - Arquivo: nonclear.0220.jpeg | Prob: 0.0010 | Threshold: 0.6000
2025-02-22 17:22:42 - Arquivo: nonclear.0221.jpeg | Prob: 0.0005 | Threshold: 0.6000
2025-02-22 17:23:02 - Arquivo: nonclear.0222.jpeg | Prob: 0.0027 | Threshold: 0.6000
2025-02-22 17:23:24 - Arquivo: nonclear.0223.jpeg | Prob: 0.0000 | Threshold: 0.6000
2025-02-22 17:23:57 - Arquivo: nonclear.0224.jpeg | Prob: 0.0000 | Threshold: 0.6000
2025-02-22 17:24:40 - Arquivo: nonclear.0225.jpeg | Prob: 0.0000 | Threshold: 0.6000
2025-02-22 17:25:06 - Arquivo: nonclear.0226.jpeg | Prob: 0.0000 | Threshold: 0.6000
2025-02-22 17:25:38 - Arquivo: nonclear.0227.jpeg | Prob: 0.0000 | Threshold: 0.6000
2025-02-22 17:26:03 - Arquivo: nonclear.0228.jpeg | Prob: 0.0315 | Threshold: 0.6000
2025-02-22 17:26:23 - Arquivo: nonclear.0229.jpeg | Prob: 0.0000 | Threshold: 0.6000
2025-02-22 17:26:43 - Arquivo: nonclear.0230.jpeg | Prob: 0.0000 | Threshold: 0.6000
2025-02-22 17:27:16 - Arquivo: nonclear.0231.jpeg | Prob: 0.0000 | Threshold: 0.6000
2025-02-22 17:27:36 - Arquivo: nonclear.0232.jpeg | Prob: 0.0024 | Threshold: 0.6000
2025-02-22 17:27:57 - Arquivo: nonclear.0233.jpeg | Prob: 0.0141 | Threshold: 0.6000
2025-02-22 17:28:38 - Arquivo: nonclear.0234.jpeg | Prob: 0.0000 | Threshold: 0.6000
2025-02-22 17:29:16 - Arquivo: nonclear.0235.jpeg | Prob: 0.0022 | Threshold: 0.6000
2025-02-22 17:29:41 - Arquivo: nonclear.0236.jpeg | Prob: 0.0003 | Threshold: 0.6000
2025-02-22 17:30:07 - Arquivo: nonclear.0237.jpeg | Prob: 0.0000 | Threshold: 0.6000
2025-02-22 17:30:55 - Arquivo: nonclear.0238.jpeg | Prob: 0.0050 | Threshold: 0.6000
2025-02-22 17:31:35 - Arquivo: nonclear.0239.jpeg | Prob: 0.0000 | Threshold: 0.6000
2025-02-22 17:32:34 - Arquivo: nonclear.0240.jpeg | Prob: 0.9999 | Threshold: 0.6000
2025-02-22 17:32:56 - Arquivo: nonclear.0241.jpeg | Prob: 0.0474 | Threshold: 0.6000
2025-02-22 17:33:42 - Arquivo: nonclear.0242.jpeg | Prob: 0.0188 | Threshold: 0.6000
2025-02-22 17:34:09 - Arquivo: nonclear.0243.jpeg | Prob: 0.0963 | Threshold: 0.6000
2025-02-22 17:34:32 - Arquivo: nonclear.0244.jpeg | Prob: 0.0009 | Threshold: 0.6000
2025-02-22 17:34:58 - Arquivo: nonclear.0245.jpeg | Prob: 0.9839 | Threshold: 0.6000
2025-02-22 17:35:28 - Arquivo: nonclear.0246.jpeg | Prob: 0.0000 | Threshold: 0.6000
2025-02-22 17:36:27 - Arquivo: nonclear.0247.jpeg | Prob: 0.0000 | Threshold: 0.6000
2025-02-22 17:36:49 - Arquivo: nonclear.0248.jpeg | Prob: 0.0000 | Threshold: 0.6000
2025-02-22 17:37:12 - Arquivo: nonclear.0249.jpeg | Prob: 0.0008 | Threshold: 0.6000
2025-02-22 17:37:33 - Arquivo: nonclear.0250.jpeg | Prob: 0.0000 | Threshold: 0.6000
2025-02-22 17:37:53 - Arquivo: nonclear.0251.jpeg | Prob: 0.0052 | Threshold: 0.6000
2025-02-22 17:38:16 - Arquivo: nonclear.0252.jpeg | Prob: 0.0000 | Threshold: 0.6000
2025-02-22 17:38:39 - Arquivo: nonclear.0253.jpeg | Prob: 0.0001 | Threshold: 0.6000
2025-02-22 17:39:02 - Arquivo: nonclear.0254.jpeg | Prob: 0.0000 | Threshold: 0.6000
2025-02-22 17:39:22 - Arquivo: nonclear.0255.jpeg | Prob: 0.0028 | Threshold: 0.6000
2025-02-22 17:39:42 - Arquivo: nonclear.0256.jpeg | Prob: 0.0002 | Threshold: 0.6000
2025-02-22 17:40:04 - Arquivo: nonclear.0257.jpeg | Prob: 0.1366 | Threshold: 0.6000
2025-02-22 17:40:28 - Arquivo: nonclear.0258.jpeg | Prob: 0.0001 | Threshold: 0.6000
2025-02-22 17:40:58 - Arquivo: nonclear.0259.jpeg | Prob: 0.0000 | Threshold: 0.6000
2025-02-22 17:41:26 - Arquivo: nonclear.0260.jpeg | Prob: 0.9694 | Threshold: 0.6000
2025-02-22 17:41:51 - Arquivo: nonclear.0261.jpeg | Prob: 0.0024 | Threshold: 0.6000
2025-02-22 17:42:12 - Arquivo: nonclear.0262.jpeg | Prob: 0.0000 | Threshold: 0.6000
2025-02-22 17:43:00 - Arquivo: nonclear.0263.jpeg | Prob: 0.0011 | Threshold: 0.6000
2025-02-22 17:43:23 - Arquivo: nonclear.0264.jpeg | Prob: 0.9997 | Threshold: 0.6000
2025-02-22 17:44:11 - Arquivo: nonclear.0265.jpeg | Prob: 0.0000 | Threshold: 0.6000
2025-02-22 17:45:07 - Arquivo: nonclear.0266.jpeg | Prob: 0.0070 | Threshold: 0.6000
2025-02-22 17:45:30 - Arquivo: nonclear.0267.jpeg | Prob: 0.0000 | Threshold: 0.6000
2025-02-22 17:45:53 - Arquivo: nonclear.0268.jpeg | Prob: 0.0000 | Threshold: 0.6000
2025-02-22 17:46:15 - Arquivo: nonclear.0269.jpeg | Prob: 0.0001 | Threshold: 0.6000
2025-02-22 17:46:41 - Arquivo: nonclear.0270.jpeg | Prob: 0.0025 | Threshold: 0.6000
2025-02-22 17:47:06 - Arquivo: nonclear.0271.jpeg | Prob: 0.0002 | Threshold: 0.6000
2025-02-22 17:47:32 - Arquivo: nonclear.0272.jpeg | Prob: 0.0000 | Threshold: 0.6000
2025-02-22 17:48:01 - Arquivo: nonclear.0273.jpeg | Prob: 0.0000 | Threshold: 0.6000
2025-02-22 17:48:22 - Arquivo: nonclear.0274.jpeg | Prob: 0.0001 | Threshold: 0.6000
2025-02-22 17:48:47 - Arquivo: nonclear.0275.jpeg | Prob: 0.0313 | Threshold: 0.6000
2025-02-22 17:49:08 - Arquivo: nonclear.0276.jpeg | Prob: 0.0000 | Threshold: 0.6000
2025-02-22 17:49:45 - Arquivo: nonclear.0277.jpeg | Prob: 0.0008 | Threshold: 0.6000
2025-02-22 17:50:08 - Arquivo: nonclear.0278.jpg | Prob: 0.0200 | Threshold: 0.6000
2025-02-22 17:50:29 - Arquivo: nonclear.0279.jpg | Prob: 0.0001 | Threshold: 0.6000
2025-02-22 17:51:03 - Arquivo: nonclear.0280.jpg | Prob: 0.0001 | Threshold: 0.6000
2025-02-22 17:51:23 - Arquivo: nonclear.0281.jpg | Prob: 0.0007 | Threshold: 0.6000
2025-02-22 17:51:48 - Arquivo: nonclear.0282.jpg | Prob: 0.0006 | Threshold: 0.6000
2025-02-22 17:52:10 - Arquivo: nonclear.0283.jpg | Prob: 0.0013 | Threshold: 0.6000
2025-02-22 17:52:30 - Arquivo: nonclear.0284.jpg | Prob: 0.0004 | Threshold: 0.6000
2025-02-22 17:52:53 - Arquivo: nonclear.0285.jpg | Prob: 0.0001 | Threshold: 0.6000
2025-02-22 17:53:18 - Arquivo: nonclear.0286.jpg | Prob: 0.0057 | Threshold: 0.6000
2025-02-22 17:53:40 - Arquivo: nonclear.0287.jpg | Prob: 0.0061 | Threshold: 0.6000
2025-02-22 17:53:59 - Arquivo: nonclear.0288.jpg | Prob: 0.0080 | Threshold: 0.6000
2025-02-22 17:54:36 - Arquivo: nonclear.0289.jpg | Prob: 0.0000 | Threshold: 0.6000
2025-02-22 17:54:58 - Arquivo: nonclear.0290.jpg | Prob: 0.0001 | Threshold: 0.6000
2025-02-22 17:55:25 - Arquivo: nonclear.0291.jpg | Prob: 0.0000 | Threshold: 0.6000
2025-02-22 17:56:10 - Arquivo: nonclear.0292.jpg | Prob: 0.0000 | Threshold: 0.6000
2025-02-22 17:56:31 - Arquivo: nonclear.0293.jpg | Prob: 0.0000 | Threshold: 0.6000
2025-02-22 17:57:05 - Arquivo: nonclear.0294.jpg | Prob: 0.0000 | Threshold: 0.6000
2025-02-22 17:57:46 - Arquivo: nonclear.0295.jpg | Prob: 0.0002 | Threshold: 0.6000
2025-02-22 17:58:10 - Arquivo: nonclear.0296.jpg | Prob: 0.0000 | Threshold: 0.6000
2025-02-22 17:58:43 - Arquivo: nonclear.0297.jpg | Prob: 0.0004 | Threshold: 0.6000
2025-02-22 17:59:10 - Arquivo: nonclear.0298.jpg | Prob: 0.9664 | Threshold: 0.6000
2025-02-22 17:59:32 - Arquivo: nonclear.0299.jpg | Prob: 0.0001 | Threshold: 0.6000
2025-02-22 18:00:00 - Arquivo: nonclear.0300.jpg | Prob: 0.0000 | Threshold: 0.6000
2025-02-22 18:00:24 - Arquivo: nonclear.0301.jpg | Prob: 0.0000 | Threshold: 0.6000
2025-02-22 18:00:44 - Arquivo: nonclear.0302.jpg | Prob: 0.0108 | Threshold: 0.6000
2025-02-22 18:01:10 - Arquivo: nonclear.0303.jpg | Prob: 0.0000 | Threshold: 0.6000
2025-02-22 18:01:33 - Arquivo: nonclear.0304.jpg | Prob: 0.0206 | Threshold: 0.6000
2025-02-22 18:02:10 - Arquivo: nonclear.0305.jpg | Prob: 0.6440 | Threshold: 0.6000
2025-02-22 18:02:35 - Arquivo: nonclear.0306.jpg | Prob: 0.0081 | Threshold: 0.6000
2025-02-22 18:03:05 - Arquivo: nonclear.0307.jpg | Prob: 0.0000 | Threshold: 0.6000
2025-02-22 18:03:32 - Arquivo: nonclear.0308.jpg | Prob: 0.0177 | Threshold: 0.6000
2025-02-22 18:04:03 - Arquivo: nonclear.0309.jpg | Prob: 0.0008 | Threshold: 0.6000
2025-02-22 18:04:23 - Arquivo: nonclear.0310.jpg | Prob: 0.2070 | Threshold: 0.6000
2025-02-22 18:04:43 - Arquivo: nonclear.0311.jpg | Prob: 0.0344 | Threshold: 0.6000
2025-02-22 18:05:03 - Arquivo: nonclear.0312.jpg | Prob: 0.5778 | Threshold: 0.6000
2025-02-22 18:05:29 - Arquivo: nonclear.0313.jpg | Prob: 0.0000 | Threshold: 0.6000
2025-02-22 18:05:53 - Arquivo: nonclear.0314.jpg | Prob: 0.0001 | Threshold: 0.6000
2025-02-22 18:06:16 - Arquivo: nonclear.0315.jpg | Prob: 0.1258 | Threshold: 0.6000
2025-02-22 18:06:37 - Arquivo: nonclear.0316.jpg | Prob: 0.0217 | Threshold: 0.6000
2025-02-22 18:07:03 - Arquivo: nonclear.0317.jpg | Prob: 0.0006 | Threshold: 0.6000
2025-02-22 18:07:25 - Arquivo: nonclear.0318.jpg | Prob: 0.0196 | Threshold: 0.6000
2025-02-22 18:07:51 - Arquivo: nonclear.0319.jpg | Prob: 0.9786 | Threshold: 0.6000
2025-02-22 18:08:14 - Arquivo: nonclear.0320.jpg | Prob: 0.0079 | Threshold: 0.6000
2025-02-22 18:08:37 - Arquivo: nonclear.0321.jpg | Prob: 0.6505 | Threshold: 0.6000
2025-02-22 18:08:57 - Arquivo: nonclear.0322.jpg | Prob: 0.9808 | Threshold: 0.6000
2025-02-22 18:09:36 - Arquivo: nonclear.0323.jpg | Prob: 0.0024 | Threshold: 0.6000
2025-02-22 18:09:57 - Arquivo: nonclear.0324.jpg | Prob: 0.0182 | Threshold: 0.6000
2025-02-22 18:10:21 - Arquivo: nonclear.0325.jpg | Prob: 0.0008 | Threshold: 0.6000
2025-02-22 18:10:48 - Arquivo: nonclear.0326.jpg | Prob: 0.0000 | Threshold: 0.6000
2025-02-22 18:11:08 - Arquivo: nonclear.0327.jpg | Prob: 0.0000 | Threshold: 0.6000
2025-02-22 18:11:34 - Arquivo: nonclear.0328.jpg | Prob: 0.0000 | Threshold: 0.6000
2025-02-22 18:11:58 - Arquivo: nonclear.0329.jpg | Prob: 0.9951 | Threshold: 0.6000
2025-02-22 18:12:53 - Arquivo: nonclear.0330.jpg | Prob: 0.0078 | Threshold: 0.6000
2025-02-22 18:13:24 - Arquivo: nonclear.0331.jpeg | Prob: 0.0000 | Threshold: 0.6000
2025-02-22 18:13:46 - Arquivo: nonclear.0332.jpeg | Prob: 0.0000 | Threshold: 0.6000
2025-02-22 18:14:08 - Arquivo: nonclear.0333.jpeg | Prob: 0.0164 | Threshold: 0.6000
2025-02-22 18:14:30 - Arquivo: nonclear.0334.jpg | Prob: 0.0000 | Threshold: 0.6000
2025-02-22 18:14:49 - Arquivo: nonclear.0335.jpg | Prob: 0.0000 | Threshold: 0.6000
2025-02-22 18:15:09 - Arquivo: nonclear.0336.jpg | Prob: 0.0001 | Threshold: 0.6000
2025-02-22 18:15:34 - Arquivo: nonclear.0337.jpg | Prob: 0.0000 | Threshold: 0.6000
2025-02-22 18:15:55 - Arquivo: nonclear.0338.jpg | Prob: 0.0000 | Threshold: 0.6000
2025-02-22 18:16:14 - Arquivo: nonclear.0339.jpg | Prob: 0.0000 | Threshold: 0.6000
2025-02-22 18:17:08 - Arquivo: nonclear.0340.jpg | Prob: 0.0000 | Threshold: 0.6000
2025-02-22 18:17:30 - Arquivo: nonclear.0341.jpg | Prob: 0.0000 | Threshold: 0.6000
2025-02-22 18:17:55 - Arquivo: nonclear.0342.jpg | Prob: 0.2159 | Threshold: 0.6000
2025-02-22 18:18:54 - Arquivo: nonclear.0343.jpg | Prob: 0.0000 | Threshold: 0.6000
2025-02-22 18:19:19 - Arquivo: nonclear.0344.jpg | Prob: 0.9954 | Threshold: 0.6000
2025-02-22 18:19:42 - Arquivo: nonclear.0345.jpg | Prob: 0.0000 | Threshold: 0.6000
2025-02-22 18:20:19 - Arquivo: nonclear.0346.jpg | Prob: 0.0000 | Threshold: 0.6000
2025-02-22 18:20:40 - Arquivo: nonclear.0347.jpg | Prob: 0.0000 | Threshold: 0.6000
2025-02-22 18:21:06 - Arquivo: nonclear.0348.jpg | Prob: 0.0000 | Threshold: 0.6000
2025-02-22 18:21:50 - Arquivo: nonclear.0349.jpg | Prob: 0.0000 | Threshold: 0.6000
2025-02-22 18:22:10 - Arquivo: nonclear.0350.jpg | Prob: 0.0000 | Threshold: 0.6000
2025-02-22 18:22:52 - Arquivo: nonclear.0351.jpg | Prob: 0.0018 | Threshold: 0.6000
2025-02-22 18:23:16 - Arquivo: nonclear.0352.jpg | Prob: 0.9914 | Threshold: 0.6000
2025-02-22 18:23:47 - Arquivo: nonclear.0353.jpg | Prob: 0.0000 | Threshold: 0.6000
2025-02-22 18:24:08 - Arquivo: nonclear.0354.jpg | Prob: 0.0025 | Threshold: 0.6000
2025-02-22 18:24:31 - Arquivo: nonclear.0355.jpg | Prob: 0.0004 | Threshold: 0.6000
2025-02-22 18:24:57 - Arquivo: nonclear.0356.jpg | Prob: 0.0008 | Threshold: 0.6000
2025-02-22 18:25:24 - Arquivo: nonclear.0357.jpg | Prob: 0.6142 | Threshold: 0.6000
2025-02-22 18:25:59 - Arquivo: nonclear.0358.jpg | Prob: 0.0001 | Threshold: 0.6000
2025-02-22 18:26:25 - Arquivo: nonclear.0359.jpg | Prob: 0.0001 | Threshold: 0.6000
2025-02-22 18:26:48 - Arquivo: nonclear.0360.jpg | Prob: 0.0003 | Threshold: 0.6000
2025-02-22 18:27:21 - Arquivo: nonclear.0361.jpg | Prob: 0.0000 | Threshold: 0.6000
2025-02-22 18:27:41 - Arquivo: nonclear.0362.jpg | Prob: 0.0000 | Threshold: 0.6000
2025-02-22 18:28:03 - Arquivo: nonclear.0363.jpg | Prob: 0.0000 | Threshold: 0.6000
2025-02-22 18:28:39 - Arquivo: nonclear.0364.jpg | Prob: 0.0000 | Threshold: 0.6000
2025-02-22 18:29:01 - Arquivo: nonclear.0365.jpg | Prob: 0.0000 | Threshold: 0.6000
2025-02-22 18:29:21 - Arquivo: nonclear.0366.jpg | Prob: 0.0621 | Threshold: 0.6000
2025-02-22 18:29:42 - Arquivo: nonclear.0367.jpg | Prob: 0.9984 | Threshold: 0.6000
2025-02-22 18:30:21 - Arquivo: nonclear.0368.jpg | Prob: 0.0007 | Threshold: 0.6000
2025-02-22 18:30:41 - Arquivo: nonclear.0369.jpg | Prob: 0.0044 | Threshold: 0.6000
2025-02-22 18:31:03 - Arquivo: nonclear.0370.jpg | Prob: 0.0054 | Threshold: 0.6000
2025-02-22 18:31:28 - Arquivo: nonclear.0371.jpg | Prob: 0.0034 | Threshold: 0.6000
2025-02-22 18:32:00 - Arquivo: nonclear.0372.jpg | Prob: 0.0000 | Threshold: 0.6000
2025-02-22 18:32:23 - Arquivo: nonclear.0373.jpg | Prob: 0.0000 | Threshold: 0.6000
2025-02-22 18:33:14 - Arquivo: nonclear.0374.jpg | Prob: 0.0000 | Threshold: 0.6000
2025-02-22 18:33:34 - Arquivo: nonclear.0375.jpg | Prob: 0.0001 | Threshold: 0.6000
2025-02-22 18:34:03 - Arquivo: nonclear.0376.jpg | Prob: 0.0002 | Threshold: 0.6000
2025-02-22 18:34:33 - Arquivo: nonclear.0377.jpg | Prob: 0.0000 | Threshold: 0.6000
2025-02-22 18:34:55 - Arquivo: nonclear.0378.jpg | Prob: 0.0002 | Threshold: 0.6000
2025-02-22 18:35:17 - Arquivo: nonclear.0379.jpg | Prob: 0.0000 | Threshold: 0.6000
2025-02-22 18:35:50 - Arquivo: nonclear.0380.jpg | Prob: 0.0000 | Threshold: 0.6000
2025-02-22 18:36:09 - Arquivo: nonclear.0381.jpg | Prob: 0.0002 | Threshold: 0.6000
2025-02-22 18:36:30 - Arquivo: nonclear.0382.jpg | Prob: 0.0001 | Threshold: 0.6000
2025-02-22 18:36:52 - Arquivo: nonclear.0383.jpg | Prob: 0.0001 | Threshold: 0.6000
2025-02-22 18:37:15 - Arquivo: nonclear.0384.jpg | Prob: 0.0448 | Threshold: 0.6000
2025-02-22 18:37:50 - Arquivo: nonclear.0385.jpg | Prob: 0.9849 | Threshold: 0.6000
2025-02-22 18:38:13 - Arquivo: nonclear.0386.jpg | Prob: 0.0000 | Threshold: 0.6000
2025-02-22 18:38:35 - Arquivo: nonclear.0387.jpg | Prob: 0.0000 | Threshold: 0.6000
2025-02-22 18:38:57 - Arquivo: nonclear.0388.jpg | Prob: 0.0032 | Threshold: 0.6000
2025-02-22 18:39:31 - Arquivo: nonclear.0389.jpg | Prob: 0.0000 | Threshold: 0.6000
2025-02-22 18:39:55 - Arquivo: nonclear.0390.jpg | Prob: 0.0000 | Threshold: 0.6000
2025-02-22 18:40:21 - Arquivo: nonclear.0391.jpg | Prob: 0.0000 | Threshold: 0.6000
2025-02-22 18:40:44 - Arquivo: nonclear.0392.jpg | Prob: 0.0000 | Threshold: 0.6000
2025-02-22 18:41:18 - Arquivo: nonclear.0393.jpg | Prob: 0.0000 | Threshold: 0.6000
2025-02-22 18:41:39 - Arquivo: nonclear.0394.jpg | Prob: 0.0000 | Threshold: 0.6000
2025-02-22 18:42:05 - Arquivo: nonclear.0395.jpg | Prob: 0.0001 | Threshold: 0.6000
2025-02-22 18:42:29 - Arquivo: nonclear.0396.jpg | Prob: 0.0057 | Threshold: 0.6000
2025-02-22 18:42:54 - Arquivo: nonclear.0397.jpg | Prob: 0.0000 | Threshold: 0.6000
2025-02-22 18:43:18 - Arquivo: nonclear.0398.jpg | Prob: 0.0000 | Threshold: 0.6000
2025-02-22 18:43:50 - Arquivo: nonclear.0399.jpg | Prob: 0.0003 | Threshold: 0.6000
2025-02-22 18:44:12 - Arquivo: nonclear.0400.jpg | Prob: 0.0000 | Threshold: 0.6000
2025-02-22 18:44:35 - Arquivo: nonclear.0401.jpg | Prob: 0.4137 | Threshold: 0.6000
2025-02-22 18:44:59 - Arquivo: nonclear.0402.jpg | Prob: 0.0000 | Threshold: 0.6000
2025-02-22 18:45:38 - Arquivo: nonclear.0403.jpg | Prob: 0.0000 | Threshold: 0.6000
2025-02-22 18:46:02 - Arquivo: nonclear.0404.jpg | Prob: 0.1066 | Threshold: 0.6000
2025-02-22 18:46:40 - Arquivo: nonclear.0405.jpg | Prob: 0.0000 | Threshold: 0.6000
2025-02-22 18:47:01 - Arquivo: nonclear.0406.jpg | Prob: 0.0002 | Threshold: 0.6000
2025-02-22 18:47:27 - Arquivo: nonclear.0407.jpg | Prob: 0.0000 | Threshold: 0.6000
2025-02-22 18:47:49 - Arquivo: nonclear.0408.jpg | Prob: 0.0000 | Threshold: 0.6000
2025-02-22 18:48:12 - Arquivo: nonclear.0409.jpg | Prob: 0.0000 | Threshold: 0.6000
2025-02-22 18:48:40 - Arquivo: nonclear.0410.jpg | Prob: 0.0001 | Threshold: 0.6000
2025-02-22 18:49:30 - Arquivo: nonclear.0411.jpg | Prob: 0.0000 | Threshold: 0.6000
2025-02-22 18:49:53 - Arquivo: nonclear.0412.jpg | Prob: 0.0000 | Threshold: 0.6000
2025-02-22 18:50:43 - Arquivo: nonclear.0413.jpg | Prob: 0.0000 | Threshold: 0.6000
2025-02-22 18:51:14 - Arquivo: nonclear.0414.jpg | Prob: 0.0000 | Threshold: 0.6000
2025-02-22 18:51:38 - Arquivo: nonclear.0415.jpg | Prob: 0.0000 | Threshold: 0.6000
2025-02-22 18:52:02 - Arquivo: nonclear.0416.jpg | Prob: 0.9731 | Threshold: 0.6000
2025-02-22 18:52:37 - Arquivo: nonclear.0417.jpg | Prob: 0.0000 | Threshold: 0.6000
2025-02-22 18:53:08 - Arquivo: nonclear.0418.jpg | Prob: 0.0000 | Threshold: 0.6000
2025-02-22 18:53:43 - Arquivo: nonclear.0419.jpg | Prob: 0.0000 | Threshold: 0.6000
2025-02-22 18:54:06 - Arquivo: nonclear.0420.jpg | Prob: 0.0000 | Threshold: 0.6000
2025-02-22 18:54:30 - Arquivo: nonclear.0421.jpg | Prob: 0.0000 | Threshold: 0.6000
2025-02-22 18:54:52 - Arquivo: nonclear.0422.jpg | Prob: 0.0000 | Threshold: 0.6000
2025-02-22 18:55:15 - Arquivo: nonclear.0423.jpg | Prob: 0.0000 | Threshold: 0.6000
2025-02-22 18:56:02 - Arquivo: nonclear.0424.jpg | Prob: 0.0000 | Threshold: 0.6000
2025-02-22 18:56:25 - Arquivo: nonclear.0425.jpg | Prob: 0.0000 | Threshold: 0.6000
2025-02-22 18:56:47 - Arquivo: nonclear.0426.jpg | Prob: 0.0010 | Threshold: 0.6000
2025-02-22 18:57:12 - Arquivo: nonclear.0427.jpg | Prob: 0.0000 | Threshold: 0.6000
2025-02-22 18:57:33 - Arquivo: nonclear.0428.jpg | Prob: 0.0000 | Threshold: 0.6000
2025-02-22 18:58:04 - Arquivo: nonclear.0429.jpg | Prob: 0.0000 | Threshold: 0.6000
2025-02-22 18:58:27 - Arquivo: nonclear.0430.jpg | Prob: 0.5249 | Threshold: 0.6000
2025-02-22 18:58:50 - Arquivo: nonclear.0431.jpg | Prob: 0.2585 | Threshold: 0.6000
2025-02-22 18:59:20 - Arquivo: nonclear.0432.jpg | Prob: 0.0002 | Threshold: 0.6000
2025-02-22 18:59:42 - Arquivo: nonclear.0433.jpg | Prob: 0.0000 | Threshold: 0.6000
2025-02-22 19:00:02 - Arquivo: nonclear.0434.jpg | Prob: 0.0000 | Threshold: 0.6000
2025-02-22 19:00:40 - Arquivo: nonclear.0435.jpg | Prob: 0.0000 | Threshold: 0.6000
2025-02-22 19:01:03 - Arquivo: nonclear.0436.jpg | Prob: 0.0000 | Threshold: 0.6000
2025-02-22 19:01:26 - Arquivo: nonclear.0437.jpg | Prob: 0.0569 | Threshold: 0.6000
2025-02-22 19:01:50 - Arquivo: nonclear.0438.jpg | Prob: 0.0001 | Threshold: 0.6000
2025-02-22 19:02:12 - Arquivo: nonclear.0439.jpg | Prob: 0.0000 | Threshold: 0.6000
2025-02-22 19:02:33 - Arquivo: nonclear.0440.jpg | Prob: 0.0000 | Threshold: 0.6000
2025-02-22 19:03:02 - Arquivo: nonclear.0441.jpg | Prob: 0.0000 | Threshold: 0.6000
2025-02-22 19:03:26 - Arquivo: nonclear.0442.jpg | Prob: 0.0000 | Threshold: 0.6000
2025-02-22 19:03:55 - Arquivo: nonclear.0443.jpg | Prob: 0.0005 | Threshold: 0.6000
2025-02-22 19:04:18 - Arquivo: nonclear.0444.jpg | Prob: 0.0002 | Threshold: 0.6000
2025-02-22 19:04:40 - Arquivo: nonclear.0445.jpg | Prob: 0.0000 | Threshold: 0.6000
2025-02-22 19:05:02 - Arquivo: nonclear.0446.jpg | Prob: 0.0000 | Threshold: 0.6000
2025-02-22 19:05:24 - Arquivo: nonclear.0447.jpg | Prob: 0.0000 | Threshold: 0.6000
2025-02-22 19:05:45 - Arquivo: nonclear.0448.jpg | Prob: 0.0000 | Threshold: 0.6000
2025-02-22 19:06:07 - Arquivo: nonclear.0449.jpg | Prob: 0.0000 | Threshold: 0.6000
2025-02-22 19:06:29 - Arquivo: nonclear.0450.jpg | Prob: 0.0001 | Threshold: 0.6000
2025-02-22 19:06:51 - Arquivo: nonclear.0451.jpg | Prob: 0.0000 | Threshold: 0.6000
2025-02-22 19:07:13 - Arquivo: nonclear.0452.jpg | Prob: 0.0000 | Threshold: 0.6000
2025-02-22 19:07:46 - Arquivo: nonclear.0453.jpg | Prob: 0.1339 | Threshold: 0.6000
2025-02-22 19:08:10 - Arquivo: nonclear.0454.jpg | Prob: 0.0000 | Threshold: 0.6000
2025-02-22 19:08:43 - Arquivo: nonclear.0455.jpg | Prob: 0.0000 | Threshold: 0.6000
2025-02-22 19:09:06 - Arquivo: nonclear.0456.jpg | Prob: 0.4659 | Threshold: 0.6000
2025-02-22 19:09:30 - Arquivo: nonclear.0457.jpg | Prob: 0.0001 | Threshold: 0.6000
2025-02-22 19:09:52 - Arquivo: nonclear.0458.jpg | Prob: 0.0000 | Threshold: 0.6000
2025-02-22 19:10:15 - Arquivo: nonclear.0459.jpg | Prob: 0.0000 | Threshold: 0.6000
2025-02-22 19:10:38 - Arquivo: nonclear.0460.jpg | Prob: 0.0000 | Threshold: 0.6000
2025-02-22 19:11:06 - Arquivo: nonclear.0461.jpg | Prob: 0.0000 | Threshold: 0.6000
2025-02-22 19:11:29 - Arquivo: nonclear.0462.jpg | Prob: 0.0000 | Threshold: 0.6000
2025-02-22 19:11:52 - Arquivo: nonclear.0463.jpg | Prob: 0.0000 | Threshold: 0.6000
2025-02-22 19:12:16 - Arquivo: nonclear.0464.jpg | Prob: 0.0001 | Threshold: 0.6000
2025-02-22 19:12:40 - Arquivo: nonclear.0465.jpg | Prob: 0.0000 | Threshold: 0.6000
2025-02-22 19:13:04 - Arquivo: nonclear.0466.jpg | Prob: 0.0000 | Threshold: 0.6000
2025-02-22 19:13:27 - Arquivo: nonclear.0467.jpg | Prob: 0.0000 | Threshold: 0.6000
2025-02-22 19:13:50 - Arquivo: nonclear.0468.jpg | Prob: 0.0000 | Threshold: 0.6000
2025-02-22 19:14:22 - Arquivo: nonclear.0469.jpg | Prob: 0.0000 | Threshold: 0.6000
2025-02-22 19:14:44 - Arquivo: nonclear.0470.jpg | Prob: 0.0000 | Threshold: 0.6000
2025-02-22 19:15:04 - Arquivo: nonclear.0471.jpg | Prob: 0.9788 | Threshold: 0.6000
2025-02-22 19:15:55 - Arquivo: nonclear.0472.jpg | Prob: 0.0000 | Threshold: 0.6000
2025-02-22 19:16:17 - Arquivo: nonclear.0473.jpg | Prob: 0.0001 | Threshold: 0.6000
2025-02-22 19:16:38 - Arquivo: nonclear.0474.jpg | Prob: 0.0000 | Threshold: 0.6000
2025-02-22 19:17:01 - Arquivo: nonclear.0475.jpg | Prob: 0.0000 | Threshold: 0.6000
2025-02-22 19:17:36 - Arquivo: nonclear.0476.jpg | Prob: 0.0000 | Threshold: 0.6000
2025-02-22 19:17:58 - Arquivo: nonclear.0477.jpg | Prob: 0.0000 | Threshold: 0.6000
2025-02-22 19:18:20 - Arquivo: nonclear.0478.jpg | Prob: 0.0000 | Threshold: 0.6000
2025-02-22 19:18:48 - Arquivo: nonclear.0479.jpg | Prob: 0.0000 | Threshold: 0.6000
2025-02-22 19:19:11 - Arquivo: nonclear.0480.jpg | Prob: 0.0001 | Threshold: 0.6000
2025-02-22 19:19:32 - Arquivo: nonclear.0481.jpg | Prob: 0.0000 | Threshold: 0.6000
2025-02-22 19:19:53 - Arquivo: nonclear.0482.jpg | Prob: 0.0000 | Threshold: 0.6000
2025-02-22 19:20:14 - Arquivo: nonclear.0483.jpg | Prob: 0.0000 | Threshold: 0.6000
2025-02-22 19:20:36 - Arquivo: nonclear.0484.jpg | Prob: 0.0000 | Threshold: 0.6000
2025-02-22 19:20:58 - Arquivo: nonclear.0485.jpg | Prob: 0.0008 | Threshold: 0.6000
2025-02-22 19:21:18 - Arquivo: nonclear.0486.jpg | Prob: 0.0000 | Threshold: 0.6000
2025-02-22 19:21:40 - Arquivo: nonclear.0487.jpg | Prob: 0.0000 | Threshold: 0.6000
2025-02-22 19:22:25 - Arquivo: nonclear.0488.jpg | Prob: 0.0000 | Threshold: 0.6000
2025-02-22 19:22:50 - Arquivo: nonclear.0489.jpg | Prob: 0.0000 | Threshold: 0.6000
2025-02-22 19:23:11 - Arquivo: nonclear.0490.jpg | Prob: 0.0000 | Threshold: 0.6000
2025-02-22 19:23:36 - Arquivo: nonclear.0491.jpg | Prob: 0.0000 | Threshold: 0.6000
2025-02-22 19:23:58 - Arquivo: nonclear.0492.jpg | Prob: 0.0002 | Threshold: 0.6000
2025-02-22 19:24:18 - Arquivo: nonclear.0493.jpg | Prob: 0.0000 | Threshold: 0.6000
2025-02-22 19:24:39 - Arquivo: nonclear.0494.jpg | Prob: 0.0644 | Threshold: 0.6000
2025-02-22 19:25:01 - Arquivo: nonclear.0495.jpg | Prob: 0.0000 | Threshold: 0.6000
2025-02-22 19:25:23 - Arquivo: nonclear.0496.jpg | Prob: 0.0000 | Threshold: 0.6000
2025-02-22 19:25:44 - Arquivo: nonclear.0497.jpg | Prob: 0.0000 | Threshold: 0.6000
2025-02-22 19:26:05 - Arquivo: nonclear.0498.jpg | Prob: 0.0000 | Threshold: 0.6000
2025-02-22 19:26:25 - Arquivo: nonclear.0499.jpg | Prob: 0.0001 | Threshold: 0.6000
2025-02-22 19:26:46 - Arquivo: nonclear.0500.jpg | Prob: 0.0000 | Threshold: 0.6000
2025-02-22 19:27:16 - Arquivo: nonclear.0501.jpg | Prob: 0.0000 | Threshold: 0.6000
2025-02-22 19:27:38 - Arquivo: nonclear.0502.jpg | Prob: 0.0000 | Threshold: 0.6000
2025-02-22 19:27:58 - Arquivo: nonclear.0503.jpg | Prob: 0.0094 | Threshold: 0.6000
2025-02-22 19:28:18 - Arquivo: nonclear.0504.jpg | Prob: 0.0000 | Threshold: 0.6000
2025-02-22 19:28:58 - Arquivo: nonclear.0505.jpg | Prob: 0.0000 | Threshold: 0.6000
2025-02-22 19:29:20 - Arquivo: nonclear.0506.jpg | Prob: 0.0000 | Threshold: 0.6000
2025-02-22 19:29:45 - Arquivo: nonclear.0507.jpg | Prob: 0.0000 | Threshold: 0.6000
2025-02-22 19:30:11 - Arquivo: nonclear.0508.jpg | Prob: 0.0002 | Threshold: 0.6000
2025-02-22 19:30:44 - Arquivo: nonclear.0509.jpg | Prob: 0.0016 | Threshold: 0.6000
2025-02-22 19:31:03 - Arquivo: nonclear.0510.jpg | Prob: 0.0000 | Threshold: 0.6000
2025-02-22 19:31:23 - Arquivo: nonclear.0511.jpg | Prob: 0.0000 | Threshold: 0.6000
2025-02-22 19:31:55 - Arquivo: nonclear.0512.jpg | Prob: 0.0000 | Threshold: 0.6000
2025-02-22 19:32:18 - Arquivo: nonclear.0513.jpg | Prob: 0.0001 | Threshold: 0.6000
2025-02-22 19:32:46 - Arquivo: nonclear.0514.jpg | Prob: 0.0000 | Threshold: 0.6000
2025-02-22 19:33:07 - Arquivo: nonclear.0515.jpg | Prob: 0.0000 | Threshold: 0.6000
2025-02-22 19:33:30 - Arquivo: nonclear.0516.jpg | Prob: 0.0000 | Threshold: 0.6000
2025-02-22 19:33:58 - Arquivo: nonclear.0517.jpg | Prob: 0.0000 | Threshold: 0.6000
2025-02-22 19:34:21 - Arquivo: nonclear.0518.jpg | Prob: 0.0137 | Threshold: 0.6000
2025-02-22 19:34:45 - Arquivo: nonclear.0519.jpg | Prob: 0.0180 | Threshold: 0.6000
2025-02-22 19:35:24 - Arquivo: nonclear.0520.jpg | Prob: 0.0000 | Threshold: 0.6000
2025-02-22 19:36:08 - Arquivo: nonclear.0521.jpg | Prob: 0.0054 | Threshold: 0.6000
2025-02-22 19:36:34 - Arquivo: nonclear.0522.jpg | Prob: 0.0001 | Threshold: 0.6000
2025-02-22 19:36:58 - Arquivo: nonclear.0523.jpg | Prob: 0.0000 | Threshold: 0.6000
2025-02-22 19:37:20 - Arquivo: nonclear.0524.jpg | Prob: 0.0000 | Threshold: 0.6000
2025-02-22 19:37:45 - Arquivo: nonclear.0525.jpg | Prob: 0.0000 | Threshold: 0.6000
2025-02-22 19:38:06 - Arquivo: nonclear.0526.jpg | Prob: 0.0229 | Threshold: 0.6000
2025-02-22 19:38:27 - Arquivo: nonclear.0527.jpg | Prob: 0.0002 | Threshold: 0.6000
2025-02-22 19:38:47 - Arquivo: nonclear.0528.jpg | Prob: 0.0061 | Threshold: 0.6000
2025-02-22 19:39:24 - Arquivo: nonclear.0529.jpg | Prob: 0.0000 | Threshold: 0.6000
2025-02-22 19:39:51 - Arquivo: nonclear.0530.jpg | Prob: 0.0000 | Threshold: 0.6000
2025-02-22 19:40:20 - Arquivo: nonclear.0531.jpg | Prob: 0.0000 | Threshold: 0.6000
2025-02-22 19:40:41 - Arquivo: nonclear.0532.jpg | Prob: 0.0000 | Threshold: 0.6000
2025-02-22 19:41:04 - Arquivo: nonclear.0533.jpg | Prob: 0.0000 | Threshold: 0.6000
2025-02-22 19:41:32 - Arquivo: nonclear.0534.jpg | Prob: 0.0000 | Threshold: 0.6000
2025-02-22 19:41:52 - Arquivo: nonclear.0535.jpg | Prob: 0.0002 | Threshold: 0.6000
2025-02-22 19:42:23 - Arquivo: nonclear.0536.jpg | Prob: 0.0003 | Threshold: 0.6000
2025-02-22 19:42:45 - Arquivo: nonclear.0537.jpg | Prob: 0.0002 | Threshold: 0.6000
2025-02-22 19:43:07 - Arquivo: nonclear.0538.jpg | Prob: 0.0000 | Threshold: 0.6000
2025-02-22 19:43:30 - Arquivo: nonclear.0539.jpg | Prob: 0.0001 | Threshold: 0.6000
2025-02-22 19:43:56 - Arquivo: nonclear.0540.jpg | Prob: 0.0000 | Threshold: 0.6000
2025-02-22 19:44:17 - Arquivo: nonclear.0541.jpg | Prob: 0.0097 | Threshold: 0.6000
2025-02-22 19:44:37 - Arquivo: nonclear.0542.jpg | Prob: 0.0000 | Threshold: 0.6000
2025-02-22 19:45:12 - Arquivo: nonclear.0543.jpg | Prob: 0.1169 | Threshold: 0.6000
2025-02-22 19:45:38 - Arquivo: nonclear.0544.jpg | Prob: 0.0025 | Threshold: 0.6000
2025-02-22 19:46:23 - Arquivo: nonclear.0545.jpg | Prob: 0.9409 | Threshold: 0.6000
2025-02-22 19:46:44 - Arquivo: nonclear.0546.jpg | Prob: 0.0000 | Threshold: 0.6000
2025-02-22 19:47:07 - Arquivo: nonclear.0547.jpg | Prob: 0.0000 | Threshold: 0.6000
2025-02-22 19:47:29 - Arquivo: nonclear.0548.jpg | Prob: 0.0000 | Threshold: 0.6000
2025-02-22 19:47:50 - Arquivo: nonclear.0549.jpg | Prob: 0.0000 | Threshold: 0.6000
2025-02-22 19:48:11 - Arquivo: nonclear.0550.jpg | Prob: 0.0000 | Threshold: 0.6000
2025-02-22 19:48:33 - Arquivo: nonclear.0551.jpg | Prob: 0.0000 | Threshold: 0.6000
2025-02-22 19:48:56 - Arquivo: nonclear.0552.jpg | Prob: 0.0000 | Threshold: 0.6000
2025-02-22 19:49:22 - Arquivo: nonclear.0553.jpg | Prob: 0.0000 | Threshold: 0.6000
2025-02-22 19:49:45 - Arquivo: nonclear.0554.jpg | Prob: 0.0000 | Threshold: 0.6000
2025-02-22 19:50:06 - Arquivo: nonclear.0555.jpg | Prob: 0.0009 | Threshold: 0.6000
2025-02-22 19:50:27 - Arquivo: nonclear.0556.jpg | Prob: 0.0008 | Threshold: 0.6000
2025-02-22 19:50:47 - Arquivo: nonclear.0557.jpg | Prob: 0.0056 | Threshold: 0.6000
2025-02-22 19:51:08 - Arquivo: nonclear.0558.jpg | Prob: 0.0000 | Threshold: 0.6000
2025-02-22 19:51:32 - Arquivo: nonclear.0559.jpg | Prob: 0.0000 | Threshold: 0.6000
2025-02-22 19:51:56 - Arquivo: nonclear.0560.jpg | Prob: 0.0000 | Threshold: 0.6000
2025-02-22 19:52:19 - Arquivo: nonclear.0561.jpg | Prob: 0.9518 | Threshold: 0.6000
2025-02-22 19:52:49 - Arquivo: nonclear.0562.jpg | Prob: 0.0000 | Threshold: 0.6000
2025-02-22 19:53:16 - Arquivo: nonclear.0563.jpg | Prob: 0.1381 | Threshold: 0.6000
2025-02-22 19:53:38 - Arquivo: nonclear.0564.jpg | Prob: 0.0000 | Threshold: 0.6000
2025-02-22 19:54:01 - Arquivo: nonclear.0565.jpg | Prob: 0.0000 | Threshold: 0.6000
2025-02-22 19:54:24 - Arquivo: nonclear.0566.jpg | Prob: 0.0000 | Threshold: 0.6000
2025-02-22 19:54:45 - Arquivo: nonclear.0567.jpg | Prob: 0.0020 | Threshold: 0.6000
2025-02-22 19:55:11 - Arquivo: nonclear.0568.jpg | Prob: 0.1268 | Threshold: 0.6000
2025-02-22 19:55:44 - Arquivo: nonclear.0569.jpg | Prob: 0.0000 | Threshold: 0.6000
2025-02-22 19:56:15 - Arquivo: nonclear.0570.jpg | Prob: 0.0000 | Threshold: 0.6000
2025-02-22 19:56:42 - Arquivo: nonclear.0571.jpg | Prob: 0.0001 | Threshold: 0.6000
2025-02-22 19:57:23 - Arquivo: nonclear.0572.jpg | Prob: 0.0000 | Threshold: 0.6000
2025-02-22 19:57:50 - Arquivo: nonclear.0573.jpg | Prob: 0.8948 | Threshold: 0.6000
2025-02-22 19:58:21 - Arquivo: nonclear.0574.jpg | Prob: 0.0001 | Threshold: 0.6000
2025-02-22 19:58:45 - Arquivo: nonclear.0575.jpg | Prob: 0.0273 | Threshold: 0.6000
2025-02-22 19:59:07 - Arquivo: nonclear.0576.jpg | Prob: 0.0000 | Threshold: 0.6000
2025-02-22 19:59:28 - Arquivo: nonclear.0577.jpg | Prob: 0.0000 | Threshold: 0.6000
2025-02-22 19:59:49 - Arquivo: nonclear.0578.jpg | Prob: 0.0000 | Threshold: 0.6000
2025-02-22 20:00:11 - Arquivo: nonclear.0579.jpg | Prob: 0.0000 | Threshold: 0.6000
2025-02-22 20:00:34 - Arquivo: nonclear.0580.jpg | Prob: 0.0210 | Threshold: 0.6000
2025-02-22 20:00:56 - Arquivo: nonclear.0581.jpg | Prob: 0.0000 | Threshold: 0.6000
2025-02-22 20:01:20 - Arquivo: nonclear.0582.jpg | Prob: 0.0000 | Threshold: 0.6000
2025-02-22 20:01:42 - Arquivo: nonclear.0583.jpg | Prob: 0.0000 | Threshold: 0.6000
2025-02-22 20:02:10 - Arquivo: nonclear.0584.jpg | Prob: 0.0000 | Threshold: 0.6000
2025-02-22 20:02:32 - Arquivo: nonclear.0585.jpg | Prob: 0.0000 | Threshold: 0.6000
2025-02-22 20:02:55 - Arquivo: nonclear.0586.jpg | Prob: 0.0000 | Threshold: 0.6000
2025-02-22 20:03:17 - Arquivo: nonclear.0587.jpg | Prob: 0.0000 | Threshold: 0.6000
2025-02-22 20:03:38 - Arquivo: nonclear.0588.jpg | Prob: 0.0000 | Threshold: 0.6000
2025-02-22 20:04:01 - Arquivo: nonclear.0589.jpg | Prob: 0.0000 | Threshold: 0.6000
2025-02-22 20:04:37 - Arquivo: nonclear.0590.jpg | Prob: 0.0000 | Threshold: 0.6000
2025-02-22 20:05:01 - Arquivo: nonclear.0591.jpg | Prob: 0.0000 | Threshold: 0.6000
2025-02-22 20:05:26 - Arquivo: nonclear.0592.jpg | Prob: 0.0000 | Threshold: 0.6000
2025-02-22 20:05:47 - Arquivo: nonclear.0593.jpg | Prob: 0.0000 | Threshold: 0.6000
2025-02-22 20:06:09 - Arquivo: nonclear.0594.jpg | Prob: 0.0000 | Threshold: 0.6000
2025-02-22 20:06:31 - Arquivo: nonclear.0595.jpg | Prob: 0.0000 | Threshold: 0.6000
2025-02-22 20:07:06 - Arquivo: nonclear.0596.jpg | Prob: 0.0027 | Threshold: 0.6000
2025-02-22 20:07:41 - Arquivo: nonclear.0597.jpg | Prob: 0.0003 | Threshold: 0.6000
2025-02-22 20:08:07 - Arquivo: nonclear.0598.jpg | Prob: 0.0011 | Threshold: 0.6000
2025-02-22 20:08:58 - Arquivo: nonclear.0599.jpg | Prob: 0.0000 | Threshold: 0.6000
2025-02-22 20:09:25 - Arquivo: nonclear.0600.jpg | Prob: 0.0000 | Threshold: 0.6000
2025-02-22 20:09:52 - Arquivo: nonclear.0601.jpg | Prob: 0.0000 | Threshold: 0.6000
2025-02-22 20:10:15 - Arquivo: nonclear.0602.jpg | Prob: 0.0005 | Threshold: 0.6000
2025-02-22 20:10:38 - Arquivo: nonclear.0603.jpg | Prob: 0.0000 | Threshold: 0.6000
2025-02-22 20:11:02 - Arquivo: nonclear.0604.jpg | Prob: 0.0000 | Threshold: 0.6000
2025-02-22 20:11:27 - Arquivo: nonclear.0605.jpg | Prob: 0.2965 | Threshold: 0.6000
2025-02-22 20:12:09 - Arquivo: nonclear.0606.jpg | Prob: 0.0000 | Threshold: 0.6000
2025-02-22 20:12:34 - Arquivo: nonclear.0607.jpg | Prob: 0.0000 | Threshold: 0.6000
2025-02-22 20:13:07 - Arquivo: nonclear.0608.jpg | Prob: 0.0000 | Threshold: 0.6000
2025-02-22 20:13:34 - Arquivo: nonclear.0609.jpg | Prob: 0.0000 | Threshold: 0.6000
2025-02-22 20:13:58 - Arquivo: nonclear.0610.jpg | Prob: 0.0005 | Threshold: 0.6000
2025-02-22 20:14:21 - Arquivo: nonclear.0611.jpg | Prob: 0.0001 | Threshold: 0.6000
2025-02-22 20:14:49 - Arquivo: nonclear.0612.jpg | Prob: 0.1753 | Threshold: 0.6000
2025-02-22 20:15:13 - Arquivo: nonclear.0613.jpg | Prob: 0.0000 | Threshold: 0.6000
2025-02-22 20:15:42 - Arquivo: nonclear.0614.jpg | Prob: 0.0000 | Threshold: 0.6000
2025-02-22 20:16:06 - Arquivo: nonclear.0615.jpg | Prob: 0.0000 | Threshold: 0.6000
2025-02-22 20:16:31 - Arquivo: nonclear.0616.jpg | Prob: 0.0000 | Threshold: 0.6000
2025-02-22 20:17:01 - Arquivo: nonclear.0617.jpg | Prob: 0.0012 | Threshold: 0.6000
2025-02-22 20:17:39 - Arquivo: nonclear.0618.jpg | Prob: 0.0000 | Threshold: 0.6000
2025-02-22 20:18:08 - Arquivo: nonclear.0619.jpg | Prob: 0.0010 | Threshold: 0.6000
2025-02-22 20:18:32 - Arquivo: nonclear.0620.jpg | Prob: 0.0000 | Threshold: 0.6000
2025-02-22 20:18:58 - Arquivo: nonclear.0621.jpg | Prob: 0.0000 | Threshold: 0.6000
2025-02-22 20:19:23 - Arquivo: nonclear.0622.jpg | Prob: 0.0002 | Threshold: 0.6000
2025-02-22 20:19:48 - Arquivo: nonclear.0623.jpg | Prob: 0.0003 | Threshold: 0.6000
2025-02-22 20:20:31 - Arquivo: nonclear.0624.jpg | Prob: 0.0000 | Threshold: 0.6000
2025-02-22 20:20:55 - Arquivo: nonclear.0625.jpg | Prob: 0.0002 | Threshold: 0.6000
2025-02-22 20:21:23 - Arquivo: nonclear.0626.jpg | Prob: 0.0005 | Threshold: 0.6000
2025-02-22 20:22:05 - Arquivo: nonclear.0627.jpg | Prob: 0.0000 | Threshold: 0.6000
2025-02-22 20:22:35 - Arquivo: nonclear.0628.jpg | Prob: 0.0000 | Threshold: 0.6000
2025-02-22 20:23:06 - Arquivo: nonclear.0629.jpg | Prob: 0.6043 | Threshold: 0.6000
2025-02-22 20:23:29 - Arquivo: nonclear.0630.jpg | Prob: 0.0000 | Threshold: 0.6000
2025-02-22 20:24:05 - Arquivo: nonclear.0631.jpg | Prob: 0.0000 | Threshold: 0.6000
2025-02-22 20:24:39 - Arquivo: nonclear.0632.jpg | Prob: 0.0000 | Threshold: 0.6000
2025-02-22 20:25:05 - Arquivo: nonclear.0633.jpg | Prob: 0.0000 | Threshold: 0.6000
2025-02-22 20:25:35 - Arquivo: nonclear.0634.jpg | Prob: 0.0002 | Threshold: 0.6000
2025-02-22 20:26:03 - Arquivo: nonclear.0635.jpg | Prob: 0.0142 | Threshold: 0.6000
2025-02-22 20:26:29 - Arquivo: nonclear.0636.jpg | Prob: 0.0000 | Threshold: 0.6000
2025-02-22 20:26:53 - Arquivo: nonclear.0637.jpg | Prob: 0.0000 | Threshold: 0.6000
2025-02-22 20:27:27 - Arquivo: nonclear.0638.jpg | Prob: 0.0000 | Threshold: 0.6000
2025-02-22 20:27:55 - Arquivo: nonclear.0639.jpg | Prob: 0.0000 | Threshold: 0.6000
2025-02-22 20:28:25 - Arquivo: nonclear.0640.jpg | Prob: 1.0000 | Threshold: 0.6000
2025-02-22 20:28:53 - Arquivo: nonclear.0641.jpg | Prob: 0.3696 | Threshold: 0.6000
2025-02-22 20:29:20 - Arquivo: nonclear.0642.jpg | Prob: 0.0000 | Threshold: 0.6000
2025-02-22 20:29:47 - Arquivo: nonclear.0643.jpg | Prob: 0.0000 | Threshold: 0.6000
2025-02-22 20:30:20 - Arquivo: nonclear.0644.jpg | Prob: 0.0000 | Threshold: 0.6000
2025-02-22 20:30:50 - Arquivo: nonclear.0645.jpg | Prob: 0.0000 | Threshold: 0.6000
2025-02-22 20:31:18 - Arquivo: nonclear.0646.jpg | Prob: 0.0007 | Threshold: 0.6000
2025-02-22 20:31:56 - Arquivo: nonclear.0647.jpg | Prob: 0.0000 | Threshold: 0.6000
2025-02-22 20:32:42 - Arquivo: nonclear.0648.jpg | Prob: 0.0000 | Threshold: 0.6000
2025-02-22 20:33:11 - Arquivo: nonclear.0649.jpg | Prob: 0.0000 | Threshold: 0.6000
2025-02-22 20:33:53 - Arquivo: nonclear.0650.jpg | Prob: 0.0007 | Threshold: 0.6000
2025-02-22 20:34:16 - Arquivo: nonclear.0651.jpg | Prob: 0.0000 | Threshold: 0.6000
2025-02-22 20:34:47 - Arquivo: nonclear.0652.jpg | Prob: 0.0001 | Threshold: 0.6000
2025-02-22 20:35:19 - Arquivo: nonclear.0653.jpg | Prob: 1.0000 | Threshold: 0.6000
2025-02-22 20:35:41 - Arquivo: nonclear.0654.jpg | Prob: 0.0003 | Threshold: 0.6000
2025-02-22 20:36:05 - Arquivo: nonclear.0655.jpg | Prob: 0.0001 | Threshold: 0.6000
2025-02-22 20:36:46 - Arquivo: nonclear.0656.jpg | Prob: 0.0001 | Threshold: 0.6000
2025-02-22 20:37:19 - Arquivo: nonclear.0657.jpg | Prob: 0.0000 | Threshold: 0.6000
2025-02-22 20:37:43 - Arquivo: nonclear.0658.jpg | Prob: 0.0002 | Threshold: 0.6000
2025-02-22 20:38:07 - Arquivo: nonclear.0659.jpg | Prob: 0.2455 | Threshold: 0.6000
2025-02-22 20:38:33 - Arquivo: nonclear.0660.jpg | Prob: 0.0000 | Threshold: 0.6000
2025-02-22 20:39:06 - Arquivo: nonclear.0661.jpg | Prob: 0.0000 | Threshold: 0.6000
2025-02-22 20:39:29 - Arquivo: nonclear.0662.jpg | Prob: 0.0000 | Threshold: 0.6000
2025-02-22 20:39:54 - Arquivo: nonclear.0663.jpg | Prob: 0.0000 | Threshold: 0.6000
2025-02-22 20:40:33 - Arquivo: nonclear.0664.jpg | Prob: 0.0000 | Threshold: 0.6000
2025-02-22 20:41:03 - Arquivo: nonclear.0665.jpg | Prob: 0.0000 | Threshold: 0.6000
2025-02-22 20:41:25 - Arquivo: nonclear.0666.jpg | Prob: 0.0000 | Threshold: 0.6000
2025-02-22 20:41:53 - Arquivo: nonclear.0667.jpg | Prob: 0.0002 | Threshold: 0.6000
2025-02-22 20:42:17 - Arquivo: nonclear.0668.jpg | Prob: 0.0021 | Threshold: 0.6000
2025-02-22 20:42:48 - Arquivo: nonclear.0669.jpg | Prob: 0.0000 | Threshold: 0.6000
2025-02-22 20:43:19 - Arquivo: nonclear.0670.jpg | Prob: 0.9964 | Threshold: 0.6000
2025-02-22 20:43:46 - Arquivo: nonclear.0671.jpg | Prob: 0.0000 | Threshold: 0.6000
2025-02-22 20:44:11 - Arquivo: nonclear.0672.jpg | Prob: 0.0000 | Threshold: 0.6000
2025-02-22 20:44:35 - Arquivo: nonclear.0673.jpg | Prob: 0.0000 | Threshold: 0.6000
2025-02-22 20:45:06 - Arquivo: nonclear.0674.jpg | Prob: 0.0000 | Threshold: 0.6000
2025-02-22 20:45:34 - Arquivo: nonclear.0675.jpg | Prob: 0.0000 | Threshold: 0.6000
2025-02-22 20:46:09 - Arquivo: nonclear.0676.jpg | Prob: 0.0000 | Threshold: 0.6000
2025-02-22 20:46:39 - Arquivo: nonclear.0677.jpg | Prob: 0.0000 | Threshold: 0.6000
2025-02-22 20:47:08 - Arquivo: nonclear.0678.jpg | Prob: 0.0183 | Threshold: 0.6000
2025-02-22 20:47:44 - Arquivo: nonclear.0679.jpg | Prob: 0.0000 | Threshold: 0.6000
2025-02-22 20:48:16 - Arquivo: nonclear.0680.jpg | Prob: 0.0001 | Threshold: 0.6000
2025-02-22 20:48:43 - Arquivo: nonclear.0681.jpg | Prob: 0.0003 | Threshold: 0.6000
2025-02-22 20:49:11 - Arquivo: nonclear.0682.jpg | Prob: 0.0000 | Threshold: 0.6000
2025-02-22 20:49:41 - Arquivo: nonclear.0683.jpg | Prob: 0.0000 | Threshold: 0.6000
2025-02-22 20:50:04 - Arquivo: nonclear.0684.jpg | Prob: 0.0000 | Threshold: 0.6000
2025-02-22 20:50:42 - Arquivo: nonclear.0685.jpg | Prob: 0.0000 | Threshold: 0.6000
2025-02-22 20:51:14 - Arquivo: nonclear.0686.jpg | Prob: 0.0000 | Threshold: 0.6000
2025-02-22 20:51:44 - Arquivo: nonclear.0687.jpg | Prob: 0.0497 | Threshold: 0.6000
2025-02-22 20:52:18 - Arquivo: nonclear.0688.jpg | Prob: 0.0020 | Threshold: 0.6000
2025-02-22 20:52:39 - Arquivo: nonclear.0689.jpg | Prob: 0.0000 | Threshold: 0.6000
2025-02-22 20:53:04 - Arquivo: nonclear.0690.jpg | Prob: 0.0000 | Threshold: 0.6000
2025-02-22 20:53:31 - Arquivo: nonclear.0691.jpg | Prob: 0.0000 | Threshold: 0.6000
2025-02-22 20:54:01 - Arquivo: nonclear.0692.jpg | Prob: 0.0000 | Threshold: 0.6000
2025-02-22 20:54:22 - Arquivo: nonclear.0693.jpg | Prob: 0.0000 | Threshold: 0.6000
2025-02-22 20:54:48 - Arquivo: nonclear.0694.jpg | Prob: 0.0000 | Threshold: 0.6000
2025-02-22 20:55:24 - Arquivo: nonclear.0695.jpg | Prob: 0.9999 | Threshold: 0.6000
2025-02-22 20:55:50 - Arquivo: nonclear.0696.jpg | Prob: 0.0001 | Threshold: 0.6000
2025-02-22 20:56:24 - Arquivo: nonclear.0697.jpg | Prob: 0.0000 | Threshold: 0.6000
2025-02-22 20:56:52 - Arquivo: nonclear.0698.jpg | Prob: 0.0000 | Threshold: 0.6000
2025-02-22 20:57:25 - Arquivo: nonclear.0699.jpg | Prob: 0.0000 | Threshold: 0.6000
2025-02-22 20:57:52 - Arquivo: nonclear.0700.jpg | Prob: 0.0021 | Threshold: 0.6000
2025-02-22 20:58:38 - Arquivo: nonclear.0701.jpg | Prob: 0.0360 | Threshold: 0.6000
2025-02-22 20:59:04 - Arquivo: nonclear.0702.jpg | Prob: 0.0000 | Threshold: 0.6000
2025-02-22 20:59:33 - Arquivo: nonclear.0703.jpg | Prob: 0.0000 | Threshold: 0.6000
2025-02-22 21:00:27 - Arquivo: nonclear.0704.jpg | Prob: 0.0000 | Threshold: 0.6000
2025-02-22 21:00:51 - Arquivo: nonclear.0705.jpg | Prob: 0.0000 | Threshold: 0.6000
2025-02-22 21:01:24 - Arquivo: nonclear.0706.jpg | Prob: 0.0002 | Threshold: 0.6000
2025-02-22 21:01:54 - Arquivo: nonclear.0707.jpg | Prob: 0.0000 | Threshold: 0.6000
2025-02-22 21:02:24 - Arquivo: nonclear.0708.jpg | Prob: 0.0000 | Threshold: 0.6000
2025-02-22 21:02:51 - Arquivo: nonclear.0709.jpg | Prob: 0.1905 | Threshold: 0.6000
2025-02-22 21:03:17 - Arquivo: nonclear.0710.jpg | Prob: 0.0000 | Threshold: 0.6000
2025-02-22 21:03:55 - Arquivo: nonclear.0711.jpg | Prob: 0.0000 | Threshold: 0.6000
2025-02-22 21:04:34 - Arquivo: nonclear.0712.jpg | Prob: 0.0000 | Threshold: 0.6000
2025-02-22 21:04:58 - Arquivo: nonclear.0713.jpg | Prob: 0.0000 | Threshold: 0.6000
2025-02-22 21:05:48 - Arquivo: nonclear.0714.jpg | Prob: 0.0000 | Threshold: 0.6000
2025-02-22 21:06:31 - Arquivo: nonclear.0715.jpg | Prob: 0.0000 | Threshold: 0.6000
2025-02-22 21:06:52 - Arquivo: nonclear.0716.jpg | Prob: 0.0000 | Threshold: 0.6000
2025-02-22 21:07:20 - Arquivo: nonclear.0717.jpg | Prob: 0.0000 | Threshold: 0.6000
2025-02-22 21:07:50 - Arquivo: nonclear.0718.jpg | Prob: 0.0000 | Threshold: 0.6000
2025-02-22 21:08:20 - Arquivo: nonclear.0719.jpg | Prob: 0.0005 | Threshold: 0.6000
2025-02-22 21:08:44 - Arquivo: nonclear.0720.jpg | Prob: 0.0000 | Threshold: 0.6000
2025-02-22 21:09:07 - Arquivo: nonclear.0721.jpg | Prob: 0.0000 | Threshold: 0.6000
2025-02-22 21:09:35 - Arquivo: nonclear.0722.jpg | Prob: 0.0000 | Threshold: 0.6000
2025-02-22 21:10:09 - Arquivo: nonclear.0723.jpg | Prob: 0.0000 | Threshold: 0.6000
2025-02-22 21:10:30 - Arquivo: nonclear.0724.jpg | Prob: 0.0000 | Threshold: 0.6000
2025-02-22 21:10:51 - Arquivo: nonclear.0725.jpg | Prob: 0.0000 | Threshold: 0.6000
2025-02-22 21:11:21 - Arquivo: nonclear.0726.jpg | Prob: 0.0000 | Threshold: 0.6000
2025-02-22 21:11:44 - Arquivo: nonclear.0727.jpg | Prob: 0.0000 | Threshold: 0.6000
2025-02-22 21:12:09 - Arquivo: nonclear.0728.jpg | Prob: 0.1640 | Threshold: 0.6000
2025-02-22 21:12:41 - Arquivo: nonclear.0729.jpg | Prob: 0.0097 | Threshold: 0.6000
2025-02-22 21:13:15 - Arquivo: nonclear.0730.jpg | Prob: 0.9986 | Threshold: 0.6000
2025-02-22 21:13:52 - Arquivo: nonclear.0731.jpg | Prob: 0.0000 | Threshold: 0.6000
2025-02-22 21:14:20 - Arquivo: nonclear.0732.jpg | Prob: 0.0000 | Threshold: 0.6000
2025-02-22 21:14:53 - Arquivo: nonclear.0733.jpg | Prob: 0.0000 | Threshold: 0.6000
2025-02-22 21:15:22 - Arquivo: nonclear.0734.jpg | Prob: 0.0000 | Threshold: 0.6000
2025-02-22 21:16:01 - Arquivo: nonclear.0735.jpg | Prob: 0.0000 | Threshold: 0.6000
2025-02-22 21:16:31 - Arquivo: nonclear.0736.jpg | Prob: 0.0000 | Threshold: 0.6000
2025-02-22 21:16:54 - Arquivo: nonclear.0737.jpg | Prob: 0.0000 | Threshold: 0.6000
2025-02-22 21:17:22 - Arquivo: nonclear.0738.jpg | Prob: 0.0000 | Threshold: 0.6000
2025-02-22 21:18:01 - Arquivo: nonclear.0739.jpg | Prob: 0.0000 | Threshold: 0.6000
2025-02-22 21:18:26 - Arquivo: nonclear.0740.jpg | Prob: 0.0009 | Threshold: 0.6000
2025-02-22 21:18:56 - Arquivo: nonclear.0741.jpg | Prob: 0.0003 | Threshold: 0.6000
2025-02-22 21:19:43 - Arquivo: nonclear.0742.jpg | Prob: 0.0461 | Threshold: 0.6000
2025-02-22 21:20:05 - Arquivo: nonclear.0743.jpg | Prob: 0.0000 | Threshold: 0.6000
2025-02-22 21:20:37 - Arquivo: nonclear.0744.jpg | Prob: 0.0000 | Threshold: 0.6000
2025-02-22 21:21:07 - Arquivo: nonclear.0745.jpg | Prob: 0.0000 | Threshold: 0.6000
2025-02-22 21:21:44 - Arquivo: nonclear.0746.jpg | Prob: 0.0000 | Threshold: 0.6000
2025-02-22 21:22:14 - Arquivo: nonclear.0747.jpg | Prob: 0.0000 | Threshold: 0.6000
2025-02-22 21:22:34 - Arquivo: nonclear.0748.jpg | Prob: 0.0000 | Threshold: 0.6000
2025-02-22 21:22:58 - Arquivo: nonclear.0749.jpg | Prob: 0.0000 | Threshold: 0.6000
2025-02-22 21:23:32 - Arquivo: nonclear.0750.jpg | Prob: 0.0000 | Threshold: 0.6000
2025-02-22 21:24:09 - Arquivo: nonclear.0751.jpg | Prob: 0.0003 | Threshold: 0.6000
2025-02-22 21:24:43 - Arquivo: nonclear.0752.jpg | Prob: 0.0000 | Threshold: 0.6000
2025-02-22 21:26:00 - Arquivo: nonclear.0753.jpg | Prob: 0.0000 | Threshold: 0.6000
2025-02-22 21:26:24 - Arquivo: nonclear.0754.jpg | Prob: 0.0000 | Threshold: 0.6000
2025-02-22 21:27:01 - Arquivo: nonclear.0755.jpg | Prob: 0.0000 | Threshold: 0.6000
2025-02-22 21:27:33 - Arquivo: nonclear.0756.jpg | Prob: 0.0000 | Threshold: 0.6000
2025-02-22 21:28:00 - Arquivo: nonclear.0757.jpg | Prob: 0.0000 | Threshold: 0.6000
2025-02-22 21:28:28 - Arquivo: nonclear.0758.jpg | Prob: 0.0000 | Threshold: 0.6000
2025-02-22 21:28:58 - Arquivo: nonclear.0759.jpg | Prob: 0.0000 | Threshold: 0.6000
2025-02-22 21:29:27 - Arquivo: nonclear.0760.jpg | Prob: 0.0007 | Threshold: 0.6000
2025-02-22 21:30:05 - Arquivo: nonclear.0761.jpg | Prob: 0.0023 | Threshold: 0.6000
2025-02-22 21:30:37 - Arquivo: nonclear.0762.jpg | Prob: 0.0000 | Threshold: 0.6000
2025-02-22 21:31:05 - Arquivo: nonclear.0763.jpg | Prob: 0.0000 | Threshold: 0.6000
2025-02-22 21:31:43 - Arquivo: nonclear.0764.jpg | Prob: 0.8600 | Threshold: 0.6000
2025-02-22 21:32:08 - Arquivo: nonclear.0765.jpg | Prob: 0.5494 | Threshold: 0.6000
2025-02-22 21:32:35 - Arquivo: nonclear.0766.jpg | Prob: 0.0000 | Threshold: 0.6000
2025-02-22 21:33:09 - Arquivo: nonclear.0767.jpg | Prob: 0.0004 | Threshold: 0.6000
2025-02-22 21:33:31 - Arquivo: nonclear.0768.jpg | Prob: 0.0001 | Threshold: 0.6000
2025-02-22 21:34:07 - Arquivo: nonclear.0769.jpg | Prob: 0.0000 | Threshold: 0.6000
2025-02-22 21:34:32 - Arquivo: nonclear.0770.jpg | Prob: 0.0006 | Threshold: 0.6000
2025-02-22 21:35:01 - Arquivo: nonclear.0771.jpg | Prob: 0.0000 | Threshold: 0.6000
2025-02-22 21:35:29 - Arquivo: nonclear.0772.jpg | Prob: 0.0000 | Threshold: 0.6000
2025-02-22 21:35:57 - Arquivo: nonclear.0773.jpg | Prob: 0.0000 | Threshold: 0.6000
2025-02-22 21:36:31 - Arquivo: nonclear.0774.jpg | Prob: 0.0001 | Threshold: 0.6000
2025-02-22 21:37:19 - Arquivo: nonclear.0775.jpg | Prob: 0.0001 | Threshold: 0.6000
2025-02-22 21:37:48 - Arquivo: nonclear.0776.jpg | Prob: 0.0000 | Threshold: 0.6000
2025-02-22 21:38:22 - Arquivo: nonclear.0777.jpg | Prob: 0.0004 | Threshold: 0.6000
2025-02-22 21:39:15 - Arquivo: nonclear.0778.jpg | Prob: 0.0000 | Threshold: 0.6000
2025-02-22 21:39:43 - Arquivo: nonclear.0779.jpg | Prob: 0.0000 | Threshold: 0.6000
2025-02-22 21:40:35 - Arquivo: nonclear.0780.jpg | Prob: 0.0000 | Threshold: 0.6000
2025-02-22 21:41:04 - Arquivo: nonclear.0781.jpg | Prob: 0.0000 | Threshold: 0.6000
2025-02-22 21:41:59 - Arquivo: nonclear.0782.jpg | Prob: 0.0000 | Threshold: 0.6000
2025-02-22 21:42:20 - Arquivo: nonclear.0783.jpg | Prob: 0.0000 | Threshold: 0.6000
2025-02-22 21:42:49 - Arquivo: nonclear.0784.jpg | Prob: 0.0000 | Threshold: 0.6000
2025-02-22 21:43:42 - Arquivo: nonclear.0785.jpg | Prob: 0.0000 | Threshold: 0.6000
2025-02-22 21:44:26 - Arquivo: nonclear.0786.jpg | Prob: 0.0037 | Threshold: 0.6000
2025-02-22 21:44:52 - Arquivo: nonclear.0787.jpg | Prob: 0.0000 | Threshold: 0.6000
2025-02-22 21:45:28 - Arquivo: nonclear.0788.jpg | Prob: 0.0000 | Threshold: 0.6000
2025-02-22 21:45:52 - Arquivo: nonclear.0789.jpg | Prob: 0.0000 | Threshold: 0.6000
2025-02-22 21:46:26 - Arquivo: nonclear.0790.jpg | Prob: 0.0000 | Threshold: 0.6000
2025-02-22 21:47:09 - Arquivo: nonclear.0791.jpg | Prob: 0.0000 | Threshold: 0.6000
2025-02-22 21:47:33 - Arquivo: nonclear.0792.jpg | Prob: 0.0000 | Threshold: 0.6000
2025-02-22 21:48:01 - Arquivo: nonclear.0793.jpg | Prob: 0.0000 | Threshold: 0.6000
2025-02-22 21:48:29 - Arquivo: nonclear.0794.jpg | Prob: 0.0000 | Threshold: 0.6000
2025-02-22 21:48:54 - Arquivo: nonclear.0795.jpg | Prob: 1.0000 | Threshold: 0.6000
2025-02-22 21:49:24 - Arquivo: nonclear.0796.jpg | Prob: 0.0000 | Threshold: 0.6000
2025-02-22 21:49:52 - Arquivo: nonclear.0797.jpg | Prob: 0.0000 | Threshold: 0.6000
2025-02-22 21:50:21 - Arquivo: nonclear.0798.jpg | Prob: 0.0000 | Threshold: 0.6000
2025-02-22 21:50:50 - Arquivo: nonclear.0799.jpg | Prob: 0.0000 | Threshold: 0.6000
2025-02-22 21:51:21 - Arquivo: nonclear.0800.jpg | Prob: 0.0000 | Threshold: 0.6000
2025-02-22 21:51:44 - Arquivo: nonclear.0801.jpg | Prob: 0.0002 | Threshold: 0.6000
2025-02-22 21:52:22 - Arquivo: nonclear.0802.jpg | Prob: 0.0000 | Threshold: 0.6000
2025-02-22 21:52:45 - Arquivo: nonclear.0803.jpg | Prob: 0.0000 | Threshold: 0.6000
2025-02-22 21:53:08 - Arquivo: nonclear.0804.jpg | Prob: 0.0000 | Threshold: 0.6000
2025-02-22 21:53:33 - Arquivo: nonclear.0805.jpg | Prob: 0.0001 | Threshold: 0.6000
2025-02-22 21:53:56 - Arquivo: nonclear.0806.jpg | Prob: 0.0017 | Threshold: 0.6000
2025-02-22 21:55:02 - Arquivo: nonclear.0807.jpg | Prob: 0.0000 | Threshold: 0.6000
2025-02-22 21:55:55 - Arquivo: nonclear.0808.jpg | Prob: 0.0000 | Threshold: 0.6000
2025-02-22 21:56:30 - Arquivo: nonclear.0809.jpg | Prob: 0.0000 | Threshold: 0.6000
2025-02-22 21:57:22 - Arquivo: nonclear.0810.jpg | Prob: 0.0006 | Threshold: 0.6000
2025-02-22 21:57:59 - Arquivo: nonclear.0811.jpg | Prob: 0.0000 | Threshold: 0.6000
2025-02-22 21:58:30 - Arquivo: nonclear.0812.jpg | Prob: 0.0064 | Threshold: 0.6000
2025-02-22 21:59:06 - Arquivo: nonclear.0813.jpg | Prob: 0.0000 | Threshold: 0.6000
2025-02-22 22:00:01 - Arquivo: nonclear.0814.jpg | Prob: 0.0000 | Threshold: 0.6000
2025-02-22 22:00:38 - Arquivo: nonclear.0815.jpg | Prob: 0.0000 | Threshold: 0.6000
2025-02-22 22:01:00 - Arquivo: nonclear.0816.jpg | Prob: 0.7525 | Threshold: 0.6000
2025-02-22 22:01:27 - Arquivo: nonclear.0817.jpg | Prob: 0.3452 | Threshold: 0.6000
2025-02-22 22:02:06 - Arquivo: nonclear.0818.jpg | Prob: 0.0000 | Threshold: 0.6000
2025-02-22 22:02:34 - Arquivo: nonclear.0819.jpg | Prob: 1.0000 | Threshold: 0.6000
2025-02-22 22:02:59 - Arquivo: nonclear.0820.jpeg | Prob: 0.0000 | Threshold: 0.6000
2025-02-22 22:03:45 - Arquivo: nonclear.0821.jpeg | Prob: 0.0000 | Threshold: 0.6000
2025-02-22 22:04:10 - Arquivo: nonclear.0822.jpeg | Prob: 0.0000 | Threshold: 0.6000
2025-02-22 22:04:38 - Arquivo: nonclear.0823.jpeg | Prob: 0.0000 | Threshold: 0.6000
2025-02-22 22:05:17 - Arquivo: nonclear.0824.jpeg | Prob: 0.0000 | Threshold: 0.6000
2025-02-22 22:05:47 - Arquivo: nonclear.0825.jpg | Prob: 0.0000 | Threshold: 0.6000
2025-02-22 22:06:21 - Arquivo: nonclear.0826.jpg | Prob: 0.8216 | Threshold: 0.6000
2025-02-22 22:06:55 - Arquivo: nonclear.0827.jpg | Prob: 0.0003 | Threshold: 0.6000
2025-02-22 22:07:22 - Arquivo: nonclear.0828.jpg | Prob: 0.0000 | Threshold: 0.6000
2025-02-22 22:07:45 - Arquivo: nonclear.0829.jpg | Prob: 0.0030 | Threshold: 0.6000
2025-02-22 22:08:14 - Arquivo: nonclear.0830.jpg | Prob: 0.0000 | Threshold: 0.6000
2025-02-22 22:08:45 - Arquivo: nonclear.0831.jpg | Prob: 0.0000 | Threshold: 0.6000
2025-02-22 22:09:21 - Arquivo: nonclear.0832.jpg | Prob: 0.0000 | Threshold: 0.6000
2025-02-22 22:09:50 - Arquivo: nonclear.0833.jpg | Prob: 0.0000 | Threshold: 0.6000
2025-02-22 22:10:18 - Arquivo: nonclear.0834.jpg | Prob: 0.0000 | Threshold: 0.6000
2025-02-22 22:10:48 - Arquivo: nonclear.0835.jpg | Prob: 0.0000 | Threshold: 0.6000
2025-02-22 22:11:26 - Arquivo: nonclear.0836.jpg | Prob: 0.0003 | Threshold: 0.6000
2025-02-22 22:12:02 - Arquivo: nonclear.0837.jpg | Prob: 0.0000 | Threshold: 0.6000
2025-02-22 22:12:54 - Arquivo: nonclear.0838.jpeg | Prob: 0.2431 | Threshold: 0.6000
2025-02-22 22:13:25 - Arquivo: nonclear.0839.jpg | Prob: 0.0000 | Threshold: 0.6000
2025-02-22 22:14:02 - Arquivo: nonclear.0840.jpg | Prob: 0.0000 | Threshold: 0.6000
2025-02-22 22:14:30 - Arquivo: nonclear.0841.jpg | Prob: 0.0000 | Threshold: 0.6000
2025-02-22 22:15:10 - Arquivo: nonclear.0842.jpg | Prob: 0.0000 | Threshold: 0.6000
2025-02-22 22:15:55 - Arquivo: nonclear.0843.jpg | Prob: 0.0000 | Threshold: 0.6000
2025-02-22 22:16:36 - Arquivo: nonclear.0844.jpg | Prob: 0.0000 | Threshold: 0.6000
2025-02-22 22:17:14 - Arquivo: nonclear.0845.jpg | Prob: 0.0000 | Threshold: 0.6000
2025-02-22 22:17:55 - Arquivo: nonclear.0846.jpg | Prob: 0.0000 | Threshold: 0.6000
2025-02-22 22:18:20 - Arquivo: nonclear.0847.jpg | Prob: 0.0000 | Threshold: 0.6000
2025-02-22 22:18:51 - Arquivo: nonclear.0848.jpg | Prob: 0.0000 | Threshold: 0.6000
2025-02-22 22:19:21 - Arquivo: nonclear.0849.jpg | Prob: 0.0000 | Threshold: 0.6000
2025-02-22 22:19:58 - Arquivo: nonclear.0850.jpg | Prob: 0.0000 | Threshold: 0.6000
2025-02-22 22:20:28 - Arquivo: nonclear.0851.jpg | Prob: 0.0000 | Threshold: 0.6000
2025-02-22 22:20:57 - Arquivo: nonclear.0852.jpg | Prob: 0.0000 | Threshold: 0.6000
2025-02-22 22:21:25 - Arquivo: nonclear.0853.jpg | Prob: 0.0001 | Threshold: 0.6000
2025-02-22 22:22:08 - Arquivo: nonclear.0854.jpg | Prob: 0.0000 | Threshold: 0.6000
2025-02-22 22:22:49 - Arquivo: nonclear.0855.jpg | Prob: 0.0011 | Threshold: 0.6000
2025-02-22 22:23:21 - Arquivo: nonclear.0856.jpg | Prob: 0.0041 | Threshold: 0.6000
2025-02-22 22:23:49 - Arquivo: nonclear.0857.jpg | Prob: 0.0000 | Threshold: 0.6000
2025-02-22 22:24:29 - Arquivo: nonclear.0858.jpg | Prob: 0.0000 | Threshold: 0.6000
2025-02-22 22:25:04 - Arquivo: nonclear.0859.jpg | Prob: 0.0000 | Threshold: 0.6000
2025-02-22 22:25:40 - Arquivo: nonclear.0860.jpg | Prob: 0.9986 | Threshold: 0.6000
2025-02-22 22:26:14 - Arquivo: nonclear.0861.jpg | Prob: 0.0000 | Threshold: 0.6000
2025-02-22 22:26:58 - Arquivo: nonclear.0862.jpg | Prob: 0.0000 | Threshold: 0.6000
2025-02-22 22:27:31 - Arquivo: nonclear.0863.jpg | Prob: 0.0000 | Threshold: 0.6000
2025-02-22 22:28:02 - Arquivo: nonclear.0864.jpg | Prob: 0.0000 | Threshold: 0.6000
2025-02-22 22:28:44 - Arquivo: nonclear.0865.jpg | Prob: 0.0065 | Threshold: 0.6000
2025-02-22 22:29:16 - Arquivo: nonclear.0866.jpg | Prob: 0.0000 | Threshold: 0.6000
2025-02-22 22:29:49 - Arquivo: nonclear.0867.jpeg | Prob: 0.0000 | Threshold: 0.6000
2025-02-22 22:30:14 - Arquivo: nonclear.0868.jpeg | Prob: 0.0000 | Threshold: 0.6000
2025-02-22 22:30:44 - Arquivo: nonclear.0869.jpeg | Prob: 0.0000 | Threshold: 0.6000
2025-02-22 22:31:13 - Arquivo: nonclear.0870.jpeg | Prob: 0.0002 | Threshold: 0.6000
2025-02-22 22:31:38 - Arquivo: nonclear.0871.jpeg | Prob: 0.0000 | Threshold: 0.6000
2025-02-22 22:32:04 - Arquivo: nonclear.0872.jpeg | Prob: 0.0000 | Threshold: 0.6000
2025-02-22 22:32:32 - Arquivo: nonclear.0873.jpg | Prob: 0.0000 | Threshold: 0.6000
2025-02-22 22:33:02 - Arquivo: nonclear.0874.jpg | Prob: 0.0000 | Threshold: 0.6000
2025-02-22 22:33:27 - Arquivo: nonclear.0875.jpg | Prob: 0.0000 | Threshold: 0.6000
