2025-02-24 21:30:23 - Arquivo: clear.0004.jpg | Prob: 0.0000 | Threshold: 0.6000
2025-02-24 21:40:46 - Arquivo: clear.0031.jpg | Prob: 0.0152 | Threshold: 0.6000
2025-02-24 21:41:38 - Arquivo: clear.0033.jpg | Prob: 0.1680 | Threshold: 0.6000
2025-02-24 21:49:07 - Arquivo: clear.0051.jpg | Prob: 0.0091 | Threshold: 0.6000
2025-02-24 21:55:52 - Arquivo: clear.0069.jpg | Prob: 0.0096 | Threshold: 0.6000
2025-02-24 21:59:32 - Arquivo: clear.0079.jpg | Prob: 0.2013 | Threshold: 0.6000
2025-02-24 22:02:45 - Arquivo: clear.0088.jpg | Prob: 0.0697 | Threshold: 0.6000
2025-02-24 22:09:14 - Arquivo: clear.0106.jpg | Prob: 0.0692 | Threshold: 0.6000
2025-02-24 22:21:24 - Arquivo: clear.0136.jpg | Prob: 0.1350 | Threshold: 0.6000
2025-02-24 22:22:35 - Arquivo: clear.0139.jpg | Prob: 0.0189 | Threshold: 0.6000
2025-02-24 22:32:30 - Arquivo: clear.0162.jpg | Prob: 0.0032 | Threshold: 0.6000
2025-02-24 22:39:22 - Arquivo: clear.0180.jpg | Prob: 0.3726 | Threshold: 0.6000
2025-02-24 22:42:20 - Arquivo: clear.0188.jpg | Prob: 0.0732 | Threshold: 0.6000
2025-02-24 22:42:52 - Arquivo: clear.0189.jpg | Prob: 0.0125 | Threshold: 0.6000
2025-02-24 23:18:54 - Arquivo: clear.0272.jpeg | Prob: 0.0189 | Threshold: 0.6000
2025-02-24 23:58:16 - Arquivo: clear.0376.jpeg | Prob: 0.0001 | Threshold: 0.6000
2025-02-24 23:58:34 - Arquivo: clear.0377.jpeg | Prob: 0.0435 | Threshold: 0.6000
2025-02-24 23:59:13 - Arquivo: clear.0379.jpeg | Prob: 0.1104 | Threshold: 0.6000
2025-02-25 00:14:34 - Arquivo: clear.0420.jpg | Prob: 0.1521 | Threshold: 0.6000
2025-02-25 00:17:47 - Arquivo: clear.0428.jpg | Prob: 0.0426 | Threshold: 0.6000
2025-02-25 00:20:09 - Arquivo: clear.0435.jpg | Prob: 0.0017 | Threshold: 0.6000
2025-02-25 00:20:28 - Arquivo: clear.0436.jpg | Prob: 0.0008 | Threshold: 0.6000
2025-02-25 00:28:05 - Arquivo: clear.0457.jpg | Prob: 0.1736 | Threshold: 0.6000
2025-02-25 00:40:08 - Arquivo: clear.0489.jpg | Prob: 0.0227 | Threshold: 0.6000
2025-02-25 00:42:23 - Arquivo: clear.0496.jpg | Prob: 0.2325 | Threshold: 0.6000
2025-02-25 00:47:44 - Arquivo: clear.0510.jpg | Prob: 0.0001 | Threshold: 0.6000
2025-02-25 01:04:17 - Arquivo: clear.0556.jpg | Prob: 0.2985 | Threshold: 0.6000
2025-02-25 01:21:42 - Arquivo: clear.0603.jpg | Prob: 0.0796 | Threshold: 0.6000
2025-02-25 01:27:23 - Arquivo: clear.0617.jpg | Prob: 0.0062 | Threshold: 0.6000
2025-02-25 01:49:07 - Arquivo: clear.0675.jpg | Prob: 0.0663 | Threshold: 0.6000
2025-02-25 01:49:31 - Arquivo: clear.0676.jpg | Prob: 0.1049 | Threshold: 0.6000
2025-02-25 02:00:17 - Arquivo: clear.0706.jpg | Prob: 0.3325 | Threshold: 0.6000
2025-02-25 02:27:15 - Arquivo: clear.0780.jpg | Prob: 0.0122 | Threshold: 0.6000
2025-02-25 02:48:09 - Arquivo: clear.0834.jpg | Prob: 0.0119 | Threshold: 0.6000
2025-02-25 02:54:25 - Arquivo: clear.0849.jpg | Prob: 0.2653 | Threshold: 0.6000
2025-02-25 03:01:47 - Arquivo: clear.0867.jpg | Prob: 0.0000 | Threshold: 0.6000
2025-02-25 03:06:17 - Arquivo: clear.0876.jpg | Prob: 0.0004 | Threshold: 0.6000
2025-02-25 03:15:00 - Arquivo: clear.0898.jpg | Prob: 0.3473 | Threshold: 0.6000
2025-02-25 03:25:35 - Arquivo: clear.0924.jpg | Prob: 0.3389 | Threshold: 0.6000
2025-02-25 03:28:47 - Arquivo: clear.0931.jpg | Prob: 0.0001 | Threshold: 0.6000
2025-02-25 03:31:36 - Arquivo: clear.0937.jpg | Prob: 0.0176 | Threshold: 0.6000
2025-02-25 03:35:41 - Arquivo: clear.0946.jpg | Prob: 0.0449 | Threshold: 0.6000
2025-02-25 03:37:21 - Arquivo: clear.0950.jpg | Prob: 0.0067 | Threshold: 0.6000
2025-02-25 03:37:49 - Arquivo: clear.0951.jpg | Prob: 0.0062 | Threshold: 0.6000
2025-02-25 03:54:45 - Arquivo: clear.0990.jpeg | Prob: 0.2607 | Threshold: 0.6000
2025-02-25 03:55:05 - Arquivo: clear.0991.jpeg | Prob: 0.0178 | Threshold: 0.6000
2025-02-25 04:01:57 - Arquivo: clear.1006.jpg | Prob: 0.0103 | Threshold: 0.6000
2025-02-25 04:06:43 - Arquivo: nonclear.0000.jpg | Prob: 0.0534 | Threshold: 0.6000
2025-02-25 04:07:04 - Arquivo: nonclear.0001.jpg | Prob: 0.0650 | Threshold: 0.6000
2025-02-25 04:07:32 - Arquivo: nonclear.0002.jpg | Prob: 0.0000 | Threshold: 0.6000
2025-02-25 04:07:52 - Arquivo: nonclear.0003.jpg | Prob: 0.0000 | Threshold: 0.6000
2025-02-25 04:08:11 - Arquivo: nonclear.0004.jpg | Prob: 0.1034 | Threshold: 0.6000
2025-02-25 04:08:39 - Arquivo: nonclear.0005.jpg | Prob: 0.0000 | Threshold: 0.6000
2025-02-25 04:08:58 - Arquivo: nonclear.0006.jpg | Prob: 0.0000 | Threshold: 0.6000
2025-02-25 04:09:29 - Arquivo: nonclear.0007.jpg | Prob: 0.0109 | Threshold: 0.6000
2025-02-25 04:10:20 - Arquivo: nonclear.0008.jpg | Prob: 0.0107 | Threshold: 0.6000
2025-02-25 04:10:57 - Arquivo: nonclear.0009.jpg | Prob: 0.1601 | Threshold: 0.6000
2025-02-25 04:11:36 - Arquivo: nonclear.0010.jpg | Prob: 0.0003 | Threshold: 0.6000
2025-02-25 04:11:58 - Arquivo: nonclear.0011.jpg | Prob: 0.6020 | Threshold: 0.6000
2025-02-25 04:12:49 - Arquivo: nonclear.0012.jpg | Prob: 0.0005 | Threshold: 0.6000
2025-02-25 04:13:08 - Arquivo: nonclear.0013.jpg | Prob: 0.2674 | Threshold: 0.6000
2025-02-25 04:13:55 - Arquivo: nonclear.0014.jpg | Prob: 0.9582 | Threshold: 0.6000
2025-02-25 04:14:20 - Arquivo: nonclear.0015.jpg | Prob: 0.0012 | Threshold: 0.6000
2025-02-25 04:14:39 - Arquivo: nonclear.0016.jpg | Prob: 0.0000 | Threshold: 0.6000
2025-02-25 04:15:03 - Arquivo: nonclear.0017.jpg | Prob: 0.9995 | Threshold: 0.6000
2025-02-25 04:15:38 - Arquivo: nonclear.0018.jpg | Prob: 0.0000 | Threshold: 0.6000
2025-02-25 04:15:56 - Arquivo: nonclear.0019.jpg | Prob: 0.0011 | Threshold: 0.6000
2025-02-25 04:16:22 - Arquivo: nonclear.0020.jpg | Prob: 1.0000 | Threshold: 0.6000
2025-02-25 04:16:54 - Arquivo: nonclear.0021.jpg | Prob: 0.0413 | Threshold: 0.6000
2025-02-25 04:17:39 - Arquivo: nonclear.0022.jpg | Prob: 0.0308 | Threshold: 0.6000
2025-02-25 04:18:01 - Arquivo: nonclear.0023.jpg | Prob: 0.0002 | Threshold: 0.6000
2025-02-25 04:18:21 - Arquivo: nonclear.0024.jpg | Prob: 0.0002 | Threshold: 0.6000
2025-02-25 04:18:49 - Arquivo: nonclear.0025.jpg | Prob: 0.0014 | Threshold: 0.6000
2025-02-25 04:19:22 - Arquivo: nonclear.0026.jpg | Prob: 0.0005 | Threshold: 0.6000
2025-02-25 04:19:48 - Arquivo: nonclear.0027.jpg | Prob: 0.0011 | Threshold: 0.6000
2025-02-25 04:20:10 - Arquivo: nonclear.0028.jpg | Prob: 0.0912 | Threshold: 0.6000
2025-02-25 04:20:34 - Arquivo: nonclear.0029.jpg | Prob: 0.0000 | Threshold: 0.6000
2025-02-25 04:20:56 - Arquivo: nonclear.0030.jpg | Prob: 0.0131 | Threshold: 0.6000
2025-02-25 04:21:24 - Arquivo: nonclear.0031.jpg | Prob: 0.0003 | Threshold: 0.6000
2025-02-25 04:21:45 - Arquivo: nonclear.0032.jpg | Prob: 0.0010 | Threshold: 0.6000
2025-02-25 04:22:09 - Arquivo: nonclear.0033.jpg | Prob: 0.0000 | Threshold: 0.6000
2025-02-25 04:22:28 - Arquivo: nonclear.0034.jpg | Prob: 0.0000 | Threshold: 0.6000
2025-02-25 04:22:49 - Arquivo: nonclear.0035.jpg | Prob: 0.0116 | Threshold: 0.6000
2025-02-25 04:23:08 - Arquivo: nonclear.0036.jpg | Prob: 0.0000 | Threshold: 0.6000
2025-02-25 04:23:35 - Arquivo: nonclear.0037.jpg | Prob: 0.0000 | Threshold: 0.6000
2025-02-25 04:23:53 - Arquivo: nonclear.0038.jpg | Prob: 0.0000 | Threshold: 0.6000
2025-02-25 04:24:12 - Arquivo: nonclear.0039.jpg | Prob: 0.8349 | Threshold: 0.6000
2025-02-25 04:24:33 - Arquivo: nonclear.0040.jpg | Prob: 0.1147 | Threshold: 0.6000
2025-02-25 04:25:20 - Arquivo: nonclear.0041.jpg | Prob: 0.0000 | Threshold: 0.6000
2025-02-25 04:25:45 - Arquivo: nonclear.0042.jpg | Prob: 0.0000 | Threshold: 0.6000
2025-02-25 04:26:10 - Arquivo: nonclear.0043.jpg | Prob: 0.0172 | Threshold: 0.6000
2025-02-25 04:27:03 - Arquivo: nonclear.0044.jpg | Prob: 0.0000 | Threshold: 0.6000
2025-02-25 04:27:27 - Arquivo: nonclear.0045.jpg | Prob: 0.0000 | Threshold: 0.6000
2025-02-25 04:27:57 - Arquivo: nonclear.0046.jpg | Prob: 0.0001 | Threshold: 0.6000
2025-02-25 04:28:22 - Arquivo: nonclear.0047.jpg | Prob: 0.0000 | Threshold: 0.6000
2025-02-25 04:28:46 - Arquivo: nonclear.0048.jpg | Prob: 0.0000 | Threshold: 0.6000
2025-02-25 04:29:09 - Arquivo: nonclear.0049.jpg | Prob: 0.0000 | Threshold: 0.6000
2025-02-25 04:29:29 - Arquivo: nonclear.0050.jpg | Prob: 0.0000 | Threshold: 0.6000
2025-02-25 04:29:54 - Arquivo: nonclear.0051.jpg | Prob: 0.6067 | Threshold: 0.6000
2025-02-25 04:30:15 - Arquivo: nonclear.0052.jpg | Prob: 0.0009 | Threshold: 0.6000
2025-02-25 04:31:04 - Arquivo: nonclear.0053.jpg | Prob: 0.5152 | Threshold: 0.6000
2025-02-25 04:31:28 - Arquivo: nonclear.0054.jpg | Prob: 0.0000 | Threshold: 0.6000
2025-02-25 04:32:16 - Arquivo: nonclear.0055.jpg | Prob: 0.0000 | Threshold: 0.6000
2025-02-25 04:32:43 - Arquivo: nonclear.0056.jpg | Prob: 0.2804 | Threshold: 0.6000
2025-02-25 04:33:39 - Arquivo: nonclear.0057.jpg | Prob: 0.0001 | Threshold: 0.6000
2025-02-25 04:34:07 - Arquivo: nonclear.0058.jpg | Prob: 0.0000 | Threshold: 0.6000
2025-02-25 04:34:39 - Arquivo: nonclear.0059.jpg | Prob: 0.0023 | Threshold: 0.6000
2025-02-25 04:35:19 - Arquivo: nonclear.0060.jpg | Prob: 0.5950 | Threshold: 0.6000
2025-02-25 04:35:46 - Arquivo: nonclear.0061.jpg | Prob: 0.2433 | Threshold: 0.6000
2025-02-25 04:36:10 - Arquivo: nonclear.0062.jpg | Prob: 0.0014 | Threshold: 0.6000
2025-02-25 04:36:37 - Arquivo: nonclear.0063.jpg | Prob: 1.0000 | Threshold: 0.6000
2025-02-25 04:36:57 - Arquivo: nonclear.0064.jpg | Prob: 0.0000 | Threshold: 0.6000
2025-02-25 04:37:29 - Arquivo: nonclear.0065.jpg | Prob: 0.0000 | Threshold: 0.6000
2025-02-25 04:37:58 - Arquivo: nonclear.0066.jpg | Prob: 0.0000 | Threshold: 0.6000
2025-02-25 04:38:23 - Arquivo: nonclear.0067.jpg | Prob: 0.0000 | Threshold: 0.6000
2025-02-25 04:38:46 - Arquivo: nonclear.0068.jpg | Prob: 0.0000 | Threshold: 0.6000
2025-02-25 04:39:11 - Arquivo: nonclear.0069.jpg | Prob: 0.0000 | Threshold: 0.6000
2025-02-25 04:39:34 - Arquivo: nonclear.0070.jpg | Prob: 0.0000 | Threshold: 0.6000
2025-02-25 04:39:58 - Arquivo: nonclear.0071.jpg | Prob: 0.0000 | Threshold: 0.6000
2025-02-25 04:40:20 - Arquivo: nonclear.0072.jpg | Prob: 0.0028 | Threshold: 0.6000
2025-02-25 04:40:51 - Arquivo: nonclear.0073.jpg | Prob: 0.0000 | Threshold: 0.6000
2025-02-25 04:41:43 - Arquivo: nonclear.0074.jpg | Prob: 0.0043 | Threshold: 0.6000
2025-02-25 04:42:03 - Arquivo: nonclear.0075.jpg | Prob: 0.0001 | Threshold: 0.6000
2025-02-25 04:42:51 - Arquivo: nonclear.0076.jpg | Prob: 0.0360 | Threshold: 0.6000
2025-02-25 04:43:27 - Arquivo: nonclear.0077.jpg | Prob: 0.0000 | Threshold: 0.6000
2025-02-25 04:44:01 - Arquivo: nonclear.0078.jpg | Prob: 0.0000 | Threshold: 0.6000
2025-02-25 04:44:25 - Arquivo: nonclear.0079.jpg | Prob: 0.0005 | Threshold: 0.6000
2025-02-25 04:45:08 - Arquivo: nonclear.0080.jpg | Prob: 0.0001 | Threshold: 0.6000
2025-02-25 04:45:36 - Arquivo: nonclear.0081.jpg | Prob: 0.0000 | Threshold: 0.6000
2025-02-25 04:46:01 - Arquivo: nonclear.0082.jpg | Prob: 0.0000 | Threshold: 0.6000
2025-02-25 04:46:26 - Arquivo: nonclear.0083.jpg | Prob: 0.0000 | Threshold: 0.6000
2025-02-25 04:46:47 - Arquivo: nonclear.0084.jpg | Prob: 0.0000 | Threshold: 0.6000
2025-02-25 04:47:08 - Arquivo: nonclear.0085.jpg | Prob: 0.0000 | Threshold: 0.6000
2025-02-25 04:47:32 - Arquivo: nonclear.0086.jpg | Prob: 0.4981 | Threshold: 0.6000
2025-02-25 04:47:54 - Arquivo: nonclear.0087.jpg | Prob: 0.0001 | Threshold: 0.6000
2025-02-25 04:48:31 - Arquivo: nonclear.0088.jpg | Prob: 0.0113 | Threshold: 0.6000
2025-02-25 04:48:56 - Arquivo: nonclear.0089.jpg | Prob: 0.9996 | Threshold: 0.6000
2025-02-25 04:49:32 - Arquivo: nonclear.0090.jpg | Prob: 0.0000 | Threshold: 0.6000
2025-02-25 04:49:52 - Arquivo: nonclear.0091.jpg | Prob: 0.9993 | Threshold: 0.6000
2025-02-25 04:50:18 - Arquivo: nonclear.0092.jpg | Prob: 0.0000 | Threshold: 0.6000
2025-02-25 04:50:40 - Arquivo: nonclear.0093.jpg | Prob: 0.9997 | Threshold: 0.6000
2025-02-25 04:51:02 - Arquivo: nonclear.0094.jpg | Prob: 0.0555 | Threshold: 0.6000
2025-02-25 04:51:30 - Arquivo: nonclear.0095.jpg | Prob: 0.0000 | Threshold: 0.6000
2025-02-25 04:51:54 - Arquivo: nonclear.0096.jpg | Prob: 0.0000 | Threshold: 0.6000
2025-02-25 04:52:17 - Arquivo: nonclear.0097.jpg | Prob: 0.0000 | Threshold: 0.6000
2025-02-25 04:52:41 - Arquivo: nonclear.0098.jpg | Prob: 0.0000 | Threshold: 0.6000
2025-02-25 04:53:05 - Arquivo: nonclear.0099.jpg | Prob: 0.0000 | Threshold: 0.6000
2025-02-25 04:53:28 - Arquivo: nonclear.0100.jpg | Prob: 0.0000 | Threshold: 0.6000
2025-02-25 04:53:53 - Arquivo: nonclear.0101.jpg | Prob: 0.0000 | Threshold: 0.6000
2025-02-25 04:54:18 - Arquivo: nonclear.0102.jpg | Prob: 0.0000 | Threshold: 0.6000
2025-02-25 04:54:44 - Arquivo: nonclear.0103.jpg | Prob: 0.0000 | Threshold: 0.6000
2025-02-25 04:55:15 - Arquivo: nonclear.0104.jpg | Prob: 0.0000 | Threshold: 0.6000
2025-02-25 04:55:44 - Arquivo: nonclear.0105.jpg | Prob: 0.0000 | Threshold: 0.6000
2025-02-25 04:56:18 - Arquivo: nonclear.0106.jpg | Prob: 0.0000 | Threshold: 0.6000
2025-02-25 04:56:49 - Arquivo: nonclear.0107.jpg | Prob: 0.0000 | Threshold: 0.6000
2025-02-25 04:57:15 - Arquivo: nonclear.0108.jpg | Prob: 0.0018 | Threshold: 0.6000
2025-02-25 04:57:40 - Arquivo: nonclear.0109.jpg | Prob: 0.0000 | Threshold: 0.6000
2025-02-25 04:58:06 - Arquivo: nonclear.0110.jpg | Prob: 0.0000 | Threshold: 0.6000
2025-02-25 04:58:30 - Arquivo: nonclear.0111.jpg | Prob: 0.0096 | Threshold: 0.6000
2025-02-25 04:59:04 - Arquivo: nonclear.0112.jpg | Prob: 0.0000 | Threshold: 0.6000
2025-02-25 04:59:25 - Arquivo: nonclear.0113.jpg | Prob: 0.0001 | Threshold: 0.6000
2025-02-25 04:59:47 - Arquivo: nonclear.0114.jpg | Prob: 0.0019 | Threshold: 0.6000
2025-02-25 05:00:26 - Arquivo: nonclear.0115.jpg | Prob: 0.0000 | Threshold: 0.6000
2025-02-25 05:00:52 - Arquivo: nonclear.0116.jpg | Prob: 0.6205 | Threshold: 0.6000
2025-02-25 05:01:32 - Arquivo: nonclear.0117.jpg | Prob: 0.1573 | Threshold: 0.6000
2025-02-25 05:01:52 - Arquivo: nonclear.0118.jpg | Prob: 0.9850 | Threshold: 0.6000
2025-02-25 05:02:12 - Arquivo: nonclear.0119.jpg | Prob: 0.3608 | Threshold: 0.6000
2025-02-25 05:02:32 - Arquivo: nonclear.0120.jpg | Prob: 0.0002 | Threshold: 0.6000
2025-02-25 05:02:56 - Arquivo: nonclear.0121.jpg | Prob: 0.0000 | Threshold: 0.6000
2025-02-25 05:03:29 - Arquivo: nonclear.0122.jpg | Prob: 1.0000 | Threshold: 0.6000
2025-02-25 05:03:53 - Arquivo: nonclear.0123.jpg | Prob: 0.0000 | Threshold: 0.6000
2025-02-25 05:04:16 - Arquivo: nonclear.0124.jpg | Prob: 0.0000 | Threshold: 0.6000
2025-02-25 05:04:41 - Arquivo: nonclear.0125.jpg | Prob: 0.9932 | Threshold: 0.6000
2025-02-25 05:05:10 - Arquivo: nonclear.0126.jpg | Prob: 0.0001 | Threshold: 0.6000
2025-02-25 05:05:34 - Arquivo: nonclear.0127.jpg | Prob: 0.0000 | Threshold: 0.6000
2025-02-25 05:06:25 - Arquivo: nonclear.0128.jpg | Prob: 0.0022 | Threshold: 0.6000
2025-02-25 05:06:51 - Arquivo: nonclear.0129.jpg | Prob: 0.0001 | Threshold: 0.6000
2025-02-25 05:07:24 - Arquivo: nonclear.0130.jpg | Prob: 0.0551 | Threshold: 0.6000
2025-02-25 05:07:49 - Arquivo: nonclear.0131.jpg | Prob: 0.0148 | Threshold: 0.6000
2025-02-25 05:08:14 - Arquivo: nonclear.0132.jpg | Prob: 0.0035 | Threshold: 0.6000
2025-02-25 05:08:50 - Arquivo: nonclear.0133.jpg | Prob: 0.0001 | Threshold: 0.6000
2025-02-25 05:09:15 - Arquivo: nonclear.0134.jpg | Prob: 0.0189 | Threshold: 0.6000
2025-02-25 05:09:38 - Arquivo: nonclear.0135.jpg | Prob: 0.0000 | Threshold: 0.6000
2025-02-25 05:10:29 - Arquivo: nonclear.0136.jpg | Prob: 0.1423 | Threshold: 0.6000
2025-02-25 05:11:03 - Arquivo: nonclear.0137.jpg | Prob: 0.0751 | Threshold: 0.6000
2025-02-25 05:11:32 - Arquivo: nonclear.0138.jpg | Prob: 0.0246 | Threshold: 0.6000
2025-02-25 05:11:54 - Arquivo: nonclear.0139.jpg | Prob: 0.0001 | Threshold: 0.6000
2025-02-25 05:12:19 - Arquivo: nonclear.0140.jpg | Prob: 0.2379 | Threshold: 0.6000
2025-02-25 05:12:40 - Arquivo: nonclear.0141.jpg | Prob: 0.4677 | Threshold: 0.6000
2025-02-25 05:13:17 - Arquivo: nonclear.0142.jpg | Prob: 0.0383 | Threshold: 0.6000
2025-02-25 05:13:54 - Arquivo: nonclear.0143.jpg | Prob: 0.0031 | Threshold: 0.6000
2025-02-25 05:14:19 - Arquivo: nonclear.0144.jpg | Prob: 1.0000 | Threshold: 0.6000
2025-02-25 05:14:38 - Arquivo: nonclear.0145.jpg | Prob: 0.3311 | Threshold: 0.6000
2025-02-25 05:15:09 - Arquivo: nonclear.0146.jpg | Prob: 0.0277 | Threshold: 0.6000
2025-02-25 05:15:28 - Arquivo: nonclear.0147.jpg | Prob: 0.0000 | Threshold: 0.6000
2025-02-25 05:15:51 - Arquivo: nonclear.0148.jpg | Prob: 0.4153 | Threshold: 0.6000
2025-02-25 05:16:11 - Arquivo: nonclear.0149.jpg | Prob: 0.0000 | Threshold: 0.6000
2025-02-25 05:16:30 - Arquivo: nonclear.0150.jpg | Prob: 0.0002 | Threshold: 0.6000
2025-02-25 05:16:52 - Arquivo: nonclear.0151.jpg | Prob: 0.0000 | Threshold: 0.6000
2025-02-25 05:17:27 - Arquivo: nonclear.0152.jpg | Prob: 0.0012 | Threshold: 0.6000
2025-02-25 05:17:47 - Arquivo: nonclear.0153.jpg | Prob: 0.0361 | Threshold: 0.6000
2025-02-25 05:18:11 - Arquivo: nonclear.0154.jpg | Prob: 1.0000 | Threshold: 0.6000
2025-02-25 05:18:31 - Arquivo: nonclear.0155.jpg | Prob: 0.9901 | Threshold: 0.6000
2025-02-25 05:18:51 - Arquivo: nonclear.0156.jpg | Prob: 0.0009 | Threshold: 0.6000
2025-02-25 05:19:10 - Arquivo: nonclear.0157.jpg | Prob: 0.9991 | Threshold: 0.6000
2025-02-25 05:19:35 - Arquivo: nonclear.0158.jpg | Prob: 0.0582 | Threshold: 0.6000
2025-02-25 05:20:00 - Arquivo: nonclear.0159.jpg | Prob: 0.0000 | Threshold: 0.6000
2025-02-25 05:20:28 - Arquivo: nonclear.0160.jpg | Prob: 0.9934 | Threshold: 0.6000
2025-02-25 05:20:59 - Arquivo: nonclear.0161.jpg | Prob: 0.9999 | Threshold: 0.6000
2025-02-25 05:21:19 - Arquivo: nonclear.0162.jpg | Prob: 0.0000 | Threshold: 0.6000
2025-02-25 05:22:09 - Arquivo: nonclear.0163.jpg | Prob: 0.0000 | Threshold: 0.6000
2025-02-25 05:22:51 - Arquivo: nonclear.0164.jpg | Prob: 0.0000 | Threshold: 0.6000
2025-02-25 05:23:27 - Arquivo: nonclear.0165.jpg | Prob: 0.0282 | Threshold: 0.6000
2025-02-25 05:23:54 - Arquivo: nonclear.0166.jpg | Prob: 1.0000 | Threshold: 0.6000
2025-02-25 05:24:14 - Arquivo: nonclear.0167.jpg | Prob: 0.0000 | Threshold: 0.6000
2025-02-25 05:24:49 - Arquivo: nonclear.0168.jpg | Prob: 0.0000 | Threshold: 0.6000
2025-02-25 05:25:08 - Arquivo: nonclear.0169.jpg | Prob: 0.0000 | Threshold: 0.6000
2025-02-25 05:25:45 - Arquivo: nonclear.0170.jpg | Prob: 0.0000 | Threshold: 0.6000
2025-02-25 05:26:06 - Arquivo: nonclear.0171.jpg | Prob: 0.0209 | Threshold: 0.6000
2025-02-25 05:26:28 - Arquivo: nonclear.0172.jpg | Prob: 0.0000 | Threshold: 0.6000
2025-02-25 05:26:52 - Arquivo: nonclear.0173.jpg | Prob: 0.0064 | Threshold: 0.6000
2025-02-25 05:27:12 - Arquivo: nonclear.0174.jpg | Prob: 0.0000 | Threshold: 0.6000
2025-02-25 05:27:33 - Arquivo: nonclear.0175.jpg | Prob: 0.0000 | Threshold: 0.6000
2025-02-25 05:28:03 - Arquivo: nonclear.0176.jpg | Prob: 0.0000 | Threshold: 0.6000
2025-02-25 05:28:24 - Arquivo: nonclear.0177.jpg | Prob: 0.0000 | Threshold: 0.6000
2025-02-25 05:28:48 - Arquivo: nonclear.0178.jpg | Prob: 0.0167 | Threshold: 0.6000
2025-02-25 05:29:09 - Arquivo: nonclear.0179.jpg | Prob: 0.0011 | Threshold: 0.6000
2025-02-25 05:29:34 - Arquivo: nonclear.0180.jpg | Prob: 0.0001 | Threshold: 0.6000
2025-02-25 05:29:58 - Arquivo: nonclear.0181.jpg | Prob: 0.0000 | Threshold: 0.6000
2025-02-25 05:30:17 - Arquivo: nonclear.0182.jpg | Prob: 0.0000 | Threshold: 0.6000
2025-02-25 05:30:45 - Arquivo: nonclear.0183.jpg | Prob: 0.0000 | Threshold: 0.6000
2025-02-25 05:31:15 - Arquivo: nonclear.0184.jpg | Prob: 0.0000 | Threshold: 0.6000
2025-02-25 05:31:44 - Arquivo: nonclear.0185.jpg | Prob: 0.0000 | Threshold: 0.6000
2025-02-25 05:32:15 - Arquivo: nonclear.0186.jpg | Prob: 0.9992 | Threshold: 0.6000
2025-02-25 05:32:35 - Arquivo: nonclear.0187.jpg | Prob: 0.0000 | Threshold: 0.6000
2025-02-25 05:33:05 - Arquivo: nonclear.0188.jpg | Prob: 0.0020 | Threshold: 0.6000
2025-02-25 05:33:26 - Arquivo: nonclear.0189.jpg | Prob: 0.0000 | Threshold: 0.6000
2025-02-25 05:33:52 - Arquivo: nonclear.0190.jpg | Prob: 0.0000 | Threshold: 0.6000
2025-02-25 05:34:16 - Arquivo: nonclear.0191.jpg | Prob: 0.0003 | Threshold: 0.6000
2025-02-25 05:34:40 - Arquivo: nonclear.0192.jpg | Prob: 0.0000 | Threshold: 0.6000
2025-02-25 05:35:06 - Arquivo: nonclear.0193.jpg | Prob: 0.0000 | Threshold: 0.6000
2025-02-25 05:35:26 - Arquivo: nonclear.0194.jpg | Prob: 0.0011 | Threshold: 0.6000
2025-02-25 05:35:52 - Arquivo: nonclear.0195.jpeg | Prob: 0.0000 | Threshold: 0.6000
2025-02-25 05:36:27 - Arquivo: nonclear.0196.jpeg | Prob: 0.0000 | Threshold: 0.6000
2025-02-25 05:36:50 - Arquivo: nonclear.0197.jpeg | Prob: 0.0000 | Threshold: 0.6000
2025-02-25 05:37:11 - Arquivo: nonclear.0198.jpeg | Prob: 0.0000 | Threshold: 0.6000
2025-02-25 05:37:57 - Arquivo: nonclear.0199.jpeg | Prob: 0.0000 | Threshold: 0.6000
2025-02-25 05:38:24 - Arquivo: nonclear.0200.jpeg | Prob: 0.9561 | Threshold: 0.6000
2025-02-25 05:38:44 - Arquivo: nonclear.0201.jpeg | Prob: 0.8977 | Threshold: 0.6000
2025-02-25 05:39:11 - Arquivo: nonclear.0202.jpeg | Prob: 0.0014 | Threshold: 0.6000
2025-02-25 05:39:34 - Arquivo: nonclear.0203.jpeg | Prob: 0.0000 | Threshold: 0.6000
2025-02-25 05:40:16 - Arquivo: nonclear.0204.jpeg | Prob: 0.0018 | Threshold: 0.6000
2025-02-25 05:41:09 - Arquivo: nonclear.0205.jpeg | Prob: 0.0000 | Threshold: 0.6000
2025-02-25 05:41:29 - Arquivo: nonclear.0206.jpeg | Prob: 0.0000 | Threshold: 0.6000
2025-02-25 05:42:03 - Arquivo: nonclear.0207.jpeg | Prob: 0.0000 | Threshold: 0.6000
2025-02-25 05:42:23 - Arquivo: nonclear.0208.jpeg | Prob: 0.0001 | Threshold: 0.6000
2025-02-25 05:42:46 - Arquivo: nonclear.0209.jpeg | Prob: 0.0000 | Threshold: 0.6000
2025-02-25 05:43:07 - Arquivo: nonclear.0210.jpeg | Prob: 0.0018 | Threshold: 0.6000
2025-02-25 05:43:30 - Arquivo: nonclear.0211.jpeg | Prob: 0.0187 | Threshold: 0.6000
2025-02-25 05:43:51 - Arquivo: nonclear.0212.jpeg | Prob: 0.0000 | Threshold: 0.6000
2025-02-25 05:44:16 - Arquivo: nonclear.0213.jpeg | Prob: 0.0000 | Threshold: 0.6000
2025-02-25 05:44:58 - Arquivo: nonclear.0214.jpeg | Prob: 0.0000 | Threshold: 0.6000
2025-02-25 05:45:19 - Arquivo: nonclear.0215.jpeg | Prob: 0.0000 | Threshold: 0.6000
2025-02-25 05:45:41 - Arquivo: nonclear.0216.jpeg | Prob: 0.0000 | Threshold: 0.6000
2025-02-25 05:46:04 - Arquivo: nonclear.0217.jpeg | Prob: 0.0000 | Threshold: 0.6000
2025-02-25 05:46:26 - Arquivo: nonclear.0218.jpeg | Prob: 0.0010 | Threshold: 0.6000
2025-02-25 05:47:10 - Arquivo: nonclear.0219.jpeg | Prob: 0.0199 | Threshold: 0.6000
2025-02-25 05:47:48 - Arquivo: nonclear.0220.jpeg | Prob: 0.0010 | Threshold: 0.6000
2025-02-25 05:48:16 - Arquivo: nonclear.0221.jpeg | Prob: 0.0005 | Threshold: 0.6000
2025-02-25 05:48:36 - Arquivo: nonclear.0222.jpeg | Prob: 0.0027 | Threshold: 0.6000
2025-02-25 05:48:58 - Arquivo: nonclear.0223.jpeg | Prob: 0.0000 | Threshold: 0.6000
2025-02-25 05:49:33 - Arquivo: nonclear.0224.jpeg | Prob: 0.0000 | Threshold: 0.6000
2025-02-25 05:50:17 - Arquivo: nonclear.0225.jpeg | Prob: 0.0000 | Threshold: 0.6000
2025-02-25 05:50:43 - Arquivo: nonclear.0226.jpeg | Prob: 0.0000 | Threshold: 0.6000
2025-02-25 05:51:16 - Arquivo: nonclear.0227.jpeg | Prob: 0.0000 | Threshold: 0.6000
2025-02-25 05:51:41 - Arquivo: nonclear.0228.jpeg | Prob: 0.0315 | Threshold: 0.6000
2025-02-25 05:52:01 - Arquivo: nonclear.0229.jpeg | Prob: 0.0000 | Threshold: 0.6000
2025-02-25 05:52:22 - Arquivo: nonclear.0230.jpeg | Prob: 0.0000 | Threshold: 0.6000
2025-02-25 05:52:55 - Arquivo: nonclear.0231.jpeg | Prob: 0.0000 | Threshold: 0.6000
2025-02-25 05:53:16 - Arquivo: nonclear.0232.jpeg | Prob: 0.0024 | Threshold: 0.6000
2025-02-25 05:53:37 - Arquivo: nonclear.0233.jpeg | Prob: 0.0141 | Threshold: 0.6000
2025-02-25 05:54:19 - Arquivo: nonclear.0234.jpeg | Prob: 0.0000 | Threshold: 0.6000
2025-02-25 05:54:58 - Arquivo: nonclear.0235.jpeg | Prob: 0.0022 | Threshold: 0.6000
2025-02-25 05:55:23 - Arquivo: nonclear.0236.jpeg | Prob: 0.0003 | Threshold: 0.6000
2025-02-25 05:55:49 - Arquivo: nonclear.0237.jpeg | Prob: 0.0000 | Threshold: 0.6000
2025-02-25 05:56:38 - Arquivo: nonclear.0238.jpeg | Prob: 0.0050 | Threshold: 0.6000
2025-02-25 05:57:19 - Arquivo: nonclear.0239.jpeg | Prob: 0.0000 | Threshold: 0.6000
2025-02-25 05:58:19 - Arquivo: nonclear.0240.jpeg | Prob: 0.9999 | Threshold: 0.6000
2025-02-25 05:58:41 - Arquivo: nonclear.0241.jpeg | Prob: 0.0474 | Threshold: 0.6000
2025-02-25 05:59:27 - Arquivo: nonclear.0242.jpeg | Prob: 0.0188 | Threshold: 0.6000
2025-02-25 05:59:49 - Arquivo: nonclear.0243.jpeg | Prob: 0.0963 | Threshold: 0.6000
2025-02-25 06:00:09 - Arquivo: nonclear.0244.jpeg | Prob: 0.0009 | Threshold: 0.6000
2025-02-25 06:00:32 - Arquivo: nonclear.0245.jpeg | Prob: 0.9839 | Threshold: 0.6000
2025-02-25 06:01:00 - Arquivo: nonclear.0246.jpeg | Prob: 0.0000 | Threshold: 0.6000
2025-02-25 06:01:52 - Arquivo: nonclear.0247.jpeg | Prob: 0.0000 | Threshold: 0.6000
2025-02-25 06:02:14 - Arquivo: nonclear.0248.jpeg | Prob: 0.0000 | Threshold: 0.6000
2025-02-25 06:02:38 - Arquivo: nonclear.0249.jpeg | Prob: 0.0008 | Threshold: 0.6000
2025-02-25 06:02:59 - Arquivo: nonclear.0250.jpeg | Prob: 0.0000 | Threshold: 0.6000
2025-02-25 06:03:19 - Arquivo: nonclear.0251.jpeg | Prob: 0.0052 | Threshold: 0.6000
2025-02-25 06:03:43 - Arquivo: nonclear.0252.jpeg | Prob: 0.0000 | Threshold: 0.6000
2025-02-25 06:04:07 - Arquivo: nonclear.0253.jpeg | Prob: 0.0001 | Threshold: 0.6000
2025-02-25 06:04:30 - Arquivo: nonclear.0254.jpeg | Prob: 0.0000 | Threshold: 0.6000
2025-02-25 06:04:50 - Arquivo: nonclear.0255.jpeg | Prob: 0.0028 | Threshold: 0.6000
2025-02-25 06:05:12 - Arquivo: nonclear.0256.jpeg | Prob: 0.0002 | Threshold: 0.6000
2025-02-25 06:05:33 - Arquivo: nonclear.0257.jpeg | Prob: 0.1366 | Threshold: 0.6000
2025-02-25 06:05:58 - Arquivo: nonclear.0258.jpeg | Prob: 0.0001 | Threshold: 0.6000
2025-02-25 06:06:29 - Arquivo: nonclear.0259.jpeg | Prob: 0.0000 | Threshold: 0.6000
2025-02-25 06:06:57 - Arquivo: nonclear.0260.jpeg | Prob: 0.9694 | Threshold: 0.6000
2025-02-25 06:07:22 - Arquivo: nonclear.0261.jpeg | Prob: 0.0024 | Threshold: 0.6000
2025-02-25 06:07:44 - Arquivo: nonclear.0262.jpeg | Prob: 0.0000 | Threshold: 0.6000
2025-02-25 06:08:33 - Arquivo: nonclear.0263.jpeg | Prob: 0.0011 | Threshold: 0.6000
2025-02-25 06:08:56 - Arquivo: nonclear.0264.jpeg | Prob: 0.9997 | Threshold: 0.6000
2025-02-25 06:09:45 - Arquivo: nonclear.0265.jpeg | Prob: 0.0000 | Threshold: 0.6000
2025-02-25 06:10:42 - Arquivo: nonclear.0266.jpeg | Prob: 0.0070 | Threshold: 0.6000
2025-02-25 06:11:05 - Arquivo: nonclear.0267.jpeg | Prob: 0.0000 | Threshold: 0.6000
2025-02-25 06:11:29 - Arquivo: nonclear.0268.jpeg | Prob: 0.0000 | Threshold: 0.6000
2025-02-25 06:11:52 - Arquivo: nonclear.0269.jpeg | Prob: 0.0001 | Threshold: 0.6000
2025-02-25 06:12:18 - Arquivo: nonclear.0270.jpeg | Prob: 0.0025 | Threshold: 0.6000
2025-02-25 06:12:44 - Arquivo: nonclear.0271.jpeg | Prob: 0.0002 | Threshold: 0.6000
2025-02-25 06:13:10 - Arquivo: nonclear.0272.jpeg | Prob: 0.0000 | Threshold: 0.6000
2025-02-25 06:13:39 - Arquivo: nonclear.0273.jpeg | Prob: 0.0000 | Threshold: 0.6000
2025-02-25 06:14:01 - Arquivo: nonclear.0274.jpeg | Prob: 0.0001 | Threshold: 0.6000
2025-02-25 06:14:26 - Arquivo: nonclear.0275.jpeg | Prob: 0.0313 | Threshold: 0.6000
2025-02-25 06:14:48 - Arquivo: nonclear.0276.jpeg | Prob: 0.0000 | Threshold: 0.6000
2025-02-25 06:15:26 - Arquivo: nonclear.0277.jpeg | Prob: 0.0008 | Threshold: 0.6000
2025-02-25 06:15:49 - Arquivo: nonclear.0278.jpg | Prob: 0.0200 | Threshold: 0.6000
2025-02-25 06:16:11 - Arquivo: nonclear.0279.jpg | Prob: 0.0001 | Threshold: 0.6000
2025-02-25 06:16:44 - Arquivo: nonclear.0280.jpg | Prob: 0.0001 | Threshold: 0.6000
2025-02-25 06:17:05 - Arquivo: nonclear.0281.jpg | Prob: 0.0007 | Threshold: 0.6000
2025-02-25 06:17:31 - Arquivo: nonclear.0282.jpg | Prob: 0.0006 | Threshold: 0.6000
2025-02-25 06:17:54 - Arquivo: nonclear.0283.jpg | Prob: 0.0013 | Threshold: 0.6000
2025-02-25 06:18:14 - Arquivo: nonclear.0284.jpg | Prob: 0.0004 | Threshold: 0.6000
2025-02-25 06:18:37 - Arquivo: nonclear.0285.jpg | Prob: 0.0001 | Threshold: 0.6000
2025-02-25 06:19:03 - Arquivo: nonclear.0286.jpg | Prob: 0.0057 | Threshold: 0.6000
2025-02-25 06:19:24 - Arquivo: nonclear.0287.jpg | Prob: 0.0061 | Threshold: 0.6000
2025-02-25 06:19:44 - Arquivo: nonclear.0288.jpg | Prob: 0.0080 | Threshold: 0.6000
2025-02-25 06:20:22 - Arquivo: nonclear.0289.jpg | Prob: 0.0000 | Threshold: 0.6000
2025-02-25 06:20:45 - Arquivo: nonclear.0290.jpg | Prob: 0.0001 | Threshold: 0.6000
2025-02-25 06:21:11 - Arquivo: nonclear.0291.jpg | Prob: 0.0000 | Threshold: 0.6000
2025-02-25 06:21:58 - Arquivo: nonclear.0292.jpg | Prob: 0.0000 | Threshold: 0.6000
2025-02-25 06:22:19 - Arquivo: nonclear.0293.jpg | Prob: 0.0000 | Threshold: 0.6000
2025-02-25 06:22:54 - Arquivo: nonclear.0294.jpg | Prob: 0.0000 | Threshold: 0.6000
2025-02-25 06:23:36 - Arquivo: nonclear.0295.jpg | Prob: 0.0002 | Threshold: 0.6000
2025-02-25 06:24:00 - Arquivo: nonclear.0296.jpg | Prob: 0.0000 | Threshold: 0.6000
2025-02-25 06:24:33 - Arquivo: nonclear.0297.jpg | Prob: 0.0004 | Threshold: 0.6000
2025-02-25 06:25:01 - Arquivo: nonclear.0298.jpg | Prob: 0.9664 | Threshold: 0.6000
2025-02-25 06:25:23 - Arquivo: nonclear.0299.jpg | Prob: 0.0001 | Threshold: 0.6000
2025-02-25 06:25:51 - Arquivo: nonclear.0300.jpg | Prob: 0.0000 | Threshold: 0.6000
2025-02-25 06:26:16 - Arquivo: nonclear.0301.jpg | Prob: 0.0000 | Threshold: 0.6000
2025-02-25 06:26:36 - Arquivo: nonclear.0302.jpg | Prob: 0.0108 | Threshold: 0.6000
2025-02-25 06:27:04 - Arquivo: nonclear.0303.jpg | Prob: 0.0000 | Threshold: 0.6000
2025-02-25 06:27:27 - Arquivo: nonclear.0304.jpg | Prob: 0.0206 | Threshold: 0.6000
2025-02-25 06:28:04 - Arquivo: nonclear.0305.jpg | Prob: 0.6440 | Threshold: 0.6000
2025-02-25 06:28:29 - Arquivo: nonclear.0306.jpg | Prob: 0.0081 | Threshold: 0.6000
2025-02-25 06:29:01 - Arquivo: nonclear.0307.jpg | Prob: 0.0000 | Threshold: 0.6000
2025-02-25 06:29:28 - Arquivo: nonclear.0308.jpg | Prob: 0.0177 | Threshold: 0.6000
2025-02-25 06:29:59 - Arquivo: nonclear.0309.jpg | Prob: 0.0008 | Threshold: 0.6000
2025-02-25 06:30:20 - Arquivo: nonclear.0310.jpg | Prob: 0.2070 | Threshold: 0.6000
2025-02-25 06:30:40 - Arquivo: nonclear.0311.jpg | Prob: 0.0344 | Threshold: 0.6000
2025-02-25 06:31:01 - Arquivo: nonclear.0312.jpg | Prob: 0.5778 | Threshold: 0.6000
2025-02-25 06:31:27 - Arquivo: nonclear.0313.jpg | Prob: 0.0000 | Threshold: 0.6000
2025-02-25 06:31:52 - Arquivo: nonclear.0314.jpg | Prob: 0.0001 | Threshold: 0.6000
2025-02-25 06:32:15 - Arquivo: nonclear.0315.jpg | Prob: 0.1258 | Threshold: 0.6000
2025-02-25 06:32:37 - Arquivo: nonclear.0316.jpg | Prob: 0.0217 | Threshold: 0.6000
2025-02-25 06:33:03 - Arquivo: nonclear.0317.jpg | Prob: 0.0006 | Threshold: 0.6000
2025-02-25 06:33:26 - Arquivo: nonclear.0318.jpg | Prob: 0.0196 | Threshold: 0.6000
2025-02-25 06:33:53 - Arquivo: nonclear.0319.jpg | Prob: 0.9786 | Threshold: 0.6000
2025-02-25 06:34:16 - Arquivo: nonclear.0320.jpg | Prob: 0.0079 | Threshold: 0.6000
2025-02-25 06:34:40 - Arquivo: nonclear.0321.jpg | Prob: 0.6505 | Threshold: 0.6000
2025-02-25 06:35:00 - Arquivo: nonclear.0322.jpg | Prob: 0.9808 | Threshold: 0.6000
2025-02-25 06:35:39 - Arquivo: nonclear.0323.jpg | Prob: 0.0024 | Threshold: 0.6000
2025-02-25 06:36:01 - Arquivo: nonclear.0324.jpg | Prob: 0.0182 | Threshold: 0.6000
2025-02-25 06:36:26 - Arquivo: nonclear.0325.jpg | Prob: 0.0008 | Threshold: 0.6000
2025-02-25 06:36:53 - Arquivo: nonclear.0326.jpg | Prob: 0.0000 | Threshold: 0.6000
2025-02-25 06:37:13 - Arquivo: nonclear.0327.jpg | Prob: 0.0000 | Threshold: 0.6000
2025-02-25 06:37:40 - Arquivo: nonclear.0328.jpg | Prob: 0.0000 | Threshold: 0.6000
2025-02-25 06:38:04 - Arquivo: nonclear.0329.jpg | Prob: 0.9951 | Threshold: 0.6000
2025-02-25 06:39:00 - Arquivo: nonclear.0330.jpg | Prob: 0.0078 | Threshold: 0.6000
2025-02-25 06:39:33 - Arquivo: nonclear.0331.jpeg | Prob: 0.0000 | Threshold: 0.6000
2025-02-25 06:39:55 - Arquivo: nonclear.0332.jpeg | Prob: 0.0000 | Threshold: 0.6000
2025-02-25 06:40:18 - Arquivo: nonclear.0333.jpeg | Prob: 0.0164 | Threshold: 0.6000
2025-02-25 06:40:40 - Arquivo: nonclear.0334.jpg | Prob: 0.0000 | Threshold: 0.6000
2025-02-25 06:40:59 - Arquivo: nonclear.0335.jpg | Prob: 0.0000 | Threshold: 0.6000
2025-02-25 06:41:20 - Arquivo: nonclear.0336.jpg | Prob: 0.0001 | Threshold: 0.6000
2025-02-25 06:41:45 - Arquivo: nonclear.0337.jpg | Prob: 0.0000 | Threshold: 0.6000
2025-02-25 06:42:06 - Arquivo: nonclear.0338.jpg | Prob: 0.0000 | Threshold: 0.6000
2025-02-25 06:42:26 - Arquivo: nonclear.0339.jpg | Prob: 0.0000 | Threshold: 0.6000
2025-02-25 06:43:21 - Arquivo: nonclear.0340.jpg | Prob: 0.0000 | Threshold: 0.6000
2025-02-25 06:43:42 - Arquivo: nonclear.0341.jpg | Prob: 0.0000 | Threshold: 0.6000
2025-02-25 06:44:08 - Arquivo: nonclear.0342.jpg | Prob: 0.2159 | Threshold: 0.6000
2025-02-25 06:45:09 - Arquivo: nonclear.0343.jpg | Prob: 0.0000 | Threshold: 0.6000
2025-02-25 06:45:34 - Arquivo: nonclear.0344.jpg | Prob: 0.9954 | Threshold: 0.6000
2025-02-25 06:45:57 - Arquivo: nonclear.0345.jpg | Prob: 0.0000 | Threshold: 0.6000
2025-02-25 06:46:35 - Arquivo: nonclear.0346.jpg | Prob: 0.0000 | Threshold: 0.6000
2025-02-25 06:46:56 - Arquivo: nonclear.0347.jpg | Prob: 0.0000 | Threshold: 0.6000
2025-02-25 06:47:22 - Arquivo: nonclear.0348.jpg | Prob: 0.0000 | Threshold: 0.6000
2025-02-25 06:48:07 - Arquivo: nonclear.0349.jpg | Prob: 0.0000 | Threshold: 0.6000
2025-02-25 06:48:28 - Arquivo: nonclear.0350.jpg | Prob: 0.0000 | Threshold: 0.6000
2025-02-25 06:49:14 - Arquivo: nonclear.0351.jpg | Prob: 0.0018 | Threshold: 0.6000
2025-02-25 06:49:38 - Arquivo: nonclear.0352.jpg | Prob: 0.9914 | Threshold: 0.6000
2025-02-25 06:50:09 - Arquivo: nonclear.0353.jpg | Prob: 0.0000 | Threshold: 0.6000
2025-02-25 06:50:31 - Arquivo: nonclear.0354.jpg | Prob: 0.0025 | Threshold: 0.6000
2025-02-25 06:50:55 - Arquivo: nonclear.0355.jpg | Prob: 0.0004 | Threshold: 0.6000
2025-02-25 06:51:22 - Arquivo: nonclear.0356.jpg | Prob: 0.0008 | Threshold: 0.6000
2025-02-25 06:51:49 - Arquivo: nonclear.0357.jpg | Prob: 0.6142 | Threshold: 0.6000
2025-02-25 06:52:25 - Arquivo: nonclear.0358.jpg | Prob: 0.0001 | Threshold: 0.6000
2025-02-25 06:52:51 - Arquivo: nonclear.0359.jpg | Prob: 0.0001 | Threshold: 0.6000
2025-02-25 06:53:15 - Arquivo: nonclear.0360.jpg | Prob: 0.0003 | Threshold: 0.6000
2025-02-25 06:53:48 - Arquivo: nonclear.0361.jpg | Prob: 0.0000 | Threshold: 0.6000
2025-02-25 06:54:08 - Arquivo: nonclear.0362.jpg | Prob: 0.0000 | Threshold: 0.6000
2025-02-25 06:54:30 - Arquivo: nonclear.0363.jpg | Prob: 0.0000 | Threshold: 0.6000
2025-02-25 06:55:07 - Arquivo: nonclear.0364.jpg | Prob: 0.0000 | Threshold: 0.6000
2025-02-25 06:55:30 - Arquivo: nonclear.0365.jpg | Prob: 0.0000 | Threshold: 0.6000
2025-02-25 06:55:50 - Arquivo: nonclear.0366.jpg | Prob: 0.0621 | Threshold: 0.6000
2025-02-25 06:56:11 - Arquivo: nonclear.0367.jpg | Prob: 0.9984 | Threshold: 0.6000
2025-02-25 06:56:50 - Arquivo: nonclear.0368.jpg | Prob: 0.0007 | Threshold: 0.6000
2025-02-25 06:57:12 - Arquivo: nonclear.0369.jpg | Prob: 0.0044 | Threshold: 0.6000
2025-02-25 06:57:33 - Arquivo: nonclear.0370.jpg | Prob: 0.0054 | Threshold: 0.6000
2025-02-25 06:57:58 - Arquivo: nonclear.0371.jpg | Prob: 0.0034 | Threshold: 0.6000
2025-02-25 06:58:32 - Arquivo: nonclear.0372.jpg | Prob: 0.0000 | Threshold: 0.6000
2025-02-25 06:58:55 - Arquivo: nonclear.0373.jpg | Prob: 0.0000 | Threshold: 0.6000
2025-02-25 06:59:47 - Arquivo: nonclear.0374.jpg | Prob: 0.0000 | Threshold: 0.6000
2025-02-25 07:00:08 - Arquivo: nonclear.0375.jpg | Prob: 0.0001 | Threshold: 0.6000
2025-02-25 07:00:37 - Arquivo: nonclear.0376.jpg | Prob: 0.0002 | Threshold: 0.6000
2025-02-25 07:01:07 - Arquivo: nonclear.0377.jpg | Prob: 0.0000 | Threshold: 0.6000
2025-02-25 07:01:29 - Arquivo: nonclear.0378.jpg | Prob: 0.0002 | Threshold: 0.6000
2025-02-25 07:01:52 - Arquivo: nonclear.0379.jpg | Prob: 0.0000 | Threshold: 0.6000
2025-02-25 07:02:25 - Arquivo: nonclear.0380.jpg | Prob: 0.0000 | Threshold: 0.6000
2025-02-25 07:02:45 - Arquivo: nonclear.0381.jpg | Prob: 0.0002 | Threshold: 0.6000
2025-02-25 07:03:06 - Arquivo: nonclear.0382.jpg | Prob: 0.0001 | Threshold: 0.6000
2025-02-25 07:03:29 - Arquivo: nonclear.0383.jpg | Prob: 0.0001 | Threshold: 0.6000
2025-02-25 07:03:52 - Arquivo: nonclear.0384.jpg | Prob: 0.0448 | Threshold: 0.6000
2025-02-25 07:04:27 - Arquivo: nonclear.0385.jpg | Prob: 0.9849 | Threshold: 0.6000
2025-02-25 07:04:51 - Arquivo: nonclear.0386.jpg | Prob: 0.0000 | Threshold: 0.6000
2025-02-25 07:05:13 - Arquivo: nonclear.0387.jpg | Prob: 0.0000 | Threshold: 0.6000
2025-02-25 07:05:36 - Arquivo: nonclear.0388.jpg | Prob: 0.0032 | Threshold: 0.6000
2025-02-25 07:06:11 - Arquivo: nonclear.0389.jpg | Prob: 0.0000 | Threshold: 0.6000
2025-02-25 07:06:35 - Arquivo: nonclear.0390.jpg | Prob: 0.0000 | Threshold: 0.6000
2025-02-25 07:07:02 - Arquivo: nonclear.0391.jpg | Prob: 0.0000 | Threshold: 0.6000
2025-02-25 07:07:25 - Arquivo: nonclear.0392.jpg | Prob: 0.0000 | Threshold: 0.6000
2025-02-25 07:08:00 - Arquivo: nonclear.0393.jpg | Prob: 0.0000 | Threshold: 0.6000
2025-02-25 07:08:22 - Arquivo: nonclear.0394.jpg | Prob: 0.0000 | Threshold: 0.6000
2025-02-25 07:08:48 - Arquivo: nonclear.0395.jpg | Prob: 0.0001 | Threshold: 0.6000
2025-02-25 07:09:13 - Arquivo: nonclear.0396.jpg | Prob: 0.0057 | Threshold: 0.6000
2025-02-25 07:09:38 - Arquivo: nonclear.0397.jpg | Prob: 0.0000 | Threshold: 0.6000
2025-02-25 07:10:02 - Arquivo: nonclear.0398.jpg | Prob: 0.0000 | Threshold: 0.6000
2025-02-25 07:10:34 - Arquivo: nonclear.0399.jpg | Prob: 0.0003 | Threshold: 0.6000
2025-02-25 07:10:57 - Arquivo: nonclear.0400.jpg | Prob: 0.0000 | Threshold: 0.6000
2025-02-25 07:11:21 - Arquivo: nonclear.0401.jpg | Prob: 0.4137 | Threshold: 0.6000
2025-02-25 07:11:46 - Arquivo: nonclear.0402.jpg | Prob: 0.0000 | Threshold: 0.6000
2025-02-25 07:12:26 - Arquivo: nonclear.0403.jpg | Prob: 0.0000 | Threshold: 0.6000
2025-02-25 07:12:49 - Arquivo: nonclear.0404.jpg | Prob: 0.1066 | Threshold: 0.6000
2025-02-25 07:13:28 - Arquivo: nonclear.0405.jpg | Prob: 0.0000 | Threshold: 0.6000
2025-02-25 07:13:50 - Arquivo: nonclear.0406.jpg | Prob: 0.0002 | Threshold: 0.6000
2025-02-25 07:14:17 - Arquivo: nonclear.0407.jpg | Prob: 0.0000 | Threshold: 0.6000
2025-02-25 07:14:39 - Arquivo: nonclear.0408.jpg | Prob: 0.0000 | Threshold: 0.6000
2025-02-25 07:15:03 - Arquivo: nonclear.0409.jpg | Prob: 0.0000 | Threshold: 0.6000
2025-02-25 07:15:31 - Arquivo: nonclear.0410.jpg | Prob: 0.0001 | Threshold: 0.6000
2025-02-25 07:16:23 - Arquivo: nonclear.0411.jpg | Prob: 0.0000 | Threshold: 0.6000
2025-02-25 07:16:45 - Arquivo: nonclear.0412.jpg | Prob: 0.0000 | Threshold: 0.6000
2025-02-25 07:17:36 - Arquivo: nonclear.0413.jpg | Prob: 0.0000 | Threshold: 0.6000
2025-02-25 07:18:09 - Arquivo: nonclear.0414.jpg | Prob: 0.0000 | Threshold: 0.6000
2025-02-25 07:18:33 - Arquivo: nonclear.0415.jpg | Prob: 0.0000 | Threshold: 0.6000
2025-02-25 07:18:57 - Arquivo: nonclear.0416.jpg | Prob: 0.9731 | Threshold: 0.6000
2025-02-25 07:19:33 - Arquivo: nonclear.0417.jpg | Prob: 0.0000 | Threshold: 0.6000
2025-02-25 07:20:04 - Arquivo: nonclear.0418.jpg | Prob: 0.0000 | Threshold: 0.6000
2025-02-25 07:20:40 - Arquivo: nonclear.0419.jpg | Prob: 0.0000 | Threshold: 0.6000
2025-02-25 07:21:04 - Arquivo: nonclear.0420.jpg | Prob: 0.0000 | Threshold: 0.6000
2025-02-25 07:21:29 - Arquivo: nonclear.0421.jpg | Prob: 0.0000 | Threshold: 0.6000
2025-02-25 07:21:50 - Arquivo: nonclear.0422.jpg | Prob: 0.0000 | Threshold: 0.6000
2025-02-25 07:22:14 - Arquivo: nonclear.0423.jpg | Prob: 0.0000 | Threshold: 0.6000
2025-02-25 07:23:02 - Arquivo: nonclear.0424.jpg | Prob: 0.0000 | Threshold: 0.6000
2025-02-25 07:23:26 - Arquivo: nonclear.0425.jpg | Prob: 0.0000 | Threshold: 0.6000
2025-02-25 07:23:48 - Arquivo: nonclear.0426.jpg | Prob: 0.0010 | Threshold: 0.6000
2025-02-25 07:24:13 - Arquivo: nonclear.0427.jpg | Prob: 0.0000 | Threshold: 0.6000
2025-02-25 07:24:35 - Arquivo: nonclear.0428.jpg | Prob: 0.0000 | Threshold: 0.6000
2025-02-25 07:25:07 - Arquivo: nonclear.0429.jpg | Prob: 0.0000 | Threshold: 0.6000
2025-02-25 07:25:30 - Arquivo: nonclear.0430.jpg | Prob: 0.5249 | Threshold: 0.6000
2025-02-25 07:25:54 - Arquivo: nonclear.0431.jpg | Prob: 0.2585 | Threshold: 0.6000
2025-02-25 07:26:24 - Arquivo: nonclear.0432.jpg | Prob: 0.0002 | Threshold: 0.6000
2025-02-25 07:26:47 - Arquivo: nonclear.0433.jpg | Prob: 0.0000 | Threshold: 0.6000
2025-02-25 07:27:07 - Arquivo: nonclear.0434.jpg | Prob: 0.0000 | Threshold: 0.6000
2025-02-25 07:27:45 - Arquivo: nonclear.0435.jpg | Prob: 0.0000 | Threshold: 0.6000
2025-02-25 07:28:09 - Arquivo: nonclear.0436.jpg | Prob: 0.0000 | Threshold: 0.6000
2025-02-25 07:28:32 - Arquivo: nonclear.0437.jpg | Prob: 0.0569 | Threshold: 0.6000
2025-02-25 07:28:57 - Arquivo: nonclear.0438.jpg | Prob: 0.0001 | Threshold: 0.6000
2025-02-25 07:29:19 - Arquivo: nonclear.0439.jpg | Prob: 0.0000 | Threshold: 0.6000
2025-02-25 07:29:41 - Arquivo: nonclear.0440.jpg | Prob: 0.0000 | Threshold: 0.6000
2025-02-25 07:30:10 - Arquivo: nonclear.0441.jpg | Prob: 0.0000 | Threshold: 0.6000
2025-02-25 07:30:34 - Arquivo: nonclear.0442.jpg | Prob: 0.0000 | Threshold: 0.6000
2025-02-25 07:31:04 - Arquivo: nonclear.0443.jpg | Prob: 0.0005 | Threshold: 0.6000
2025-02-25 07:31:28 - Arquivo: nonclear.0444.jpg | Prob: 0.0002 | Threshold: 0.6000
2025-02-25 07:31:50 - Arquivo: nonclear.0445.jpg | Prob: 0.0000 | Threshold: 0.6000
2025-02-25 07:32:12 - Arquivo: nonclear.0446.jpg | Prob: 0.0000 | Threshold: 0.6000
2025-02-25 07:32:35 - Arquivo: nonclear.0447.jpg | Prob: 0.0000 | Threshold: 0.6000
2025-02-25 07:32:56 - Arquivo: nonclear.0448.jpg | Prob: 0.0000 | Threshold: 0.6000
2025-02-25 07:33:17 - Arquivo: nonclear.0449.jpg | Prob: 0.0000 | Threshold: 0.6000
2025-02-25 07:33:40 - Arquivo: nonclear.0450.jpg | Prob: 0.0001 | Threshold: 0.6000
2025-02-25 07:34:02 - Arquivo: nonclear.0451.jpg | Prob: 0.0000 | Threshold: 0.6000
2025-02-25 07:34:25 - Arquivo: nonclear.0452.jpg | Prob: 0.0000 | Threshold: 0.6000
2025-02-25 07:34:58 - Arquivo: nonclear.0453.jpg | Prob: 0.1339 | Threshold: 0.6000
2025-02-25 07:35:23 - Arquivo: nonclear.0454.jpg | Prob: 0.0000 | Threshold: 0.6000
2025-02-25 07:35:57 - Arquivo: nonclear.0455.jpg | Prob: 0.0000 | Threshold: 0.6000
2025-02-25 07:36:21 - Arquivo: nonclear.0456.jpg | Prob: 0.4659 | Threshold: 0.6000
2025-02-25 07:36:46 - Arquivo: nonclear.0457.jpg | Prob: 0.0001 | Threshold: 0.6000
2025-02-25 07:37:08 - Arquivo: nonclear.0458.jpg | Prob: 0.0000 | Threshold: 0.6000
2025-02-25 07:37:32 - Arquivo: nonclear.0459.jpg | Prob: 0.0000 | Threshold: 0.6000
2025-02-25 07:37:55 - Arquivo: nonclear.0460.jpg | Prob: 0.0000 | Threshold: 0.6000
2025-02-25 07:38:23 - Arquivo: nonclear.0461.jpg | Prob: 0.0000 | Threshold: 0.6000
2025-02-25 07:38:47 - Arquivo: nonclear.0462.jpg | Prob: 0.0000 | Threshold: 0.6000
2025-02-25 07:39:11 - Arquivo: nonclear.0463.jpg | Prob: 0.0000 | Threshold: 0.6000
2025-02-25 07:39:35 - Arquivo: nonclear.0464.jpg | Prob: 0.0001 | Threshold: 0.6000
2025-02-25 07:39:59 - Arquivo: nonclear.0465.jpg | Prob: 0.0000 | Threshold: 0.6000
2025-02-25 07:40:24 - Arquivo: nonclear.0466.jpg | Prob: 0.0000 | Threshold: 0.6000
2025-02-25 07:40:47 - Arquivo: nonclear.0467.jpg | Prob: 0.0000 | Threshold: 0.6000
2025-02-25 07:41:10 - Arquivo: nonclear.0468.jpg | Prob: 0.0000 | Threshold: 0.6000
2025-02-25 07:41:42 - Arquivo: nonclear.0469.jpg | Prob: 0.0000 | Threshold: 0.6000
2025-02-25 07:42:04 - Arquivo: nonclear.0470.jpg | Prob: 0.0000 | Threshold: 0.6000
2025-02-25 07:42:25 - Arquivo: nonclear.0471.jpg | Prob: 0.9788 | Threshold: 0.6000
2025-02-25 07:43:21 - Arquivo: nonclear.0472.jpg | Prob: 0.0000 | Threshold: 0.6000
2025-02-25 07:43:44 - Arquivo: nonclear.0473.jpg | Prob: 0.0001 | Threshold: 0.6000
2025-02-25 07:44:06 - Arquivo: nonclear.0474.jpg | Prob: 0.0000 | Threshold: 0.6000
2025-02-25 07:44:29 - Arquivo: nonclear.0475.jpg | Prob: 0.0000 | Threshold: 0.6000
2025-02-25 07:45:05 - Arquivo: nonclear.0476.jpg | Prob: 0.0000 | Threshold: 0.6000
2025-02-25 07:45:29 - Arquivo: nonclear.0477.jpg | Prob: 0.0000 | Threshold: 0.6000
2025-02-25 07:45:53 - Arquivo: nonclear.0478.jpg | Prob: 0.0000 | Threshold: 0.6000
2025-02-25 07:46:23 - Arquivo: nonclear.0479.jpg | Prob: 0.0000 | Threshold: 0.6000
2025-02-25 07:46:48 - Arquivo: nonclear.0480.jpg | Prob: 0.0001 | Threshold: 0.6000
2025-02-25 07:47:10 - Arquivo: nonclear.0481.jpg | Prob: 0.0000 | Threshold: 0.6000
2025-02-25 07:47:32 - Arquivo: nonclear.0482.jpg | Prob: 0.0000 | Threshold: 0.6000
2025-02-25 07:47:54 - Arquivo: nonclear.0483.jpg | Prob: 0.0000 | Threshold: 0.6000
2025-02-25 07:48:17 - Arquivo: nonclear.0484.jpg | Prob: 0.0000 | Threshold: 0.6000
2025-02-25 07:48:40 - Arquivo: nonclear.0485.jpg | Prob: 0.0008 | Threshold: 0.6000
2025-02-25 07:49:01 - Arquivo: nonclear.0486.jpg | Prob: 0.0000 | Threshold: 0.6000
2025-02-25 07:49:24 - Arquivo: nonclear.0487.jpg | Prob: 0.0000 | Threshold: 0.6000
2025-02-25 07:50:10 - Arquivo: nonclear.0488.jpg | Prob: 0.0000 | Threshold: 0.6000
2025-02-25 07:50:36 - Arquivo: nonclear.0489.jpg | Prob: 0.0000 | Threshold: 0.6000
2025-02-25 07:50:58 - Arquivo: nonclear.0490.jpg | Prob: 0.0000 | Threshold: 0.6000
2025-02-25 07:51:25 - Arquivo: nonclear.0491.jpg | Prob: 0.0000 | Threshold: 0.6000
2025-02-25 07:51:48 - Arquivo: nonclear.0492.jpg | Prob: 0.0002 | Threshold: 0.6000
2025-02-25 07:52:09 - Arquivo: nonclear.0493.jpg | Prob: 0.0000 | Threshold: 0.6000
2025-02-25 07:52:31 - Arquivo: nonclear.0494.jpg | Prob: 0.0644 | Threshold: 0.6000
2025-02-25 07:52:55 - Arquivo: nonclear.0495.jpg | Prob: 0.0000 | Threshold: 0.6000
2025-02-25 07:53:18 - Arquivo: nonclear.0496.jpg | Prob: 0.0000 | Threshold: 0.6000
2025-02-25 07:53:40 - Arquivo: nonclear.0497.jpg | Prob: 0.0000 | Threshold: 0.6000
2025-02-25 07:54:02 - Arquivo: nonclear.0498.jpg | Prob: 0.0000 | Threshold: 0.6000
2025-02-25 07:54:23 - Arquivo: nonclear.0499.jpg | Prob: 0.0001 | Threshold: 0.6000
2025-02-25 07:54:45 - Arquivo: nonclear.0500.jpg | Prob: 0.0000 | Threshold: 0.6000
2025-02-25 07:55:15 - Arquivo: nonclear.0501.jpg | Prob: 0.0000 | Threshold: 0.6000
2025-02-25 07:55:37 - Arquivo: nonclear.0502.jpg | Prob: 0.0000 | Threshold: 0.6000
2025-02-25 07:55:58 - Arquivo: nonclear.0503.jpg | Prob: 0.0094 | Threshold: 0.6000
2025-02-25 07:56:19 - Arquivo: nonclear.0504.jpg | Prob: 0.0000 | Threshold: 0.6000
2025-02-25 07:57:02 - Arquivo: nonclear.0505.jpg | Prob: 0.0000 | Threshold: 0.6000
2025-02-25 07:57:24 - Arquivo: nonclear.0506.jpg | Prob: 0.0000 | Threshold: 0.6000
2025-02-25 07:57:49 - Arquivo: nonclear.0507.jpg | Prob: 0.0000 | Threshold: 0.6000
2025-02-25 07:58:17 - Arquivo: nonclear.0508.jpg | Prob: 0.0002 | Threshold: 0.6000
2025-02-25 07:58:51 - Arquivo: nonclear.0509.jpg | Prob: 0.0016 | Threshold: 0.6000
2025-02-25 07:59:11 - Arquivo: nonclear.0510.jpg | Prob: 0.0000 | Threshold: 0.6000
2025-02-25 07:59:32 - Arquivo: nonclear.0511.jpg | Prob: 0.0000 | Threshold: 0.6000
2025-02-25 08:00:05 - Arquivo: nonclear.0512.jpg | Prob: 0.0000 | Threshold: 0.6000
2025-02-25 08:00:28 - Arquivo: nonclear.0513.jpg | Prob: 0.0001 | Threshold: 0.6000
2025-02-25 08:00:56 - Arquivo: nonclear.0514.jpg | Prob: 0.0000 | Threshold: 0.6000
2025-02-25 08:01:18 - Arquivo: nonclear.0515.jpg | Prob: 0.0000 | Threshold: 0.6000
2025-02-25 08:01:41 - Arquivo: nonclear.0516.jpg | Prob: 0.0000 | Threshold: 0.6000
2025-02-25 08:02:11 - Arquivo: nonclear.0517.jpg | Prob: 0.0000 | Threshold: 0.6000
2025-02-25 08:02:33 - Arquivo: nonclear.0518.jpg | Prob: 0.0137 | Threshold: 0.6000
2025-02-25 08:02:58 - Arquivo: nonclear.0519.jpg | Prob: 0.0180 | Threshold: 0.6000
2025-02-25 08:03:38 - Arquivo: nonclear.0520.jpg | Prob: 0.0000 | Threshold: 0.6000
2025-02-25 08:04:24 - Arquivo: nonclear.0521.jpg | Prob: 0.0054 | Threshold: 0.6000
2025-02-25 08:04:50 - Arquivo: nonclear.0522.jpg | Prob: 0.0001 | Threshold: 0.6000
2025-02-25 08:05:14 - Arquivo: nonclear.0523.jpg | Prob: 0.0000 | Threshold: 0.6000
2025-02-25 08:05:37 - Arquivo: nonclear.0524.jpg | Prob: 0.0000 | Threshold: 0.6000
2025-02-25 08:06:03 - Arquivo: nonclear.0525.jpg | Prob: 0.0000 | Threshold: 0.6000
2025-02-25 08:06:26 - Arquivo: nonclear.0526.jpg | Prob: 0.0229 | Threshold: 0.6000
2025-02-25 08:06:48 - Arquivo: nonclear.0527.jpg | Prob: 0.0002 | Threshold: 0.6000
2025-02-25 08:07:08 - Arquivo: nonclear.0528.jpg | Prob: 0.0061 | Threshold: 0.6000
2025-02-25 08:07:45 - Arquivo: nonclear.0529.jpg | Prob: 0.0000 | Threshold: 0.6000
2025-02-25 08:08:13 - Arquivo: nonclear.0530.jpg | Prob: 0.0000 | Threshold: 0.6000
2025-02-25 08:08:42 - Arquivo: nonclear.0531.jpg | Prob: 0.0000 | Threshold: 0.6000
2025-02-25 08:09:04 - Arquivo: nonclear.0532.jpg | Prob: 0.0000 | Threshold: 0.6000
2025-02-25 08:09:27 - Arquivo: nonclear.0533.jpg | Prob: 0.0000 | Threshold: 0.6000
2025-02-25 08:09:56 - Arquivo: nonclear.0534.jpg | Prob: 0.0000 | Threshold: 0.6000
2025-02-25 08:10:17 - Arquivo: nonclear.0535.jpg | Prob: 0.0002 | Threshold: 0.6000
2025-02-25 08:10:49 - Arquivo: nonclear.0536.jpg | Prob: 0.0003 | Threshold: 0.6000
2025-02-25 08:11:11 - Arquivo: nonclear.0537.jpg | Prob: 0.0002 | Threshold: 0.6000
2025-02-25 08:11:34 - Arquivo: nonclear.0538.jpg | Prob: 0.0000 | Threshold: 0.6000
2025-02-25 08:11:58 - Arquivo: nonclear.0539.jpg | Prob: 0.0001 | Threshold: 0.6000
2025-02-25 08:12:24 - Arquivo: nonclear.0540.jpg | Prob: 0.0000 | Threshold: 0.6000
2025-02-25 08:12:45 - Arquivo: nonclear.0541.jpg | Prob: 0.0097 | Threshold: 0.6000
2025-02-25 08:13:06 - Arquivo: nonclear.0542.jpg | Prob: 0.0000 | Threshold: 0.6000
2025-02-25 08:13:42 - Arquivo: nonclear.0543.jpg | Prob: 0.1169 | Threshold: 0.6000
2025-02-25 08:14:08 - Arquivo: nonclear.0544.jpg | Prob: 0.0025 | Threshold: 0.6000
2025-02-25 08:14:54 - Arquivo: nonclear.0545.jpg | Prob: 0.9409 | Threshold: 0.6000
2025-02-25 08:15:16 - Arquivo: nonclear.0546.jpg | Prob: 0.0000 | Threshold: 0.6000
2025-02-25 08:15:41 - Arquivo: nonclear.0547.jpg | Prob: 0.0000 | Threshold: 0.6000
2025-02-25 08:16:04 - Arquivo: nonclear.0548.jpg | Prob: 0.0000 | Threshold: 0.6000
2025-02-25 08:16:26 - Arquivo: nonclear.0549.jpg | Prob: 0.0000 | Threshold: 0.6000
2025-02-25 08:16:47 - Arquivo: nonclear.0550.jpg | Prob: 0.0000 | Threshold: 0.6000
2025-02-25 08:17:10 - Arquivo: nonclear.0551.jpg | Prob: 0.0000 | Threshold: 0.6000
2025-02-25 08:17:34 - Arquivo: nonclear.0552.jpg | Prob: 0.0000 | Threshold: 0.6000
2025-02-25 08:18:00 - Arquivo: nonclear.0553.jpg | Prob: 0.0000 | Threshold: 0.6000
2025-02-25 08:18:24 - Arquivo: nonclear.0554.jpg | Prob: 0.0000 | Threshold: 0.6000
2025-02-25 08:18:45 - Arquivo: nonclear.0555.jpg | Prob: 0.0009 | Threshold: 0.6000
2025-02-25 08:19:07 - Arquivo: nonclear.0556.jpg | Prob: 0.0008 | Threshold: 0.6000
2025-02-25 08:19:28 - Arquivo: nonclear.0557.jpg | Prob: 0.0056 | Threshold: 0.6000
2025-02-25 08:19:49 - Arquivo: nonclear.0558.jpg | Prob: 0.0000 | Threshold: 0.6000
2025-02-25 08:20:14 - Arquivo: nonclear.0559.jpg | Prob: 0.0000 | Threshold: 0.6000
2025-02-25 08:20:39 - Arquivo: nonclear.0560.jpg | Prob: 0.0000 | Threshold: 0.6000
2025-02-25 08:21:03 - Arquivo: nonclear.0561.jpg | Prob: 0.9518 | Threshold: 0.6000
2025-02-25 08:21:35 - Arquivo: nonclear.0562.jpg | Prob: 0.0000 | Threshold: 0.6000
2025-02-25 08:22:03 - Arquivo: nonclear.0563.jpg | Prob: 0.1381 | Threshold: 0.6000
2025-02-25 08:22:26 - Arquivo: nonclear.0564.jpg | Prob: 0.0000 | Threshold: 0.6000
2025-02-25 08:22:49 - Arquivo: nonclear.0565.jpg | Prob: 0.0000 | Threshold: 0.6000
2025-02-25 08:23:13 - Arquivo: nonclear.0566.jpg | Prob: 0.0000 | Threshold: 0.6000
2025-02-25 08:23:35 - Arquivo: nonclear.0567.jpg | Prob: 0.0020 | Threshold: 0.6000
2025-02-25 08:24:01 - Arquivo: nonclear.0568.jpg | Prob: 0.1268 | Threshold: 0.6000
2025-02-25 08:24:35 - Arquivo: nonclear.0569.jpg | Prob: 0.0000 | Threshold: 0.6000
2025-02-25 08:25:07 - Arquivo: nonclear.0570.jpg | Prob: 0.0000 | Threshold: 0.6000
2025-02-25 08:25:35 - Arquivo: nonclear.0571.jpg | Prob: 0.0001 | Threshold: 0.6000
2025-02-25 08:26:17 - Arquivo: nonclear.0572.jpg | Prob: 0.0000 | Threshold: 0.6000
2025-02-25 08:26:44 - Arquivo: nonclear.0573.jpg | Prob: 0.8948 | Threshold: 0.6000
2025-02-25 08:27:16 - Arquivo: nonclear.0574.jpg | Prob: 0.0001 | Threshold: 0.6000
2025-02-25 08:27:40 - Arquivo: nonclear.0575.jpg | Prob: 0.0273 | Threshold: 0.6000
2025-02-25 08:28:03 - Arquivo: nonclear.0576.jpg | Prob: 0.0000 | Threshold: 0.6000
2025-02-25 08:28:25 - Arquivo: nonclear.0577.jpg | Prob: 0.0000 | Threshold: 0.6000
2025-02-25 08:28:47 - Arquivo: nonclear.0578.jpg | Prob: 0.0000 | Threshold: 0.6000
2025-02-25 08:29:10 - Arquivo: nonclear.0579.jpg | Prob: 0.0000 | Threshold: 0.6000
2025-02-25 08:29:34 - Arquivo: nonclear.0580.jpg | Prob: 0.0210 | Threshold: 0.6000
2025-02-25 08:29:57 - Arquivo: nonclear.0581.jpg | Prob: 0.0000 | Threshold: 0.6000
2025-02-25 08:30:21 - Arquivo: nonclear.0582.jpg | Prob: 0.0000 | Threshold: 0.6000
2025-02-25 08:30:43 - Arquivo: nonclear.0583.jpg | Prob: 0.0000 | Threshold: 0.6000
2025-02-25 08:31:11 - Arquivo: nonclear.0584.jpg | Prob: 0.0000 | Threshold: 0.6000
2025-02-25 08:31:34 - Arquivo: nonclear.0585.jpg | Prob: 0.0000 | Threshold: 0.6000
2025-02-25 08:31:58 - Arquivo: nonclear.0586.jpg | Prob: 0.0000 | Threshold: 0.6000
2025-02-25 08:32:20 - Arquivo: nonclear.0587.jpg | Prob: 0.0000 | Threshold: 0.6000
2025-02-25 08:32:42 - Arquivo: nonclear.0588.jpg | Prob: 0.0000 | Threshold: 0.6000
2025-02-25 08:33:05 - Arquivo: nonclear.0589.jpg | Prob: 0.0000 | Threshold: 0.6000
2025-02-25 08:33:42 - Arquivo: nonclear.0590.jpg | Prob: 0.0000 | Threshold: 0.6000
2025-02-25 08:34:07 - Arquivo: nonclear.0591.jpg | Prob: 0.0000 | Threshold: 0.6000
2025-02-25 08:34:34 - Arquivo: nonclear.0592.jpg | Prob: 0.0000 | Threshold: 0.6000
2025-02-25 08:34:55 - Arquivo: nonclear.0593.jpg | Prob: 0.0000 | Threshold: 0.6000
2025-02-25 08:35:18 - Arquivo: nonclear.0594.jpg | Prob: 0.0000 | Threshold: 0.6000
2025-02-25 08:35:40 - Arquivo: nonclear.0595.jpg | Prob: 0.0000 | Threshold: 0.6000
2025-02-25 08:36:16 - Arquivo: nonclear.0596.jpg | Prob: 0.0027 | Threshold: 0.6000
2025-02-25 08:36:54 - Arquivo: nonclear.0597.jpg | Prob: 0.0003 | Threshold: 0.6000
2025-02-25 08:37:21 - Arquivo: nonclear.0598.jpg | Prob: 0.0011 | Threshold: 0.6000
2025-02-25 08:38:14 - Arquivo: nonclear.0599.jpg | Prob: 0.0000 | Threshold: 0.6000
2025-02-25 08:38:41 - Arquivo: nonclear.0600.jpg | Prob: 0.0000 | Threshold: 0.6000
2025-02-25 08:39:08 - Arquivo: nonclear.0601.jpg | Prob: 0.0000 | Threshold: 0.6000
2025-02-25 08:39:32 - Arquivo: nonclear.0602.jpg | Prob: 0.0005 | Threshold: 0.6000
2025-02-25 08:39:56 - Arquivo: nonclear.0603.jpg | Prob: 0.0000 | Threshold: 0.6000
2025-02-25 08:40:21 - Arquivo: nonclear.0604.jpg | Prob: 0.0000 | Threshold: 0.6000
2025-02-25 08:40:46 - Arquivo: nonclear.0605.jpg | Prob: 0.2965 | Threshold: 0.6000
2025-02-25 08:41:29 - Arquivo: nonclear.0606.jpg | Prob: 0.0000 | Threshold: 0.6000
2025-02-25 08:41:54 - Arquivo: nonclear.0607.jpg | Prob: 0.0000 | Threshold: 0.6000
2025-02-25 08:42:28 - Arquivo: nonclear.0608.jpg | Prob: 0.0000 | Threshold: 0.6000
2025-02-25 08:42:55 - Arquivo: nonclear.0609.jpg | Prob: 0.0000 | Threshold: 0.6000
2025-02-25 08:43:20 - Arquivo: nonclear.0610.jpg | Prob: 0.0005 | Threshold: 0.6000
2025-02-25 08:43:43 - Arquivo: nonclear.0611.jpg | Prob: 0.0001 | Threshold: 0.6000
2025-02-25 08:44:12 - Arquivo: nonclear.0612.jpg | Prob: 0.1753 | Threshold: 0.6000
2025-02-25 08:44:37 - Arquivo: nonclear.0613.jpg | Prob: 0.0000 | Threshold: 0.6000
2025-02-25 08:45:06 - Arquivo: nonclear.0614.jpg | Prob: 0.0000 | Threshold: 0.6000
2025-02-25 08:45:31 - Arquivo: nonclear.0615.jpg | Prob: 0.0000 | Threshold: 0.6000
2025-02-25 08:45:56 - Arquivo: nonclear.0616.jpg | Prob: 0.0000 | Threshold: 0.6000
2025-02-25 08:46:28 - Arquivo: nonclear.0617.jpg | Prob: 0.0012 | Threshold: 0.6000
2025-02-25 08:47:07 - Arquivo: nonclear.0618.jpg | Prob: 0.0000 | Threshold: 0.6000
2025-02-25 08:47:37 - Arquivo: nonclear.0619.jpg | Prob: 0.0010 | Threshold: 0.6000
2025-02-25 08:48:04 - Arquivo: nonclear.0620.jpg | Prob: 0.0000 | Threshold: 0.6000
2025-02-25 08:48:30 - Arquivo: nonclear.0621.jpg | Prob: 0.0000 | Threshold: 0.6000
2025-02-25 08:48:55 - Arquivo: nonclear.0622.jpg | Prob: 0.0002 | Threshold: 0.6000
2025-02-25 08:49:20 - Arquivo: nonclear.0623.jpg | Prob: 0.0003 | Threshold: 0.6000
2025-02-25 08:50:04 - Arquivo: nonclear.0624.jpg | Prob: 0.0000 | Threshold: 0.6000
2025-02-25 08:50:29 - Arquivo: nonclear.0625.jpg | Prob: 0.0002 | Threshold: 0.6000
2025-02-25 08:50:56 - Arquivo: nonclear.0626.jpg | Prob: 0.0005 | Threshold: 0.6000
2025-02-25 08:51:39 - Arquivo: nonclear.0627.jpg | Prob: 0.0000 | Threshold: 0.6000
2025-02-25 08:52:08 - Arquivo: nonclear.0628.jpg | Prob: 0.0000 | Threshold: 0.6000
2025-02-25 08:52:39 - Arquivo: nonclear.0629.jpg | Prob: 0.6043 | Threshold: 0.6000
2025-02-25 08:53:04 - Arquivo: nonclear.0630.jpg | Prob: 0.0000 | Threshold: 0.6000
2025-02-25 08:53:41 - Arquivo: nonclear.0631.jpg | Prob: 0.0000 | Threshold: 0.6000
2025-02-25 08:54:15 - Arquivo: nonclear.0632.jpg | Prob: 0.0000 | Threshold: 0.6000
2025-02-25 08:54:43 - Arquivo: nonclear.0633.jpg | Prob: 0.0000 | Threshold: 0.6000
2025-02-25 08:55:13 - Arquivo: nonclear.0634.jpg | Prob: 0.0002 | Threshold: 0.6000
2025-02-25 08:55:41 - Arquivo: nonclear.0635.jpg | Prob: 0.0142 | Threshold: 0.6000
2025-02-25 08:56:09 - Arquivo: nonclear.0636.jpg | Prob: 0.0000 | Threshold: 0.6000
2025-02-25 08:56:33 - Arquivo: nonclear.0637.jpg | Prob: 0.0000 | Threshold: 0.6000
2025-02-25 08:57:07 - Arquivo: nonclear.0638.jpg | Prob: 0.0000 | Threshold: 0.6000
2025-02-25 08:57:35 - Arquivo: nonclear.0639.jpg | Prob: 0.0000 | Threshold: 0.6000
2025-02-25 08:58:06 - Arquivo: nonclear.0640.jpg | Prob: 1.0000 | Threshold: 0.6000
2025-02-25 08:58:34 - Arquivo: nonclear.0641.jpg | Prob: 0.3696 | Threshold: 0.6000
2025-02-25 08:59:01 - Arquivo: nonclear.0642.jpg | Prob: 0.0000 | Threshold: 0.6000
2025-02-25 08:59:28 - Arquivo: nonclear.0643.jpg | Prob: 0.0000 | Threshold: 0.6000
2025-02-25 09:00:02 - Arquivo: nonclear.0644.jpg | Prob: 0.0000 | Threshold: 0.6000
2025-02-25 09:00:32 - Arquivo: nonclear.0645.jpg | Prob: 0.0000 | Threshold: 0.6000
2025-02-25 09:01:01 - Arquivo: nonclear.0646.jpg | Prob: 0.0007 | Threshold: 0.6000
2025-02-25 09:01:38 - Arquivo: nonclear.0647.jpg | Prob: 0.0000 | Threshold: 0.6000
2025-02-25 09:02:25 - Arquivo: nonclear.0648.jpg | Prob: 0.0000 | Threshold: 0.6000
2025-02-25 09:02:55 - Arquivo: nonclear.0649.jpg | Prob: 0.0000 | Threshold: 0.6000
2025-02-25 09:03:37 - Arquivo: nonclear.0650.jpg | Prob: 0.0007 | Threshold: 0.6000
2025-02-25 09:04:00 - Arquivo: nonclear.0651.jpg | Prob: 0.0000 | Threshold: 0.6000
2025-02-25 09:04:31 - Arquivo: nonclear.0652.jpg | Prob: 0.0001 | Threshold: 0.6000
2025-02-25 09:05:04 - Arquivo: nonclear.0653.jpg | Prob: 1.0000 | Threshold: 0.6000
2025-02-25 09:05:26 - Arquivo: nonclear.0654.jpg | Prob: 0.0003 | Threshold: 0.6000
2025-02-25 09:05:51 - Arquivo: nonclear.0655.jpg | Prob: 0.0001 | Threshold: 0.6000
2025-02-25 09:06:32 - Arquivo: nonclear.0656.jpg | Prob: 0.0001 | Threshold: 0.6000
2025-02-25 09:07:05 - Arquivo: nonclear.0657.jpg | Prob: 0.0000 | Threshold: 0.6000
2025-02-25 09:07:29 - Arquivo: nonclear.0658.jpg | Prob: 0.0002 | Threshold: 0.6000
2025-02-25 09:07:53 - Arquivo: nonclear.0659.jpg | Prob: 0.2455 | Threshold: 0.6000
2025-02-25 09:08:20 - Arquivo: nonclear.0660.jpg | Prob: 0.0000 | Threshold: 0.6000
2025-02-25 09:08:54 - Arquivo: nonclear.0661.jpg | Prob: 0.0000 | Threshold: 0.6000
2025-02-25 09:09:18 - Arquivo: nonclear.0662.jpg | Prob: 0.0000 | Threshold: 0.6000
2025-02-25 09:09:44 - Arquivo: nonclear.0663.jpg | Prob: 0.0000 | Threshold: 0.6000
2025-02-25 09:10:24 - Arquivo: nonclear.0664.jpg | Prob: 0.0000 | Threshold: 0.6000
2025-02-25 09:10:54 - Arquivo: nonclear.0665.jpg | Prob: 0.0000 | Threshold: 0.6000
2025-02-25 09:11:17 - Arquivo: nonclear.0666.jpg | Prob: 0.0000 | Threshold: 0.6000
2025-02-25 09:11:45 - Arquivo: nonclear.0667.jpg | Prob: 0.0002 | Threshold: 0.6000
2025-02-25 09:12:09 - Arquivo: nonclear.0668.jpg | Prob: 0.0021 | Threshold: 0.6000
2025-02-25 09:12:40 - Arquivo: nonclear.0669.jpg | Prob: 0.0000 | Threshold: 0.6000
2025-02-25 09:13:11 - Arquivo: nonclear.0670.jpg | Prob: 0.9964 | Threshold: 0.6000
2025-02-25 09:13:38 - Arquivo: nonclear.0671.jpg | Prob: 0.0000 | Threshold: 0.6000
2025-02-25 09:14:04 - Arquivo: nonclear.0672.jpg | Prob: 0.0000 | Threshold: 0.6000
2025-02-25 09:14:28 - Arquivo: nonclear.0673.jpg | Prob: 0.0000 | Threshold: 0.6000
2025-02-25 09:15:00 - Arquivo: nonclear.0674.jpg | Prob: 0.0000 | Threshold: 0.6000
2025-02-25 09:15:28 - Arquivo: nonclear.0675.jpg | Prob: 0.0000 | Threshold: 0.6000
2025-02-25 09:16:04 - Arquivo: nonclear.0676.jpg | Prob: 0.0000 | Threshold: 0.6000
2025-02-25 09:16:34 - Arquivo: nonclear.0677.jpg | Prob: 0.0000 | Threshold: 0.6000
2025-02-25 09:17:03 - Arquivo: nonclear.0678.jpg | Prob: 0.0183 | Threshold: 0.6000
2025-02-25 09:17:38 - Arquivo: nonclear.0679.jpg | Prob: 0.0000 | Threshold: 0.6000
2025-02-25 09:18:10 - Arquivo: nonclear.0680.jpg | Prob: 0.0001 | Threshold: 0.6000
2025-02-25 09:18:38 - Arquivo: nonclear.0681.jpg | Prob: 0.0003 | Threshold: 0.6000
2025-02-25 09:19:07 - Arquivo: nonclear.0682.jpg | Prob: 0.0000 | Threshold: 0.6000
2025-02-25 09:19:37 - Arquivo: nonclear.0683.jpg | Prob: 0.0000 | Threshold: 0.6000
2025-02-25 09:20:00 - Arquivo: nonclear.0684.jpg | Prob: 0.0000 | Threshold: 0.6000
2025-02-25 09:20:39 - Arquivo: nonclear.0685.jpg | Prob: 0.0000 | Threshold: 0.6000
2025-02-25 09:21:11 - Arquivo: nonclear.0686.jpg | Prob: 0.0000 | Threshold: 0.6000
2025-02-25 09:21:41 - Arquivo: nonclear.0687.jpg | Prob: 0.0497 | Threshold: 0.6000
2025-02-25 09:22:16 - Arquivo: nonclear.0688.jpg | Prob: 0.0020 | Threshold: 0.6000
2025-02-25 09:22:37 - Arquivo: nonclear.0689.jpg | Prob: 0.0000 | Threshold: 0.6000
2025-02-25 09:23:03 - Arquivo: nonclear.0690.jpg | Prob: 0.0000 | Threshold: 0.6000
2025-02-25 09:23:30 - Arquivo: nonclear.0691.jpg | Prob: 0.0000 | Threshold: 0.6000
2025-02-25 09:24:00 - Arquivo: nonclear.0692.jpg | Prob: 0.0000 | Threshold: 0.6000
2025-02-25 09:24:21 - Arquivo: nonclear.0693.jpg | Prob: 0.0000 | Threshold: 0.6000
2025-02-25 09:24:48 - Arquivo: nonclear.0694.jpg | Prob: 0.0000 | Threshold: 0.6000
2025-02-25 09:25:25 - Arquivo: nonclear.0695.jpg | Prob: 0.9999 | Threshold: 0.6000
2025-02-25 09:25:51 - Arquivo: nonclear.0696.jpg | Prob: 0.0001 | Threshold: 0.6000
2025-02-25 09:26:25 - Arquivo: nonclear.0697.jpg | Prob: 0.0000 | Threshold: 0.6000
2025-02-25 09:26:54 - Arquivo: nonclear.0698.jpg | Prob: 0.0000 | Threshold: 0.6000
2025-02-25 09:27:27 - Arquivo: nonclear.0699.jpg | Prob: 0.0000 | Threshold: 0.6000
2025-02-25 09:27:54 - Arquivo: nonclear.0700.jpg | Prob: 0.0021 | Threshold: 0.6000
2025-02-25 09:28:41 - Arquivo: nonclear.0701.jpg | Prob: 0.0360 | Threshold: 0.6000
2025-02-25 09:29:06 - Arquivo: nonclear.0702.jpg | Prob: 0.0000 | Threshold: 0.6000
2025-02-25 09:29:36 - Arquivo: nonclear.0703.jpg | Prob: 0.0000 | Threshold: 0.6000
2025-02-25 09:30:31 - Arquivo: nonclear.0704.jpg | Prob: 0.0000 | Threshold: 0.6000
2025-02-25 09:30:55 - Arquivo: nonclear.0705.jpg | Prob: 0.0000 | Threshold: 0.6000
2025-02-25 09:31:29 - Arquivo: nonclear.0706.jpg | Prob: 0.0002 | Threshold: 0.6000
2025-02-25 09:31:59 - Arquivo: nonclear.0707.jpg | Prob: 0.0000 | Threshold: 0.6000
2025-02-25 09:32:29 - Arquivo: nonclear.0708.jpg | Prob: 0.0000 | Threshold: 0.6000
2025-02-25 09:32:57 - Arquivo: nonclear.0709.jpg | Prob: 0.1905 | Threshold: 0.6000
2025-02-25 09:33:23 - Arquivo: nonclear.0710.jpg | Prob: 0.0000 | Threshold: 0.6000
2025-02-25 09:34:00 - Arquivo: nonclear.0711.jpg | Prob: 0.0000 | Threshold: 0.6000
2025-02-25 09:34:41 - Arquivo: nonclear.0712.jpg | Prob: 0.0000 | Threshold: 0.6000
2025-02-25 09:35:06 - Arquivo: nonclear.0713.jpg | Prob: 0.0000 | Threshold: 0.6000
2025-02-25 09:35:57 - Arquivo: nonclear.0714.jpg | Prob: 0.0000 | Threshold: 0.6000
2025-02-25 09:36:41 - Arquivo: nonclear.0715.jpg | Prob: 0.0000 | Threshold: 0.6000
2025-02-25 09:37:03 - Arquivo: nonclear.0716.jpg | Prob: 0.0000 | Threshold: 0.6000
2025-02-25 09:37:32 - Arquivo: nonclear.0717.jpg | Prob: 0.0000 | Threshold: 0.6000
2025-02-25 09:38:03 - Arquivo: nonclear.0718.jpg | Prob: 0.0000 | Threshold: 0.6000
2025-02-25 09:38:34 - Arquivo: nonclear.0719.jpg | Prob: 0.0005 | Threshold: 0.6000
2025-02-25 09:38:59 - Arquivo: nonclear.0720.jpg | Prob: 0.0000 | Threshold: 0.6000
2025-02-25 09:39:23 - Arquivo: nonclear.0721.jpg | Prob: 0.0000 | Threshold: 0.6000
2025-02-25 09:39:51 - Arquivo: nonclear.0722.jpg | Prob: 0.0000 | Threshold: 0.6000
2025-02-25 09:40:25 - Arquivo: nonclear.0723.jpg | Prob: 0.0000 | Threshold: 0.6000
2025-02-25 09:40:48 - Arquivo: nonclear.0724.jpg | Prob: 0.0000 | Threshold: 0.6000
2025-02-25 09:41:10 - Arquivo: nonclear.0725.jpg | Prob: 0.0000 | Threshold: 0.6000
2025-02-25 09:41:43 - Arquivo: nonclear.0726.jpg | Prob: 0.0000 | Threshold: 0.6000
2025-02-25 09:42:10 - Arquivo: nonclear.0727.jpg | Prob: 0.0000 | Threshold: 0.6000
2025-02-25 09:42:41 - Arquivo: nonclear.0728.jpg | Prob: 0.1640 | Threshold: 0.6000
2025-02-25 09:43:21 - Arquivo: nonclear.0729.jpg | Prob: 0.0097 | Threshold: 0.6000
2025-02-25 09:44:00 - Arquivo: nonclear.0730.jpg | Prob: 0.9986 | Threshold: 0.6000
2025-02-25 09:44:42 - Arquivo: nonclear.0731.jpg | Prob: 0.0000 | Threshold: 0.6000
2025-02-25 09:45:15 - Arquivo: nonclear.0732.jpg | Prob: 0.0000 | Threshold: 0.6000
2025-02-25 09:45:56 - Arquivo: nonclear.0733.jpg | Prob: 0.0000 | Threshold: 0.6000
2025-02-25 09:46:31 - Arquivo: nonclear.0734.jpg | Prob: 0.0000 | Threshold: 0.6000
2025-02-25 09:47:15 - Arquivo: nonclear.0735.jpg | Prob: 0.0000 | Threshold: 0.6000
2025-02-25 09:47:50 - Arquivo: nonclear.0736.jpg | Prob: 0.0000 | Threshold: 0.6000
2025-02-25 09:48:17 - Arquivo: nonclear.0737.jpg | Prob: 0.0000 | Threshold: 0.6000
2025-02-25 09:48:51 - Arquivo: nonclear.0738.jpg | Prob: 0.0000 | Threshold: 0.6000
2025-02-25 09:49:37 - Arquivo: nonclear.0739.jpg | Prob: 0.0000 | Threshold: 0.6000
2025-02-25 09:50:06 - Arquivo: nonclear.0740.jpg | Prob: 0.0009 | Threshold: 0.6000
2025-02-25 09:50:38 - Arquivo: nonclear.0741.jpg | Prob: 0.0003 | Threshold: 0.6000
2025-02-25 09:51:28 - Arquivo: nonclear.0742.jpg | Prob: 0.0461 | Threshold: 0.6000
2025-02-25 09:51:51 - Arquivo: nonclear.0743.jpg | Prob: 0.0000 | Threshold: 0.6000
2025-02-25 09:52:24 - Arquivo: nonclear.0744.jpg | Prob: 0.0000 | Threshold: 0.6000
2025-02-25 09:52:56 - Arquivo: nonclear.0745.jpg | Prob: 0.0000 | Threshold: 0.6000
2025-02-25 09:53:37 - Arquivo: nonclear.0746.jpg | Prob: 0.0000 | Threshold: 0.6000
2025-02-25 09:54:13 - Arquivo: nonclear.0747.jpg | Prob: 0.0000 | Threshold: 0.6000
2025-02-25 09:54:37 - Arquivo: nonclear.0748.jpg | Prob: 0.0000 | Threshold: 0.6000
2025-02-25 09:55:03 - Arquivo: nonclear.0749.jpg | Prob: 0.0000 | Threshold: 0.6000
2025-02-25 09:55:40 - Arquivo: nonclear.0750.jpg | Prob: 0.0000 | Threshold: 0.6000
2025-02-25 09:56:19 - Arquivo: nonclear.0751.jpg | Prob: 0.0003 | Threshold: 0.6000
2025-02-25 09:56:56 - Arquivo: nonclear.0752.jpg | Prob: 0.0000 | Threshold: 0.6000
2025-02-25 09:58:25 - Arquivo: nonclear.0753.jpg | Prob: 0.0000 | Threshold: 0.6000
2025-02-25 09:58:50 - Arquivo: nonclear.0754.jpg | Prob: 0.0000 | Threshold: 0.6000
2025-02-25 09:59:30 - Arquivo: nonclear.0755.jpg | Prob: 0.0000 | Threshold: 0.6000
2025-02-25 10:00:08 - Arquivo: nonclear.0756.jpg | Prob: 0.0000 | Threshold: 0.6000
2025-02-25 10:00:38 - Arquivo: nonclear.0757.jpg | Prob: 0.0000 | Threshold: 0.6000
2025-02-25 10:01:10 - Arquivo: nonclear.0758.jpg | Prob: 0.0000 | Threshold: 0.6000
2025-02-25 10:01:43 - Arquivo: nonclear.0759.jpg | Prob: 0.0000 | Threshold: 0.6000
2025-02-25 10:02:15 - Arquivo: nonclear.0760.jpg | Prob: 0.0007 | Threshold: 0.6000
2025-02-25 10:03:02 - Arquivo: nonclear.0761.jpg | Prob: 0.0023 | Threshold: 0.6000
2025-02-25 10:03:38 - Arquivo: nonclear.0762.jpg | Prob: 0.0000 | Threshold: 0.6000
2025-02-25 10:04:10 - Arquivo: nonclear.0763.jpg | Prob: 0.0000 | Threshold: 0.6000
2025-02-25 10:04:56 - Arquivo: nonclear.0764.jpg | Prob: 0.8600 | Threshold: 0.6000
2025-02-25 10:05:28 - Arquivo: nonclear.0765.jpg | Prob: 0.5494 | Threshold: 0.6000
2025-02-25 10:05:56 - Arquivo: nonclear.0766.jpg | Prob: 0.0000 | Threshold: 0.6000
2025-02-25 10:06:29 - Arquivo: nonclear.0767.jpg | Prob: 0.0004 | Threshold: 0.6000
2025-02-25 10:06:54 - Arquivo: nonclear.0768.jpg | Prob: 0.0001 | Threshold: 0.6000
2025-02-25 10:07:35 - Arquivo: nonclear.0769.jpg | Prob: 0.0000 | Threshold: 0.6000
2025-02-25 10:08:05 - Arquivo: nonclear.0770.jpg | Prob: 0.0006 | Threshold: 0.6000
2025-02-25 10:08:37 - Arquivo: nonclear.0771.jpg | Prob: 0.0000 | Threshold: 0.6000
2025-02-25 10:09:08 - Arquivo: nonclear.0772.jpg | Prob: 0.0000 | Threshold: 0.6000
2025-02-25 10:09:39 - Arquivo: nonclear.0773.jpg | Prob: 0.0000 | Threshold: 0.6000
2025-02-25 10:10:18 - Arquivo: nonclear.0774.jpg | Prob: 0.0001 | Threshold: 0.6000
2025-02-25 10:11:15 - Arquivo: nonclear.0775.jpg | Prob: 0.0001 | Threshold: 0.6000
2025-02-25 10:11:49 - Arquivo: nonclear.0776.jpg | Prob: 0.0000 | Threshold: 0.6000
2025-02-25 10:12:28 - Arquivo: nonclear.0777.jpg | Prob: 0.0004 | Threshold: 0.6000
2025-02-25 10:13:26 - Arquivo: nonclear.0778.jpg | Prob: 0.0000 | Threshold: 0.6000
2025-02-25 10:14:00 - Arquivo: nonclear.0779.jpg | Prob: 0.0000 | Threshold: 0.6000
2025-02-25 10:14:59 - Arquivo: nonclear.0780.jpg | Prob: 0.0000 | Threshold: 0.6000
2025-02-25 10:15:31 - Arquivo: nonclear.0781.jpg | Prob: 0.0000 | Threshold: 0.6000
2025-02-25 10:16:36 - Arquivo: nonclear.0782.jpg | Prob: 0.0000 | Threshold: 0.6000
2025-02-25 10:17:01 - Arquivo: nonclear.0783.jpg | Prob: 0.0000 | Threshold: 0.6000
2025-02-25 10:17:32 - Arquivo: nonclear.0784.jpg | Prob: 0.0000 | Threshold: 0.6000
2025-02-25 10:18:31 - Arquivo: nonclear.0785.jpg | Prob: 0.0000 | Threshold: 0.6000
2025-02-25 10:19:19 - Arquivo: nonclear.0786.jpg | Prob: 0.0037 | Threshold: 0.6000
2025-02-25 10:19:47 - Arquivo: nonclear.0787.jpg | Prob: 0.0000 | Threshold: 0.6000
2025-02-25 10:20:27 - Arquivo: nonclear.0788.jpg | Prob: 0.0000 | Threshold: 0.6000
2025-02-25 10:20:54 - Arquivo: nonclear.0789.jpg | Prob: 0.0000 | Threshold: 0.6000
2025-02-25 10:21:33 - Arquivo: nonclear.0790.jpg | Prob: 0.0000 | Threshold: 0.6000
2025-02-25 10:22:22 - Arquivo: nonclear.0791.jpg | Prob: 0.0000 | Threshold: 0.6000
2025-02-25 10:22:49 - Arquivo: nonclear.0792.jpg | Prob: 0.0000 | Threshold: 0.6000
2025-02-25 10:23:21 - Arquivo: nonclear.0793.jpg | Prob: 0.0000 | Threshold: 0.6000
2025-02-25 10:23:52 - Arquivo: nonclear.0794.jpg | Prob: 0.0000 | Threshold: 0.6000
2025-02-25 10:24:21 - Arquivo: nonclear.0795.jpg | Prob: 1.0000 | Threshold: 0.6000
2025-02-25 10:24:57 - Arquivo: nonclear.0796.jpg | Prob: 0.0000 | Threshold: 0.6000
2025-02-25 10:25:30 - Arquivo: nonclear.0797.jpg | Prob: 0.0000 | Threshold: 0.6000
2025-02-25 10:26:01 - Arquivo: nonclear.0798.jpg | Prob: 0.0000 | Threshold: 0.6000
2025-02-25 10:26:32 - Arquivo: nonclear.0799.jpg | Prob: 0.0000 | Threshold: 0.6000
2025-02-25 10:27:07 - Arquivo: nonclear.0800.jpg | Prob: 0.0000 | Threshold: 0.6000
2025-02-25 10:27:32 - Arquivo: nonclear.0801.jpg | Prob: 0.0002 | Threshold: 0.6000
2025-02-25 10:28:14 - Arquivo: nonclear.0802.jpg | Prob: 0.0000 | Threshold: 0.6000
2025-02-25 10:28:40 - Arquivo: nonclear.0803.jpg | Prob: 0.0000 | Threshold: 0.6000
2025-02-25 10:29:07 - Arquivo: nonclear.0804.jpg | Prob: 0.0000 | Threshold: 0.6000
2025-02-25 10:29:34 - Arquivo: nonclear.0805.jpg | Prob: 0.0001 | Threshold: 0.6000
2025-02-25 10:29:58 - Arquivo: nonclear.0806.jpg | Prob: 0.0017 | Threshold: 0.6000
2025-02-25 10:31:11 - Arquivo: nonclear.0807.jpg | Prob: 0.0000 | Threshold: 0.6000
2025-02-25 10:32:13 - Arquivo: nonclear.0808.jpg | Prob: 0.0000 | Threshold: 0.6000
2025-02-25 10:32:53 - Arquivo: nonclear.0809.jpg | Prob: 0.0000 | Threshold: 0.6000
2025-02-25 10:33:55 - Arquivo: nonclear.0810.jpg | Prob: 0.0006 | Threshold: 0.6000
2025-02-25 10:34:37 - Arquivo: nonclear.0811.jpg | Prob: 0.0000 | Threshold: 0.6000
2025-02-25 10:35:11 - Arquivo: nonclear.0812.jpg | Prob: 0.0064 | Threshold: 0.6000
2025-02-25 10:35:51 - Arquivo: nonclear.0813.jpg | Prob: 0.0000 | Threshold: 0.6000
2025-02-25 10:36:51 - Arquivo: nonclear.0814.jpg | Prob: 0.0000 | Threshold: 0.6000
2025-02-25 10:37:31 - Arquivo: nonclear.0815.jpg | Prob: 0.0000 | Threshold: 0.6000
2025-02-25 10:37:54 - Arquivo: nonclear.0816.jpg | Prob: 0.7525 | Threshold: 0.6000
2025-02-25 10:38:22 - Arquivo: nonclear.0817.jpg | Prob: 0.3452 | Threshold: 0.6000
2025-02-25 10:39:05 - Arquivo: nonclear.0818.jpg | Prob: 0.0000 | Threshold: 0.6000
2025-02-25 10:39:38 - Arquivo: nonclear.0819.jpg | Prob: 1.0000 | Threshold: 0.6000
2025-02-25 10:40:04 - Arquivo: nonclear.0820.jpeg | Prob: 0.0000 | Threshold: 0.6000
2025-02-25 10:40:52 - Arquivo: nonclear.0821.jpeg | Prob: 0.0000 | Threshold: 0.6000
2025-02-25 10:41:17 - Arquivo: nonclear.0822.jpeg | Prob: 0.0000 | Threshold: 0.6000
2025-02-25 10:41:45 - Arquivo: nonclear.0823.jpeg | Prob: 0.0000 | Threshold: 0.6000
2025-02-25 10:42:27 - Arquivo: nonclear.0824.jpeg | Prob: 0.0000 | Threshold: 0.6000
2025-02-25 10:42:57 - Arquivo: nonclear.0825.jpg | Prob: 0.0000 | Threshold: 0.6000
2025-02-25 10:43:32 - Arquivo: nonclear.0826.jpg | Prob: 0.8216 | Threshold: 0.6000
2025-02-25 10:44:05 - Arquivo: nonclear.0827.jpg | Prob: 0.0003 | Threshold: 0.6000
2025-02-25 10:44:33 - Arquivo: nonclear.0828.jpg | Prob: 0.0000 | Threshold: 0.6000
2025-02-25 10:44:56 - Arquivo: nonclear.0829.jpg | Prob: 0.0030 | Threshold: 0.6000
2025-02-25 10:45:27 - Arquivo: nonclear.0830.jpg | Prob: 0.0000 | Threshold: 0.6000
2025-02-25 10:46:01 - Arquivo: nonclear.0831.jpg | Prob: 0.0000 | Threshold: 0.6000
2025-02-25 10:46:38 - Arquivo: nonclear.0832.jpg | Prob: 0.0000 | Threshold: 0.6000
2025-02-25 10:47:08 - Arquivo: nonclear.0833.jpg | Prob: 0.0000 | Threshold: 0.6000
2025-02-25 10:47:38 - Arquivo: nonclear.0834.jpg | Prob: 0.0000 | Threshold: 0.6000
2025-02-25 10:48:10 - Arquivo: nonclear.0835.jpg | Prob: 0.0000 | Threshold: 0.6000
2025-02-25 10:48:50 - Arquivo: nonclear.0836.jpg | Prob: 0.0003 | Threshold: 0.6000
2025-02-25 10:49:28 - Arquivo: nonclear.0837.jpg | Prob: 0.0000 | Threshold: 0.6000
2025-02-25 10:50:27 - Arquivo: nonclear.0838.jpeg | Prob: 0.2431 | Threshold: 0.6000
2025-02-25 10:50:59 - Arquivo: nonclear.0839.jpg | Prob: 0.0000 | Threshold: 0.6000
2025-02-25 10:51:38 - Arquivo: nonclear.0840.jpg | Prob: 0.0000 | Threshold: 0.6000
2025-02-25 10:52:12 - Arquivo: nonclear.0841.jpg | Prob: 0.0000 | Threshold: 0.6000
2025-02-25 10:52:55 - Arquivo: nonclear.0842.jpg | Prob: 0.0000 | Threshold: 0.6000
2025-02-25 10:53:45 - Arquivo: nonclear.0843.jpg | Prob: 0.0000 | Threshold: 0.6000
2025-02-25 10:54:26 - Arquivo: nonclear.0844.jpg | Prob: 0.0000 | Threshold: 0.6000
2025-02-25 10:55:08 - Arquivo: nonclear.0845.jpg | Prob: 0.0000 | Threshold: 0.6000
2025-02-25 10:55:48 - Arquivo: nonclear.0846.jpg | Prob: 0.0000 | Threshold: 0.6000
2025-02-25 10:56:15 - Arquivo: nonclear.0847.jpg | Prob: 0.0000 | Threshold: 0.6000
2025-02-25 10:56:47 - Arquivo: nonclear.0848.jpg | Prob: 0.0000 | Threshold: 0.6000
2025-02-25 10:57:17 - Arquivo: nonclear.0849.jpg | Prob: 0.0000 | Threshold: 0.6000
2025-02-25 10:57:59 - Arquivo: nonclear.0850.jpg | Prob: 0.0000 | Threshold: 0.6000
2025-02-25 10:58:30 - Arquivo: nonclear.0851.jpg | Prob: 0.0000 | Threshold: 0.6000
2025-02-25 10:59:04 - Arquivo: nonclear.0852.jpg | Prob: 0.0000 | Threshold: 0.6000
2025-02-25 10:59:33 - Arquivo: nonclear.0853.jpg | Prob: 0.0001 | Threshold: 0.6000
2025-02-25 11:00:19 - Arquivo: nonclear.0854.jpg | Prob: 0.0000 | Threshold: 0.6000
2025-02-25 11:01:02 - Arquivo: nonclear.0855.jpg | Prob: 0.0011 | Threshold: 0.6000
2025-02-25 11:01:36 - Arquivo: nonclear.0856.jpg | Prob: 0.0041 | Threshold: 0.6000
2025-02-25 11:02:04 - Arquivo: nonclear.0857.jpg | Prob: 0.0000 | Threshold: 0.6000
2025-02-25 11:02:45 - Arquivo: nonclear.0858.jpg | Prob: 0.0000 | Threshold: 0.6000
2025-02-25 11:03:23 - Arquivo: nonclear.0859.jpg | Prob: 0.0000 | Threshold: 0.6000
2025-02-25 11:04:02 - Arquivo: nonclear.0860.jpg | Prob: 0.9986 | Threshold: 0.6000
2025-02-25 11:04:39 - Arquivo: nonclear.0861.jpg | Prob: 0.0000 | Threshold: 0.6000
2025-02-25 11:05:26 - Arquivo: nonclear.0862.jpg | Prob: 0.0000 | Threshold: 0.6000
2025-02-25 11:06:04 - Arquivo: nonclear.0863.jpg | Prob: 0.0000 | Threshold: 0.6000
2025-02-25 11:06:40 - Arquivo: nonclear.0864.jpg | Prob: 0.0000 | Threshold: 0.6000
2025-02-25 11:07:27 - Arquivo: nonclear.0865.jpg | Prob: 0.0065 | Threshold: 0.6000
2025-02-25 11:08:01 - Arquivo: nonclear.0866.jpg | Prob: 0.0000 | Threshold: 0.6000
2025-02-25 11:08:34 - Arquivo: nonclear.0867.jpeg | Prob: 0.0000 | Threshold: 0.6000
2025-02-25 11:09:02 - Arquivo: nonclear.0868.jpeg | Prob: 0.0000 | Threshold: 0.6000
2025-02-25 11:09:35 - Arquivo: nonclear.0869.jpeg | Prob: 0.0000 | Threshold: 0.6000
2025-02-25 11:10:04 - Arquivo: nonclear.0870.jpeg | Prob: 0.0002 | Threshold: 0.6000
2025-02-25 11:10:30 - Arquivo: nonclear.0871.jpeg | Prob: 0.0000 | Threshold: 0.6000
2025-02-25 11:10:55 - Arquivo: nonclear.0872.jpeg | Prob: 0.0000 | Threshold: 0.6000
2025-02-25 11:11:23 - Arquivo: nonclear.0873.jpg | Prob: 0.0000 | Threshold: 0.6000
2025-02-25 11:11:52 - Arquivo: nonclear.0874.jpg | Prob: 0.0000 | Threshold: 0.6000
2025-02-25 11:12:16 - Arquivo: nonclear.0875.jpg | Prob: 0.0000 | Threshold: 0.6000
