2025-02-23 11:41:57 - Arquivo: clear.0004.jpg | Prob: 0.0002 | Threshold: 0.6000
2025-02-23 11:43:35 - Arquivo: clear.0009.jpg | Prob: 0.2266 | Threshold: 0.6000
2025-02-23 11:45:31 - Arquivo: clear.0015.jpg | Prob: 0.3376 | Threshold: 0.6000
2025-02-23 11:48:54 - Arquivo: clear.0025.jpg | Prob: 0.1549 | Threshold: 0.6000
2025-02-23 11:50:44 - Arquivo: clear.0031.jpg | Prob: 0.0732 | Threshold: 0.6000
2025-02-23 11:51:02 - Arquivo: clear.0032.jpg | Prob: 0.4073 | Threshold: 0.6000
2025-02-23 11:51:19 - Arquivo: clear.0033.jpg | Prob: 0.0697 | Threshold: 0.6000
2025-02-23 11:57:00 - Arquivo: clear.0051.jpg | Prob: 0.0029 | Threshold: 0.6000
2025-02-23 12:00:45 - Arquivo: clear.0063.jpg | Prob: 0.1517 | Threshold: 0.6000
2025-02-23 12:02:42 - Arquivo: clear.0069.jpg | Prob: 0.0134 | Threshold: 0.6000
2025-02-23 12:05:48 - Arquivo: clear.0079.jpg | Prob: 0.2144 | Threshold: 0.6000
2025-02-23 12:08:41 - Arquivo: clear.0088.jpg | Prob: 0.1072 | Threshold: 0.6000
2025-02-23 12:12:42 - Arquivo: clear.0101.jpg | Prob: 0.2818 | Threshold: 0.6000
2025-02-23 12:14:22 - Arquivo: clear.0106.jpg | Prob: 0.1304 | Threshold: 0.6000
2025-02-23 12:24:31 - Arquivo: clear.0136.jpg | Prob: 0.0100 | Threshold: 0.6000
2025-02-23 12:25:46 - Arquivo: clear.0139.jpg | Prob: 0.0422 | Threshold: 0.6000
2025-02-23 12:33:59 - Arquivo: clear.0162.jpg | Prob: 0.0148 | Threshold: 0.6000
2025-02-23 12:40:48 - Arquivo: clear.0180.jpg | Prob: 0.1217 | Threshold: 0.6000
2025-02-23 12:43:34 - Arquivo: clear.0188.jpg | Prob: 0.0337 | Threshold: 0.6000
2025-02-23 12:43:51 - Arquivo: clear.0189.jpg | Prob: 0.0349 | Threshold: 0.6000
2025-02-23 13:12:24 - Arquivo: clear.0272.jpeg | Prob: 0.0202 | Threshold: 0.6000
2025-02-23 13:49:26 - Arquivo: clear.0376.jpeg | Prob: 0.0004 | Threshold: 0.6000
2025-02-23 13:49:44 - Arquivo: clear.0377.jpeg | Prob: 0.1711 | Threshold: 0.6000
2025-02-23 13:50:23 - Arquivo: clear.0379.jpeg | Prob: 0.0840 | Threshold: 0.6000
2025-02-23 14:06:33 - Arquivo: clear.0428.jpg | Prob: 0.0474 | Threshold: 0.6000
2025-02-23 14:08:38 - Arquivo: clear.0435.jpg | Prob: 0.0064 | Threshold: 0.6000
2025-02-23 14:08:55 - Arquivo: clear.0436.jpg | Prob: 0.0039 | Threshold: 0.6000
2025-02-23 14:15:33 - Arquivo: clear.0457.jpg | Prob: 0.2826 | Threshold: 0.6000
2025-02-23 14:25:30 - Arquivo: clear.0489.jpg | Prob: 0.0243 | Threshold: 0.6000
2025-02-23 14:27:39 - Arquivo: clear.0496.jpg | Prob: 0.2086 | Threshold: 0.6000
2025-02-23 14:31:43 - Arquivo: clear.0510.jpg | Prob: 0.0022 | Threshold: 0.6000
2025-02-23 14:40:24 - Arquivo: clear.0538.jpg | Prob: 0.2785 | Threshold: 0.6000
2025-02-23 14:46:04 - Arquivo: clear.0556.jpg | Prob: 0.3633 | Threshold: 0.6000
2025-02-23 15:01:08 - Arquivo: clear.0603.jpg | Prob: 0.1617 | Threshold: 0.6000
2025-02-23 15:05:27 - Arquivo: clear.0617.jpg | Prob: 0.0027 | Threshold: 0.6000
2025-02-23 15:33:05 - Arquivo: clear.0706.jpg | Prob: 0.3723 | Threshold: 0.6000
2025-02-23 16:00:43 - Arquivo: clear.0794.jpg | Prob: 0.2237 | Threshold: 0.6000
2025-02-23 16:13:42 - Arquivo: clear.0834.jpg | Prob: 0.0214 | Threshold: 0.6000
2025-02-23 16:14:01 - Arquivo: clear.0835.jpg | Prob: 0.0309 | Threshold: 0.6000
2025-02-23 16:14:19 - Arquivo: clear.0836.jpg | Prob: 0.0171 | Threshold: 0.6000
2025-02-23 16:18:22 - Arquivo: clear.0849.jpg | Prob: 0.1586 | Threshold: 0.6000
2025-02-23 16:23:52 - Arquivo: clear.0867.jpg | Prob: 0.0001 | Threshold: 0.6000
2025-02-23 16:26:42 - Arquivo: clear.0876.jpg | Prob: 0.0006 | Threshold: 0.6000
2025-02-23 16:33:49 - Arquivo: clear.0898.jpg | Prob: 0.2229 | Threshold: 0.6000
2025-02-23 16:42:41 - Arquivo: clear.0924.jpg | Prob: 0.4061 | Threshold: 0.6000
2025-02-23 16:45:22 - Arquivo: clear.0931.jpg | Prob: 0.0099 | Threshold: 0.6000
2025-02-23 16:45:41 - Arquivo: clear.0932.jpg | Prob: 0.0580 | Threshold: 0.6000
2025-02-23 16:47:25 - Arquivo: clear.0937.jpg | Prob: 0.1339 | Threshold: 0.6000
2025-02-23 16:50:24 - Arquivo: clear.0946.jpg | Prob: 0.0571 | Threshold: 0.6000
2025-02-23 16:51:56 - Arquivo: clear.0950.jpg | Prob: 0.0021 | Threshold: 0.6000
2025-02-23 16:52:14 - Arquivo: clear.0951.jpg | Prob: 0.0003 | Threshold: 0.6000
2025-02-23 17:05:23 - Arquivo: clear.0990.jpeg | Prob: 0.0541 | Threshold: 0.6000
2025-02-23 17:05:45 - Arquivo: clear.0991.jpeg | Prob: 0.0718 | Threshold: 0.6000
2025-02-23 17:07:03 - Arquivo: clear.0995.jpg | Prob: 0.1720 | Threshold: 0.6000
2025-02-23 17:10:52 - Arquivo: clear.1006.jpg | Prob: 0.0224 | Threshold: 0.6000
2025-02-23 17:14:38 - Arquivo: nonclear.0000.jpg | Prob: 0.0684 | Threshold: 0.6000
2025-02-23 17:14:57 - Arquivo: nonclear.0001.jpg | Prob: 0.0289 | Threshold: 0.6000
2025-02-23 17:15:14 - Arquivo: nonclear.0002.jpg | Prob: 0.0000 | Threshold: 0.6000
2025-02-23 17:15:33 - Arquivo: nonclear.0003.jpg | Prob: 0.0000 | Threshold: 0.6000
2025-02-23 17:15:52 - Arquivo: nonclear.0004.jpg | Prob: 0.2442 | Threshold: 0.6000
2025-02-23 17:16:09 - Arquivo: nonclear.0005.jpg | Prob: 0.0000 | Threshold: 0.6000
2025-02-23 17:16:27 - Arquivo: nonclear.0006.jpg | Prob: 0.0000 | Threshold: 0.6000
2025-02-23 17:16:48 - Arquivo: nonclear.0007.jpg | Prob: 0.0092 | Threshold: 0.6000
2025-02-23 17:17:05 - Arquivo: nonclear.0008.jpg | Prob: 0.0266 | Threshold: 0.6000
2025-02-23 17:17:27 - Arquivo: nonclear.0009.jpg | Prob: 0.0119 | Threshold: 0.6000
2025-02-23 17:17:47 - Arquivo: nonclear.0010.jpg | Prob: 0.0002 | Threshold: 0.6000
2025-02-23 17:18:05 - Arquivo: nonclear.0011.jpg | Prob: 0.5994 | Threshold: 0.6000
2025-02-23 17:18:25 - Arquivo: nonclear.0012.jpg | Prob: 0.0193 | Threshold: 0.6000
2025-02-23 17:18:45 - Arquivo: nonclear.0013.jpg | Prob: 0.3886 | Threshold: 0.6000
2025-02-23 17:19:28 - Arquivo: nonclear.0014.jpg | Prob: 0.5571 | Threshold: 0.6000
2025-02-23 17:19:46 - Arquivo: nonclear.0015.jpg | Prob: 0.0024 | Threshold: 0.6000
2025-02-23 17:20:04 - Arquivo: nonclear.0016.jpg | Prob: 0.0000 | Threshold: 0.6000
2025-02-23 17:20:26 - Arquivo: nonclear.0017.jpg | Prob: 0.9997 | Threshold: 0.6000
2025-02-23 17:20:42 - Arquivo: nonclear.0018.jpg | Prob: 0.0008 | Threshold: 0.6000
2025-02-23 17:21:01 - Arquivo: nonclear.0019.jpg | Prob: 0.0015 | Threshold: 0.6000
2025-02-23 17:21:21 - Arquivo: nonclear.0020.jpg | Prob: 0.9995 | Threshold: 0.6000
2025-02-23 17:21:39 - Arquivo: nonclear.0021.jpg | Prob: 0.2172 | Threshold: 0.6000
2025-02-23 17:21:57 - Arquivo: nonclear.0022.jpg | Prob: 0.1969 | Threshold: 0.6000
2025-02-23 17:22:16 - Arquivo: nonclear.0023.jpg | Prob: 0.0006 | Threshold: 0.6000
2025-02-23 17:22:38 - Arquivo: nonclear.0024.jpg | Prob: 0.0001 | Threshold: 0.6000
2025-02-23 17:22:57 - Arquivo: nonclear.0025.jpg | Prob: 0.0012 | Threshold: 0.6000
2025-02-23 17:23:15 - Arquivo: nonclear.0026.jpg | Prob: 0.0013 | Threshold: 0.6000
2025-02-23 17:23:33 - Arquivo: nonclear.0027.jpg | Prob: 0.0010 | Threshold: 0.6000
2025-02-23 17:23:53 - Arquivo: nonclear.0028.jpg | Prob: 0.1177 | Threshold: 0.6000
2025-02-23 17:24:14 - Arquivo: nonclear.0029.jpg | Prob: 0.0000 | Threshold: 0.6000
2025-02-23 17:24:39 - Arquivo: nonclear.0030.jpg | Prob: 0.0333 | Threshold: 0.6000
2025-02-23 17:25:01 - Arquivo: nonclear.0031.jpg | Prob: 0.0002 | Threshold: 0.6000
2025-02-23 17:25:31 - Arquivo: nonclear.0032.jpg | Prob: 0.0023 | Threshold: 0.6000
2025-02-23 17:25:50 - Arquivo: nonclear.0033.jpg | Prob: 0.0019 | Threshold: 0.6000
2025-02-23 17:26:10 - Arquivo: nonclear.0034.jpg | Prob: 0.0000 | Threshold: 0.6000
2025-02-23 17:26:29 - Arquivo: nonclear.0035.jpg | Prob: 0.0044 | Threshold: 0.6000
2025-02-23 17:26:49 - Arquivo: nonclear.0036.jpg | Prob: 0.0000 | Threshold: 0.6000
2025-02-23 17:27:23 - Arquivo: nonclear.0037.jpg | Prob: 0.0000 | Threshold: 0.6000
2025-02-23 17:27:42 - Arquivo: nonclear.0038.jpg | Prob: 0.0000 | Threshold: 0.6000
2025-02-23 17:28:03 - Arquivo: nonclear.0039.jpg | Prob: 0.7019 | Threshold: 0.6000
2025-02-23 17:28:26 - Arquivo: nonclear.0040.jpg | Prob: 0.0583 | Threshold: 0.6000
2025-02-23 17:28:48 - Arquivo: nonclear.0041.jpg | Prob: 0.0000 | Threshold: 0.6000
2025-02-23 17:29:11 - Arquivo: nonclear.0042.jpg | Prob: 0.0002 | Threshold: 0.6000
2025-02-23 17:29:35 - Arquivo: nonclear.0043.jpg | Prob: 0.0056 | Threshold: 0.6000
2025-02-23 17:29:57 - Arquivo: nonclear.0044.jpg | Prob: 0.0000 | Threshold: 0.6000
2025-02-23 17:30:17 - Arquivo: nonclear.0045.jpg | Prob: 0.0001 | Threshold: 0.6000
2025-02-23 17:30:38 - Arquivo: nonclear.0046.jpg | Prob: 0.0006 | Threshold: 0.6000
2025-02-23 17:30:59 - Arquivo: nonclear.0047.jpg | Prob: 0.0000 | Threshold: 0.6000
2025-02-23 17:31:20 - Arquivo: nonclear.0048.jpg | Prob: 0.0000 | Threshold: 0.6000
2025-02-23 17:31:39 - Arquivo: nonclear.0049.jpg | Prob: 0.0000 | Threshold: 0.6000
2025-02-23 17:31:58 - Arquivo: nonclear.0050.jpg | Prob: 0.0000 | Threshold: 0.6000
2025-02-23 17:32:19 - Arquivo: nonclear.0051.jpg | Prob: 0.1925 | Threshold: 0.6000
2025-02-23 17:32:40 - Arquivo: nonclear.0052.jpg | Prob: 0.0000 | Threshold: 0.6000
2025-02-23 17:33:02 - Arquivo: nonclear.0053.jpg | Prob: 0.2673 | Threshold: 0.6000
2025-02-23 17:33:24 - Arquivo: nonclear.0054.jpg | Prob: 0.0000 | Threshold: 0.6000
2025-02-23 17:33:46 - Arquivo: nonclear.0055.jpg | Prob: 0.0000 | Threshold: 0.6000
2025-02-23 17:34:07 - Arquivo: nonclear.0056.jpg | Prob: 0.1371 | Threshold: 0.6000
2025-02-23 17:34:27 - Arquivo: nonclear.0057.jpg | Prob: 0.0011 | Threshold: 0.6000
2025-02-23 17:34:53 - Arquivo: nonclear.0058.jpg | Prob: 0.0000 | Threshold: 0.6000
2025-02-23 17:35:14 - Arquivo: nonclear.0059.jpg | Prob: 0.0071 | Threshold: 0.6000
2025-02-23 17:35:36 - Arquivo: nonclear.0060.jpg | Prob: 0.4848 | Threshold: 0.6000
2025-02-23 17:35:58 - Arquivo: nonclear.0061.jpg | Prob: 0.1158 | Threshold: 0.6000
2025-02-23 17:36:21 - Arquivo: nonclear.0062.jpg | Prob: 0.0003 | Threshold: 0.6000
2025-02-23 17:36:44 - Arquivo: nonclear.0063.jpg | Prob: 0.9999 | Threshold: 0.6000
2025-02-23 17:37:06 - Arquivo: nonclear.0064.jpg | Prob: 0.0000 | Threshold: 0.6000
2025-02-23 17:37:28 - Arquivo: nonclear.0065.jpg | Prob: 0.0000 | Threshold: 0.6000
2025-02-23 17:37:52 - Arquivo: nonclear.0066.jpg | Prob: 0.0000 | Threshold: 0.6000
2025-02-23 17:38:14 - Arquivo: nonclear.0067.jpg | Prob: 0.0000 | Threshold: 0.6000
2025-02-23 17:38:35 - Arquivo: nonclear.0068.jpg | Prob: 0.0000 | Threshold: 0.6000
2025-02-23 17:38:55 - Arquivo: nonclear.0069.jpg | Prob: 0.0001 | Threshold: 0.6000
2025-02-23 17:39:16 - Arquivo: nonclear.0070.jpg | Prob: 0.0000 | Threshold: 0.6000
2025-02-23 17:39:38 - Arquivo: nonclear.0071.jpg | Prob: 0.0000 | Threshold: 0.6000
2025-02-23 17:39:59 - Arquivo: nonclear.0072.jpg | Prob: 0.0007 | Threshold: 0.6000
2025-02-23 17:40:19 - Arquivo: nonclear.0073.jpg | Prob: 0.0000 | Threshold: 0.6000
2025-02-23 17:40:41 - Arquivo: nonclear.0074.jpg | Prob: 0.0163 | Threshold: 0.6000
2025-02-23 17:41:00 - Arquivo: nonclear.0075.jpg | Prob: 0.0001 | Threshold: 0.6000
2025-02-23 17:41:22 - Arquivo: nonclear.0076.jpg | Prob: 0.0888 | Threshold: 0.6000
2025-02-23 17:41:44 - Arquivo: nonclear.0077.jpg | Prob: 0.0000 | Threshold: 0.6000
2025-02-23 17:42:04 - Arquivo: nonclear.0078.jpg | Prob: 0.0000 | Threshold: 0.6000
2025-02-23 17:42:26 - Arquivo: nonclear.0079.jpg | Prob: 0.0003 | Threshold: 0.6000
2025-02-23 17:42:44 - Arquivo: nonclear.0080.jpg | Prob: 0.0005 | Threshold: 0.6000
2025-02-23 17:43:04 - Arquivo: nonclear.0081.jpg | Prob: 0.0000 | Threshold: 0.6000
2025-02-23 17:43:28 - Arquivo: nonclear.0082.jpg | Prob: 0.0000 | Threshold: 0.6000
2025-02-23 17:43:48 - Arquivo: nonclear.0083.jpg | Prob: 0.0000 | Threshold: 0.6000
2025-02-23 17:44:07 - Arquivo: nonclear.0084.jpg | Prob: 0.0000 | Threshold: 0.6000
2025-02-23 17:44:26 - Arquivo: nonclear.0085.jpg | Prob: 0.0000 | Threshold: 0.6000
2025-02-23 17:44:46 - Arquivo: nonclear.0086.jpg | Prob: 0.1692 | Threshold: 0.6000
2025-02-23 17:45:06 - Arquivo: nonclear.0087.jpg | Prob: 0.0003 | Threshold: 0.6000
2025-02-23 17:45:34 - Arquivo: nonclear.0088.jpg | Prob: 0.0104 | Threshold: 0.6000
2025-02-23 17:45:54 - Arquivo: nonclear.0089.jpg | Prob: 0.9953 | Threshold: 0.6000
2025-02-23 17:46:18 - Arquivo: nonclear.0090.jpg | Prob: 0.0000 | Threshold: 0.6000
2025-02-23 17:46:39 - Arquivo: nonclear.0091.jpg | Prob: 0.9955 | Threshold: 0.6000
2025-02-23 17:47:00 - Arquivo: nonclear.0092.jpg | Prob: 0.0000 | Threshold: 0.6000
2025-02-23 17:47:23 - Arquivo: nonclear.0093.jpg | Prob: 0.9998 | Threshold: 0.6000
2025-02-23 17:47:40 - Arquivo: nonclear.0094.jpg | Prob: 0.0247 | Threshold: 0.6000
2025-02-23 17:48:01 - Arquivo: nonclear.0095.jpg | Prob: 0.0000 | Threshold: 0.6000
2025-02-23 17:48:22 - Arquivo: nonclear.0096.jpg | Prob: 0.0000 | Threshold: 0.6000
2025-02-23 17:48:40 - Arquivo: nonclear.0097.jpg | Prob: 0.0000 | Threshold: 0.6000
2025-02-23 17:49:01 - Arquivo: nonclear.0098.jpg | Prob: 0.0000 | Threshold: 0.6000
2025-02-23 17:49:22 - Arquivo: nonclear.0099.jpg | Prob: 0.0000 | Threshold: 0.6000
2025-02-23 17:49:43 - Arquivo: nonclear.0100.jpg | Prob: 0.0000 | Threshold: 0.6000
2025-02-23 17:50:04 - Arquivo: nonclear.0101.jpg | Prob: 0.0000 | Threshold: 0.6000
2025-02-23 17:50:24 - Arquivo: nonclear.0102.jpg | Prob: 0.0000 | Threshold: 0.6000
2025-02-23 17:50:43 - Arquivo: nonclear.0103.jpg | Prob: 0.0000 | Threshold: 0.6000
2025-02-23 17:51:03 - Arquivo: nonclear.0104.jpg | Prob: 0.0000 | Threshold: 0.6000
2025-02-23 17:51:24 - Arquivo: nonclear.0105.jpg | Prob: 0.0000 | Threshold: 0.6000
2025-02-23 17:51:45 - Arquivo: nonclear.0106.jpg | Prob: 0.0000 | Threshold: 0.6000
2025-02-23 17:52:04 - Arquivo: nonclear.0107.jpg | Prob: 0.0001 | Threshold: 0.6000
2025-02-23 17:52:24 - Arquivo: nonclear.0108.jpg | Prob: 0.0101 | Threshold: 0.6000
2025-02-23 17:52:46 - Arquivo: nonclear.0109.jpg | Prob: 0.0000 | Threshold: 0.6000
2025-02-23 17:53:06 - Arquivo: nonclear.0110.jpg | Prob: 0.0001 | Threshold: 0.6000
2025-02-23 17:53:30 - Arquivo: nonclear.0111.jpg | Prob: 0.0053 | Threshold: 0.6000
2025-02-23 17:53:51 - Arquivo: nonclear.0112.jpg | Prob: 0.0000 | Threshold: 0.6000
2025-02-23 17:54:10 - Arquivo: nonclear.0113.jpg | Prob: 0.0001 | Threshold: 0.6000
2025-02-23 17:54:28 - Arquivo: nonclear.0114.jpg | Prob: 0.0095 | Threshold: 0.6000
2025-02-23 17:55:01 - Arquivo: nonclear.0115.jpg | Prob: 0.0000 | Threshold: 0.6000
2025-02-23 17:55:19 - Arquivo: nonclear.0116.jpg | Prob: 0.0786 | Threshold: 0.6000
2025-02-23 17:55:37 - Arquivo: nonclear.0117.jpg | Prob: 0.0065 | Threshold: 0.6000
2025-02-23 17:55:56 - Arquivo: nonclear.0118.jpg | Prob: 0.9727 | Threshold: 0.6000
2025-02-23 17:56:19 - Arquivo: nonclear.0119.jpg | Prob: 0.0876 | Threshold: 0.6000
2025-02-23 17:56:44 - Arquivo: nonclear.0120.jpg | Prob: 0.0000 | Threshold: 0.6000
2025-02-23 17:56:59 - Arquivo: nonclear.0121.jpg | Prob: 0.9989 | Threshold: 0.6000
2025-02-23 17:57:18 - Arquivo: nonclear.0122.jpg | Prob: 0.9971 | Threshold: 0.6000
2025-02-23 17:57:38 - Arquivo: nonclear.0123.jpg | Prob: 0.0001 | Threshold: 0.6000
2025-02-23 17:57:59 - Arquivo: nonclear.0124.jpg | Prob: 0.0000 | Threshold: 0.6000
2025-02-23 17:58:19 - Arquivo: nonclear.0125.jpg | Prob: 0.6976 | Threshold: 0.6000
2025-02-23 17:58:41 - Arquivo: nonclear.0126.jpg | Prob: 0.0008 | Threshold: 0.6000
2025-02-23 17:58:59 - Arquivo: nonclear.0127.jpg | Prob: 0.0000 | Threshold: 0.6000
2025-02-23 17:59:18 - Arquivo: nonclear.0128.jpg | Prob: 0.0071 | Threshold: 0.6000
2025-02-23 17:59:39 - Arquivo: nonclear.0129.jpg | Prob: 0.0006 | Threshold: 0.6000
2025-02-23 17:59:59 - Arquivo: nonclear.0130.jpg | Prob: 0.0075 | Threshold: 0.6000
2025-02-23 18:00:24 - Arquivo: nonclear.0131.jpg | Prob: 0.0204 | Threshold: 0.6000
2025-02-23 18:00:57 - Arquivo: nonclear.0132.jpg | Prob: 0.0061 | Threshold: 0.6000
2025-02-23 18:01:17 - Arquivo: nonclear.0133.jpg | Prob: 0.0001 | Threshold: 0.6000
2025-02-23 18:01:36 - Arquivo: nonclear.0134.jpg | Prob: 0.0619 | Threshold: 0.6000
2025-02-23 18:01:58 - Arquivo: nonclear.0135.jpg | Prob: 0.0000 | Threshold: 0.6000
2025-02-23 18:02:19 - Arquivo: nonclear.0136.jpg | Prob: 0.7920 | Threshold: 0.6000
2025-02-23 18:02:41 - Arquivo: nonclear.0137.jpg | Prob: 0.0115 | Threshold: 0.6000
2025-02-23 18:03:01 - Arquivo: nonclear.0138.jpg | Prob: 0.0165 | Threshold: 0.6000
2025-02-23 18:03:22 - Arquivo: nonclear.0139.jpg | Prob: 0.0001 | Threshold: 0.6000
2025-02-23 18:03:42 - Arquivo: nonclear.0140.jpg | Prob: 0.1072 | Threshold: 0.6000
2025-02-23 18:04:04 - Arquivo: nonclear.0141.jpg | Prob: 0.5459 | Threshold: 0.6000
2025-02-23 18:04:26 - Arquivo: nonclear.0142.jpg | Prob: 0.0712 | Threshold: 0.6000
2025-02-23 18:04:45 - Arquivo: nonclear.0143.jpg | Prob: 0.0206 | Threshold: 0.6000
2025-02-23 18:05:07 - Arquivo: nonclear.0144.jpg | Prob: 1.0000 | Threshold: 0.6000
2025-02-23 18:05:25 - Arquivo: nonclear.0145.jpg | Prob: 0.2204 | Threshold: 0.6000
2025-02-23 18:05:44 - Arquivo: nonclear.0146.jpg | Prob: 0.0233 | Threshold: 0.6000
2025-02-23 18:06:05 - Arquivo: nonclear.0147.jpg | Prob: 0.0000 | Threshold: 0.6000
2025-02-23 18:06:27 - Arquivo: nonclear.0148.jpg | Prob: 0.2540 | Threshold: 0.6000
2025-02-23 18:06:49 - Arquivo: nonclear.0149.jpg | Prob: 0.0000 | Threshold: 0.6000
2025-02-23 18:07:26 - Arquivo: nonclear.0150.jpg | Prob: 0.0000 | Threshold: 0.6000
2025-02-23 18:07:48 - Arquivo: nonclear.0151.jpg | Prob: 0.0000 | Threshold: 0.6000
2025-02-23 18:08:09 - Arquivo: nonclear.0152.jpg | Prob: 0.0010 | Threshold: 0.6000
2025-02-23 18:08:29 - Arquivo: nonclear.0153.jpg | Prob: 0.1721 | Threshold: 0.6000
2025-02-23 18:08:51 - Arquivo: nonclear.0154.jpg | Prob: 0.9999 | Threshold: 0.6000
2025-02-23 18:09:12 - Arquivo: nonclear.0155.jpg | Prob: 0.9946 | Threshold: 0.6000
2025-02-23 18:09:32 - Arquivo: nonclear.0156.jpg | Prob: 0.0003 | Threshold: 0.6000
2025-02-23 18:09:53 - Arquivo: nonclear.0157.jpg | Prob: 0.9998 | Threshold: 0.6000
2025-02-23 18:10:17 - Arquivo: nonclear.0158.jpg | Prob: 0.0288 | Threshold: 0.6000
2025-02-23 18:10:36 - Arquivo: nonclear.0159.jpg | Prob: 0.0000 | Threshold: 0.6000
2025-02-23 18:10:57 - Arquivo: nonclear.0160.jpg | Prob: 0.9946 | Threshold: 0.6000
2025-02-23 18:11:19 - Arquivo: nonclear.0161.jpg | Prob: 0.9997 | Threshold: 0.6000
2025-02-23 18:11:38 - Arquivo: nonclear.0162.jpg | Prob: 0.0000 | Threshold: 0.6000
2025-02-23 18:12:02 - Arquivo: nonclear.0163.jpg | Prob: 0.0000 | Threshold: 0.6000
2025-02-23 18:12:22 - Arquivo: nonclear.0164.jpg | Prob: 0.0000 | Threshold: 0.6000
2025-02-23 18:12:43 - Arquivo: nonclear.0165.jpg | Prob: 0.0331 | Threshold: 0.6000
2025-02-23 18:13:03 - Arquivo: nonclear.0166.jpg | Prob: 0.9993 | Threshold: 0.6000
2025-02-23 18:13:37 - Arquivo: nonclear.0167.jpg | Prob: 0.0000 | Threshold: 0.6000
2025-02-23 18:14:04 - Arquivo: nonclear.0168.jpg | Prob: 0.0000 | Threshold: 0.6000
2025-02-23 18:14:24 - Arquivo: nonclear.0169.jpg | Prob: 0.0000 | Threshold: 0.6000
2025-02-23 18:14:45 - Arquivo: nonclear.0170.jpg | Prob: 0.0000 | Threshold: 0.6000
2025-02-23 18:15:20 - Arquivo: nonclear.0171.jpg | Prob: 0.0058 | Threshold: 0.6000
2025-02-23 18:15:41 - Arquivo: nonclear.0172.jpg | Prob: 0.0000 | Threshold: 0.6000
2025-02-23 18:16:05 - Arquivo: nonclear.0173.jpg | Prob: 0.0018 | Threshold: 0.6000
2025-02-23 18:16:24 - Arquivo: nonclear.0174.jpg | Prob: 0.0000 | Threshold: 0.6000
2025-02-23 18:16:44 - Arquivo: nonclear.0175.jpg | Prob: 0.0000 | Threshold: 0.6000
2025-02-23 18:17:06 - Arquivo: nonclear.0176.jpg | Prob: 0.0000 | Threshold: 0.6000
2025-02-23 18:17:29 - Arquivo: nonclear.0177.jpg | Prob: 0.0000 | Threshold: 0.6000
2025-02-23 18:17:51 - Arquivo: nonclear.0178.jpg | Prob: 0.0254 | Threshold: 0.6000
2025-02-23 18:18:13 - Arquivo: nonclear.0179.jpg | Prob: 0.0028 | Threshold: 0.6000
2025-02-23 18:18:36 - Arquivo: nonclear.0180.jpg | Prob: 0.0003 | Threshold: 0.6000
2025-02-23 18:19:22 - Arquivo: nonclear.0181.jpg | Prob: 0.0000 | Threshold: 0.6000
2025-02-23 18:19:43 - Arquivo: nonclear.0182.jpg | Prob: 0.0000 | Threshold: 0.6000
2025-02-23 18:20:04 - Arquivo: nonclear.0183.jpg | Prob: 0.0002 | Threshold: 0.6000
2025-02-23 18:20:25 - Arquivo: nonclear.0184.jpg | Prob: 0.0001 | Threshold: 0.6000
2025-02-23 18:20:48 - Arquivo: nonclear.0185.jpg | Prob: 0.0000 | Threshold: 0.6000
2025-02-23 18:21:09 - Arquivo: nonclear.0186.jpg | Prob: 0.9997 | Threshold: 0.6000
2025-02-23 18:21:31 - Arquivo: nonclear.0187.jpg | Prob: 0.0000 | Threshold: 0.6000
2025-02-23 18:21:55 - Arquivo: nonclear.0188.jpg | Prob: 0.0003 | Threshold: 0.6000
2025-02-23 18:22:20 - Arquivo: nonclear.0189.jpg | Prob: 0.0000 | Threshold: 0.6000
2025-02-23 18:22:45 - Arquivo: nonclear.0190.jpg | Prob: 0.0000 | Threshold: 0.6000
2025-02-23 18:23:06 - Arquivo: nonclear.0191.jpg | Prob: 0.0001 | Threshold: 0.6000
2025-02-23 18:23:27 - Arquivo: nonclear.0192.jpg | Prob: 0.0000 | Threshold: 0.6000
2025-02-23 18:23:49 - Arquivo: nonclear.0193.jpg | Prob: 0.0000 | Threshold: 0.6000
2025-02-23 18:24:10 - Arquivo: nonclear.0194.jpg | Prob: 0.0002 | Threshold: 0.6000
2025-02-23 18:24:32 - Arquivo: nonclear.0195.jpeg | Prob: 0.0000 | Threshold: 0.6000
2025-02-23 18:24:57 - Arquivo: nonclear.0196.jpeg | Prob: 0.0000 | Threshold: 0.6000
2025-02-23 18:25:18 - Arquivo: nonclear.0197.jpeg | Prob: 0.0000 | Threshold: 0.6000
2025-02-23 18:25:41 - Arquivo: nonclear.0198.jpeg | Prob: 0.0000 | Threshold: 0.6000
2025-02-23 18:26:03 - Arquivo: nonclear.0199.jpeg | Prob: 0.0000 | Threshold: 0.6000
2025-02-23 18:26:24 - Arquivo: nonclear.0200.jpeg | Prob: 0.8957 | Threshold: 0.6000
2025-02-23 18:26:47 - Arquivo: nonclear.0201.jpeg | Prob: 0.9198 | Threshold: 0.6000
2025-02-23 18:27:15 - Arquivo: nonclear.0202.jpeg | Prob: 0.0001 | Threshold: 0.6000
2025-02-23 18:27:38 - Arquivo: nonclear.0203.jpeg | Prob: 0.0000 | Threshold: 0.6000
2025-02-23 18:28:00 - Arquivo: nonclear.0204.jpeg | Prob: 0.0027 | Threshold: 0.6000
2025-02-23 18:28:26 - Arquivo: nonclear.0205.jpeg | Prob: 0.0000 | Threshold: 0.6000
2025-02-23 18:28:48 - Arquivo: nonclear.0206.jpeg | Prob: 0.0000 | Threshold: 0.6000
2025-02-23 18:29:13 - Arquivo: nonclear.0207.jpeg | Prob: 0.0000 | Threshold: 0.6000
2025-02-23 18:29:37 - Arquivo: nonclear.0208.jpeg | Prob: 0.0000 | Threshold: 0.6000
2025-02-23 18:30:00 - Arquivo: nonclear.0209.jpeg | Prob: 0.0000 | Threshold: 0.6000
2025-02-23 18:30:26 - Arquivo: nonclear.0210.jpeg | Prob: 0.0002 | Threshold: 0.6000
2025-02-23 18:30:48 - Arquivo: nonclear.0211.jpeg | Prob: 0.0103 | Threshold: 0.6000
2025-02-23 18:31:11 - Arquivo: nonclear.0212.jpeg | Prob: 0.0000 | Threshold: 0.6000
2025-02-23 18:31:33 - Arquivo: nonclear.0213.jpeg | Prob: 0.0000 | Threshold: 0.6000
2025-02-23 18:31:55 - Arquivo: nonclear.0214.jpeg | Prob: 0.0000 | Threshold: 0.6000
2025-02-23 18:32:18 - Arquivo: nonclear.0215.jpeg | Prob: 0.0000 | Threshold: 0.6000
2025-02-23 18:32:40 - Arquivo: nonclear.0216.jpeg | Prob: 0.0000 | Threshold: 0.6000
2025-02-23 18:33:04 - Arquivo: nonclear.0217.jpeg | Prob: 0.0000 | Threshold: 0.6000
2025-02-23 18:33:31 - Arquivo: nonclear.0218.jpeg | Prob: 0.0002 | Threshold: 0.6000
2025-02-23 18:33:53 - Arquivo: nonclear.0219.jpeg | Prob: 0.0366 | Threshold: 0.6000
2025-02-23 18:34:14 - Arquivo: nonclear.0220.jpeg | Prob: 0.0036 | Threshold: 0.6000
2025-02-23 18:34:39 - Arquivo: nonclear.0221.jpeg | Prob: 0.0017 | Threshold: 0.6000
2025-02-23 18:35:27 - Arquivo: nonclear.0222.jpeg | Prob: 0.0005 | Threshold: 0.6000
2025-02-23 18:35:50 - Arquivo: nonclear.0223.jpeg | Prob: 0.0000 | Threshold: 0.6000
2025-02-23 18:36:10 - Arquivo: nonclear.0224.jpeg | Prob: 0.0000 | Threshold: 0.6000
2025-02-23 18:37:15 - Arquivo: nonclear.0225.jpeg | Prob: 0.0000 | Threshold: 0.6000
2025-02-23 18:37:39 - Arquivo: nonclear.0226.jpeg | Prob: 0.0000 | Threshold: 0.6000
2025-02-23 18:38:04 - Arquivo: nonclear.0227.jpeg | Prob: 0.0000 | Threshold: 0.6000
2025-02-23 18:38:25 - Arquivo: nonclear.0228.jpeg | Prob: 0.0499 | Threshold: 0.6000
2025-02-23 18:38:48 - Arquivo: nonclear.0229.jpeg | Prob: 0.0000 | Threshold: 0.6000
2025-02-23 18:39:09 - Arquivo: nonclear.0230.jpeg | Prob: 0.0001 | Threshold: 0.6000
2025-02-23 18:39:31 - Arquivo: nonclear.0231.jpeg | Prob: 0.0000 | Threshold: 0.6000
2025-02-23 18:39:56 - Arquivo: nonclear.0232.jpeg | Prob: 0.0007 | Threshold: 0.6000
2025-02-23 18:40:19 - Arquivo: nonclear.0233.jpeg | Prob: 0.0073 | Threshold: 0.6000
2025-02-23 18:40:43 - Arquivo: nonclear.0234.jpeg | Prob: 0.0000 | Threshold: 0.6000
2025-02-23 18:41:02 - Arquivo: nonclear.0235.jpeg | Prob: 0.0334 | Threshold: 0.6000
2025-02-23 18:41:25 - Arquivo: nonclear.0236.jpeg | Prob: 0.0002 | Threshold: 0.6000
2025-02-23 18:41:48 - Arquivo: nonclear.0237.jpeg | Prob: 0.0000 | Threshold: 0.6000
2025-02-23 18:42:13 - Arquivo: nonclear.0238.jpeg | Prob: 0.0007 | Threshold: 0.6000
2025-02-23 18:42:34 - Arquivo: nonclear.0239.jpeg | Prob: 0.0000 | Threshold: 0.6000
2025-02-23 18:42:58 - Arquivo: nonclear.0240.jpeg | Prob: 0.9997 | Threshold: 0.6000
2025-02-23 18:43:19 - Arquivo: nonclear.0241.jpeg | Prob: 0.0619 | Threshold: 0.6000
2025-02-23 18:43:44 - Arquivo: nonclear.0242.jpeg | Prob: 0.0096 | Threshold: 0.6000
2025-02-23 18:44:07 - Arquivo: nonclear.0243.jpeg | Prob: 0.5306 | Threshold: 0.6000
2025-02-23 18:44:29 - Arquivo: nonclear.0244.jpeg | Prob: 0.0001 | Threshold: 0.6000
2025-02-23 18:44:52 - Arquivo: nonclear.0245.jpeg | Prob: 0.9960 | Threshold: 0.6000
2025-02-23 18:45:13 - Arquivo: nonclear.0246.jpeg | Prob: 0.0007 | Threshold: 0.6000
2025-02-23 18:45:37 - Arquivo: nonclear.0247.jpeg | Prob: 0.0003 | Threshold: 0.6000
2025-02-23 18:45:58 - Arquivo: nonclear.0248.jpeg | Prob: 0.0000 | Threshold: 0.6000
2025-02-23 18:46:21 - Arquivo: nonclear.0249.jpeg | Prob: 0.0017 | Threshold: 0.6000
2025-02-23 18:46:42 - Arquivo: nonclear.0250.jpeg | Prob: 0.0000 | Threshold: 0.6000
2025-02-23 18:47:03 - Arquivo: nonclear.0251.jpeg | Prob: 0.0071 | Threshold: 0.6000
2025-02-23 18:47:57 - Arquivo: nonclear.0252.jpeg | Prob: 0.0000 | Threshold: 0.6000
2025-02-23 18:48:19 - Arquivo: nonclear.0253.jpeg | Prob: 0.0004 | Threshold: 0.6000
2025-02-23 18:48:42 - Arquivo: nonclear.0254.jpeg | Prob: 0.0000 | Threshold: 0.6000
2025-02-23 18:49:05 - Arquivo: nonclear.0255.jpeg | Prob: 0.0017 | Threshold: 0.6000
2025-02-23 18:49:29 - Arquivo: nonclear.0256.jpeg | Prob: 0.0000 | Threshold: 0.6000
2025-02-23 18:49:51 - Arquivo: nonclear.0257.jpeg | Prob: 0.0561 | Threshold: 0.6000
2025-02-23 18:50:17 - Arquivo: nonclear.0258.jpeg | Prob: 0.0009 | Threshold: 0.6000
2025-02-23 18:50:39 - Arquivo: nonclear.0259.jpeg | Prob: 0.0000 | Threshold: 0.6000
2025-02-23 18:50:59 - Arquivo: nonclear.0260.jpeg | Prob: 0.8394 | Threshold: 0.6000
2025-02-23 18:51:21 - Arquivo: nonclear.0261.jpeg | Prob: 0.0052 | Threshold: 0.6000
2025-02-23 18:51:42 - Arquivo: nonclear.0262.jpeg | Prob: 0.0000 | Threshold: 0.6000
2025-02-23 18:52:06 - Arquivo: nonclear.0263.jpeg | Prob: 0.0035 | Threshold: 0.6000
2025-02-23 18:52:30 - Arquivo: nonclear.0264.jpeg | Prob: 0.9992 | Threshold: 0.6000
2025-02-23 18:52:53 - Arquivo: nonclear.0265.jpeg | Prob: 0.0000 | Threshold: 0.6000
2025-02-23 18:53:15 - Arquivo: nonclear.0266.jpeg | Prob: 0.0009 | Threshold: 0.6000
2025-02-23 18:53:51 - Arquivo: nonclear.0267.jpeg | Prob: 0.0000 | Threshold: 0.6000
2025-02-23 18:54:11 - Arquivo: nonclear.0268.jpeg | Prob: 0.0000 | Threshold: 0.6000
2025-02-23 18:54:34 - Arquivo: nonclear.0269.jpeg | Prob: 0.0002 | Threshold: 0.6000
2025-02-23 18:55:00 - Arquivo: nonclear.0270.jpeg | Prob: 0.0000 | Threshold: 0.6000
2025-02-23 18:55:23 - Arquivo: nonclear.0271.jpeg | Prob: 0.0000 | Threshold: 0.6000
2025-02-23 18:55:45 - Arquivo: nonclear.0272.jpeg | Prob: 0.0000 | Threshold: 0.6000
2025-02-23 18:56:07 - Arquivo: nonclear.0273.jpeg | Prob: 0.0000 | Threshold: 0.6000
2025-02-23 18:56:27 - Arquivo: nonclear.0274.jpeg | Prob: 0.0003 | Threshold: 0.6000
2025-02-23 18:56:48 - Arquivo: nonclear.0275.jpeg | Prob: 0.0566 | Threshold: 0.6000
2025-02-23 18:57:25 - Arquivo: nonclear.0276.jpeg | Prob: 0.0000 | Threshold: 0.6000
2025-02-23 18:57:59 - Arquivo: nonclear.0277.jpeg | Prob: 0.0009 | Threshold: 0.6000
2025-02-23 18:58:25 - Arquivo: nonclear.0278.jpg | Prob: 0.2981 | Threshold: 0.6000
2025-02-23 18:58:47 - Arquivo: nonclear.0279.jpg | Prob: 0.0001 | Threshold: 0.6000
2025-02-23 18:59:09 - Arquivo: nonclear.0280.jpg | Prob: 0.0002 | Threshold: 0.6000
2025-02-23 18:59:37 - Arquivo: nonclear.0281.jpg | Prob: 0.0002 | Threshold: 0.6000
2025-02-23 19:00:00 - Arquivo: nonclear.0282.jpg | Prob: 0.0027 | Threshold: 0.6000
2025-02-23 19:00:22 - Arquivo: nonclear.0283.jpg | Prob: 0.0024 | Threshold: 0.6000
2025-02-23 19:00:43 - Arquivo: nonclear.0284.jpg | Prob: 0.0004 | Threshold: 0.6000
2025-02-23 19:01:09 - Arquivo: nonclear.0285.jpg | Prob: 0.0000 | Threshold: 0.6000
2025-02-23 19:01:33 - Arquivo: nonclear.0286.jpg | Prob: 0.0053 | Threshold: 0.6000
2025-02-23 19:01:59 - Arquivo: nonclear.0287.jpg | Prob: 0.0018 | Threshold: 0.6000
2025-02-23 19:02:22 - Arquivo: nonclear.0288.jpg | Prob: 0.0003 | Threshold: 0.6000
2025-02-23 19:02:44 - Arquivo: nonclear.0289.jpg | Prob: 0.0000 | Threshold: 0.6000
2025-02-23 19:03:04 - Arquivo: nonclear.0290.jpg | Prob: 0.0002 | Threshold: 0.6000
2025-02-23 19:03:27 - Arquivo: nonclear.0291.jpg | Prob: 0.0000 | Threshold: 0.6000
2025-02-23 19:03:49 - Arquivo: nonclear.0292.jpg | Prob: 0.0000 | Threshold: 0.6000
2025-02-23 19:04:14 - Arquivo: nonclear.0293.jpg | Prob: 0.0000 | Threshold: 0.6000
2025-02-23 19:04:37 - Arquivo: nonclear.0294.jpg | Prob: 0.0000 | Threshold: 0.6000
2025-02-23 19:04:59 - Arquivo: nonclear.0295.jpg | Prob: 0.0001 | Threshold: 0.6000
2025-02-23 19:05:22 - Arquivo: nonclear.0296.jpg | Prob: 0.0000 | Threshold: 0.6000
2025-02-23 19:05:43 - Arquivo: nonclear.0297.jpg | Prob: 0.0013 | Threshold: 0.6000
2025-02-23 19:06:09 - Arquivo: nonclear.0298.jpg | Prob: 0.9627 | Threshold: 0.6000
2025-02-23 19:06:32 - Arquivo: nonclear.0299.jpg | Prob: 0.0001 | Threshold: 0.6000
2025-02-23 19:06:55 - Arquivo: nonclear.0300.jpg | Prob: 0.0000 | Threshold: 0.6000
2025-02-23 19:07:16 - Arquivo: nonclear.0301.jpg | Prob: 0.0000 | Threshold: 0.6000
2025-02-23 19:07:36 - Arquivo: nonclear.0302.jpg | Prob: 0.0104 | Threshold: 0.6000
2025-02-23 19:08:27 - Arquivo: nonclear.0303.jpg | Prob: 0.0000 | Threshold: 0.6000
2025-02-23 19:08:52 - Arquivo: nonclear.0304.jpg | Prob: 0.0224 | Threshold: 0.6000
2025-02-23 19:09:13 - Arquivo: nonclear.0305.jpg | Prob: 0.5554 | Threshold: 0.6000
2025-02-23 19:09:35 - Arquivo: nonclear.0306.jpg | Prob: 0.0017 | Threshold: 0.6000
2025-02-23 19:10:00 - Arquivo: nonclear.0307.jpg | Prob: 0.0000 | Threshold: 0.6000
2025-02-23 19:10:22 - Arquivo: nonclear.0308.jpg | Prob: 0.0377 | Threshold: 0.6000
2025-02-23 19:11:03 - Arquivo: nonclear.0309.jpg | Prob: 0.0013 | Threshold: 0.6000
2025-02-23 19:11:26 - Arquivo: nonclear.0310.jpg | Prob: 0.3884 | Threshold: 0.6000
2025-02-23 19:11:48 - Arquivo: nonclear.0311.jpg | Prob: 0.0308 | Threshold: 0.6000
2025-02-23 19:12:09 - Arquivo: nonclear.0312.jpg | Prob: 0.2595 | Threshold: 0.6000
2025-02-23 19:12:32 - Arquivo: nonclear.0313.jpg | Prob: 0.0000 | Threshold: 0.6000
2025-02-23 19:12:54 - Arquivo: nonclear.0314.jpg | Prob: 0.0000 | Threshold: 0.6000
2025-02-23 19:13:14 - Arquivo: nonclear.0315.jpg | Prob: 0.0089 | Threshold: 0.6000
2025-02-23 19:13:37 - Arquivo: nonclear.0316.jpg | Prob: 0.0033 | Threshold: 0.6000
2025-02-23 19:14:01 - Arquivo: nonclear.0317.jpg | Prob: 0.0004 | Threshold: 0.6000
2025-02-23 19:14:25 - Arquivo: nonclear.0318.jpg | Prob: 0.0189 | Threshold: 0.6000
2025-02-23 19:14:48 - Arquivo: nonclear.0319.jpg | Prob: 0.9518 | Threshold: 0.6000
2025-02-23 19:15:15 - Arquivo: nonclear.0320.jpg | Prob: 0.0130 | Threshold: 0.6000
2025-02-23 19:15:39 - Arquivo: nonclear.0321.jpg | Prob: 0.8540 | Threshold: 0.6000
2025-02-23 19:16:12 - Arquivo: nonclear.0322.jpg | Prob: 0.9997 | Threshold: 0.6000
2025-02-23 19:16:36 - Arquivo: nonclear.0323.jpg | Prob: 0.0094 | Threshold: 0.6000
2025-02-23 19:17:04 - Arquivo: nonclear.0324.jpg | Prob: 0.0145 | Threshold: 0.6000
2025-02-23 19:17:30 - Arquivo: nonclear.0325.jpg | Prob: 0.0004 | Threshold: 0.6000
2025-02-23 19:17:54 - Arquivo: nonclear.0326.jpg | Prob: 0.0000 | Threshold: 0.6000
2025-02-23 19:18:19 - Arquivo: nonclear.0327.jpg | Prob: 0.0000 | Threshold: 0.6000
2025-02-23 19:18:44 - Arquivo: nonclear.0328.jpg | Prob: 0.0000 | Threshold: 0.6000
2025-02-23 19:19:17 - Arquivo: nonclear.0329.jpg | Prob: 0.9909 | Threshold: 0.6000
2025-02-23 19:19:40 - Arquivo: nonclear.0330.jpg | Prob: 0.0144 | Threshold: 0.6000
2025-02-23 19:20:03 - Arquivo: nonclear.0331.jpeg | Prob: 0.0000 | Threshold: 0.6000
2025-02-23 19:20:26 - Arquivo: nonclear.0332.jpeg | Prob: 0.0000 | Threshold: 0.6000
2025-02-23 19:20:51 - Arquivo: nonclear.0333.jpeg | Prob: 0.0021 | Threshold: 0.6000
2025-02-23 19:21:14 - Arquivo: nonclear.0334.jpg | Prob: 0.0000 | Threshold: 0.6000
2025-02-23 19:21:38 - Arquivo: nonclear.0335.jpg | Prob: 0.0000 | Threshold: 0.6000
2025-02-23 19:22:01 - Arquivo: nonclear.0336.jpg | Prob: 0.0000 | Threshold: 0.6000
2025-02-23 19:22:26 - Arquivo: nonclear.0337.jpg | Prob: 0.0000 | Threshold: 0.6000
2025-02-23 19:22:50 - Arquivo: nonclear.0338.jpg | Prob: 0.0000 | Threshold: 0.6000
2025-02-23 19:23:14 - Arquivo: nonclear.0339.jpg | Prob: 0.0000 | Threshold: 0.6000
2025-02-23 19:23:39 - Arquivo: nonclear.0340.jpg | Prob: 0.0000 | Threshold: 0.6000
2025-02-23 19:24:04 - Arquivo: nonclear.0341.jpg | Prob: 0.0000 | Threshold: 0.6000
2025-02-23 19:24:26 - Arquivo: nonclear.0342.jpg | Prob: 0.2082 | Threshold: 0.6000
2025-02-23 19:24:47 - Arquivo: nonclear.0343.jpg | Prob: 0.0000 | Threshold: 0.6000
2025-02-23 19:25:08 - Arquivo: nonclear.0344.jpg | Prob: 0.9945 | Threshold: 0.6000
2025-02-23 19:25:33 - Arquivo: nonclear.0345.jpg | Prob: 0.0000 | Threshold: 0.6000
2025-02-23 19:25:58 - Arquivo: nonclear.0346.jpg | Prob: 0.0000 | Threshold: 0.6000
2025-02-23 19:26:26 - Arquivo: nonclear.0347.jpg | Prob: 0.0000 | Threshold: 0.6000
2025-02-23 19:26:53 - Arquivo: nonclear.0348.jpg | Prob: 0.0000 | Threshold: 0.6000
2025-02-23 19:27:16 - Arquivo: nonclear.0349.jpg | Prob: 0.0000 | Threshold: 0.6000
2025-02-23 19:27:38 - Arquivo: nonclear.0350.jpg | Prob: 0.0000 | Threshold: 0.6000
2025-02-23 19:28:07 - Arquivo: nonclear.0351.jpg | Prob: 0.0011 | Threshold: 0.6000
2025-02-23 19:28:29 - Arquivo: nonclear.0352.jpg | Prob: 0.9980 | Threshold: 0.6000
2025-02-23 19:28:55 - Arquivo: nonclear.0353.jpg | Prob: 0.0000 | Threshold: 0.6000
2025-02-23 19:29:38 - Arquivo: nonclear.0354.jpg | Prob: 0.0085 | Threshold: 0.6000
2025-02-23 19:30:00 - Arquivo: nonclear.0355.jpg | Prob: 0.0014 | Threshold: 0.6000
2025-02-23 19:30:25 - Arquivo: nonclear.0356.jpg | Prob: 0.0013 | Threshold: 0.6000
2025-02-23 19:30:50 - Arquivo: nonclear.0357.jpg | Prob: 0.0949 | Threshold: 0.6000
2025-02-23 19:31:09 - Arquivo: nonclear.0358.jpg | Prob: 0.0005 | Threshold: 0.6000
2025-02-23 19:31:36 - Arquivo: nonclear.0359.jpg | Prob: 0.0001 | Threshold: 0.6000
2025-02-23 19:31:59 - Arquivo: nonclear.0360.jpg | Prob: 0.0004 | Threshold: 0.6000
2025-02-23 19:32:22 - Arquivo: nonclear.0361.jpg | Prob: 0.0000 | Threshold: 0.6000
2025-02-23 19:32:43 - Arquivo: nonclear.0362.jpg | Prob: 0.0000 | Threshold: 0.6000
2025-02-23 19:33:07 - Arquivo: nonclear.0363.jpg | Prob: 0.0000 | Threshold: 0.6000
2025-02-23 19:33:33 - Arquivo: nonclear.0364.jpg | Prob: 0.0000 | Threshold: 0.6000
2025-02-23 19:33:56 - Arquivo: nonclear.0365.jpg | Prob: 0.0000 | Threshold: 0.6000
2025-02-23 19:34:18 - Arquivo: nonclear.0366.jpg | Prob: 0.0893 | Threshold: 0.6000
2025-02-23 19:35:04 - Arquivo: nonclear.0367.jpg | Prob: 0.9996 | Threshold: 0.6000
2025-02-23 19:35:27 - Arquivo: nonclear.0368.jpg | Prob: 0.0006 | Threshold: 0.6000
2025-02-23 19:35:53 - Arquivo: nonclear.0369.jpg | Prob: 0.0052 | Threshold: 0.6000
2025-02-23 19:36:16 - Arquivo: nonclear.0370.jpg | Prob: 0.0057 | Threshold: 0.6000
2025-02-23 19:36:39 - Arquivo: nonclear.0371.jpg | Prob: 0.0072 | Threshold: 0.6000
2025-02-23 19:37:01 - Arquivo: nonclear.0372.jpg | Prob: 0.0000 | Threshold: 0.6000
2025-02-23 19:37:26 - Arquivo: nonclear.0373.jpg | Prob: 0.0000 | Threshold: 0.6000
2025-02-23 19:37:48 - Arquivo: nonclear.0374.jpg | Prob: 0.0000 | Threshold: 0.6000
2025-02-23 19:38:11 - Arquivo: nonclear.0375.jpg | Prob: 0.0000 | Threshold: 0.6000
2025-02-23 19:38:41 - Arquivo: nonclear.0376.jpg | Prob: 0.0002 | Threshold: 0.6000
2025-02-23 19:39:13 - Arquivo: nonclear.0377.jpg | Prob: 0.0000 | Threshold: 0.6000
2025-02-23 19:39:36 - Arquivo: nonclear.0378.jpg | Prob: 0.0001 | Threshold: 0.6000
2025-02-23 19:39:59 - Arquivo: nonclear.0379.jpg | Prob: 0.0000 | Threshold: 0.6000
2025-02-23 19:40:22 - Arquivo: nonclear.0380.jpg | Prob: 0.0000 | Threshold: 0.6000
2025-02-23 19:40:44 - Arquivo: nonclear.0381.jpg | Prob: 0.0001 | Threshold: 0.6000
2025-02-23 19:41:07 - Arquivo: nonclear.0382.jpg | Prob: 0.0000 | Threshold: 0.6000
2025-02-23 19:41:31 - Arquivo: nonclear.0383.jpg | Prob: 0.0000 | Threshold: 0.6000
2025-02-23 19:41:53 - Arquivo: nonclear.0384.jpg | Prob: 0.1900 | Threshold: 0.6000
2025-02-23 19:42:17 - Arquivo: nonclear.0385.jpg | Prob: 0.9950 | Threshold: 0.6000
2025-02-23 19:42:39 - Arquivo: nonclear.0386.jpg | Prob: 0.0000 | Threshold: 0.6000
2025-02-23 19:43:00 - Arquivo: nonclear.0387.jpg | Prob: 0.0000 | Threshold: 0.6000
2025-02-23 19:43:25 - Arquivo: nonclear.0388.jpg | Prob: 0.0003 | Threshold: 0.6000
2025-02-23 19:44:10 - Arquivo: nonclear.0389.jpg | Prob: 0.0000 | Threshold: 0.6000
2025-02-23 19:44:35 - Arquivo: nonclear.0390.jpg | Prob: 0.0000 | Threshold: 0.6000
2025-02-23 19:45:01 - Arquivo: nonclear.0391.jpg | Prob: 0.0000 | Threshold: 0.6000
2025-02-23 19:46:10 - Arquivo: nonclear.0392.jpg | Prob: 0.0000 | Threshold: 0.6000
2025-02-23 19:46:38 - Arquivo: nonclear.0393.jpg | Prob: 0.0000 | Threshold: 0.6000
2025-02-23 19:47:01 - Arquivo: nonclear.0394.jpg | Prob: 0.0000 | Threshold: 0.6000
2025-02-23 19:47:25 - Arquivo: nonclear.0395.jpg | Prob: 0.0006 | Threshold: 0.6000
2025-02-23 19:47:52 - Arquivo: nonclear.0396.jpg | Prob: 0.0260 | Threshold: 0.6000
2025-02-23 19:48:16 - Arquivo: nonclear.0397.jpg | Prob: 0.0000 | Threshold: 0.6000
2025-02-23 19:48:46 - Arquivo: nonclear.0398.jpg | Prob: 0.0000 | Threshold: 0.6000
2025-02-23 19:49:10 - Arquivo: nonclear.0399.jpg | Prob: 0.0006 | Threshold: 0.6000
2025-02-23 19:49:33 - Arquivo: nonclear.0400.jpg | Prob: 0.0000 | Threshold: 0.6000
2025-02-23 19:49:59 - Arquivo: nonclear.0401.jpg | Prob: 0.4315 | Threshold: 0.6000
2025-02-23 19:50:24 - Arquivo: nonclear.0402.jpg | Prob: 0.0000 | Threshold: 0.6000
2025-02-23 19:50:49 - Arquivo: nonclear.0403.jpg | Prob: 0.0000 | Threshold: 0.6000
2025-02-23 19:51:33 - Arquivo: nonclear.0404.jpg | Prob: 0.1337 | Threshold: 0.6000
2025-02-23 19:51:57 - Arquivo: nonclear.0405.jpg | Prob: 0.0000 | Threshold: 0.6000
2025-02-23 19:52:39 - Arquivo: nonclear.0406.jpg | Prob: 0.0000 | Threshold: 0.6000
2025-02-23 19:53:05 - Arquivo: nonclear.0407.jpg | Prob: 0.0000 | Threshold: 0.6000
2025-02-23 19:53:33 - Arquivo: nonclear.0408.jpg | Prob: 0.0000 | Threshold: 0.6000
2025-02-23 19:53:57 - Arquivo: nonclear.0409.jpg | Prob: 0.0000 | Threshold: 0.6000
2025-02-23 19:54:21 - Arquivo: nonclear.0410.jpg | Prob: 0.0000 | Threshold: 0.6000
2025-02-23 19:55:17 - Arquivo: nonclear.0411.jpg | Prob: 0.0000 | Threshold: 0.6000
2025-02-23 19:55:44 - Arquivo: nonclear.0412.jpg | Prob: 0.0000 | Threshold: 0.6000
2025-02-23 19:56:07 - Arquivo: nonclear.0413.jpg | Prob: 0.0000 | Threshold: 0.6000
2025-02-23 19:56:32 - Arquivo: nonclear.0414.jpg | Prob: 0.0000 | Threshold: 0.6000
2025-02-23 19:56:55 - Arquivo: nonclear.0415.jpg | Prob: 0.0000 | Threshold: 0.6000
2025-02-23 19:57:37 - Arquivo: nonclear.0416.jpg | Prob: 0.9788 | Threshold: 0.6000
2025-02-23 19:58:13 - Arquivo: nonclear.0417.jpg | Prob: 0.0000 | Threshold: 0.6000
2025-02-23 19:58:38 - Arquivo: nonclear.0418.jpg | Prob: 0.0000 | Threshold: 0.6000
2025-02-23 19:59:27 - Arquivo: nonclear.0419.jpg | Prob: 0.0000 | Threshold: 0.6000
2025-02-23 20:00:00 - Arquivo: nonclear.0420.jpg | Prob: 0.0000 | Threshold: 0.6000
2025-02-23 20:00:25 - Arquivo: nonclear.0421.jpg | Prob: 0.0000 | Threshold: 0.6000
2025-02-23 20:00:46 - Arquivo: nonclear.0422.jpg | Prob: 0.0000 | Threshold: 0.6000
2025-02-23 20:01:18 - Arquivo: nonclear.0423.jpg | Prob: 0.0000 | Threshold: 0.6000
2025-02-23 20:01:51 - Arquivo: nonclear.0424.jpg | Prob: 0.0000 | Threshold: 0.6000
2025-02-23 20:02:15 - Arquivo: nonclear.0425.jpg | Prob: 0.0000 | Threshold: 0.6000
2025-02-23 20:02:39 - Arquivo: nonclear.0426.jpg | Prob: 0.0000 | Threshold: 0.6000
2025-02-23 20:03:04 - Arquivo: nonclear.0427.jpg | Prob: 0.0000 | Threshold: 0.6000
2025-02-23 20:03:28 - Arquivo: nonclear.0428.jpg | Prob: 0.0000 | Threshold: 0.6000
2025-02-23 20:03:52 - Arquivo: nonclear.0429.jpg | Prob: 0.0000 | Threshold: 0.6000
2025-02-23 20:04:19 - Arquivo: nonclear.0430.jpg | Prob: 0.5353 | Threshold: 0.6000
2025-02-23 20:04:45 - Arquivo: nonclear.0431.jpg | Prob: 0.5720 | Threshold: 0.6000
2025-02-23 20:05:10 - Arquivo: nonclear.0432.jpg | Prob: 0.0017 | Threshold: 0.6000
2025-02-23 20:05:35 - Arquivo: nonclear.0433.jpg | Prob: 0.0000 | Threshold: 0.6000
2025-02-23 20:06:42 - Arquivo: nonclear.0434.jpg | Prob: 0.0000 | Threshold: 0.6000
2025-02-23 20:07:07 - Arquivo: nonclear.0435.jpg | Prob: 0.0000 | Threshold: 0.6000
2025-02-23 20:07:28 - Arquivo: nonclear.0436.jpg | Prob: 0.0007 | Threshold: 0.6000
2025-02-23 20:08:03 - Arquivo: nonclear.0437.jpg | Prob: 0.5163 | Threshold: 0.6000
2025-02-23 20:08:46 - Arquivo: nonclear.0438.jpg | Prob: 0.0002 | Threshold: 0.6000
2025-02-23 20:09:12 - Arquivo: nonclear.0439.jpg | Prob: 0.0000 | Threshold: 0.6000
2025-02-23 20:10:25 - Arquivo: nonclear.0440.jpg | Prob: 0.0000 | Threshold: 0.6000
2025-02-23 20:10:47 - Arquivo: nonclear.0441.jpg | Prob: 0.0000 | Threshold: 0.6000
2025-02-23 20:11:22 - Arquivo: nonclear.0442.jpg | Prob: 0.0000 | Threshold: 0.6000
2025-02-23 20:11:47 - Arquivo: nonclear.0443.jpg | Prob: 0.0070 | Threshold: 0.6000
2025-02-23 20:12:12 - Arquivo: nonclear.0444.jpg | Prob: 0.0001 | Threshold: 0.6000
2025-02-23 20:12:40 - Arquivo: nonclear.0445.jpg | Prob: 0.0000 | Threshold: 0.6000
2025-02-23 20:13:00 - Arquivo: nonclear.0446.jpg | Prob: 0.0000 | Threshold: 0.6000
2025-02-23 20:13:22 - Arquivo: nonclear.0447.jpg | Prob: 0.0000 | Threshold: 0.6000
2025-02-23 20:13:43 - Arquivo: nonclear.0448.jpg | Prob: 0.0000 | Threshold: 0.6000
2025-02-23 20:14:08 - Arquivo: nonclear.0449.jpg | Prob: 0.0000 | Threshold: 0.6000
2025-02-23 20:15:07 - Arquivo: nonclear.0450.jpg | Prob: 0.0001 | Threshold: 0.6000
2025-02-23 20:15:29 - Arquivo: nonclear.0451.jpg | Prob: 0.0000 | Threshold: 0.6000
2025-02-23 20:15:53 - Arquivo: nonclear.0452.jpg | Prob: 0.0000 | Threshold: 0.6000
2025-02-23 20:16:43 - Arquivo: nonclear.0453.jpg | Prob: 0.1750 | Threshold: 0.6000
2025-02-23 20:17:17 - Arquivo: nonclear.0454.jpg | Prob: 0.0000 | Threshold: 0.6000
2025-02-23 20:17:40 - Arquivo: nonclear.0455.jpg | Prob: 0.0000 | Threshold: 0.6000
2025-02-23 20:18:06 - Arquivo: nonclear.0456.jpg | Prob: 0.8572 | Threshold: 0.6000
2025-02-23 20:18:29 - Arquivo: nonclear.0457.jpg | Prob: 0.0001 | Threshold: 0.6000
2025-02-23 20:18:49 - Arquivo: nonclear.0458.jpg | Prob: 0.0000 | Threshold: 0.6000
2025-02-23 20:19:11 - Arquivo: nonclear.0459.jpg | Prob: 0.0000 | Threshold: 0.6000
2025-02-23 20:19:55 - Arquivo: nonclear.0460.jpg | Prob: 0.0000 | Threshold: 0.6000
2025-02-23 20:20:27 - Arquivo: nonclear.0461.jpg | Prob: 0.0000 | Threshold: 0.6000
2025-02-23 20:20:48 - Arquivo: nonclear.0462.jpg | Prob: 0.0000 | Threshold: 0.6000
2025-02-23 20:21:13 - Arquivo: nonclear.0463.jpg | Prob: 0.0000 | Threshold: 0.6000
2025-02-23 20:21:35 - Arquivo: nonclear.0464.jpg | Prob: 0.0001 | Threshold: 0.6000
2025-02-23 20:22:19 - Arquivo: nonclear.0465.jpg | Prob: 0.0000 | Threshold: 0.6000
2025-02-23 20:22:44 - Arquivo: nonclear.0466.jpg | Prob: 0.0000 | Threshold: 0.6000
2025-02-23 20:23:08 - Arquivo: nonclear.0467.jpg | Prob: 0.0000 | Threshold: 0.6000
2025-02-23 20:23:33 - Arquivo: nonclear.0468.jpg | Prob: 0.0000 | Threshold: 0.6000
2025-02-23 20:23:57 - Arquivo: nonclear.0469.jpg | Prob: 0.0000 | Threshold: 0.6000
2025-02-23 20:24:20 - Arquivo: nonclear.0470.jpg | Prob: 0.0000 | Threshold: 0.6000
2025-02-23 20:24:41 - Arquivo: nonclear.0471.jpg | Prob: 0.9974 | Threshold: 0.6000
2025-02-23 20:25:02 - Arquivo: nonclear.0472.jpg | Prob: 0.0004 | Threshold: 0.6000
2025-02-23 20:25:29 - Arquivo: nonclear.0473.jpg | Prob: 0.0002 | Threshold: 0.6000
2025-02-23 20:25:50 - Arquivo: nonclear.0474.jpg | Prob: 0.0000 | Threshold: 0.6000
2025-02-23 20:26:13 - Arquivo: nonclear.0475.jpg | Prob: 0.0000 | Threshold: 0.6000
2025-02-23 20:26:38 - Arquivo: nonclear.0476.jpg | Prob: 0.0000 | Threshold: 0.6000
2025-02-23 20:27:03 - Arquivo: nonclear.0477.jpg | Prob: 0.0000 | Threshold: 0.6000
2025-02-23 20:27:24 - Arquivo: nonclear.0478.jpg | Prob: 0.0000 | Threshold: 0.6000
2025-02-23 20:27:46 - Arquivo: nonclear.0479.jpg | Prob: 0.0003 | Threshold: 0.6000
2025-02-23 20:28:10 - Arquivo: nonclear.0480.jpg | Prob: 0.0000 | Threshold: 0.6000
2025-02-23 20:28:31 - Arquivo: nonclear.0481.jpg | Prob: 0.0000 | Threshold: 0.6000
2025-02-23 20:28:56 - Arquivo: nonclear.0482.jpg | Prob: 0.0000 | Threshold: 0.6000
2025-02-23 20:29:18 - Arquivo: nonclear.0483.jpg | Prob: 0.0000 | Threshold: 0.6000
2025-02-23 20:29:41 - Arquivo: nonclear.0484.jpg | Prob: 0.0000 | Threshold: 0.6000
2025-02-23 20:30:00 - Arquivo: nonclear.0485.jpg | Prob: 0.0014 | Threshold: 0.6000
2025-02-23 20:30:24 - Arquivo: nonclear.0486.jpg | Prob: 0.0000 | Threshold: 0.6000
2025-02-23 20:30:47 - Arquivo: nonclear.0487.jpg | Prob: 0.0000 | Threshold: 0.6000
2025-02-23 20:31:11 - Arquivo: nonclear.0488.jpg | Prob: 0.0000 | Threshold: 0.6000
2025-02-23 20:31:33 - Arquivo: nonclear.0489.jpg | Prob: 0.0000 | Threshold: 0.6000
2025-02-23 20:31:54 - Arquivo: nonclear.0490.jpg | Prob: 0.0000 | Threshold: 0.6000
2025-02-23 20:32:15 - Arquivo: nonclear.0491.jpg | Prob: 0.0000 | Threshold: 0.6000
2025-02-23 20:32:57 - Arquivo: nonclear.0492.jpg | Prob: 0.0003 | Threshold: 0.6000
2025-02-23 20:33:20 - Arquivo: nonclear.0493.jpg | Prob: 0.0000 | Threshold: 0.6000
2025-02-23 20:33:55 - Arquivo: nonclear.0494.jpg | Prob: 0.1346 | Threshold: 0.6000
2025-02-23 20:34:17 - Arquivo: nonclear.0495.jpg | Prob: 0.0000 | Threshold: 0.6000
2025-02-23 20:34:38 - Arquivo: nonclear.0496.jpg | Prob: 0.0000 | Threshold: 0.6000
2025-02-23 20:35:02 - Arquivo: nonclear.0497.jpg | Prob: 0.0000 | Threshold: 0.6000
2025-02-23 20:35:24 - Arquivo: nonclear.0498.jpg | Prob: 0.0000 | Threshold: 0.6000
2025-02-23 20:35:46 - Arquivo: nonclear.0499.jpg | Prob: 0.0000 | Threshold: 0.6000
2025-02-23 20:36:11 - Arquivo: nonclear.0500.jpg | Prob: 0.0000 | Threshold: 0.6000
2025-02-23 20:36:36 - Arquivo: nonclear.0501.jpg | Prob: 0.0000 | Threshold: 0.6000
2025-02-23 20:36:58 - Arquivo: nonclear.0502.jpg | Prob: 0.0000 | Threshold: 0.6000
2025-02-23 20:37:25 - Arquivo: nonclear.0503.jpg | Prob: 0.1443 | Threshold: 0.6000
2025-02-23 20:37:46 - Arquivo: nonclear.0504.jpg | Prob: 0.0000 | Threshold: 0.6000
2025-02-23 20:38:08 - Arquivo: nonclear.0505.jpg | Prob: 0.0000 | Threshold: 0.6000
2025-02-23 20:38:32 - Arquivo: nonclear.0506.jpg | Prob: 0.0000 | Threshold: 0.6000
2025-02-23 20:38:55 - Arquivo: nonclear.0507.jpg | Prob: 0.0000 | Threshold: 0.6000
2025-02-23 20:39:32 - Arquivo: nonclear.0508.jpg | Prob: 0.0002 | Threshold: 0.6000
2025-02-23 20:39:56 - Arquivo: nonclear.0509.jpg | Prob: 0.0031 | Threshold: 0.6000
2025-02-23 20:40:18 - Arquivo: nonclear.0510.jpg | Prob: 0.0000 | Threshold: 0.6000
2025-02-23 20:40:39 - Arquivo: nonclear.0511.jpg | Prob: 0.0000 | Threshold: 0.6000
2025-02-23 20:41:03 - Arquivo: nonclear.0512.jpg | Prob: 0.0000 | Threshold: 0.6000
2025-02-23 20:41:27 - Arquivo: nonclear.0513.jpg | Prob: 0.0002 | Threshold: 0.6000
2025-02-23 20:41:51 - Arquivo: nonclear.0514.jpg | Prob: 0.0000 | Threshold: 0.6000
2025-02-23 20:42:18 - Arquivo: nonclear.0515.jpg | Prob: 0.0000 | Threshold: 0.6000
2025-02-23 20:42:39 - Arquivo: nonclear.0516.jpg | Prob: 0.0000 | Threshold: 0.6000
2025-02-23 20:43:10 - Arquivo: nonclear.0517.jpg | Prob: 0.0000 | Threshold: 0.6000
2025-02-23 20:43:33 - Arquivo: nonclear.0518.jpg | Prob: 0.0019 | Threshold: 0.6000
2025-02-23 20:43:56 - Arquivo: nonclear.0519.jpg | Prob: 0.0045 | Threshold: 0.6000
2025-02-23 20:44:19 - Arquivo: nonclear.0520.jpg | Prob: 0.0000 | Threshold: 0.6000
2025-02-23 20:44:43 - Arquivo: nonclear.0521.jpg | Prob: 0.0084 | Threshold: 0.6000
2025-02-23 20:45:09 - Arquivo: nonclear.0522.jpg | Prob: 0.0000 | Threshold: 0.6000
2025-02-23 20:45:31 - Arquivo: nonclear.0523.jpg | Prob: 0.0000 | Threshold: 0.6000
2025-02-23 20:45:57 - Arquivo: nonclear.0524.jpg | Prob: 0.0000 | Threshold: 0.6000
2025-02-23 20:46:19 - Arquivo: nonclear.0525.jpg | Prob: 0.0004 | Threshold: 0.6000
2025-02-23 20:46:41 - Arquivo: nonclear.0526.jpg | Prob: 0.0014 | Threshold: 0.6000
2025-02-23 20:47:06 - Arquivo: nonclear.0527.jpg | Prob: 0.0001 | Threshold: 0.6000
2025-02-23 20:47:30 - Arquivo: nonclear.0528.jpg | Prob: 0.0003 | Threshold: 0.6000
2025-02-23 20:47:52 - Arquivo: nonclear.0529.jpg | Prob: 0.0000 | Threshold: 0.6000
2025-02-23 20:48:13 - Arquivo: nonclear.0530.jpg | Prob: 0.0000 | Threshold: 0.6000
2025-02-23 20:48:45 - Arquivo: nonclear.0531.jpg | Prob: 0.0000 | Threshold: 0.6000
2025-02-23 20:49:09 - Arquivo: nonclear.0532.jpg | Prob: 0.0000 | Threshold: 0.6000
2025-02-23 20:49:34 - Arquivo: nonclear.0533.jpg | Prob: 0.0000 | Threshold: 0.6000
2025-02-23 20:49:55 - Arquivo: nonclear.0534.jpg | Prob: 0.0000 | Threshold: 0.6000
2025-02-23 20:50:19 - Arquivo: nonclear.0535.jpg | Prob: 0.0000 | Threshold: 0.6000
2025-02-23 20:50:43 - Arquivo: nonclear.0536.jpg | Prob: 0.0003 | Threshold: 0.6000
2025-02-23 20:51:07 - Arquivo: nonclear.0537.jpg | Prob: 0.0000 | Threshold: 0.6000
2025-02-23 20:51:53 - Arquivo: nonclear.0538.jpg | Prob: 0.0000 | Threshold: 0.6000
2025-02-23 20:52:17 - Arquivo: nonclear.0539.jpg | Prob: 0.0016 | Threshold: 0.6000
2025-02-23 20:52:41 - Arquivo: nonclear.0540.jpg | Prob: 0.0000 | Threshold: 0.6000
2025-02-23 20:53:04 - Arquivo: nonclear.0541.jpg | Prob: 0.0052 | Threshold: 0.6000
2025-02-23 20:53:28 - Arquivo: nonclear.0542.jpg | Prob: 0.0000 | Threshold: 0.6000
2025-02-23 20:53:55 - Arquivo: nonclear.0543.jpg | Prob: 0.0150 | Threshold: 0.6000
2025-02-23 20:54:37 - Arquivo: nonclear.0544.jpg | Prob: 0.0003 | Threshold: 0.6000
2025-02-23 20:54:58 - Arquivo: nonclear.0545.jpg | Prob: 0.8580 | Threshold: 0.6000
2025-02-23 20:55:24 - Arquivo: nonclear.0546.jpg | Prob: 0.0000 | Threshold: 0.6000
2025-02-23 20:55:48 - Arquivo: nonclear.0547.jpg | Prob: 0.0000 | Threshold: 0.6000
2025-02-23 20:56:11 - Arquivo: nonclear.0548.jpg | Prob: 0.0000 | Threshold: 0.6000
2025-02-23 20:56:34 - Arquivo: nonclear.0549.jpg | Prob: 0.0000 | Threshold: 0.6000
2025-02-23 20:56:59 - Arquivo: nonclear.0550.jpg | Prob: 0.0000 | Threshold: 0.6000
2025-02-23 20:57:24 - Arquivo: nonclear.0551.jpg | Prob: 0.0000 | Threshold: 0.6000
2025-02-23 20:57:49 - Arquivo: nonclear.0552.jpg | Prob: 0.0000 | Threshold: 0.6000
2025-02-23 20:58:14 - Arquivo: nonclear.0553.jpg | Prob: 0.0001 | Threshold: 0.6000
2025-02-23 20:58:36 - Arquivo: nonclear.0554.jpg | Prob: 0.0000 | Threshold: 0.6000
2025-02-23 20:59:01 - Arquivo: nonclear.0555.jpg | Prob: 0.0005 | Threshold: 0.6000
2025-02-23 20:59:30 - Arquivo: nonclear.0556.jpg | Prob: 0.0004 | Threshold: 0.6000
2025-02-23 20:59:52 - Arquivo: nonclear.0557.jpg | Prob: 0.0085 | Threshold: 0.6000
2025-02-23 21:00:17 - Arquivo: nonclear.0558.jpg | Prob: 0.0000 | Threshold: 0.6000
2025-02-23 21:00:41 - Arquivo: nonclear.0559.jpg | Prob: 0.0000 | Threshold: 0.6000
2025-02-23 21:01:07 - Arquivo: nonclear.0560.jpg | Prob: 0.0000 | Threshold: 0.6000
2025-02-23 21:01:29 - Arquivo: nonclear.0561.jpg | Prob: 0.9376 | Threshold: 0.6000
2025-02-23 21:01:53 - Arquivo: nonclear.0562.jpg | Prob: 0.0000 | Threshold: 0.6000
2025-02-23 21:02:17 - Arquivo: nonclear.0563.jpg | Prob: 0.1917 | Threshold: 0.6000
2025-02-23 21:02:40 - Arquivo: nonclear.0564.jpg | Prob: 0.0000 | Threshold: 0.6000
2025-02-23 21:03:07 - Arquivo: nonclear.0565.jpg | Prob: 0.0000 | Threshold: 0.6000
2025-02-23 21:03:30 - Arquivo: nonclear.0566.jpg | Prob: 0.0000 | Threshold: 0.6000
2025-02-23 21:03:55 - Arquivo: nonclear.0567.jpg | Prob: 0.0008 | Threshold: 0.6000
2025-02-23 21:04:16 - Arquivo: nonclear.0568.jpg | Prob: 0.1041 | Threshold: 0.6000
2025-02-23 21:04:39 - Arquivo: nonclear.0569.jpg | Prob: 0.0000 | Threshold: 0.6000
2025-02-23 21:05:05 - Arquivo: nonclear.0570.jpg | Prob: 0.0000 | Threshold: 0.6000
2025-02-23 21:05:30 - Arquivo: nonclear.0571.jpg | Prob: 0.0001 | Threshold: 0.6000
2025-02-23 21:05:55 - Arquivo: nonclear.0572.jpg | Prob: 0.0000 | Threshold: 0.6000
2025-02-23 21:06:21 - Arquivo: nonclear.0573.jpg | Prob: 0.9807 | Threshold: 0.6000
2025-02-23 21:06:47 - Arquivo: nonclear.0574.jpg | Prob: 0.0001 | Threshold: 0.6000
2025-02-23 21:07:15 - Arquivo: nonclear.0575.jpg | Prob: 0.0119 | Threshold: 0.6000
2025-02-23 21:07:50 - Arquivo: nonclear.0576.jpg | Prob: 0.0000 | Threshold: 0.6000
2025-02-23 21:08:39 - Arquivo: nonclear.0577.jpg | Prob: 0.0000 | Threshold: 0.6000
2025-02-23 21:09:03 - Arquivo: nonclear.0578.jpg | Prob: 0.0000 | Threshold: 0.6000
2025-02-23 21:09:26 - Arquivo: nonclear.0579.jpg | Prob: 0.0000 | Threshold: 0.6000
2025-02-23 21:09:50 - Arquivo: nonclear.0580.jpg | Prob: 0.0161 | Threshold: 0.6000
2025-02-23 21:10:13 - Arquivo: nonclear.0581.jpg | Prob: 0.0000 | Threshold: 0.6000
2025-02-23 21:10:38 - Arquivo: nonclear.0582.jpg | Prob: 0.0000 | Threshold: 0.6000
2025-02-23 21:11:02 - Arquivo: nonclear.0583.jpg | Prob: 0.0000 | Threshold: 0.6000
2025-02-23 21:11:25 - Arquivo: nonclear.0584.jpg | Prob: 0.0000 | Threshold: 0.6000
2025-02-23 21:12:15 - Arquivo: nonclear.0585.jpg | Prob: 0.0000 | Threshold: 0.6000
2025-02-23 21:12:40 - Arquivo: nonclear.0586.jpg | Prob: 0.0000 | Threshold: 0.6000
2025-02-23 21:13:04 - Arquivo: nonclear.0587.jpg | Prob: 0.0000 | Threshold: 0.6000
2025-02-23 21:13:26 - Arquivo: nonclear.0588.jpg | Prob: 0.0000 | Threshold: 0.6000
2025-02-23 21:13:52 - Arquivo: nonclear.0589.jpg | Prob: 0.0000 | Threshold: 0.6000
2025-02-23 21:14:16 - Arquivo: nonclear.0590.jpg | Prob: 0.0000 | Threshold: 0.6000
2025-02-23 21:14:38 - Arquivo: nonclear.0591.jpg | Prob: 0.0000 | Threshold: 0.6000
2025-02-23 21:15:02 - Arquivo: nonclear.0592.jpg | Prob: 0.0000 | Threshold: 0.6000
2025-02-23 21:15:26 - Arquivo: nonclear.0593.jpg | Prob: 0.0000 | Threshold: 0.6000
2025-02-23 21:15:48 - Arquivo: nonclear.0594.jpg | Prob: 0.0000 | Threshold: 0.6000
2025-02-23 21:16:13 - Arquivo: nonclear.0595.jpg | Prob: 0.0000 | Threshold: 0.6000
2025-02-23 21:16:39 - Arquivo: nonclear.0596.jpg | Prob: 0.0026 | Threshold: 0.6000
2025-02-23 21:17:15 - Arquivo: nonclear.0597.jpg | Prob: 0.0001 | Threshold: 0.6000
2025-02-23 21:17:41 - Arquivo: nonclear.0598.jpg | Prob: 0.0006 | Threshold: 0.6000
2025-02-23 21:18:09 - Arquivo: nonclear.0599.jpg | Prob: 0.0000 | Threshold: 0.6000
2025-02-23 21:18:35 - Arquivo: nonclear.0600.jpg | Prob: 0.0000 | Threshold: 0.6000
2025-02-23 21:19:11 - Arquivo: nonclear.0601.jpg | Prob: 0.0000 | Threshold: 0.6000
2025-02-23 21:19:35 - Arquivo: nonclear.0602.jpg | Prob: 0.0002 | Threshold: 0.6000
2025-02-23 21:20:05 - Arquivo: nonclear.0603.jpg | Prob: 0.0000 | Threshold: 0.6000
2025-02-23 21:20:31 - Arquivo: nonclear.0604.jpg | Prob: 0.0000 | Threshold: 0.6000
2025-02-23 21:20:57 - Arquivo: nonclear.0605.jpg | Prob: 0.2383 | Threshold: 0.6000
2025-02-23 21:21:24 - Arquivo: nonclear.0606.jpg | Prob: 0.0000 | Threshold: 0.6000
2025-02-23 21:21:53 - Arquivo: nonclear.0607.jpg | Prob: 0.0000 | Threshold: 0.6000
2025-02-23 21:22:19 - Arquivo: nonclear.0608.jpg | Prob: 0.0000 | Threshold: 0.6000
2025-02-23 21:22:46 - Arquivo: nonclear.0609.jpg | Prob: 0.0000 | Threshold: 0.6000
2025-02-23 21:23:14 - Arquivo: nonclear.0610.jpg | Prob: 0.0000 | Threshold: 0.6000
2025-02-23 21:23:41 - Arquivo: nonclear.0611.jpg | Prob: 0.0000 | Threshold: 0.6000
2025-02-23 21:24:06 - Arquivo: nonclear.0612.jpg | Prob: 0.0914 | Threshold: 0.6000
2025-02-23 21:24:33 - Arquivo: nonclear.0613.jpg | Prob: 0.0000 | Threshold: 0.6000
2025-02-23 21:25:04 - Arquivo: nonclear.0614.jpg | Prob: 0.0000 | Threshold: 0.6000
2025-02-23 21:25:46 - Arquivo: nonclear.0615.jpg | Prob: 0.0000 | Threshold: 0.6000
2025-02-23 21:26:26 - Arquivo: nonclear.0616.jpg | Prob: 0.0000 | Threshold: 0.6000
2025-02-23 21:26:58 - Arquivo: nonclear.0617.jpg | Prob: 0.0003 | Threshold: 0.6000
2025-02-23 21:27:26 - Arquivo: nonclear.0618.jpg | Prob: 0.0000 | Threshold: 0.6000
2025-02-23 21:28:09 - Arquivo: nonclear.0619.jpg | Prob: 0.0001 | Threshold: 0.6000
2025-02-23 21:28:36 - Arquivo: nonclear.0620.jpg | Prob: 0.0000 | Threshold: 0.6000
2025-02-23 21:29:04 - Arquivo: nonclear.0621.jpg | Prob: 0.0000 | Threshold: 0.6000
2025-02-23 21:29:32 - Arquivo: nonclear.0622.jpg | Prob: 0.0001 | Threshold: 0.6000
2025-02-23 21:30:18 - Arquivo: nonclear.0623.jpg | Prob: 0.0002 | Threshold: 0.6000
2025-02-23 21:30:53 - Arquivo: nonclear.0624.jpg | Prob: 0.0000 | Threshold: 0.6000
2025-02-23 21:31:20 - Arquivo: nonclear.0625.jpg | Prob: 0.0000 | Threshold: 0.6000
2025-02-23 21:31:46 - Arquivo: nonclear.0626.jpg | Prob: 0.0006 | Threshold: 0.6000
2025-02-23 21:32:14 - Arquivo: nonclear.0627.jpg | Prob: 0.0000 | Threshold: 0.6000
2025-02-23 21:32:44 - Arquivo: nonclear.0628.jpg | Prob: 0.0000 | Threshold: 0.6000
2025-02-23 21:33:14 - Arquivo: nonclear.0629.jpg | Prob: 0.6648 | Threshold: 0.6000
2025-02-23 21:33:38 - Arquivo: nonclear.0630.jpg | Prob: 0.0000 | Threshold: 0.6000
2025-02-23 21:34:05 - Arquivo: nonclear.0631.jpg | Prob: 0.0001 | Threshold: 0.6000
2025-02-23 21:34:33 - Arquivo: nonclear.0632.jpg | Prob: 0.0000 | Threshold: 0.6000
2025-02-23 21:35:00 - Arquivo: nonclear.0633.jpg | Prob: 0.0000 | Threshold: 0.6000
2025-02-23 21:35:25 - Arquivo: nonclear.0634.jpg | Prob: 0.0004 | Threshold: 0.6000
2025-02-23 21:35:49 - Arquivo: nonclear.0635.jpg | Prob: 0.0887 | Threshold: 0.6000
2025-02-23 21:36:15 - Arquivo: nonclear.0636.jpg | Prob: 0.0000 | Threshold: 0.6000
2025-02-23 21:36:41 - Arquivo: nonclear.0637.jpg | Prob: 0.0000 | Threshold: 0.6000
2025-02-23 21:37:08 - Arquivo: nonclear.0638.jpg | Prob: 0.0000 | Threshold: 0.6000
2025-02-23 21:37:33 - Arquivo: nonclear.0639.jpg | Prob: 0.0000 | Threshold: 0.6000
2025-02-23 21:38:00 - Arquivo: nonclear.0640.jpg | Prob: 1.0000 | Threshold: 0.6000
2025-02-23 21:38:26 - Arquivo: nonclear.0641.jpg | Prob: 0.1307 | Threshold: 0.6000
2025-02-23 21:38:51 - Arquivo: nonclear.0642.jpg | Prob: 0.0000 | Threshold: 0.6000
2025-02-23 21:39:21 - Arquivo: nonclear.0643.jpg | Prob: 0.0000 | Threshold: 0.6000
2025-02-23 21:39:45 - Arquivo: nonclear.0644.jpg | Prob: 0.0000 | Threshold: 0.6000
2025-02-23 21:40:16 - Arquivo: nonclear.0645.jpg | Prob: 0.0000 | Threshold: 0.6000
2025-02-23 21:40:39 - Arquivo: nonclear.0646.jpg | Prob: 0.0039 | Threshold: 0.6000
2025-02-23 21:41:05 - Arquivo: nonclear.0647.jpg | Prob: 0.0000 | Threshold: 0.6000
2025-02-23 21:41:30 - Arquivo: nonclear.0648.jpg | Prob: 0.0000 | Threshold: 0.6000
2025-02-23 21:41:58 - Arquivo: nonclear.0649.jpg | Prob: 0.0000 | Threshold: 0.6000
2025-02-23 21:42:23 - Arquivo: nonclear.0650.jpg | Prob: 0.0016 | Threshold: 0.6000
2025-02-23 21:42:46 - Arquivo: nonclear.0651.jpg | Prob: 0.0000 | Threshold: 0.6000
2025-02-23 21:43:13 - Arquivo: nonclear.0652.jpg | Prob: 0.0001 | Threshold: 0.6000
2025-02-23 21:43:38 - Arquivo: nonclear.0653.jpg | Prob: 1.0000 | Threshold: 0.6000
2025-02-23 21:44:21 - Arquivo: nonclear.0654.jpg | Prob: 0.0001 | Threshold: 0.6000
2025-02-23 21:44:47 - Arquivo: nonclear.0655.jpg | Prob: 0.0000 | Threshold: 0.6000
2025-02-23 21:45:17 - Arquivo: nonclear.0656.jpg | Prob: 0.0000 | Threshold: 0.6000
2025-02-23 21:45:42 - Arquivo: nonclear.0657.jpg | Prob: 0.0001 | Threshold: 0.6000
2025-02-23 21:46:05 - Arquivo: nonclear.0658.jpg | Prob: 0.0003 | Threshold: 0.6000
2025-02-23 21:46:32 - Arquivo: nonclear.0659.jpg | Prob: 0.0697 | Threshold: 0.6000
2025-02-23 21:47:00 - Arquivo: nonclear.0660.jpg | Prob: 0.0000 | Threshold: 0.6000
2025-02-23 21:47:24 - Arquivo: nonclear.0661.jpg | Prob: 0.0000 | Threshold: 0.6000
2025-02-23 21:47:49 - Arquivo: nonclear.0662.jpg | Prob: 0.0000 | Threshold: 0.6000
2025-02-23 21:48:18 - Arquivo: nonclear.0663.jpg | Prob: 0.0000 | Threshold: 0.6000
2025-02-23 21:48:43 - Arquivo: nonclear.0664.jpg | Prob: 0.0000 | Threshold: 0.6000
2025-02-23 21:49:06 - Arquivo: nonclear.0665.jpg | Prob: 0.0000 | Threshold: 0.6000
2025-02-23 21:49:31 - Arquivo: nonclear.0666.jpg | Prob: 0.0000 | Threshold: 0.6000
2025-02-23 21:49:56 - Arquivo: nonclear.0667.jpg | Prob: 0.0001 | Threshold: 0.6000
2025-02-23 21:50:32 - Arquivo: nonclear.0668.jpg | Prob: 0.0001 | Threshold: 0.6000
2025-02-23 21:51:09 - Arquivo: nonclear.0669.jpg | Prob: 0.0000 | Threshold: 0.6000
2025-02-23 21:51:32 - Arquivo: nonclear.0670.jpg | Prob: 0.9023 | Threshold: 0.6000
2025-02-23 21:51:54 - Arquivo: nonclear.0671.jpg | Prob: 0.0000 | Threshold: 0.6000
2025-02-23 21:52:15 - Arquivo: nonclear.0672.jpg | Prob: 0.0000 | Threshold: 0.6000
2025-02-23 21:52:40 - Arquivo: nonclear.0673.jpg | Prob: 0.0000 | Threshold: 0.6000
2025-02-23 21:53:06 - Arquivo: nonclear.0674.jpg | Prob: 0.0000 | Threshold: 0.6000
2025-02-23 21:53:30 - Arquivo: nonclear.0675.jpg | Prob: 0.0000 | Threshold: 0.6000
2025-02-23 21:53:54 - Arquivo: nonclear.0676.jpg | Prob: 0.0000 | Threshold: 0.6000
2025-02-23 21:54:22 - Arquivo: nonclear.0677.jpg | Prob: 0.0000 | Threshold: 0.6000
2025-02-23 21:54:48 - Arquivo: nonclear.0678.jpg | Prob: 0.0107 | Threshold: 0.6000
2025-02-23 21:55:10 - Arquivo: nonclear.0679.jpg | Prob: 0.0000 | Threshold: 0.6000
2025-02-23 21:55:35 - Arquivo: nonclear.0680.jpg | Prob: 0.0005 | Threshold: 0.6000
2025-02-23 21:55:59 - Arquivo: nonclear.0681.jpg | Prob: 0.0006 | Threshold: 0.6000
2025-02-23 21:56:24 - Arquivo: nonclear.0682.jpg | Prob: 0.0000 | Threshold: 0.6000
2025-02-23 21:56:47 - Arquivo: nonclear.0683.jpg | Prob: 0.0000 | Threshold: 0.6000
2025-02-23 21:57:31 - Arquivo: nonclear.0684.jpg | Prob: 0.0000 | Threshold: 0.6000
2025-02-23 21:57:57 - Arquivo: nonclear.0685.jpg | Prob: 0.0000 | Threshold: 0.6000
2025-02-23 21:58:34 - Arquivo: nonclear.0686.jpg | Prob: 0.0000 | Threshold: 0.6000
2025-02-23 21:58:59 - Arquivo: nonclear.0687.jpg | Prob: 0.0350 | Threshold: 0.6000
2025-02-23 21:59:25 - Arquivo: nonclear.0688.jpg | Prob: 0.0011 | Threshold: 0.6000
2025-02-23 21:59:47 - Arquivo: nonclear.0689.jpg | Prob: 0.0000 | Threshold: 0.6000
2025-02-23 22:00:14 - Arquivo: nonclear.0690.jpg | Prob: 0.0000 | Threshold: 0.6000
2025-02-23 22:00:34 - Arquivo: nonclear.0691.jpg | Prob: 0.0000 | Threshold: 0.6000
2025-02-23 22:00:58 - Arquivo: nonclear.0692.jpg | Prob: 0.0000 | Threshold: 0.6000
2025-02-23 22:01:24 - Arquivo: nonclear.0693.jpg | Prob: 0.0000 | Threshold: 0.6000
2025-02-23 22:01:48 - Arquivo: nonclear.0694.jpg | Prob: 0.0000 | Threshold: 0.6000
2025-02-23 22:02:11 - Arquivo: nonclear.0695.jpg | Prob: 0.9989 | Threshold: 0.6000
2025-02-23 22:02:36 - Arquivo: nonclear.0696.jpg | Prob: 0.0000 | Threshold: 0.6000
2025-02-23 22:03:19 - Arquivo: nonclear.0697.jpg | Prob: 0.0000 | Threshold: 0.6000
2025-02-23 22:03:42 - Arquivo: nonclear.0698.jpg | Prob: 0.0000 | Threshold: 0.6000
2025-02-23 22:04:02 - Arquivo: nonclear.0699.jpg | Prob: 0.0000 | Threshold: 0.6000
2025-02-23 22:05:02 - Arquivo: nonclear.0700.jpg | Prob: 0.0354 | Threshold: 0.6000
2025-02-23 22:05:28 - Arquivo: nonclear.0701.jpg | Prob: 0.0191 | Threshold: 0.6000
2025-02-23 22:05:57 - Arquivo: nonclear.0702.jpg | Prob: 0.0000 | Threshold: 0.6000
2025-02-23 22:07:06 - Arquivo: nonclear.0703.jpg | Prob: 0.0000 | Threshold: 0.6000
2025-02-23 22:07:28 - Arquivo: nonclear.0704.jpg | Prob: 0.0000 | Threshold: 0.6000
2025-02-23 22:07:48 - Arquivo: nonclear.0705.jpg | Prob: 0.0000 | Threshold: 0.6000
2025-02-23 22:08:13 - Arquivo: nonclear.0706.jpg | Prob: 0.0000 | Threshold: 0.6000
2025-02-23 22:08:53 - Arquivo: nonclear.0707.jpg | Prob: 0.0000 | Threshold: 0.6000
2025-02-23 22:09:13 - Arquivo: nonclear.0708.jpg | Prob: 0.0000 | Threshold: 0.6000
2025-02-23 22:09:35 - Arquivo: nonclear.0709.jpg | Prob: 0.0679 | Threshold: 0.6000
2025-02-23 22:09:59 - Arquivo: nonclear.0710.jpg | Prob: 0.0000 | Threshold: 0.6000
2025-02-23 22:10:23 - Arquivo: nonclear.0711.jpg | Prob: 0.0000 | Threshold: 0.6000
2025-02-23 22:11:01 - Arquivo: nonclear.0712.jpg | Prob: 0.0000 | Threshold: 0.6000
2025-02-23 22:11:23 - Arquivo: nonclear.0713.jpg | Prob: 0.0000 | Threshold: 0.6000
2025-02-23 22:11:46 - Arquivo: nonclear.0714.jpg | Prob: 0.0001 | Threshold: 0.6000
2025-02-23 22:12:11 - Arquivo: nonclear.0715.jpg | Prob: 0.0000 | Threshold: 0.6000
2025-02-23 22:12:36 - Arquivo: nonclear.0716.jpg | Prob: 0.0000 | Threshold: 0.6000
2025-02-23 22:12:56 - Arquivo: nonclear.0717.jpg | Prob: 0.0000 | Threshold: 0.6000
2025-02-23 22:13:17 - Arquivo: nonclear.0718.jpg | Prob: 0.0000 | Threshold: 0.6000
2025-02-23 22:13:40 - Arquivo: nonclear.0719.jpg | Prob: 0.0010 | Threshold: 0.6000
2025-02-23 22:14:03 - Arquivo: nonclear.0720.jpg | Prob: 0.0000 | Threshold: 0.6000
2025-02-23 22:14:29 - Arquivo: nonclear.0721.jpg | Prob: 0.0000 | Threshold: 0.6000
2025-02-23 22:14:53 - Arquivo: nonclear.0722.jpg | Prob: 0.0000 | Threshold: 0.6000
2025-02-23 22:15:17 - Arquivo: nonclear.0723.jpg | Prob: 0.0000 | Threshold: 0.6000
2025-02-23 22:15:39 - Arquivo: nonclear.0724.jpg | Prob: 0.0000 | Threshold: 0.6000
2025-02-23 22:15:59 - Arquivo: nonclear.0725.jpg | Prob: 0.0000 | Threshold: 0.6000
2025-02-23 22:16:34 - Arquivo: nonclear.0726.jpg | Prob: 0.0001 | Threshold: 0.6000
2025-02-23 22:16:58 - Arquivo: nonclear.0727.jpg | Prob: 0.0000 | Threshold: 0.6000
2025-02-23 22:17:21 - Arquivo: nonclear.0728.jpg | Prob: 0.0505 | Threshold: 0.6000
2025-02-23 22:18:00 - Arquivo: nonclear.0729.jpg | Prob: 0.0053 | Threshold: 0.6000
2025-02-23 22:18:24 - Arquivo: nonclear.0730.jpg | Prob: 0.9919 | Threshold: 0.6000
2025-02-23 22:18:45 - Arquivo: nonclear.0731.jpg | Prob: 0.0000 | Threshold: 0.6000
2025-02-23 22:19:08 - Arquivo: nonclear.0732.jpg | Prob: 0.0000 | Threshold: 0.6000
2025-02-23 22:19:33 - Arquivo: nonclear.0733.jpg | Prob: 0.0000 | Threshold: 0.6000
2025-02-23 22:19:58 - Arquivo: nonclear.0734.jpg | Prob: 0.0000 | Threshold: 0.6000
2025-02-23 22:20:33 - Arquivo: nonclear.0735.jpg | Prob: 0.0000 | Threshold: 0.6000
2025-02-23 22:20:58 - Arquivo: nonclear.0736.jpg | Prob: 0.0000 | Threshold: 0.6000
2025-02-23 22:21:23 - Arquivo: nonclear.0737.jpg | Prob: 0.0000 | Threshold: 0.6000
2025-02-23 22:21:48 - Arquivo: nonclear.0738.jpg | Prob: 0.0000 | Threshold: 0.6000
2025-02-23 22:22:14 - Arquivo: nonclear.0739.jpg | Prob: 0.0000 | Threshold: 0.6000
2025-02-23 22:22:36 - Arquivo: nonclear.0740.jpg | Prob: 0.0011 | Threshold: 0.6000
2025-02-23 22:23:01 - Arquivo: nonclear.0741.jpg | Prob: 0.0001 | Threshold: 0.6000
2025-02-23 22:23:28 - Arquivo: nonclear.0742.jpg | Prob: 0.0213 | Threshold: 0.6000
2025-02-23 22:23:52 - Arquivo: nonclear.0743.jpg | Prob: 0.0000 | Threshold: 0.6000
2025-02-23 22:24:16 - Arquivo: nonclear.0744.jpg | Prob: 0.0000 | Threshold: 0.6000
2025-02-23 22:24:55 - Arquivo: nonclear.0745.jpg | Prob: 0.0000 | Threshold: 0.6000
2025-02-23 22:25:19 - Arquivo: nonclear.0746.jpg | Prob: 0.0000 | Threshold: 0.6000
2025-02-23 22:25:43 - Arquivo: nonclear.0747.jpg | Prob: 0.0000 | Threshold: 0.6000
2025-02-23 22:26:05 - Arquivo: nonclear.0748.jpg | Prob: 0.0000 | Threshold: 0.6000
2025-02-23 22:26:26 - Arquivo: nonclear.0749.jpg | Prob: 0.0000 | Threshold: 0.6000
2025-02-23 22:26:53 - Arquivo: nonclear.0750.jpg | Prob: 0.0000 | Threshold: 0.6000
2025-02-23 22:27:19 - Arquivo: nonclear.0751.jpg | Prob: 0.0002 | Threshold: 0.6000
2025-02-23 22:27:47 - Arquivo: nonclear.0752.jpg | Prob: 0.0000 | Threshold: 0.6000
2025-02-23 22:28:47 - Arquivo: nonclear.0753.jpg | Prob: 0.0000 | Threshold: 0.6000
2025-02-23 22:29:14 - Arquivo: nonclear.0754.jpg | Prob: 0.0000 | Threshold: 0.6000
2025-02-23 22:29:46 - Arquivo: nonclear.0755.jpg | Prob: 0.0000 | Threshold: 0.6000
2025-02-23 22:30:10 - Arquivo: nonclear.0756.jpg | Prob: 0.0000 | Threshold: 0.6000
2025-02-23 22:30:34 - Arquivo: nonclear.0757.jpg | Prob: 0.0000 | Threshold: 0.6000
2025-02-23 22:30:58 - Arquivo: nonclear.0758.jpg | Prob: 0.0000 | Threshold: 0.6000
2025-02-23 22:31:24 - Arquivo: nonclear.0759.jpg | Prob: 0.0000 | Threshold: 0.6000
2025-02-23 22:31:44 - Arquivo: nonclear.0760.jpg | Prob: 0.0035 | Threshold: 0.6000
2025-02-23 22:32:21 - Arquivo: nonclear.0761.jpg | Prob: 0.0055 | Threshold: 0.6000
2025-02-23 22:32:47 - Arquivo: nonclear.0762.jpg | Prob: 0.0000 | Threshold: 0.6000
2025-02-23 22:33:03 - Arquivo: nonclear.0763.jpg | Prob: 0.9997 | Threshold: 0.6000
2025-02-23 22:33:29 - Arquivo: nonclear.0764.jpg | Prob: 0.6491 | Threshold: 0.6000
2025-02-23 22:33:52 - Arquivo: nonclear.0765.jpg | Prob: 0.0082 | Threshold: 0.6000
2025-02-23 22:34:17 - Arquivo: nonclear.0766.jpg | Prob: 0.0000 | Threshold: 0.6000
2025-02-23 22:34:40 - Arquivo: nonclear.0767.jpg | Prob: 0.0003 | Threshold: 0.6000
2025-02-23 22:35:01 - Arquivo: nonclear.0768.jpg | Prob: 0.0000 | Threshold: 0.6000
2025-02-23 22:35:26 - Arquivo: nonclear.0769.jpg | Prob: 0.0000 | Threshold: 0.6000
2025-02-23 22:35:48 - Arquivo: nonclear.0770.jpg | Prob: 0.0014 | Threshold: 0.6000
2025-02-23 22:36:12 - Arquivo: nonclear.0771.jpg | Prob: 0.0004 | Threshold: 0.6000
2025-02-23 22:36:37 - Arquivo: nonclear.0772.jpg | Prob: 0.0000 | Threshold: 0.6000
2025-02-23 22:36:59 - Arquivo: nonclear.0773.jpg | Prob: 0.0000 | Threshold: 0.6000
2025-02-23 22:37:22 - Arquivo: nonclear.0774.jpg | Prob: 0.0000 | Threshold: 0.6000
2025-02-23 22:37:46 - Arquivo: nonclear.0775.jpg | Prob: 0.0001 | Threshold: 0.6000
2025-02-23 22:38:11 - Arquivo: nonclear.0776.jpg | Prob: 0.0000 | Threshold: 0.6000
2025-02-23 22:38:59 - Arquivo: nonclear.0777.jpg | Prob: 0.0003 | Threshold: 0.6000
2025-02-23 22:39:24 - Arquivo: nonclear.0778.jpg | Prob: 0.0000 | Threshold: 0.6000
2025-02-23 22:39:47 - Arquivo: nonclear.0779.jpg | Prob: 0.0000 | Threshold: 0.6000
2025-02-23 22:40:10 - Arquivo: nonclear.0780.jpg | Prob: 0.0000 | Threshold: 0.6000
2025-02-23 22:40:37 - Arquivo: nonclear.0781.jpg | Prob: 0.0000 | Threshold: 0.6000
2025-02-23 22:41:09 - Arquivo: nonclear.0782.jpg | Prob: 0.0000 | Threshold: 0.6000
2025-02-23 22:41:30 - Arquivo: nonclear.0783.jpg | Prob: 0.0000 | Threshold: 0.6000
2025-02-23 22:41:56 - Arquivo: nonclear.0784.jpg | Prob: 0.0000 | Threshold: 0.6000
2025-02-23 22:42:20 - Arquivo: nonclear.0785.jpg | Prob: 0.0000 | Threshold: 0.6000
2025-02-23 22:42:43 - Arquivo: nonclear.0786.jpg | Prob: 0.0111 | Threshold: 0.6000
2025-02-23 22:43:10 - Arquivo: nonclear.0787.jpg | Prob: 0.0000 | Threshold: 0.6000
2025-02-23 22:43:34 - Arquivo: nonclear.0788.jpg | Prob: 0.0000 | Threshold: 0.6000
2025-02-23 22:43:58 - Arquivo: nonclear.0789.jpg | Prob: 0.0000 | Threshold: 0.6000
2025-02-23 22:44:21 - Arquivo: nonclear.0790.jpg | Prob: 0.0000 | Threshold: 0.6000
2025-02-23 22:44:44 - Arquivo: nonclear.0791.jpg | Prob: 0.0000 | Threshold: 0.6000
2025-02-23 22:45:12 - Arquivo: nonclear.0792.jpg | Prob: 0.0000 | Threshold: 0.6000
2025-02-23 22:45:38 - Arquivo: nonclear.0793.jpg | Prob: 0.0000 | Threshold: 0.6000
2025-02-23 22:46:05 - Arquivo: nonclear.0794.jpg | Prob: 0.0000 | Threshold: 0.6000
2025-02-23 22:46:28 - Arquivo: nonclear.0795.jpg | Prob: 1.0000 | Threshold: 0.6000
2025-02-23 22:46:53 - Arquivo: nonclear.0796.jpg | Prob: 0.0000 | Threshold: 0.6000
2025-02-23 22:47:16 - Arquivo: nonclear.0797.jpg | Prob: 0.0000 | Threshold: 0.6000
2025-02-23 22:47:42 - Arquivo: nonclear.0798.jpg | Prob: 0.0000 | Threshold: 0.6000
2025-02-23 22:48:06 - Arquivo: nonclear.0799.jpg | Prob: 0.0000 | Threshold: 0.6000
2025-02-23 22:48:48 - Arquivo: nonclear.0800.jpg | Prob: 0.0000 | Threshold: 0.6000
2025-02-23 22:49:14 - Arquivo: nonclear.0801.jpg | Prob: 0.0000 | Threshold: 0.6000
2025-02-23 22:49:39 - Arquivo: nonclear.0802.jpg | Prob: 0.0000 | Threshold: 0.6000
2025-02-23 22:50:11 - Arquivo: nonclear.0803.jpg | Prob: 0.0000 | Threshold: 0.6000
2025-02-23 22:50:37 - Arquivo: nonclear.0804.jpg | Prob: 0.0000 | Threshold: 0.6000
2025-02-23 22:51:01 - Arquivo: nonclear.0805.jpg | Prob: 0.0000 | Threshold: 0.6000
2025-02-23 22:51:28 - Arquivo: nonclear.0806.jpg | Prob: 0.0003 | Threshold: 0.6000
2025-02-23 22:51:56 - Arquivo: nonclear.0807.jpg | Prob: 0.0000 | Threshold: 0.6000
2025-02-23 22:52:23 - Arquivo: nonclear.0808.jpg | Prob: 0.0000 | Threshold: 0.6000
2025-02-23 22:52:48 - Arquivo: nonclear.0809.jpg | Prob: 0.0000 | Threshold: 0.6000
2025-02-23 22:53:23 - Arquivo: nonclear.0810.jpg | Prob: 0.0003 | Threshold: 0.6000
2025-02-23 22:53:48 - Arquivo: nonclear.0811.jpg | Prob: 0.0000 | Threshold: 0.6000
2025-02-23 22:54:13 - Arquivo: nonclear.0812.jpg | Prob: 0.0021 | Threshold: 0.6000
2025-02-23 22:54:38 - Arquivo: nonclear.0813.jpg | Prob: 0.0000 | Threshold: 0.6000
2025-02-23 22:54:57 - Arquivo: nonclear.0814.jpg | Prob: 0.0002 | Threshold: 0.6000
2025-02-23 22:55:20 - Arquivo: nonclear.0815.jpg | Prob: 0.0000 | Threshold: 0.6000
2025-02-23 22:55:44 - Arquivo: nonclear.0816.jpg | Prob: 0.6840 | Threshold: 0.6000
2025-02-23 22:56:07 - Arquivo: nonclear.0817.jpg | Prob: 0.3714 | Threshold: 0.6000
2025-02-23 22:56:33 - Arquivo: nonclear.0818.jpg | Prob: 0.0000 | Threshold: 0.6000
2025-02-23 22:56:55 - Arquivo: nonclear.0819.jpg | Prob: 0.9999 | Threshold: 0.6000
2025-02-23 22:57:33 - Arquivo: nonclear.0820.jpeg | Prob: 0.0000 | Threshold: 0.6000
2025-02-23 22:58:00 - Arquivo: nonclear.0821.jpeg | Prob: 0.0000 | Threshold: 0.6000
2025-02-23 22:58:24 - Arquivo: nonclear.0822.jpeg | Prob: 0.0000 | Threshold: 0.6000
2025-02-23 22:58:47 - Arquivo: nonclear.0823.jpeg | Prob: 0.0000 | Threshold: 0.6000
2025-02-23 22:59:11 - Arquivo: nonclear.0824.jpeg | Prob: 0.0000 | Threshold: 0.6000
2025-02-23 22:59:36 - Arquivo: nonclear.0825.jpg | Prob: 0.0000 | Threshold: 0.6000
2025-02-23 23:00:02 - Arquivo: nonclear.0826.jpg | Prob: 0.1525 | Threshold: 0.6000
2025-02-23 23:00:27 - Arquivo: nonclear.0827.jpg | Prob: 0.0001 | Threshold: 0.6000
2025-02-23 23:00:52 - Arquivo: nonclear.0828.jpg | Prob: 0.0001 | Threshold: 0.6000
2025-02-23 23:01:13 - Arquivo: nonclear.0829.jpg | Prob: 0.0247 | Threshold: 0.6000
2025-02-23 23:01:39 - Arquivo: nonclear.0830.jpg | Prob: 0.0000 | Threshold: 0.6000
2025-02-23 23:02:06 - Arquivo: nonclear.0831.jpg | Prob: 0.0000 | Threshold: 0.6000
2025-02-23 23:02:32 - Arquivo: nonclear.0832.jpg | Prob: 0.0000 | Threshold: 0.6000
2025-02-23 23:02:57 - Arquivo: nonclear.0833.jpg | Prob: 0.0000 | Threshold: 0.6000
2025-02-23 23:03:22 - Arquivo: nonclear.0834.jpg | Prob: 0.0000 | Threshold: 0.6000
2025-02-23 23:04:00 - Arquivo: nonclear.0835.jpg | Prob: 0.0000 | Threshold: 0.6000
2025-02-23 23:04:29 - Arquivo: nonclear.0836.jpg | Prob: 0.0000 | Threshold: 0.6000
2025-02-23 23:04:52 - Arquivo: nonclear.0837.jpg | Prob: 0.0000 | Threshold: 0.6000
2025-02-23 23:05:29 - Arquivo: nonclear.0838.jpeg | Prob: 0.3259 | Threshold: 0.6000
2025-02-23 23:05:58 - Arquivo: nonclear.0839.jpg | Prob: 0.0000 | Threshold: 0.6000
2025-02-23 23:06:27 - Arquivo: nonclear.0840.jpg | Prob: 0.0000 | Threshold: 0.6000
2025-02-23 23:07:39 - Arquivo: nonclear.0841.jpg | Prob: 0.0000 | Threshold: 0.6000
2025-02-23 23:08:08 - Arquivo: nonclear.0842.jpg | Prob: 0.0000 | Threshold: 0.6000
2025-02-23 23:08:32 - Arquivo: nonclear.0843.jpg | Prob: 0.0000 | Threshold: 0.6000
2025-02-23 23:09:10 - Arquivo: nonclear.0844.jpg | Prob: 0.0000 | Threshold: 0.6000
2025-02-23 23:09:41 - Arquivo: nonclear.0845.jpg | Prob: 0.0000 | Threshold: 0.6000
2025-02-23 23:10:15 - Arquivo: nonclear.0846.jpg | Prob: 0.0000 | Threshold: 0.6000
2025-02-23 23:10:44 - Arquivo: nonclear.0847.jpg | Prob: 0.0000 | Threshold: 0.6000
2025-02-23 23:11:07 - Arquivo: nonclear.0848.jpg | Prob: 0.0000 | Threshold: 0.6000
2025-02-23 23:12:09 - Arquivo: nonclear.0849.jpg | Prob: 0.0000 | Threshold: 0.6000
2025-02-23 23:12:34 - Arquivo: nonclear.0850.jpg | Prob: 0.0000 | Threshold: 0.6000
2025-02-23 23:13:03 - Arquivo: nonclear.0851.jpg | Prob: 0.0000 | Threshold: 0.6000
2025-02-23 23:13:32 - Arquivo: nonclear.0852.jpg | Prob: 0.0000 | Threshold: 0.6000
2025-02-23 23:13:58 - Arquivo: nonclear.0853.jpg | Prob: 0.0000 | Threshold: 0.6000
2025-02-23 23:14:24 - Arquivo: nonclear.0854.jpg | Prob: 0.0000 | Threshold: 0.6000
2025-02-23 23:14:49 - Arquivo: nonclear.0855.jpg | Prob: 0.0064 | Threshold: 0.6000
2025-02-23 23:15:13 - Arquivo: nonclear.0856.jpg | Prob: 0.0319 | Threshold: 0.6000
2025-02-23 23:15:52 - Arquivo: nonclear.0857.jpg | Prob: 0.0000 | Threshold: 0.6000
2025-02-23 23:16:23 - Arquivo: nonclear.0858.jpg | Prob: 0.0000 | Threshold: 0.6000
2025-02-23 23:16:45 - Arquivo: nonclear.0859.jpg | Prob: 0.0000 | Threshold: 0.6000
2025-02-23 23:17:23 - Arquivo: nonclear.0860.jpg | Prob: 0.9897 | Threshold: 0.6000
2025-02-23 23:18:00 - Arquivo: nonclear.0861.jpg | Prob: 0.0000 | Threshold: 0.6000
2025-02-23 23:18:22 - Arquivo: nonclear.0862.jpg | Prob: 0.0001 | Threshold: 0.6000
2025-02-23 23:18:51 - Arquivo: nonclear.0863.jpg | Prob: 0.0000 | Threshold: 0.6000
2025-02-23 23:19:17 - Arquivo: nonclear.0864.jpg | Prob: 0.0000 | Threshold: 0.6000
2025-02-23 23:19:42 - Arquivo: nonclear.0865.jpg | Prob: 0.0089 | Threshold: 0.6000
2025-02-23 23:20:06 - Arquivo: nonclear.0866.jpg | Prob: 0.0000 | Threshold: 0.6000
2025-02-23 23:20:37 - Arquivo: nonclear.0867.jpeg | Prob: 0.0000 | Threshold: 0.6000
2025-02-23 23:21:12 - Arquivo: nonclear.0868.jpeg | Prob: 0.0000 | Threshold: 0.6000
2025-02-23 23:22:03 - Arquivo: nonclear.0869.jpeg | Prob: 0.0000 | Threshold: 0.6000
2025-02-23 23:22:28 - Arquivo: nonclear.0870.jpeg | Prob: 0.0005 | Threshold: 0.6000
2025-02-23 23:22:49 - Arquivo: nonclear.0871.jpeg | Prob: 0.0002 | Threshold: 0.6000
2025-02-23 23:23:16 - Arquivo: nonclear.0872.jpeg | Prob: 0.0000 | Threshold: 0.6000
2025-02-23 23:23:46 - Arquivo: nonclear.0873.jpg | Prob: 0.0000 | Threshold: 0.6000
2025-02-23 23:24:12 - Arquivo: nonclear.0874.jpg | Prob: 0.0000 | Threshold: 0.6000
2025-02-23 23:24:32 - Arquivo: nonclear.0875.jpg | Prob: 0.0000 | Threshold: 0.6000
