2025-02-17 06:45:32 - Arquivo: clear.0004.jpg | Prob: 0.0000 | Threshold: 0.6000
2025-02-17 06:50:12 - Arquivo: clear.0016.jpg | Prob: 0.3315 | Threshold: 0.6000
2025-02-17 06:56:57 - Arquivo: clear.0031.jpg | Prob: 0.0013 | Threshold: 0.6000
2025-02-17 06:58:03 - Arquivo: clear.0033.jpg | Prob: 0.0174 | Threshold: 0.6000
2025-02-17 07:06:27 - Arquivo: clear.0051.jpg | Prob: 0.0106 | Threshold: 0.6000
2025-02-17 07:12:26 - Arquivo: clear.0063.jpg | Prob: 0.2809 | Threshold: 0.6000
2025-02-17 07:15:01 - Arquivo: clear.0069.jpg | Prob: 0.0029 | Threshold: 0.6000
2025-02-17 07:19:23 - Arquivo: clear.0079.jpg | Prob: 0.0278 | Threshold: 0.6000
2025-02-17 07:24:07 - Arquivo: clear.0088.jpg | Prob: 0.0176 | Threshold: 0.6000
2025-02-17 07:25:26 - Arquivo: clear.0091.jpg | Prob: 0.2328 | Threshold: 0.6000
2025-02-17 07:32:43 - Arquivo: clear.0106.jpg | Prob: 0.1585 | Threshold: 0.6000
2025-02-17 07:40:02 - Arquivo: clear.0122.jpg | Prob: 0.2755 | Threshold: 0.6000
2025-02-17 07:46:25 - Arquivo: clear.0136.jpg | Prob: 0.0323 | Threshold: 0.6000
2025-02-17 07:47:45 - Arquivo: clear.0139.jpg | Prob: 0.0281 | Threshold: 0.6000
2025-02-17 07:58:32 - Arquivo: clear.0162.jpg | Prob: 0.0012 | Threshold: 0.6000
2025-02-17 07:59:22 - Arquivo: clear.0164.jpg | Prob: 0.3104 | Threshold: 0.6000
2025-02-17 08:06:26 - Arquivo: clear.0180.jpg | Prob: 0.1030 | Threshold: 0.6000
2025-02-17 08:09:59 - Arquivo: clear.0188.jpg | Prob: 0.0779 | Threshold: 0.6000
2025-02-17 08:10:23 - Arquivo: clear.0189.jpg | Prob: 0.0013 | Threshold: 0.6000
2025-02-17 08:49:31 - Arquivo: clear.0272.jpeg | Prob: 0.0130 | Threshold: 0.6000
2025-02-17 08:51:41 - Arquivo: clear.0277.jpeg | Prob: 0.3433 | Threshold: 0.6000
2025-02-17 09:20:29 - Arquivo: clear.0341.jpeg | Prob: 0.1197 | Threshold: 0.6000
2025-02-17 09:35:30 - Arquivo: clear.0376.jpeg | Prob: 0.0000 | Threshold: 0.6000
2025-02-17 09:35:55 - Arquivo: clear.0377.jpeg | Prob: 0.0418 | Threshold: 0.6000
2025-02-17 09:36:20 - Arquivo: clear.0378.jpeg | Prob: 0.0816 | Threshold: 0.6000
2025-02-17 09:55:27 - Arquivo: clear.0420.jpg | Prob: 0.0880 | Threshold: 0.6000
2025-02-17 09:58:49 - Arquivo: clear.0428.jpg | Prob: 0.0328 | Threshold: 0.6000
2025-02-17 10:01:48 - Arquivo: clear.0435.jpg | Prob: 0.0106 | Threshold: 0.6000
2025-02-17 10:02:16 - Arquivo: clear.0436.jpg | Prob: 0.0010 | Threshold: 0.6000
2025-02-17 10:11:31 - Arquivo: clear.0457.jpg | Prob: 0.0014 | Threshold: 0.6000
2025-02-17 10:15:00 - Arquivo: clear.0465.jpg | Prob: 0.1499 | Threshold: 0.6000
2025-02-17 10:25:45 - Arquivo: clear.0489.jpg | Prob: 0.0027 | Threshold: 0.6000
2025-02-17 10:28:51 - Arquivo: clear.0496.jpg | Prob: 0.1618 | Threshold: 0.6000
2025-02-17 10:35:09 - Arquivo: clear.0510.jpg | Prob: 0.0000 | Threshold: 0.6000
2025-02-17 10:47:43 - Arquivo: clear.0538.jpg | Prob: 0.3526 | Threshold: 0.6000
2025-02-17 10:55:46 - Arquivo: clear.0556.jpg | Prob: 0.2256 | Threshold: 0.6000
2025-02-17 11:05:14 - Arquivo: clear.0576.jpg | Prob: 0.0347 | Threshold: 0.6000
2025-02-17 11:05:38 - Arquivo: clear.0577.jpg | Prob: 0.2797 | Threshold: 0.6000
2025-02-17 11:18:19 - Arquivo: clear.0603.jpg | Prob: 0.2593 | Threshold: 0.6000
2025-02-17 11:24:35 - Arquivo: clear.0617.jpg | Prob: 0.0015 | Threshold: 0.6000
2025-02-17 11:50:27 - Arquivo: clear.0675.jpg | Prob: 0.0117 | Threshold: 0.6000
2025-02-17 11:50:57 - Arquivo: clear.0676.jpg | Prob: 0.0051 | Threshold: 0.6000
2025-02-17 12:04:46 - Arquivo: clear.0706.jpg | Prob: 0.1396 | Threshold: 0.6000
2025-02-17 12:29:06 - Arquivo: clear.0758.jpg | Prob: 0.2675 | Threshold: 0.6000
2025-02-17 12:38:05 - Arquivo: clear.0778.jpg | Prob: 0.0574 | Threshold: 0.6000
2025-02-17 12:45:38 - Arquivo: clear.0794.jpg | Prob: 0.2069 | Threshold: 0.6000
2025-02-17 13:03:50 - Arquivo: clear.0834.jpg | Prob: 0.0010 | Threshold: 0.6000
2025-02-17 13:04:15 - Arquivo: clear.0835.jpg | Prob: 0.0090 | Threshold: 0.6000
2025-02-17 13:11:21 - Arquivo: clear.0849.jpg | Prob: 0.0117 | Threshold: 0.6000
2025-02-17 13:12:12 - Arquivo: clear.0851.jpg | Prob: 0.3485 | Threshold: 0.6000
2025-02-17 13:20:17 - Arquivo: clear.0867.jpg | Prob: 0.0001 | Threshold: 0.6000
2025-02-17 13:24:57 - Arquivo: clear.0876.jpg | Prob: 0.0006 | Threshold: 0.6000
2025-02-17 13:49:14 - Arquivo: clear.0924.jpg | Prob: 0.0094 | Threshold: 0.6000
2025-02-17 13:52:31 - Arquivo: clear.0931.jpg | Prob: 0.0000 | Threshold: 0.6000
2025-02-17 13:55:25 - Arquivo: clear.0937.jpg | Prob: 0.0014 | Threshold: 0.6000
2025-02-17 13:59:27 - Arquivo: clear.0946.jpg | Prob: 0.2064 | Threshold: 0.6000
2025-02-17 14:01:13 - Arquivo: clear.0950.jpg | Prob: 0.0002 | Threshold: 0.6000
2025-02-17 14:01:41 - Arquivo: clear.0951.jpg | Prob: 0.0001 | Threshold: 0.6000
2025-02-17 14:23:34 - Arquivo: clear.0991.jpeg | Prob: 0.0806 | Threshold: 0.6000
2025-02-17 14:32:27 - Arquivo: clear.1006.jpg | Prob: 0.0015 | Threshold: 0.6000
2025-02-17 14:36:48 - Arquivo: clear.1015.jpg | Prob: 0.1955 | Threshold: 0.6000
2025-02-17 14:38:29 - Arquivo: nonclear.0000.jpg | Prob: 0.0108 | Threshold: 0.6000
2025-02-17 14:38:54 - Arquivo: nonclear.0001.jpg | Prob: 0.0023 | Threshold: 0.6000
2025-02-17 14:39:20 - Arquivo: nonclear.0002.jpg | Prob: 0.0000 | Threshold: 0.6000
2025-02-17 14:39:45 - Arquivo: nonclear.0003.jpg | Prob: 0.0000 | Threshold: 0.6000
2025-02-17 14:40:11 - Arquivo: nonclear.0004.jpg | Prob: 0.0598 | Threshold: 0.6000
2025-02-17 14:40:35 - Arquivo: nonclear.0005.jpg | Prob: 0.0000 | Threshold: 0.6000
2025-02-17 14:41:00 - Arquivo: nonclear.0006.jpg | Prob: 0.0000 | Threshold: 0.6000
2025-02-17 14:41:30 - Arquivo: nonclear.0007.jpg | Prob: 0.0019 | Threshold: 0.6000
2025-02-17 14:42:12 - Arquivo: nonclear.0008.jpg | Prob: 0.0077 | Threshold: 0.6000
2025-02-17 14:42:36 - Arquivo: nonclear.0009.jpg | Prob: 0.0002 | Threshold: 0.6000
2025-02-17 14:43:01 - Arquivo: nonclear.0010.jpg | Prob: 0.0000 | Threshold: 0.6000
2025-02-17 14:43:46 - Arquivo: nonclear.0011.jpg | Prob: 0.7080 | Threshold: 0.6000
2025-02-17 14:44:11 - Arquivo: nonclear.0012.jpg | Prob: 0.0010 | Threshold: 0.6000
2025-02-17 14:44:35 - Arquivo: nonclear.0013.jpg | Prob: 0.6683 | Threshold: 0.6000
2025-02-17 14:45:06 - Arquivo: nonclear.0014.jpg | Prob: 0.8120 | Threshold: 0.6000
2025-02-17 14:45:38 - Arquivo: nonclear.0015.jpg | Prob: 0.0000 | Threshold: 0.6000
2025-02-17 14:46:06 - Arquivo: nonclear.0016.jpg | Prob: 0.0000 | Threshold: 0.6000
2025-02-17 14:46:42 - Arquivo: nonclear.0017.jpg | Prob: 1.0000 | Threshold: 0.6000
2025-02-17 14:47:13 - Arquivo: nonclear.0018.jpg | Prob: 0.0000 | Threshold: 0.6000
2025-02-17 14:47:41 - Arquivo: nonclear.0019.jpg | Prob: 0.0000 | Threshold: 0.6000
2025-02-17 14:48:09 - Arquivo: nonclear.0020.jpg | Prob: 1.0000 | Threshold: 0.6000
2025-02-17 14:48:37 - Arquivo: nonclear.0021.jpg | Prob: 0.0024 | Threshold: 0.6000
2025-02-17 14:49:07 - Arquivo: nonclear.0022.jpg | Prob: 0.0116 | Threshold: 0.6000
2025-02-17 14:49:35 - Arquivo: nonclear.0023.jpg | Prob: 0.0000 | Threshold: 0.6000
2025-02-17 14:50:02 - Arquivo: nonclear.0024.jpg | Prob: 0.0001 | Threshold: 0.6000
2025-02-17 14:50:29 - Arquivo: nonclear.0025.jpg | Prob: 0.0012 | Threshold: 0.6000
2025-02-17 14:51:09 - Arquivo: nonclear.0026.jpg | Prob: 0.0000 | Threshold: 0.6000
2025-02-17 14:51:35 - Arquivo: nonclear.0027.jpg | Prob: 0.0000 | Threshold: 0.6000
2025-02-17 14:52:04 - Arquivo: nonclear.0028.jpg | Prob: 0.0220 | Threshold: 0.6000
2025-02-17 14:52:31 - Arquivo: nonclear.0029.jpg | Prob: 0.0000 | Threshold: 0.6000
2025-02-17 14:52:58 - Arquivo: nonclear.0030.jpg | Prob: 0.0033 | Threshold: 0.6000
2025-02-17 14:53:49 - Arquivo: nonclear.0031.jpg | Prob: 0.0000 | Threshold: 0.6000
2025-02-17 14:54:18 - Arquivo: nonclear.0032.jpg | Prob: 0.0000 | Threshold: 0.6000
2025-02-17 14:54:45 - Arquivo: nonclear.0033.jpg | Prob: 0.0002 | Threshold: 0.6000
2025-02-17 14:55:21 - Arquivo: nonclear.0034.jpg | Prob: 0.0000 | Threshold: 0.6000
2025-02-17 14:55:53 - Arquivo: nonclear.0035.jpg | Prob: 0.1004 | Threshold: 0.6000
2025-02-17 14:56:21 - Arquivo: nonclear.0036.jpg | Prob: 0.0000 | Threshold: 0.6000
2025-02-17 14:56:49 - Arquivo: nonclear.0037.jpg | Prob: 0.0000 | Threshold: 0.6000
2025-02-17 14:57:27 - Arquivo: nonclear.0038.jpg | Prob: 0.0000 | Threshold: 0.6000
2025-02-17 14:58:22 - Arquivo: nonclear.0039.jpg | Prob: 0.0864 | Threshold: 0.6000
2025-02-17 14:59:08 - Arquivo: nonclear.0040.jpg | Prob: 0.0012 | Threshold: 0.6000
2025-02-17 14:59:40 - Arquivo: nonclear.0041.jpg | Prob: 0.0000 | Threshold: 0.6000
2025-02-17 15:00:26 - Arquivo: nonclear.0042.jpg | Prob: 0.0000 | Threshold: 0.6000
2025-02-17 15:00:52 - Arquivo: nonclear.0043.jpg | Prob: 0.0018 | Threshold: 0.6000
2025-02-17 15:01:21 - Arquivo: nonclear.0044.jpg | Prob: 0.0000 | Threshold: 0.6000
2025-02-17 15:01:48 - Arquivo: nonclear.0045.jpg | Prob: 0.0000 | Threshold: 0.6000
2025-02-17 15:02:16 - Arquivo: nonclear.0046.jpg | Prob: 0.0001 | Threshold: 0.6000
2025-02-17 15:02:44 - Arquivo: nonclear.0047.jpg | Prob: 0.0000 | Threshold: 0.6000
2025-02-17 15:03:10 - Arquivo: nonclear.0048.jpg | Prob: 0.0000 | Threshold: 0.6000
2025-02-17 15:03:40 - Arquivo: nonclear.0049.jpg | Prob: 0.0000 | Threshold: 0.6000
2025-02-17 15:04:08 - Arquivo: nonclear.0050.jpg | Prob: 0.0000 | Threshold: 0.6000
2025-02-17 15:04:36 - Arquivo: nonclear.0051.jpg | Prob: 0.0366 | Threshold: 0.6000
2025-02-17 15:05:02 - Arquivo: nonclear.0052.jpg | Prob: 0.0000 | Threshold: 0.6000
2025-02-17 15:05:54 - Arquivo: nonclear.0053.jpg | Prob: 0.7767 | Threshold: 0.6000
2025-02-17 15:06:51 - Arquivo: nonclear.0054.jpg | Prob: 0.0000 | Threshold: 0.6000
2025-02-17 15:07:17 - Arquivo: nonclear.0055.jpg | Prob: 0.0000 | Threshold: 0.6000
2025-02-17 15:07:45 - Arquivo: nonclear.0056.jpg | Prob: 0.0149 | Threshold: 0.6000
2025-02-17 15:08:10 - Arquivo: nonclear.0057.jpg | Prob: 0.0001 | Threshold: 0.6000
2025-02-17 15:08:38 - Arquivo: nonclear.0058.jpg | Prob: 0.0000 | Threshold: 0.6000
2025-02-17 15:09:07 - Arquivo: nonclear.0059.jpg | Prob: 0.0005 | Threshold: 0.6000
2025-02-17 15:09:37 - Arquivo: nonclear.0060.jpg | Prob: 0.3619 | Threshold: 0.6000
2025-02-17 15:10:07 - Arquivo: nonclear.0061.jpg | Prob: 0.2235 | Threshold: 0.6000
2025-02-17 15:10:32 - Arquivo: nonclear.0062.jpg | Prob: 0.0099 | Threshold: 0.6000
2025-02-17 15:11:00 - Arquivo: nonclear.0063.jpg | Prob: 1.0000 | Threshold: 0.6000
2025-02-17 15:11:36 - Arquivo: nonclear.0064.jpg | Prob: 0.0000 | Threshold: 0.6000
2025-02-17 15:12:11 - Arquivo: nonclear.0065.jpg | Prob: 0.0000 | Threshold: 0.6000
2025-02-17 15:12:36 - Arquivo: nonclear.0066.jpg | Prob: 0.0000 | Threshold: 0.6000
2025-02-17 15:13:22 - Arquivo: nonclear.0067.jpg | Prob: 0.0000 | Threshold: 0.6000
2025-02-17 15:14:02 - Arquivo: nonclear.0068.jpg | Prob: 0.0000 | Threshold: 0.6000
2025-02-17 15:14:27 - Arquivo: nonclear.0069.jpg | Prob: 0.0001 | Threshold: 0.6000
2025-02-17 15:14:54 - Arquivo: nonclear.0070.jpg | Prob: 0.0000 | Threshold: 0.6000
2025-02-17 15:15:19 - Arquivo: nonclear.0071.jpg | Prob: 0.0000 | Threshold: 0.6000
2025-02-17 15:15:44 - Arquivo: nonclear.0072.jpg | Prob: 0.0015 | Threshold: 0.6000
2025-02-17 15:16:25 - Arquivo: nonclear.0073.jpg | Prob: 0.0000 | Threshold: 0.6000
2025-02-17 15:16:58 - Arquivo: nonclear.0074.jpg | Prob: 0.0001 | Threshold: 0.6000
2025-02-17 15:17:52 - Arquivo: nonclear.0075.jpg | Prob: 0.0000 | Threshold: 0.6000
2025-02-17 15:18:20 - Arquivo: nonclear.0076.jpg | Prob: 0.0288 | Threshold: 0.6000
2025-02-17 15:18:59 - Arquivo: nonclear.0077.jpg | Prob: 0.0000 | Threshold: 0.6000
2025-02-17 15:19:26 - Arquivo: nonclear.0078.jpg | Prob: 0.0000 | Threshold: 0.6000
2025-02-17 15:19:57 - Arquivo: nonclear.0079.jpg | Prob: 0.0000 | Threshold: 0.6000
2025-02-17 15:20:25 - Arquivo: nonclear.0080.jpg | Prob: 0.0000 | Threshold: 0.6000
2025-02-17 15:21:13 - Arquivo: nonclear.0081.jpg | Prob: 0.0000 | Threshold: 0.6000
2025-02-17 15:21:47 - Arquivo: nonclear.0082.jpg | Prob: 0.0000 | Threshold: 0.6000
2025-02-17 15:22:17 - Arquivo: nonclear.0083.jpg | Prob: 0.0000 | Threshold: 0.6000
2025-02-17 15:22:43 - Arquivo: nonclear.0084.jpg | Prob: 0.0000 | Threshold: 0.6000
2025-02-17 15:23:14 - Arquivo: nonclear.0085.jpg | Prob: 0.0000 | Threshold: 0.6000
2025-02-17 15:24:04 - Arquivo: nonclear.0086.jpg | Prob: 0.3066 | Threshold: 0.6000
2025-02-17 15:24:29 - Arquivo: nonclear.0087.jpg | Prob: 0.0000 | Threshold: 0.6000
2025-02-17 15:24:56 - Arquivo: nonclear.0088.jpg | Prob: 0.0006 | Threshold: 0.6000
2025-02-17 15:25:22 - Arquivo: nonclear.0089.jpg | Prob: 0.9999 | Threshold: 0.6000
2025-02-17 15:25:52 - Arquivo: nonclear.0090.jpg | Prob: 0.0000 | Threshold: 0.6000
2025-02-17 15:26:17 - Arquivo: nonclear.0091.jpg | Prob: 1.0000 | Threshold: 0.6000
2025-02-17 15:26:42 - Arquivo: nonclear.0092.jpg | Prob: 0.0000 | Threshold: 0.6000
2025-02-17 15:27:09 - Arquivo: nonclear.0093.jpg | Prob: 0.9999 | Threshold: 0.6000
2025-02-17 15:27:36 - Arquivo: nonclear.0094.jpg | Prob: 0.0028 | Threshold: 0.6000
2025-02-17 15:28:11 - Arquivo: nonclear.0095.jpg | Prob: 0.0000 | Threshold: 0.6000
2025-02-17 15:28:36 - Arquivo: nonclear.0096.jpg | Prob: 0.0001 | Threshold: 0.6000
2025-02-17 15:29:13 - Arquivo: nonclear.0097.jpg | Prob: 0.0000 | Threshold: 0.6000
2025-02-17 15:29:39 - Arquivo: nonclear.0098.jpg | Prob: 0.0000 | Threshold: 0.6000
2025-02-17 15:30:28 - Arquivo: nonclear.0099.jpg | Prob: 0.0000 | Threshold: 0.6000
2025-02-17 15:31:27 - Arquivo: nonclear.0100.jpg | Prob: 0.0000 | Threshold: 0.6000
2025-02-17 15:32:02 - Arquivo: nonclear.0101.jpg | Prob: 0.0000 | Threshold: 0.6000
2025-02-17 15:32:35 - Arquivo: nonclear.0102.jpg | Prob: 0.0000 | Threshold: 0.6000
2025-02-17 15:33:03 - Arquivo: nonclear.0103.jpg | Prob: 0.0000 | Threshold: 0.6000
2025-02-17 15:33:28 - Arquivo: nonclear.0104.jpg | Prob: 0.0000 | Threshold: 0.6000
2025-02-17 15:34:00 - Arquivo: nonclear.0105.jpg | Prob: 0.0000 | Threshold: 0.6000
2025-02-17 15:34:25 - Arquivo: nonclear.0106.jpg | Prob: 0.0000 | Threshold: 0.6000
2025-02-17 15:34:51 - Arquivo: nonclear.0107.jpg | Prob: 0.0000 | Threshold: 0.6000
2025-02-17 15:35:18 - Arquivo: nonclear.0108.jpg | Prob: 0.0006 | Threshold: 0.6000
2025-02-17 15:35:44 - Arquivo: nonclear.0109.jpg | Prob: 0.0006 | Threshold: 0.6000
2025-02-17 15:36:12 - Arquivo: nonclear.0110.jpg | Prob: 0.0000 | Threshold: 0.6000
2025-02-17 15:37:06 - Arquivo: nonclear.0111.jpg | Prob: 0.0011 | Threshold: 0.6000
2025-02-17 15:37:37 - Arquivo: nonclear.0112.jpg | Prob: 0.0000 | Threshold: 0.6000
2025-02-17 15:38:03 - Arquivo: nonclear.0113.jpg | Prob: 0.0000 | Threshold: 0.6000
2025-02-17 15:38:30 - Arquivo: nonclear.0114.jpg | Prob: 0.0001 | Threshold: 0.6000
2025-02-17 15:39:10 - Arquivo: nonclear.0115.jpg | Prob: 0.0000 | Threshold: 0.6000
2025-02-17 15:39:45 - Arquivo: nonclear.0116.jpg | Prob: 0.4774 | Threshold: 0.6000
2025-02-17 15:40:11 - Arquivo: nonclear.0117.jpg | Prob: 0.0131 | Threshold: 0.6000
2025-02-17 15:40:43 - Arquivo: nonclear.0118.jpg | Prob: 0.9941 | Threshold: 0.6000
2025-02-17 15:41:19 - Arquivo: nonclear.0119.jpg | Prob: 0.0325 | Threshold: 0.6000
2025-02-17 15:41:49 - Arquivo: nonclear.0120.jpg | Prob: 0.0000 | Threshold: 0.6000
2025-02-17 15:42:17 - Arquivo: nonclear.0121.jpg | Prob: 0.0000 | Threshold: 0.6000
2025-02-17 15:42:44 - Arquivo: nonclear.0122.jpg | Prob: 0.9998 | Threshold: 0.6000
2025-02-17 15:43:10 - Arquivo: nonclear.0123.jpg | Prob: 0.0000 | Threshold: 0.6000
2025-02-17 15:43:44 - Arquivo: nonclear.0124.jpg | Prob: 0.0000 | Threshold: 0.6000
2025-02-17 15:44:10 - Arquivo: nonclear.0125.jpg | Prob: 0.4099 | Threshold: 0.6000
2025-02-17 15:44:45 - Arquivo: nonclear.0126.jpg | Prob: 0.0002 | Threshold: 0.6000
2025-02-17 15:45:12 - Arquivo: nonclear.0127.jpg | Prob: 0.0000 | Threshold: 0.6000
2025-02-17 15:45:39 - Arquivo: nonclear.0128.jpg | Prob: 0.0017 | Threshold: 0.6000
2025-02-17 15:46:11 - Arquivo: nonclear.0129.jpg | Prob: 0.0000 | Threshold: 0.6000
2025-02-17 15:46:48 - Arquivo: nonclear.0130.jpg | Prob: 0.0026 | Threshold: 0.6000
2025-02-17 15:47:16 - Arquivo: nonclear.0131.jpg | Prob: 0.0057 | Threshold: 0.6000
2025-02-17 15:48:33 - Arquivo: nonclear.0132.jpg | Prob: 0.0001 | Threshold: 0.6000
2025-02-17 15:49:35 - Arquivo: nonclear.0133.jpg | Prob: 0.0002 | Threshold: 0.6000
2025-02-17 15:50:02 - Arquivo: nonclear.0134.jpg | Prob: 0.0006 | Threshold: 0.6000
2025-02-17 15:50:52 - Arquivo: nonclear.0135.jpg | Prob: 0.0000 | Threshold: 0.6000
2025-02-17 15:51:18 - Arquivo: nonclear.0136.jpg | Prob: 0.6316 | Threshold: 0.6000
2025-02-17 15:51:43 - Arquivo: nonclear.0137.jpg | Prob: 0.2596 | Threshold: 0.6000
2025-02-17 15:52:09 - Arquivo: nonclear.0138.jpg | Prob: 0.0219 | Threshold: 0.6000
2025-02-17 15:52:37 - Arquivo: nonclear.0139.jpg | Prob: 0.0000 | Threshold: 0.6000
2025-02-17 15:53:04 - Arquivo: nonclear.0140.jpg | Prob: 0.0095 | Threshold: 0.6000
2025-02-17 15:53:30 - Arquivo: nonclear.0141.jpg | Prob: 0.0109 | Threshold: 0.6000
2025-02-17 15:54:18 - Arquivo: nonclear.0142.jpg | Prob: 0.0006 | Threshold: 0.6000
2025-02-17 15:54:45 - Arquivo: nonclear.0143.jpg | Prob: 0.0002 | Threshold: 0.6000
2025-02-17 15:55:21 - Arquivo: nonclear.0144.jpg | Prob: 1.0000 | Threshold: 0.6000
2025-02-17 15:55:47 - Arquivo: nonclear.0145.jpg | Prob: 0.2593 | Threshold: 0.6000
2025-02-17 15:56:20 - Arquivo: nonclear.0146.jpg | Prob: 0.0002 | Threshold: 0.6000
2025-02-17 15:56:45 - Arquivo: nonclear.0147.jpg | Prob: 0.0000 | Threshold: 0.6000
2025-02-17 15:57:14 - Arquivo: nonclear.0148.jpg | Prob: 0.5335 | Threshold: 0.6000
2025-02-17 15:57:41 - Arquivo: nonclear.0149.jpg | Prob: 0.0000 | Threshold: 0.6000
2025-02-17 15:58:09 - Arquivo: nonclear.0150.jpg | Prob: 0.0000 | Threshold: 0.6000
2025-02-17 15:58:35 - Arquivo: nonclear.0151.jpg | Prob: 0.0000 | Threshold: 0.6000
2025-02-17 15:59:37 - Arquivo: nonclear.0152.jpg | Prob: 0.0001 | Threshold: 0.6000
2025-02-17 16:00:07 - Arquivo: nonclear.0153.jpg | Prob: 0.0046 | Threshold: 0.6000
2025-02-17 16:00:33 - Arquivo: nonclear.0154.jpg | Prob: 1.0000 | Threshold: 0.6000
2025-02-17 16:01:02 - Arquivo: nonclear.0155.jpg | Prob: 1.0000 | Threshold: 0.6000
2025-02-17 16:01:40 - Arquivo: nonclear.0156.jpg | Prob: 0.0000 | Threshold: 0.6000
2025-02-17 16:02:08 - Arquivo: nonclear.0157.jpg | Prob: 1.0000 | Threshold: 0.6000
2025-02-17 16:02:34 - Arquivo: nonclear.0158.jpg | Prob: 0.1147 | Threshold: 0.6000
2025-02-17 16:02:59 - Arquivo: nonclear.0159.jpg | Prob: 0.0000 | Threshold: 0.6000
2025-02-17 16:03:30 - Arquivo: nonclear.0160.jpg | Prob: 0.9985 | Threshold: 0.6000
2025-02-17 16:04:14 - Arquivo: nonclear.0161.jpg | Prob: 1.0000 | Threshold: 0.6000
2025-02-17 16:04:59 - Arquivo: nonclear.0162.jpg | Prob: 0.0000 | Threshold: 0.6000
2025-02-17 16:05:25 - Arquivo: nonclear.0163.jpg | Prob: 0.0000 | Threshold: 0.6000
2025-02-17 16:05:50 - Arquivo: nonclear.0164.jpg | Prob: 0.0000 | Threshold: 0.6000
2025-02-17 16:06:16 - Arquivo: nonclear.0165.jpg | Prob: 0.0775 | Threshold: 0.6000
2025-02-17 16:06:44 - Arquivo: nonclear.0166.jpg | Prob: 1.0000 | Threshold: 0.6000
2025-02-17 16:07:11 - Arquivo: nonclear.0167.jpg | Prob: 0.0000 | Threshold: 0.6000
2025-02-17 16:07:38 - Arquivo: nonclear.0168.jpg | Prob: 0.0000 | Threshold: 0.6000
2025-02-17 16:08:05 - Arquivo: nonclear.0169.jpg | Prob: 0.0000 | Threshold: 0.6000
2025-02-17 16:08:32 - Arquivo: nonclear.0170.jpg | Prob: 0.0000 | Threshold: 0.6000
2025-02-17 16:08:59 - Arquivo: nonclear.0171.jpg | Prob: 0.0027 | Threshold: 0.6000
2025-02-17 16:09:29 - Arquivo: nonclear.0172.jpg | Prob: 0.0000 | Threshold: 0.6000
2025-02-17 16:10:17 - Arquivo: nonclear.0173.jpg | Prob: 0.0105 | Threshold: 0.6000
2025-02-17 16:10:47 - Arquivo: nonclear.0174.jpg | Prob: 0.0000 | Threshold: 0.6000
2025-02-17 16:11:16 - Arquivo: nonclear.0175.jpg | Prob: 0.0000 | Threshold: 0.6000
2025-02-17 16:11:45 - Arquivo: nonclear.0176.jpg | Prob: 0.0000 | Threshold: 0.6000
2025-02-17 16:12:12 - Arquivo: nonclear.0177.jpg | Prob: 0.0000 | Threshold: 0.6000
2025-02-17 16:12:40 - Arquivo: nonclear.0178.jpg | Prob: 0.0093 | Threshold: 0.6000
2025-02-17 16:13:08 - Arquivo: nonclear.0179.jpg | Prob: 0.0000 | Threshold: 0.6000
2025-02-17 16:13:37 - Arquivo: nonclear.0180.jpg | Prob: 0.0000 | Threshold: 0.6000
2025-02-17 16:14:05 - Arquivo: nonclear.0181.jpg | Prob: 0.0000 | Threshold: 0.6000
2025-02-17 16:14:33 - Arquivo: nonclear.0182.jpg | Prob: 0.0000 | Threshold: 0.6000
2025-02-17 16:15:01 - Arquivo: nonclear.0183.jpg | Prob: 0.0000 | Threshold: 0.6000
2025-02-17 16:15:29 - Arquivo: nonclear.0184.jpg | Prob: 0.0000 | Threshold: 0.6000
2025-02-17 16:15:57 - Arquivo: nonclear.0185.jpg | Prob: 0.0000 | Threshold: 0.6000
2025-02-17 16:16:27 - Arquivo: nonclear.0186.jpg | Prob: 0.9996 | Threshold: 0.6000
2025-02-17 16:16:58 - Arquivo: nonclear.0187.jpg | Prob: 0.0000 | Threshold: 0.6000
2025-02-17 16:17:26 - Arquivo: nonclear.0188.jpg | Prob: 0.0001 | Threshold: 0.6000
2025-02-17 16:17:59 - Arquivo: nonclear.0189.jpg | Prob: 0.0000 | Threshold: 0.6000
2025-02-17 16:18:26 - Arquivo: nonclear.0190.jpg | Prob: 0.0000 | Threshold: 0.6000
2025-02-17 16:18:55 - Arquivo: nonclear.0191.jpg | Prob: 0.0034 | Threshold: 0.6000
2025-02-17 16:19:22 - Arquivo: nonclear.0192.jpg | Prob: 0.0000 | Threshold: 0.6000
2025-02-17 16:19:49 - Arquivo: nonclear.0193.jpg | Prob: 0.0000 | Threshold: 0.6000
2025-02-17 16:20:17 - Arquivo: nonclear.0194.jpg | Prob: 0.0001 | Threshold: 0.6000
2025-02-17 16:20:46 - Arquivo: nonclear.0195.jpeg | Prob: 0.0000 | Threshold: 0.6000
2025-02-17 16:21:16 - Arquivo: nonclear.0196.jpeg | Prob: 0.0000 | Threshold: 0.6000
2025-02-17 16:21:55 - Arquivo: nonclear.0197.jpeg | Prob: 0.0000 | Threshold: 0.6000
2025-02-17 16:22:21 - Arquivo: nonclear.0198.jpeg | Prob: 0.0000 | Threshold: 0.6000
2025-02-17 16:22:46 - Arquivo: nonclear.0199.jpeg | Prob: 0.0000 | Threshold: 0.6000
2025-02-17 16:23:12 - Arquivo: nonclear.0200.jpeg | Prob: 0.1553 | Threshold: 0.6000
2025-02-17 16:23:42 - Arquivo: nonclear.0201.jpeg | Prob: 0.9846 | Threshold: 0.6000
2025-02-17 16:24:43 - Arquivo: nonclear.0202.jpeg | Prob: 0.0000 | Threshold: 0.6000
2025-02-17 16:25:09 - Arquivo: nonclear.0203.jpeg | Prob: 0.0000 | Threshold: 0.6000
2025-02-17 16:25:37 - Arquivo: nonclear.0204.jpeg | Prob: 0.0002 | Threshold: 0.6000
2025-02-17 16:26:04 - Arquivo: nonclear.0205.jpeg | Prob: 0.0000 | Threshold: 0.6000
2025-02-17 16:26:51 - Arquivo: nonclear.0206.jpeg | Prob: 0.0000 | Threshold: 0.6000
2025-02-17 16:27:17 - Arquivo: nonclear.0207.jpeg | Prob: 0.0000 | Threshold: 0.6000
2025-02-17 16:27:43 - Arquivo: nonclear.0208.jpeg | Prob: 0.0000 | Threshold: 0.6000
2025-02-17 16:28:10 - Arquivo: nonclear.0209.jpeg | Prob: 0.0000 | Threshold: 0.6000
2025-02-17 16:28:37 - Arquivo: nonclear.0210.jpeg | Prob: 0.0005 | Threshold: 0.6000
2025-02-17 16:29:06 - Arquivo: nonclear.0211.jpeg | Prob: 0.0040 | Threshold: 0.6000
2025-02-17 16:29:33 - Arquivo: nonclear.0212.jpeg | Prob: 0.0000 | Threshold: 0.6000
2025-02-17 16:29:59 - Arquivo: nonclear.0213.jpeg | Prob: 0.0000 | Threshold: 0.6000
2025-02-17 16:30:26 - Arquivo: nonclear.0214.jpeg | Prob: 0.0000 | Threshold: 0.6000
2025-02-17 16:30:51 - Arquivo: nonclear.0215.jpeg | Prob: 0.0000 | Threshold: 0.6000
2025-02-17 16:31:22 - Arquivo: nonclear.0216.jpeg | Prob: 0.0000 | Threshold: 0.6000
2025-02-17 16:31:47 - Arquivo: nonclear.0217.jpeg | Prob: 0.0000 | Threshold: 0.6000
2025-02-17 16:32:14 - Arquivo: nonclear.0218.jpeg | Prob: 0.0001 | Threshold: 0.6000
2025-02-17 16:32:59 - Arquivo: nonclear.0219.jpeg | Prob: 0.0008 | Threshold: 0.6000
2025-02-17 16:33:28 - Arquivo: nonclear.0220.jpeg | Prob: 0.0000 | Threshold: 0.6000
2025-02-17 16:34:01 - Arquivo: nonclear.0221.jpeg | Prob: 0.0007 | Threshold: 0.6000
2025-02-17 16:34:26 - Arquivo: nonclear.0222.jpeg | Prob: 0.0022 | Threshold: 0.6000
2025-02-17 16:34:54 - Arquivo: nonclear.0223.jpeg | Prob: 0.0000 | Threshold: 0.6000
2025-02-17 16:35:19 - Arquivo: nonclear.0224.jpeg | Prob: 0.0000 | Threshold: 0.6000
2025-02-17 16:35:46 - Arquivo: nonclear.0225.jpeg | Prob: 0.0000 | Threshold: 0.6000
2025-02-17 16:36:12 - Arquivo: nonclear.0226.jpeg | Prob: 0.0000 | Threshold: 0.6000
2025-02-17 16:36:37 - Arquivo: nonclear.0227.jpeg | Prob: 0.0000 | Threshold: 0.6000
2025-02-17 16:37:17 - Arquivo: nonclear.0228.jpeg | Prob: 0.0201 | Threshold: 0.6000
2025-02-17 16:37:41 - Arquivo: nonclear.0229.jpeg | Prob: 0.0000 | Threshold: 0.6000
2025-02-17 16:38:07 - Arquivo: nonclear.0230.jpeg | Prob: 0.0000 | Threshold: 0.6000
2025-02-17 16:38:32 - Arquivo: nonclear.0231.jpeg | Prob: 0.0000 | Threshold: 0.6000
2025-02-17 16:39:00 - Arquivo: nonclear.0232.jpeg | Prob: 0.0005 | Threshold: 0.6000
2025-02-17 16:39:25 - Arquivo: nonclear.0233.jpeg | Prob: 0.0102 | Threshold: 0.6000
2025-02-17 16:39:51 - Arquivo: nonclear.0234.jpeg | Prob: 0.0000 | Threshold: 0.6000
2025-02-17 16:40:18 - Arquivo: nonclear.0235.jpeg | Prob: 0.0002 | Threshold: 0.6000
2025-02-17 16:40:44 - Arquivo: nonclear.0236.jpeg | Prob: 0.0000 | Threshold: 0.6000
2025-02-17 16:41:09 - Arquivo: nonclear.0237.jpeg | Prob: 0.0000 | Threshold: 0.6000
2025-02-17 16:41:46 - Arquivo: nonclear.0238.jpeg | Prob: 0.0001 | Threshold: 0.6000
2025-02-17 16:42:11 - Arquivo: nonclear.0239.jpeg | Prob: 0.0000 | Threshold: 0.6000
2025-02-17 16:42:36 - Arquivo: nonclear.0240.jpeg | Prob: 0.9939 | Threshold: 0.6000
2025-02-17 16:43:23 - Arquivo: nonclear.0241.jpeg | Prob: 0.0443 | Threshold: 0.6000
2025-02-17 16:43:50 - Arquivo: nonclear.0242.jpeg | Prob: 0.0014 | Threshold: 0.6000
2025-02-17 16:44:16 - Arquivo: nonclear.0243.jpeg | Prob: 0.0054 | Threshold: 0.6000
2025-02-17 16:44:42 - Arquivo: nonclear.0244.jpeg | Prob: 0.0000 | Threshold: 0.6000
2025-02-17 16:45:09 - Arquivo: nonclear.0245.jpeg | Prob: 0.9907 | Threshold: 0.6000
2025-02-17 16:45:35 - Arquivo: nonclear.0246.jpeg | Prob: 0.0000 | Threshold: 0.6000
2025-02-17 16:46:05 - Arquivo: nonclear.0247.jpeg | Prob: 0.0000 | Threshold: 0.6000
2025-02-17 16:46:34 - Arquivo: nonclear.0248.jpeg | Prob: 0.0000 | Threshold: 0.6000
2025-02-17 16:47:01 - Arquivo: nonclear.0249.jpeg | Prob: 0.0002 | Threshold: 0.6000
2025-02-17 16:47:26 - Arquivo: nonclear.0250.jpeg | Prob: 0.0000 | Threshold: 0.6000
2025-02-17 16:47:54 - Arquivo: nonclear.0251.jpeg | Prob: 0.0026 | Threshold: 0.6000
2025-02-17 16:48:57 - Arquivo: nonclear.0252.jpeg | Prob: 0.0000 | Threshold: 0.6000
2025-02-17 16:49:39 - Arquivo: nonclear.0253.jpeg | Prob: 0.0000 | Threshold: 0.6000
2025-02-17 16:50:06 - Arquivo: nonclear.0254.jpeg | Prob: 0.0000 | Threshold: 0.6000
2025-02-17 16:50:30 - Arquivo: nonclear.0255.jpeg | Prob: 0.0004 | Threshold: 0.6000
2025-02-17 16:50:56 - Arquivo: nonclear.0256.jpeg | Prob: 0.0000 | Threshold: 0.6000
2025-02-17 16:51:21 - Arquivo: nonclear.0257.jpeg | Prob: 0.0051 | Threshold: 0.6000
2025-02-17 16:51:53 - Arquivo: nonclear.0258.jpeg | Prob: 0.0000 | Threshold: 0.6000
2025-02-17 16:52:17 - Arquivo: nonclear.0259.jpeg | Prob: 0.0000 | Threshold: 0.6000
2025-02-17 16:52:45 - Arquivo: nonclear.0260.jpeg | Prob: 0.5233 | Threshold: 0.6000
2025-02-17 16:53:12 - Arquivo: nonclear.0261.jpeg | Prob: 0.0167 | Threshold: 0.6000
2025-02-17 16:53:39 - Arquivo: nonclear.0262.jpeg | Prob: 0.0000 | Threshold: 0.6000
2025-02-17 16:54:04 - Arquivo: nonclear.0263.jpeg | Prob: 0.0003 | Threshold: 0.6000
2025-02-17 16:54:30 - Arquivo: nonclear.0264.jpeg | Prob: 0.9999 | Threshold: 0.6000
2025-02-17 16:54:58 - Arquivo: nonclear.0265.jpeg | Prob: 0.0000 | Threshold: 0.6000
2025-02-17 16:56:21 - Arquivo: nonclear.0266.jpeg | Prob: 0.0067 | Threshold: 0.6000
2025-02-17 16:56:47 - Arquivo: nonclear.0267.jpeg | Prob: 0.0000 | Threshold: 0.6000
2025-02-17 16:57:17 - Arquivo: nonclear.0268.jpeg | Prob: 0.0000 | Threshold: 0.6000
2025-02-17 16:57:43 - Arquivo: nonclear.0269.jpeg | Prob: 0.0000 | Threshold: 0.6000
2025-02-17 16:58:11 - Arquivo: nonclear.0270.jpeg | Prob: 0.0000 | Threshold: 0.6000
2025-02-17 16:58:37 - Arquivo: nonclear.0271.jpeg | Prob: 0.0000 | Threshold: 0.6000
2025-02-17 16:59:03 - Arquivo: nonclear.0272.jpeg | Prob: 0.0000 | Threshold: 0.6000
2025-02-17 16:59:33 - Arquivo: nonclear.0273.jpeg | Prob: 0.0000 | Threshold: 0.6000
2025-02-17 17:00:00 - Arquivo: nonclear.0274.jpeg | Prob: 0.0000 | Threshold: 0.6000
2025-02-17 17:00:26 - Arquivo: nonclear.0275.jpeg | Prob: 0.0727 | Threshold: 0.6000
2025-02-17 17:00:52 - Arquivo: nonclear.0276.jpeg | Prob: 0.0000 | Threshold: 0.6000
2025-02-17 17:01:20 - Arquivo: nonclear.0277.jpeg | Prob: 0.0000 | Threshold: 0.6000
2025-02-17 17:01:47 - Arquivo: nonclear.0278.jpg | Prob: 0.0003 | Threshold: 0.6000
2025-02-17 17:02:14 - Arquivo: nonclear.0279.jpg | Prob: 0.0000 | Threshold: 0.6000
2025-02-17 17:02:40 - Arquivo: nonclear.0280.jpg | Prob: 0.0003 | Threshold: 0.6000
2025-02-17 17:03:12 - Arquivo: nonclear.0281.jpg | Prob: 0.0000 | Threshold: 0.6000
2025-02-17 17:03:38 - Arquivo: nonclear.0282.jpg | Prob: 0.0001 | Threshold: 0.6000
2025-02-17 17:04:05 - Arquivo: nonclear.0283.jpg | Prob: 0.0016 | Threshold: 0.6000
2025-02-17 17:04:32 - Arquivo: nonclear.0284.jpg | Prob: 0.0000 | Threshold: 0.6000
2025-02-17 17:05:12 - Arquivo: nonclear.0285.jpg | Prob: 0.0000 | Threshold: 0.6000
2025-02-17 17:05:38 - Arquivo: nonclear.0286.jpg | Prob: 0.0020 | Threshold: 0.6000
2025-02-17 17:06:46 - Arquivo: nonclear.0287.jpg | Prob: 0.0000 | Threshold: 0.6000
2025-02-17 17:07:15 - Arquivo: nonclear.0288.jpg | Prob: 0.0000 | Threshold: 0.6000
2025-02-17 17:07:41 - Arquivo: nonclear.0289.jpg | Prob: 0.0000 | Threshold: 0.6000
2025-02-17 17:08:09 - Arquivo: nonclear.0290.jpg | Prob: 0.0000 | Threshold: 0.6000
2025-02-17 17:08:34 - Arquivo: nonclear.0291.jpg | Prob: 0.0000 | Threshold: 0.6000
2025-02-17 17:09:00 - Arquivo: nonclear.0292.jpg | Prob: 0.0000 | Threshold: 0.6000
2025-02-17 17:09:30 - Arquivo: nonclear.0293.jpg | Prob: 0.0000 | Threshold: 0.6000
2025-02-17 17:09:56 - Arquivo: nonclear.0294.jpg | Prob: 0.0002 | Threshold: 0.6000
2025-02-17 17:10:21 - Arquivo: nonclear.0295.jpg | Prob: 0.0003 | Threshold: 0.6000
2025-02-17 17:10:48 - Arquivo: nonclear.0296.jpg | Prob: 0.0000 | Threshold: 0.6000
2025-02-17 17:11:14 - Arquivo: nonclear.0297.jpg | Prob: 0.0002 | Threshold: 0.6000
2025-02-17 17:11:40 - Arquivo: nonclear.0298.jpg | Prob: 0.2570 | Threshold: 0.6000
2025-02-17 17:12:06 - Arquivo: nonclear.0299.jpg | Prob: 0.0000 | Threshold: 0.6000
2025-02-17 17:12:41 - Arquivo: nonclear.0300.jpg | Prob: 0.0000 | Threshold: 0.6000
2025-02-17 17:13:08 - Arquivo: nonclear.0301.jpg | Prob: 0.0000 | Threshold: 0.6000
2025-02-17 17:13:36 - Arquivo: nonclear.0302.jpg | Prob: 0.0035 | Threshold: 0.6000
2025-02-17 17:14:01 - Arquivo: nonclear.0303.jpg | Prob: 0.0000 | Threshold: 0.6000
2025-02-17 17:14:29 - Arquivo: nonclear.0304.jpg | Prob: 0.1013 | Threshold: 0.6000
2025-02-17 17:14:54 - Arquivo: nonclear.0305.jpg | Prob: 0.2405 | Threshold: 0.6000
2025-02-17 17:15:22 - Arquivo: nonclear.0306.jpg | Prob: 0.0279 | Threshold: 0.6000
2025-02-17 17:15:49 - Arquivo: nonclear.0307.jpg | Prob: 0.0000 | Threshold: 0.6000
2025-02-17 17:16:11 - Arquivo: nonclear.0308.jpg | Prob: 0.0027 | Threshold: 0.6000
2025-02-17 17:16:33 - Arquivo: nonclear.0309.jpg | Prob: 0.0011 | Threshold: 0.6000
2025-02-17 17:16:57 - Arquivo: nonclear.0310.jpg | Prob: 0.0538 | Threshold: 0.6000
2025-02-17 17:17:25 - Arquivo: nonclear.0311.jpg | Prob: 0.0011 | Threshold: 0.6000
2025-02-17 17:17:48 - Arquivo: nonclear.0312.jpg | Prob: 0.3067 | Threshold: 0.6000
2025-02-17 17:18:11 - Arquivo: nonclear.0313.jpg | Prob: 0.0000 | Threshold: 0.6000
2025-02-17 17:18:34 - Arquivo: nonclear.0314.jpg | Prob: 0.0000 | Threshold: 0.6000
2025-02-17 17:18:56 - Arquivo: nonclear.0315.jpg | Prob: 0.0629 | Threshold: 0.6000
2025-02-17 17:19:19 - Arquivo: nonclear.0316.jpg | Prob: 0.0067 | Threshold: 0.6000
2025-02-17 17:19:43 - Arquivo: nonclear.0317.jpg | Prob: 0.0001 | Threshold: 0.6000
2025-02-17 17:20:05 - Arquivo: nonclear.0318.jpg | Prob: 0.0158 | Threshold: 0.6000
2025-02-17 17:20:26 - Arquivo: nonclear.0319.jpg | Prob: 0.7456 | Threshold: 0.6000
2025-02-17 17:21:03 - Arquivo: nonclear.0320.jpg | Prob: 0.0010 | Threshold: 0.6000
2025-02-17 17:21:26 - Arquivo: nonclear.0321.jpg | Prob: 0.4160 | Threshold: 0.6000
2025-02-17 17:21:49 - Arquivo: nonclear.0322.jpg | Prob: 0.9954 | Threshold: 0.6000
2025-02-17 17:22:49 - Arquivo: nonclear.0323.jpg | Prob: 0.0025 | Threshold: 0.6000
2025-02-17 17:23:14 - Arquivo: nonclear.0324.jpg | Prob: 0.0126 | Threshold: 0.6000
2025-02-17 17:23:36 - Arquivo: nonclear.0325.jpg | Prob: 0.0136 | Threshold: 0.6000
2025-02-17 17:23:59 - Arquivo: nonclear.0326.jpg | Prob: 0.0000 | Threshold: 0.6000
2025-02-17 17:24:23 - Arquivo: nonclear.0327.jpg | Prob: 0.0000 | Threshold: 0.6000
2025-02-17 17:24:45 - Arquivo: nonclear.0328.jpg | Prob: 0.0000 | Threshold: 0.6000
2025-02-17 17:25:07 - Arquivo: nonclear.0329.jpg | Prob: 0.9918 | Threshold: 0.6000
2025-02-17 17:25:30 - Arquivo: nonclear.0330.jpg | Prob: 0.0098 | Threshold: 0.6000
2025-02-17 17:25:53 - Arquivo: nonclear.0331.jpeg | Prob: 0.0000 | Threshold: 0.6000
2025-02-17 17:26:17 - Arquivo: nonclear.0332.jpeg | Prob: 0.0000 | Threshold: 0.6000
2025-02-17 17:26:40 - Arquivo: nonclear.0333.jpeg | Prob: 0.0164 | Threshold: 0.6000
2025-02-17 17:27:04 - Arquivo: nonclear.0334.jpg | Prob: 0.0000 | Threshold: 0.6000
2025-02-17 17:27:43 - Arquivo: nonclear.0335.jpg | Prob: 0.0000 | Threshold: 0.6000
2025-02-17 17:28:08 - Arquivo: nonclear.0336.jpg | Prob: 0.0000 | Threshold: 0.6000
2025-02-17 17:28:31 - Arquivo: nonclear.0337.jpg | Prob: 0.0000 | Threshold: 0.6000
2025-02-17 17:28:53 - Arquivo: nonclear.0338.jpg | Prob: 0.0000 | Threshold: 0.6000
2025-02-17 17:29:15 - Arquivo: nonclear.0339.jpg | Prob: 0.0000 | Threshold: 0.6000
2025-02-17 17:29:39 - Arquivo: nonclear.0340.jpg | Prob: 0.0000 | Threshold: 0.6000
2025-02-17 17:30:02 - Arquivo: nonclear.0341.jpg | Prob: 0.0000 | Threshold: 0.6000
2025-02-17 17:30:25 - Arquivo: nonclear.0342.jpg | Prob: 0.0080 | Threshold: 0.6000
2025-02-17 17:31:27 - Arquivo: nonclear.0343.jpg | Prob: 0.0000 | Threshold: 0.6000
2025-02-17 17:31:50 - Arquivo: nonclear.0344.jpg | Prob: 0.9580 | Threshold: 0.6000
2025-02-17 17:32:13 - Arquivo: nonclear.0345.jpg | Prob: 0.0000 | Threshold: 0.6000
2025-02-17 17:32:50 - Arquivo: nonclear.0346.jpg | Prob: 0.0000 | Threshold: 0.6000
2025-02-17 17:33:13 - Arquivo: nonclear.0347.jpg | Prob: 0.0000 | Threshold: 0.6000
2025-02-17 17:33:40 - Arquivo: nonclear.0348.jpg | Prob: 0.0000 | Threshold: 0.6000
2025-02-17 17:34:02 - Arquivo: nonclear.0349.jpg | Prob: 0.0000 | Threshold: 0.6000
2025-02-17 17:34:46 - Arquivo: nonclear.0350.jpg | Prob: 0.0000 | Threshold: 0.6000
2025-02-17 17:35:09 - Arquivo: nonclear.0351.jpg | Prob: 0.0001 | Threshold: 0.6000
2025-02-17 17:35:41 - Arquivo: nonclear.0352.jpg | Prob: 0.9621 | Threshold: 0.6000
2025-02-17 17:36:06 - Arquivo: nonclear.0353.jpg | Prob: 0.0000 | Threshold: 0.6000
2025-02-17 17:36:32 - Arquivo: nonclear.0354.jpg | Prob: 0.0261 | Threshold: 0.6000
2025-02-17 17:36:58 - Arquivo: nonclear.0355.jpg | Prob: 0.0000 | Threshold: 0.6000
2025-02-17 17:37:23 - Arquivo: nonclear.0356.jpg | Prob: 0.0008 | Threshold: 0.6000
2025-02-17 17:37:48 - Arquivo: nonclear.0357.jpg | Prob: 0.9657 | Threshold: 0.6000
2025-02-17 17:38:15 - Arquivo: nonclear.0358.jpg | Prob: 0.0000 | Threshold: 0.6000
2025-02-17 17:39:01 - Arquivo: nonclear.0359.jpg | Prob: 0.0002 | Threshold: 0.6000
2025-02-17 17:39:27 - Arquivo: nonclear.0360.jpg | Prob: 0.0000 | Threshold: 0.6000
2025-02-17 17:39:52 - Arquivo: nonclear.0361.jpg | Prob: 0.0000 | Threshold: 0.6000
2025-02-17 17:40:18 - Arquivo: nonclear.0362.jpg | Prob: 0.0000 | Threshold: 0.6000
2025-02-17 17:40:43 - Arquivo: nonclear.0363.jpg | Prob: 0.0000 | Threshold: 0.6000
2025-02-17 17:41:17 - Arquivo: nonclear.0364.jpg | Prob: 0.0000 | Threshold: 0.6000
2025-02-17 17:41:43 - Arquivo: nonclear.0365.jpg | Prob: 0.0000 | Threshold: 0.6000
2025-02-17 17:42:12 - Arquivo: nonclear.0366.jpg | Prob: 0.2171 | Threshold: 0.6000
2025-02-17 17:42:37 - Arquivo: nonclear.0367.jpg | Prob: 0.9999 | Threshold: 0.6000
2025-02-17 17:43:24 - Arquivo: nonclear.0368.jpg | Prob: 0.0000 | Threshold: 0.6000
2025-02-17 17:43:48 - Arquivo: nonclear.0369.jpg | Prob: 0.0003 | Threshold: 0.6000
2025-02-17 17:44:14 - Arquivo: nonclear.0370.jpg | Prob: 0.0014 | Threshold: 0.6000
2025-02-17 17:44:39 - Arquivo: nonclear.0371.jpg | Prob: 0.0002 | Threshold: 0.6000
2025-02-17 17:45:04 - Arquivo: nonclear.0372.jpg | Prob: 0.0000 | Threshold: 0.6000
2025-02-17 17:45:29 - Arquivo: nonclear.0373.jpg | Prob: 0.0000 | Threshold: 0.6000
2025-02-17 17:45:54 - Arquivo: nonclear.0374.jpg | Prob: 0.0000 | Threshold: 0.6000
2025-02-17 17:46:20 - Arquivo: nonclear.0375.jpg | Prob: 0.0000 | Threshold: 0.6000
2025-02-17 17:46:47 - Arquivo: nonclear.0376.jpg | Prob: 0.0000 | Threshold: 0.6000
2025-02-17 17:47:11 - Arquivo: nonclear.0377.jpg | Prob: 0.0000 | Threshold: 0.6000
2025-02-17 17:47:47 - Arquivo: nonclear.0378.jpg | Prob: 0.0000 | Threshold: 0.6000
2025-02-17 17:48:14 - Arquivo: nonclear.0379.jpg | Prob: 0.0000 | Threshold: 0.6000
2025-02-17 17:48:40 - Arquivo: nonclear.0380.jpg | Prob: 0.0000 | Threshold: 0.6000
2025-02-17 17:49:05 - Arquivo: nonclear.0381.jpg | Prob: 0.0000 | Threshold: 0.6000
2025-02-17 17:49:33 - Arquivo: nonclear.0382.jpg | Prob: 0.0000 | Threshold: 0.6000
2025-02-17 17:49:58 - Arquivo: nonclear.0383.jpg | Prob: 0.0000 | Threshold: 0.6000
2025-02-17 17:50:23 - Arquivo: nonclear.0384.jpg | Prob: 0.0810 | Threshold: 0.6000
2025-02-17 17:50:46 - Arquivo: nonclear.0385.jpg | Prob: 0.9379 | Threshold: 0.6000
2025-02-17 17:51:13 - Arquivo: nonclear.0386.jpg | Prob: 0.0000 | Threshold: 0.6000
2025-02-17 17:51:52 - Arquivo: nonclear.0387.jpg | Prob: 0.0000 | Threshold: 0.6000
2025-02-17 17:52:19 - Arquivo: nonclear.0388.jpg | Prob: 0.0002 | Threshold: 0.6000
2025-02-17 17:52:43 - Arquivo: nonclear.0389.jpg | Prob: 0.0000 | Threshold: 0.6000
2025-02-17 17:53:07 - Arquivo: nonclear.0390.jpg | Prob: 0.0000 | Threshold: 0.6000
2025-02-17 17:53:33 - Arquivo: nonclear.0391.jpg | Prob: 0.0000 | Threshold: 0.6000
2025-02-17 17:53:56 - Arquivo: nonclear.0392.jpg | Prob: 0.0000 | Threshold: 0.6000
2025-02-17 17:54:20 - Arquivo: nonclear.0393.jpg | Prob: 0.0000 | Threshold: 0.6000
2025-02-17 17:54:45 - Arquivo: nonclear.0394.jpg | Prob: 0.0000 | Threshold: 0.6000
2025-02-17 17:55:12 - Arquivo: nonclear.0395.jpg | Prob: 0.0000 | Threshold: 0.6000
2025-02-17 17:55:38 - Arquivo: nonclear.0396.jpg | Prob: 0.0002 | Threshold: 0.6000
2025-02-17 17:56:03 - Arquivo: nonclear.0397.jpg | Prob: 0.0000 | Threshold: 0.6000
2025-02-17 17:56:30 - Arquivo: nonclear.0398.jpg | Prob: 0.0000 | Threshold: 0.6000
2025-02-17 17:56:57 - Arquivo: nonclear.0399.jpg | Prob: 0.0000 | Threshold: 0.6000
2025-02-17 17:57:20 - Arquivo: nonclear.0400.jpg | Prob: 0.0000 | Threshold: 0.6000
2025-02-17 17:57:44 - Arquivo: nonclear.0401.jpg | Prob: 0.1418 | Threshold: 0.6000
2025-02-17 17:58:08 - Arquivo: nonclear.0402.jpg | Prob: 0.0000 | Threshold: 0.6000
2025-02-17 17:58:32 - Arquivo: nonclear.0403.jpg | Prob: 0.0000 | Threshold: 0.6000
2025-02-17 17:58:57 - Arquivo: nonclear.0404.jpg | Prob: 0.2205 | Threshold: 0.6000
2025-02-17 17:59:20 - Arquivo: nonclear.0405.jpg | Prob: 0.0000 | Threshold: 0.6000
2025-02-17 17:59:45 - Arquivo: nonclear.0406.jpg | Prob: 0.0000 | Threshold: 0.6000
2025-02-17 18:00:09 - Arquivo: nonclear.0407.jpg | Prob: 0.0000 | Threshold: 0.6000
2025-02-17 18:00:38 - Arquivo: nonclear.0408.jpg | Prob: 0.0000 | Threshold: 0.6000
2025-02-17 18:01:01 - Arquivo: nonclear.0409.jpg | Prob: 0.0000 | Threshold: 0.6000
2025-02-17 18:01:25 - Arquivo: nonclear.0410.jpg | Prob: 0.0001 | Threshold: 0.6000
2025-02-17 18:01:48 - Arquivo: nonclear.0411.jpg | Prob: 0.0000 | Threshold: 0.6000
2025-02-17 18:02:12 - Arquivo: nonclear.0412.jpg | Prob: 0.0000 | Threshold: 0.6000
2025-02-17 18:02:35 - Arquivo: nonclear.0413.jpg | Prob: 0.0000 | Threshold: 0.6000
2025-02-17 18:03:02 - Arquivo: nonclear.0414.jpg | Prob: 0.0000 | Threshold: 0.6000
2025-02-17 18:03:26 - Arquivo: nonclear.0415.jpg | Prob: 0.0000 | Threshold: 0.6000
2025-02-17 18:04:23 - Arquivo: nonclear.0416.jpg | Prob: 0.9998 | Threshold: 0.6000
2025-02-17 18:04:48 - Arquivo: nonclear.0417.jpg | Prob: 0.0000 | Threshold: 0.6000
2025-02-17 18:05:11 - Arquivo: nonclear.0418.jpg | Prob: 0.0000 | Threshold: 0.6000
2025-02-17 18:05:35 - Arquivo: nonclear.0419.jpg | Prob: 0.0000 | Threshold: 0.6000
2025-02-17 18:05:58 - Arquivo: nonclear.0420.jpg | Prob: 0.0000 | Threshold: 0.6000
2025-02-17 18:06:22 - Arquivo: nonclear.0421.jpg | Prob: 0.0000 | Threshold: 0.6000
2025-02-17 18:06:45 - Arquivo: nonclear.0422.jpg | Prob: 0.0000 | Threshold: 0.6000
2025-02-17 18:07:09 - Arquivo: nonclear.0423.jpg | Prob: 0.0000 | Threshold: 0.6000
2025-02-17 18:07:33 - Arquivo: nonclear.0424.jpg | Prob: 0.0000 | Threshold: 0.6000
2025-02-17 18:08:22 - Arquivo: nonclear.0425.jpg | Prob: 0.0000 | Threshold: 0.6000
2025-02-17 18:09:18 - Arquivo: nonclear.0426.jpg | Prob: 0.0000 | Threshold: 0.6000
2025-02-17 18:10:07 - Arquivo: nonclear.0427.jpg | Prob: 0.0000 | Threshold: 0.6000
2025-02-17 18:10:29 - Arquivo: nonclear.0428.jpg | Prob: 0.0000 | Threshold: 0.6000
2025-02-17 18:10:52 - Arquivo: nonclear.0429.jpg | Prob: 0.0000 | Threshold: 0.6000
2025-02-17 18:11:16 - Arquivo: nonclear.0430.jpg | Prob: 0.9880 | Threshold: 0.6000
2025-02-17 18:11:40 - Arquivo: nonclear.0431.jpg | Prob: 0.0283 | Threshold: 0.6000
2025-02-17 18:12:02 - Arquivo: nonclear.0432.jpg | Prob: 0.0000 | Threshold: 0.6000
2025-02-17 18:12:27 - Arquivo: nonclear.0433.jpg | Prob: 0.0000 | Threshold: 0.6000
2025-02-17 18:12:52 - Arquivo: nonclear.0434.jpg | Prob: 0.0000 | Threshold: 0.6000
2025-02-17 18:13:16 - Arquivo: nonclear.0435.jpg | Prob: 0.0000 | Threshold: 0.6000
2025-02-17 18:13:40 - Arquivo: nonclear.0436.jpg | Prob: 0.0000 | Threshold: 0.6000
2025-02-17 18:14:02 - Arquivo: nonclear.0437.jpg | Prob: 0.1662 | Threshold: 0.6000
2025-02-17 18:14:26 - Arquivo: nonclear.0438.jpg | Prob: 0.0000 | Threshold: 0.6000
2025-02-17 18:14:48 - Arquivo: nonclear.0439.jpg | Prob: 0.0000 | Threshold: 0.6000
2025-02-17 18:15:10 - Arquivo: nonclear.0440.jpg | Prob: 0.0000 | Threshold: 0.6000
2025-02-17 18:15:34 - Arquivo: nonclear.0441.jpg | Prob: 0.0000 | Threshold: 0.6000
2025-02-17 18:15:57 - Arquivo: nonclear.0442.jpg | Prob: 0.0000 | Threshold: 0.6000
2025-02-17 18:16:20 - Arquivo: nonclear.0443.jpg | Prob: 0.0001 | Threshold: 0.6000
2025-02-17 18:16:43 - Arquivo: nonclear.0444.jpg | Prob: 0.0000 | Threshold: 0.6000
2025-02-17 18:17:07 - Arquivo: nonclear.0445.jpg | Prob: 0.0000 | Threshold: 0.6000
2025-02-17 18:17:31 - Arquivo: nonclear.0446.jpg | Prob: 0.0000 | Threshold: 0.6000
2025-02-17 18:17:54 - Arquivo: nonclear.0447.jpg | Prob: 0.0000 | Threshold: 0.6000
2025-02-17 18:18:18 - Arquivo: nonclear.0448.jpg | Prob: 0.0000 | Threshold: 0.6000
2025-02-17 18:18:44 - Arquivo: nonclear.0449.jpg | Prob: 0.0000 | Threshold: 0.6000
2025-02-17 18:19:08 - Arquivo: nonclear.0450.jpg | Prob: 0.0000 | Threshold: 0.6000
2025-02-17 18:19:31 - Arquivo: nonclear.0451.jpg | Prob: 0.0000 | Threshold: 0.6000
2025-02-17 18:19:54 - Arquivo: nonclear.0452.jpg | Prob: 0.0000 | Threshold: 0.6000
2025-02-17 18:20:17 - Arquivo: nonclear.0453.jpg | Prob: 0.5186 | Threshold: 0.6000
2025-02-17 18:20:41 - Arquivo: nonclear.0454.jpg | Prob: 0.0000 | Threshold: 0.6000
2025-02-17 18:21:04 - Arquivo: nonclear.0455.jpg | Prob: 0.0000 | Threshold: 0.6000
2025-02-17 18:21:27 - Arquivo: nonclear.0456.jpg | Prob: 0.5883 | Threshold: 0.6000
2025-02-17 18:21:52 - Arquivo: nonclear.0457.jpg | Prob: 0.0000 | Threshold: 0.6000
2025-02-17 18:22:14 - Arquivo: nonclear.0458.jpg | Prob: 0.0000 | Threshold: 0.6000
2025-02-17 18:22:43 - Arquivo: nonclear.0459.jpg | Prob: 0.0000 | Threshold: 0.6000
2025-02-17 18:23:07 - Arquivo: nonclear.0460.jpg | Prob: 0.0000 | Threshold: 0.6000
2025-02-17 18:23:32 - Arquivo: nonclear.0461.jpg | Prob: 0.0000 | Threshold: 0.6000
2025-02-17 18:23:55 - Arquivo: nonclear.0462.jpg | Prob: 0.0000 | Threshold: 0.6000
2025-02-17 18:24:20 - Arquivo: nonclear.0463.jpg | Prob: 0.0000 | Threshold: 0.6000
2025-02-17 18:24:45 - Arquivo: nonclear.0464.jpg | Prob: 0.0000 | Threshold: 0.6000
2025-02-17 18:25:10 - Arquivo: nonclear.0465.jpg | Prob: 0.0000 | Threshold: 0.6000
2025-02-17 18:25:36 - Arquivo: nonclear.0466.jpg | Prob: 0.0000 | Threshold: 0.6000
2025-02-17 18:26:00 - Arquivo: nonclear.0467.jpg | Prob: 0.0000 | Threshold: 0.6000
2025-02-17 18:26:23 - Arquivo: nonclear.0468.jpg | Prob: 0.0000 | Threshold: 0.6000
2025-02-17 18:26:48 - Arquivo: nonclear.0469.jpg | Prob: 0.0000 | Threshold: 0.6000
2025-02-17 18:27:12 - Arquivo: nonclear.0470.jpg | Prob: 0.0000 | Threshold: 0.6000
2025-02-17 18:27:39 - Arquivo: nonclear.0471.jpg | Prob: 0.9999 | Threshold: 0.6000
2025-02-17 18:28:05 - Arquivo: nonclear.0472.jpg | Prob: 0.0004 | Threshold: 0.6000
2025-02-17 18:28:29 - Arquivo: nonclear.0473.jpg | Prob: 0.0000 | Threshold: 0.6000
2025-02-17 18:28:51 - Arquivo: nonclear.0474.jpg | Prob: 0.0000 | Threshold: 0.6000
2025-02-17 18:29:27 - Arquivo: nonclear.0475.jpg | Prob: 0.0000 | Threshold: 0.6000
2025-02-17 18:29:49 - Arquivo: nonclear.0476.jpg | Prob: 0.0000 | Threshold: 0.6000
2025-02-17 18:30:15 - Arquivo: nonclear.0477.jpg | Prob: 0.0000 | Threshold: 0.6000
2025-02-17 18:30:39 - Arquivo: nonclear.0478.jpg | Prob: 0.0000 | Threshold: 0.6000
2025-02-17 18:31:18 - Arquivo: nonclear.0479.jpg | Prob: 0.0000 | Threshold: 0.6000
2025-02-17 18:31:41 - Arquivo: nonclear.0480.jpg | Prob: 0.0000 | Threshold: 0.6000
2025-02-17 18:32:05 - Arquivo: nonclear.0481.jpg | Prob: 0.0000 | Threshold: 0.6000
2025-02-17 18:32:29 - Arquivo: nonclear.0482.jpg | Prob: 0.0000 | Threshold: 0.6000
2025-02-17 18:33:05 - Arquivo: nonclear.0483.jpg | Prob: 0.0000 | Threshold: 0.6000
2025-02-17 18:33:28 - Arquivo: nonclear.0484.jpg | Prob: 0.0000 | Threshold: 0.6000
2025-02-17 18:33:54 - Arquivo: nonclear.0485.jpg | Prob: 0.0000 | Threshold: 0.6000
2025-02-17 18:34:17 - Arquivo: nonclear.0486.jpg | Prob: 0.0000 | Threshold: 0.6000
2025-02-17 18:34:41 - Arquivo: nonclear.0487.jpg | Prob: 0.0000 | Threshold: 0.6000
2025-02-17 18:35:04 - Arquivo: nonclear.0488.jpg | Prob: 0.0000 | Threshold: 0.6000
2025-02-17 18:35:27 - Arquivo: nonclear.0489.jpg | Prob: 0.0000 | Threshold: 0.6000
2025-02-17 18:35:51 - Arquivo: nonclear.0490.jpg | Prob: 0.0000 | Threshold: 0.6000
2025-02-17 18:36:36 - Arquivo: nonclear.0491.jpg | Prob: 0.0000 | Threshold: 0.6000
2025-02-17 18:37:12 - Arquivo: nonclear.0492.jpg | Prob: 0.0000 | Threshold: 0.6000
2025-02-17 18:37:34 - Arquivo: nonclear.0493.jpg | Prob: 0.0000 | Threshold: 0.6000
2025-02-17 18:38:00 - Arquivo: nonclear.0494.jpg | Prob: 0.0057 | Threshold: 0.6000
2025-02-17 18:38:24 - Arquivo: nonclear.0495.jpg | Prob: 0.0000 | Threshold: 0.6000
2025-02-17 18:38:52 - Arquivo: nonclear.0496.jpg | Prob: 0.0000 | Threshold: 0.6000
2025-02-17 18:39:15 - Arquivo: nonclear.0497.jpg | Prob: 0.0000 | Threshold: 0.6000
2025-02-17 18:39:41 - Arquivo: nonclear.0498.jpg | Prob: 0.0000 | Threshold: 0.6000
2025-02-17 18:40:04 - Arquivo: nonclear.0499.jpg | Prob: 0.0000 | Threshold: 0.6000
2025-02-17 18:40:27 - Arquivo: nonclear.0500.jpg | Prob: 0.0000 | Threshold: 0.6000
2025-02-17 18:40:50 - Arquivo: nonclear.0501.jpg | Prob: 0.0000 | Threshold: 0.6000
2025-02-17 18:41:12 - Arquivo: nonclear.0502.jpg | Prob: 0.0000 | Threshold: 0.6000
2025-02-17 18:41:36 - Arquivo: nonclear.0503.jpg | Prob: 0.0559 | Threshold: 0.6000
2025-02-17 18:41:59 - Arquivo: nonclear.0504.jpg | Prob: 0.0000 | Threshold: 0.6000
2025-02-17 18:42:24 - Arquivo: nonclear.0505.jpg | Prob: 0.0000 | Threshold: 0.6000
2025-02-17 18:42:47 - Arquivo: nonclear.0506.jpg | Prob: 0.0000 | Threshold: 0.6000
2025-02-17 18:43:11 - Arquivo: nonclear.0507.jpg | Prob: 0.0000 | Threshold: 0.6000
2025-02-17 18:43:33 - Arquivo: nonclear.0508.jpg | Prob: 0.0000 | Threshold: 0.6000
2025-02-17 18:43:55 - Arquivo: nonclear.0509.jpg | Prob: 0.0005 | Threshold: 0.6000
2025-02-17 18:44:21 - Arquivo: nonclear.0510.jpg | Prob: 0.0000 | Threshold: 0.6000
2025-02-17 18:44:43 - Arquivo: nonclear.0511.jpg | Prob: 0.0000 | Threshold: 0.6000
2025-02-17 18:45:07 - Arquivo: nonclear.0512.jpg | Prob: 0.0000 | Threshold: 0.6000
2025-02-17 18:45:34 - Arquivo: nonclear.0513.jpg | Prob: 0.0001 | Threshold: 0.6000
2025-02-17 18:45:57 - Arquivo: nonclear.0514.jpg | Prob: 0.0000 | Threshold: 0.6000
2025-02-17 18:46:20 - Arquivo: nonclear.0515.jpg | Prob: 0.0000 | Threshold: 0.6000
2025-02-17 18:46:43 - Arquivo: nonclear.0516.jpg | Prob: 0.0000 | Threshold: 0.6000
2025-02-17 18:47:06 - Arquivo: nonclear.0517.jpg | Prob: 0.0000 | Threshold: 0.6000
2025-02-17 18:47:28 - Arquivo: nonclear.0518.jpg | Prob: 0.0007 | Threshold: 0.6000
2025-02-17 18:47:52 - Arquivo: nonclear.0519.jpg | Prob: 0.0046 | Threshold: 0.6000
2025-02-17 18:48:15 - Arquivo: nonclear.0520.jpg | Prob: 0.0000 | Threshold: 0.6000
2025-02-17 18:48:38 - Arquivo: nonclear.0521.jpg | Prob: 0.0002 | Threshold: 0.6000
2025-02-17 18:49:00 - Arquivo: nonclear.0522.jpg | Prob: 0.0001 | Threshold: 0.6000
2025-02-17 18:49:28 - Arquivo: nonclear.0523.jpg | Prob: 0.0000 | Threshold: 0.6000
2025-02-17 18:49:52 - Arquivo: nonclear.0524.jpg | Prob: 0.0000 | Threshold: 0.6000
2025-02-17 18:50:16 - Arquivo: nonclear.0525.jpg | Prob: 0.0000 | Threshold: 0.6000
2025-02-17 18:50:39 - Arquivo: nonclear.0526.jpg | Prob: 0.0036 | Threshold: 0.6000
2025-02-17 18:51:03 - Arquivo: nonclear.0527.jpg | Prob: 0.0000 | Threshold: 0.6000
2025-02-17 18:51:26 - Arquivo: nonclear.0528.jpg | Prob: 0.0006 | Threshold: 0.6000
2025-02-17 18:51:50 - Arquivo: nonclear.0529.jpg | Prob: 0.0000 | Threshold: 0.6000
2025-02-17 18:52:26 - Arquivo: nonclear.0530.jpg | Prob: 0.0000 | Threshold: 0.6000
2025-02-17 18:53:21 - Arquivo: nonclear.0531.jpg | Prob: 0.0000 | Threshold: 0.6000
2025-02-17 18:53:44 - Arquivo: nonclear.0532.jpg | Prob: 0.0000 | Threshold: 0.6000
2025-02-17 18:54:08 - Arquivo: nonclear.0533.jpg | Prob: 0.0000 | Threshold: 0.6000
2025-02-17 18:54:32 - Arquivo: nonclear.0534.jpg | Prob: 0.0000 | Threshold: 0.6000
2025-02-17 18:54:57 - Arquivo: nonclear.0535.jpg | Prob: 0.0000 | Threshold: 0.6000
2025-02-17 18:55:36 - Arquivo: nonclear.0536.jpg | Prob: 0.0001 | Threshold: 0.6000
2025-02-17 18:55:59 - Arquivo: nonclear.0537.jpg | Prob: 0.0001 | Threshold: 0.6000
2025-02-17 18:56:22 - Arquivo: nonclear.0538.jpg | Prob: 0.0000 | Threshold: 0.6000
2025-02-17 18:56:46 - Arquivo: nonclear.0539.jpg | Prob: 0.0000 | Threshold: 0.6000
2025-02-17 18:57:08 - Arquivo: nonclear.0540.jpg | Prob: 0.0000 | Threshold: 0.6000
2025-02-17 18:57:32 - Arquivo: nonclear.0541.jpg | Prob: 0.0011 | Threshold: 0.6000
2025-02-17 18:57:56 - Arquivo: nonclear.0542.jpg | Prob: 0.0000 | Threshold: 0.6000
2025-02-17 18:58:30 - Arquivo: nonclear.0543.jpg | Prob: 0.0007 | Threshold: 0.6000
2025-02-17 18:58:56 - Arquivo: nonclear.0544.jpg | Prob: 0.0000 | Threshold: 0.6000
2025-02-17 18:59:18 - Arquivo: nonclear.0545.jpg | Prob: 0.6064 | Threshold: 0.6000
2025-02-17 18:59:42 - Arquivo: nonclear.0546.jpg | Prob: 0.0000 | Threshold: 0.6000
2025-02-17 19:00:05 - Arquivo: nonclear.0547.jpg | Prob: 0.0000 | Threshold: 0.6000
2025-02-17 19:00:28 - Arquivo: nonclear.0548.jpg | Prob: 0.0000 | Threshold: 0.6000
2025-02-17 19:00:51 - Arquivo: nonclear.0549.jpg | Prob: 0.0000 | Threshold: 0.6000
2025-02-17 19:01:15 - Arquivo: nonclear.0550.jpg | Prob: 0.0000 | Threshold: 0.6000
2025-02-17 19:01:39 - Arquivo: nonclear.0551.jpg | Prob: 0.0000 | Threshold: 0.6000
2025-02-17 19:02:03 - Arquivo: nonclear.0552.jpg | Prob: 0.0000 | Threshold: 0.6000
2025-02-17 19:02:28 - Arquivo: nonclear.0553.jpg | Prob: 0.0000 | Threshold: 0.6000
2025-02-17 19:02:52 - Arquivo: nonclear.0554.jpg | Prob: 0.0000 | Threshold: 0.6000
2025-02-17 19:03:38 - Arquivo: nonclear.0555.jpg | Prob: 0.0001 | Threshold: 0.6000
2025-02-17 19:04:13 - Arquivo: nonclear.0556.jpg | Prob: 0.0000 | Threshold: 0.6000
2025-02-17 19:05:09 - Arquivo: nonclear.0557.jpg | Prob: 0.0001 | Threshold: 0.6000
2025-02-17 19:05:38 - Arquivo: nonclear.0558.jpg | Prob: 0.0000 | Threshold: 0.6000
2025-02-17 19:06:19 - Arquivo: nonclear.0559.jpg | Prob: 0.0000 | Threshold: 0.6000
2025-02-17 19:06:48 - Arquivo: nonclear.0560.jpg | Prob: 0.0000 | Threshold: 0.6000
2025-02-17 19:07:13 - Arquivo: nonclear.0561.jpg | Prob: 0.9680 | Threshold: 0.6000
2025-02-17 19:07:40 - Arquivo: nonclear.0562.jpg | Prob: 0.0000 | Threshold: 0.6000
2025-02-17 19:08:08 - Arquivo: nonclear.0563.jpg | Prob: 0.0122 | Threshold: 0.6000
2025-02-17 19:08:36 - Arquivo: nonclear.0564.jpg | Prob: 0.0000 | Threshold: 0.6000
2025-02-17 19:09:01 - Arquivo: nonclear.0565.jpg | Prob: 0.0000 | Threshold: 0.6000
2025-02-17 19:09:29 - Arquivo: nonclear.0566.jpg | Prob: 0.0000 | Threshold: 0.6000
2025-02-17 19:09:59 - Arquivo: nonclear.0567.jpg | Prob: 0.0001 | Threshold: 0.6000
2025-02-17 19:10:27 - Arquivo: nonclear.0568.jpg | Prob: 0.2679 | Threshold: 0.6000
2025-02-17 19:10:54 - Arquivo: nonclear.0569.jpg | Prob: 0.0000 | Threshold: 0.6000
2025-02-17 19:11:21 - Arquivo: nonclear.0570.jpg | Prob: 0.0000 | Threshold: 0.6000
2025-02-17 19:11:47 - Arquivo: nonclear.0571.jpg | Prob: 0.0000 | Threshold: 0.6000
2025-02-17 19:12:14 - Arquivo: nonclear.0572.jpg | Prob: 0.0000 | Threshold: 0.6000
2025-02-17 19:12:39 - Arquivo: nonclear.0573.jpg | Prob: 0.7651 | Threshold: 0.6000
2025-02-17 19:13:06 - Arquivo: nonclear.0574.jpg | Prob: 0.0000 | Threshold: 0.6000
2025-02-17 19:13:31 - Arquivo: nonclear.0575.jpg | Prob: 0.0063 | Threshold: 0.6000
2025-02-17 19:13:56 - Arquivo: nonclear.0576.jpg | Prob: 0.0000 | Threshold: 0.6000
2025-02-17 19:14:22 - Arquivo: nonclear.0577.jpg | Prob: 0.0000 | Threshold: 0.6000
2025-02-17 19:14:48 - Arquivo: nonclear.0578.jpg | Prob: 0.0000 | Threshold: 0.6000
2025-02-17 19:15:13 - Arquivo: nonclear.0579.jpg | Prob: 0.0000 | Threshold: 0.6000
2025-02-17 19:15:41 - Arquivo: nonclear.0580.jpg | Prob: 0.0018 | Threshold: 0.6000
2025-02-17 19:16:07 - Arquivo: nonclear.0581.jpg | Prob: 0.0000 | Threshold: 0.6000
2025-02-17 19:16:33 - Arquivo: nonclear.0582.jpg | Prob: 0.0000 | Threshold: 0.6000
2025-02-17 19:16:59 - Arquivo: nonclear.0583.jpg | Prob: 0.0000 | Threshold: 0.6000
2025-02-17 19:17:25 - Arquivo: nonclear.0584.jpg | Prob: 0.0000 | Threshold: 0.6000
2025-02-17 19:17:51 - Arquivo: nonclear.0585.jpg | Prob: 0.0000 | Threshold: 0.6000
2025-02-17 19:18:19 - Arquivo: nonclear.0586.jpg | Prob: 0.0000 | Threshold: 0.6000
2025-02-17 19:18:47 - Arquivo: nonclear.0587.jpg | Prob: 0.0000 | Threshold: 0.6000
2025-02-17 19:19:12 - Arquivo: nonclear.0588.jpg | Prob: 0.0000 | Threshold: 0.6000
2025-02-17 19:19:39 - Arquivo: nonclear.0589.jpg | Prob: 0.0000 | Threshold: 0.6000
2025-02-17 19:20:03 - Arquivo: nonclear.0590.jpg | Prob: 0.0000 | Threshold: 0.6000
2025-02-17 19:20:53 - Arquivo: nonclear.0591.jpg | Prob: 0.0000 | Threshold: 0.6000
2025-02-17 19:21:18 - Arquivo: nonclear.0592.jpg | Prob: 0.0000 | Threshold: 0.6000
2025-02-17 19:21:42 - Arquivo: nonclear.0593.jpg | Prob: 0.0000 | Threshold: 0.6000
2025-02-17 19:22:08 - Arquivo: nonclear.0594.jpg | Prob: 0.0000 | Threshold: 0.6000
2025-02-17 19:22:34 - Arquivo: nonclear.0595.jpg | Prob: 0.0000 | Threshold: 0.6000
2025-02-17 19:22:57 - Arquivo: nonclear.0596.jpg | Prob: 0.0001 | Threshold: 0.6000
2025-02-17 19:23:22 - Arquivo: nonclear.0597.jpg | Prob: 0.0001 | Threshold: 0.6000
2025-02-17 19:23:47 - Arquivo: nonclear.0598.jpg | Prob: 0.0000 | Threshold: 0.6000
2025-02-17 19:24:11 - Arquivo: nonclear.0599.jpg | Prob: 0.0000 | Threshold: 0.6000
2025-02-17 19:24:36 - Arquivo: nonclear.0600.jpg | Prob: 0.0000 | Threshold: 0.6000
2025-02-17 19:25:01 - Arquivo: nonclear.0601.jpg | Prob: 0.0000 | Threshold: 0.6000
2025-02-17 19:25:27 - Arquivo: nonclear.0602.jpg | Prob: 0.0001 | Threshold: 0.6000
2025-02-17 19:25:52 - Arquivo: nonclear.0603.jpg | Prob: 0.0000 | Threshold: 0.6000
2025-02-17 19:26:30 - Arquivo: nonclear.0604.jpg | Prob: 0.0000 | Threshold: 0.6000
2025-02-17 19:26:54 - Arquivo: nonclear.0605.jpg | Prob: 0.2839 | Threshold: 0.6000
2025-02-17 19:27:19 - Arquivo: nonclear.0606.jpg | Prob: 0.0000 | Threshold: 0.6000
2025-02-17 19:28:03 - Arquivo: nonclear.0607.jpg | Prob: 0.0000 | Threshold: 0.6000
2025-02-17 19:28:27 - Arquivo: nonclear.0608.jpg | Prob: 0.0000 | Threshold: 0.6000
2025-02-17 19:28:51 - Arquivo: nonclear.0609.jpg | Prob: 0.0000 | Threshold: 0.6000
2025-02-17 19:29:16 - Arquivo: nonclear.0610.jpg | Prob: 0.0000 | Threshold: 0.6000
2025-02-17 19:29:39 - Arquivo: nonclear.0611.jpg | Prob: 0.0000 | Threshold: 0.6000
2025-02-17 19:30:04 - Arquivo: nonclear.0612.jpg | Prob: 0.2320 | Threshold: 0.6000
2025-02-17 19:30:29 - Arquivo: nonclear.0613.jpg | Prob: 0.0000 | Threshold: 0.6000
2025-02-17 19:31:17 - Arquivo: nonclear.0614.jpg | Prob: 0.0000 | Threshold: 0.6000
2025-02-17 19:31:46 - Arquivo: nonclear.0615.jpg | Prob: 0.0000 | Threshold: 0.6000
2025-02-17 19:32:10 - Arquivo: nonclear.0616.jpg | Prob: 0.0000 | Threshold: 0.6000
2025-02-17 19:32:34 - Arquivo: nonclear.0617.jpg | Prob: 0.0003 | Threshold: 0.6000
2025-02-17 19:32:58 - Arquivo: nonclear.0618.jpg | Prob: 0.0000 | Threshold: 0.6000
2025-02-17 19:33:22 - Arquivo: nonclear.0619.jpg | Prob: 0.0012 | Threshold: 0.6000
2025-02-17 19:33:46 - Arquivo: nonclear.0620.jpg | Prob: 0.0000 | Threshold: 0.6000
2025-02-17 19:34:18 - Arquivo: nonclear.0621.jpg | Prob: 0.0000 | Threshold: 0.6000
2025-02-17 19:34:43 - Arquivo: nonclear.0622.jpg | Prob: 0.0000 | Threshold: 0.6000
2025-02-17 19:35:39 - Arquivo: nonclear.0623.jpg | Prob: 0.0000 | Threshold: 0.6000
2025-02-17 19:36:04 - Arquivo: nonclear.0624.jpg | Prob: 0.0000 | Threshold: 0.6000
2025-02-17 19:37:06 - Arquivo: nonclear.0625.jpg | Prob: 0.0000 | Threshold: 0.6000
2025-02-17 19:37:33 - Arquivo: nonclear.0626.jpg | Prob: 0.0013 | Threshold: 0.6000
2025-02-17 19:37:56 - Arquivo: nonclear.0627.jpg | Prob: 0.0000 | Threshold: 0.6000
2025-02-17 19:38:23 - Arquivo: nonclear.0628.jpg | Prob: 0.0000 | Threshold: 0.6000
2025-02-17 19:38:47 - Arquivo: nonclear.0629.jpg | Prob: 0.7749 | Threshold: 0.6000
2025-02-17 19:39:12 - Arquivo: nonclear.0630.jpg | Prob: 0.0000 | Threshold: 0.6000
2025-02-17 19:39:52 - Arquivo: nonclear.0631.jpg | Prob: 0.0000 | Threshold: 0.6000
2025-02-17 19:40:16 - Arquivo: nonclear.0632.jpg | Prob: 0.0000 | Threshold: 0.6000
2025-02-17 19:40:40 - Arquivo: nonclear.0633.jpg | Prob: 0.0000 | Threshold: 0.6000
2025-02-17 19:41:07 - Arquivo: nonclear.0634.jpg | Prob: 0.0000 | Threshold: 0.6000
2025-02-17 19:41:31 - Arquivo: nonclear.0635.jpg | Prob: 0.0021 | Threshold: 0.6000
2025-02-17 19:41:54 - Arquivo: nonclear.0636.jpg | Prob: 0.0000 | Threshold: 0.6000
2025-02-17 19:42:18 - Arquivo: nonclear.0637.jpg | Prob: 0.0001 | Threshold: 0.6000
2025-02-17 19:42:44 - Arquivo: nonclear.0638.jpg | Prob: 0.0000 | Threshold: 0.6000
2025-02-17 19:43:45 - Arquivo: nonclear.0639.jpg | Prob: 0.0000 | Threshold: 0.6000
2025-02-17 19:44:14 - Arquivo: nonclear.0640.jpg | Prob: 1.0000 | Threshold: 0.6000
2025-02-17 19:44:39 - Arquivo: nonclear.0641.jpg | Prob: 0.0060 | Threshold: 0.6000
2025-02-17 19:45:40 - Arquivo: nonclear.0642.jpg | Prob: 0.0000 | Threshold: 0.6000
2025-02-17 19:46:03 - Arquivo: nonclear.0643.jpg | Prob: 0.0000 | Threshold: 0.6000
2025-02-17 19:46:26 - Arquivo: nonclear.0644.jpg | Prob: 0.0000 | Threshold: 0.6000
2025-02-17 19:47:12 - Arquivo: nonclear.0645.jpg | Prob: 0.0000 | Threshold: 0.6000
2025-02-17 19:47:43 - Arquivo: nonclear.0646.jpg | Prob: 0.0002 | Threshold: 0.6000
2025-02-17 19:48:08 - Arquivo: nonclear.0647.jpg | Prob: 0.0000 | Threshold: 0.6000
2025-02-17 19:49:07 - Arquivo: nonclear.0648.jpg | Prob: 0.0000 | Threshold: 0.6000
2025-02-17 19:49:37 - Arquivo: nonclear.0649.jpg | Prob: 0.0000 | Threshold: 0.6000
2025-02-17 19:50:02 - Arquivo: nonclear.0650.jpg | Prob: 0.0001 | Threshold: 0.6000
2025-02-17 19:50:31 - Arquivo: nonclear.0651.jpg | Prob: 0.0000 | Threshold: 0.6000
2025-02-17 19:51:13 - Arquivo: nonclear.0652.jpg | Prob: 0.0000 | Threshold: 0.6000
2025-02-17 19:51:39 - Arquivo: nonclear.0653.jpg | Prob: 1.0000 | Threshold: 0.6000
2025-02-17 19:52:02 - Arquivo: nonclear.0654.jpg | Prob: 0.0000 | Threshold: 0.6000
2025-02-17 19:52:30 - Arquivo: nonclear.0655.jpg | Prob: 0.0000 | Threshold: 0.6000
2025-02-17 19:52:54 - Arquivo: nonclear.0656.jpg | Prob: 0.0001 | Threshold: 0.6000
2025-02-17 19:53:18 - Arquivo: nonclear.0657.jpg | Prob: 0.0000 | Threshold: 0.6000
2025-02-17 19:53:42 - Arquivo: nonclear.0658.jpg | Prob: 0.0000 | Threshold: 0.6000
2025-02-17 19:54:06 - Arquivo: nonclear.0659.jpg | Prob: 0.3137 | Threshold: 0.6000
2025-02-17 19:54:34 - Arquivo: nonclear.0660.jpg | Prob: 0.0000 | Threshold: 0.6000
2025-02-17 19:54:58 - Arquivo: nonclear.0661.jpg | Prob: 0.0000 | Threshold: 0.6000
2025-02-17 19:55:23 - Arquivo: nonclear.0662.jpg | Prob: 0.0000 | Threshold: 0.6000
2025-02-17 19:55:54 - Arquivo: nonclear.0663.jpg | Prob: 0.0000 | Threshold: 0.6000
2025-02-17 19:56:16 - Arquivo: nonclear.0664.jpg | Prob: 0.0000 | Threshold: 0.6000
2025-02-17 19:56:41 - Arquivo: nonclear.0665.jpg | Prob: 0.0000 | Threshold: 0.6000
2025-02-17 19:57:16 - Arquivo: nonclear.0666.jpg | Prob: 0.0000 | Threshold: 0.6000
2025-02-17 19:57:41 - Arquivo: nonclear.0667.jpg | Prob: 0.0000 | Threshold: 0.6000
2025-02-17 19:58:05 - Arquivo: nonclear.0668.jpg | Prob: 0.0000 | Threshold: 0.6000
2025-02-17 19:58:32 - Arquivo: nonclear.0669.jpg | Prob: 0.0000 | Threshold: 0.6000
2025-02-17 19:59:02 - Arquivo: nonclear.0670.jpg | Prob: 0.9998 | Threshold: 0.6000
2025-02-17 19:59:33 - Arquivo: nonclear.0671.jpg | Prob: 0.0000 | Threshold: 0.6000
2025-02-17 19:59:57 - Arquivo: nonclear.0672.jpg | Prob: 0.0000 | Threshold: 0.6000
2025-02-17 20:00:55 - Arquivo: nonclear.0673.jpg | Prob: 0.0000 | Threshold: 0.6000
2025-02-17 20:01:29 - Arquivo: nonclear.0674.jpg | Prob: 0.0000 | Threshold: 0.6000
2025-02-17 20:02:02 - Arquivo: nonclear.0675.jpg | Prob: 0.0000 | Threshold: 0.6000
2025-02-17 20:02:27 - Arquivo: nonclear.0676.jpg | Prob: 0.0000 | Threshold: 0.6000
2025-02-17 20:03:11 - Arquivo: nonclear.0677.jpg | Prob: 0.0000 | Threshold: 0.6000
2025-02-17 20:03:34 - Arquivo: nonclear.0678.jpg | Prob: 0.0002 | Threshold: 0.6000
2025-02-17 20:03:57 - Arquivo: nonclear.0679.jpg | Prob: 0.0000 | Threshold: 0.6000
2025-02-17 20:04:24 - Arquivo: nonclear.0680.jpg | Prob: 0.0000 | Threshold: 0.6000
2025-02-17 20:04:50 - Arquivo: nonclear.0681.jpg | Prob: 0.0000 | Threshold: 0.6000
2025-02-17 20:05:13 - Arquivo: nonclear.0682.jpg | Prob: 0.0000 | Threshold: 0.6000
2025-02-17 20:05:50 - Arquivo: nonclear.0683.jpg | Prob: 0.0000 | Threshold: 0.6000
2025-02-17 20:06:14 - Arquivo: nonclear.0684.jpg | Prob: 0.0000 | Threshold: 0.6000
2025-02-17 20:06:38 - Arquivo: nonclear.0685.jpg | Prob: 0.0000 | Threshold: 0.6000
2025-02-17 20:07:01 - Arquivo: nonclear.0686.jpg | Prob: 0.0000 | Threshold: 0.6000
2025-02-17 20:07:39 - Arquivo: nonclear.0687.jpg | Prob: 0.0525 | Threshold: 0.6000
2025-02-17 20:08:09 - Arquivo: nonclear.0688.jpg | Prob: 0.0105 | Threshold: 0.6000
2025-02-17 20:08:34 - Arquivo: nonclear.0689.jpg | Prob: 0.0000 | Threshold: 0.6000
2025-02-17 20:08:57 - Arquivo: nonclear.0690.jpg | Prob: 0.0000 | Threshold: 0.6000
2025-02-17 20:09:22 - Arquivo: nonclear.0691.jpg | Prob: 0.0000 | Threshold: 0.6000
2025-02-17 20:09:48 - Arquivo: nonclear.0692.jpg | Prob: 0.0000 | Threshold: 0.6000
2025-02-17 20:10:18 - Arquivo: nonclear.0693.jpg | Prob: 0.0000 | Threshold: 0.6000
2025-02-17 20:10:53 - Arquivo: nonclear.0694.jpg | Prob: 0.0000 | Threshold: 0.6000
2025-02-17 20:11:17 - Arquivo: nonclear.0695.jpg | Prob: 0.9959 | Threshold: 0.6000
2025-02-17 20:11:54 - Arquivo: nonclear.0696.jpg | Prob: 0.0001 | Threshold: 0.6000
2025-02-17 20:12:23 - Arquivo: nonclear.0697.jpg | Prob: 0.0000 | Threshold: 0.6000
2025-02-17 20:13:01 - Arquivo: nonclear.0698.jpg | Prob: 0.0000 | Threshold: 0.6000
2025-02-17 20:13:45 - Arquivo: nonclear.0699.jpg | Prob: 0.0000 | Threshold: 0.6000
2025-02-17 20:14:14 - Arquivo: nonclear.0700.jpg | Prob: 0.0010 | Threshold: 0.6000
2025-02-17 20:15:05 - Arquivo: nonclear.0701.jpg | Prob: 0.0016 | Threshold: 0.6000
2025-02-17 20:15:34 - Arquivo: nonclear.0702.jpg | Prob: 0.0000 | Threshold: 0.6000
2025-02-17 20:16:02 - Arquivo: nonclear.0703.jpg | Prob: 0.0000 | Threshold: 0.6000
2025-02-17 20:16:27 - Arquivo: nonclear.0704.jpg | Prob: 0.0000 | Threshold: 0.6000
2025-02-17 20:17:03 - Arquivo: nonclear.0705.jpg | Prob: 0.0000 | Threshold: 0.6000
2025-02-17 20:17:34 - Arquivo: nonclear.0706.jpg | Prob: 0.0000 | Threshold: 0.6000
2025-02-17 20:17:57 - Arquivo: nonclear.0707.jpg | Prob: 0.0000 | Threshold: 0.6000
2025-02-17 20:18:21 - Arquivo: nonclear.0708.jpg | Prob: 0.0000 | Threshold: 0.6000
2025-02-17 20:19:19 - Arquivo: nonclear.0709.jpg | Prob: 0.4581 | Threshold: 0.6000
2025-02-17 20:20:13 - Arquivo: nonclear.0710.jpg | Prob: 0.0000 | Threshold: 0.6000
2025-02-17 20:20:45 - Arquivo: nonclear.0711.jpg | Prob: 0.0000 | Threshold: 0.6000
2025-02-17 20:21:24 - Arquivo: nonclear.0712.jpg | Prob: 0.0000 | Threshold: 0.6000
2025-02-17 20:22:02 - Arquivo: nonclear.0713.jpg | Prob: 0.0000 | Threshold: 0.6000
2025-02-17 20:22:33 - Arquivo: nonclear.0714.jpg | Prob: 0.0000 | Threshold: 0.6000
2025-02-17 20:23:02 - Arquivo: nonclear.0715.jpg | Prob: 0.0000 | Threshold: 0.6000
2025-02-17 20:23:31 - Arquivo: nonclear.0716.jpg | Prob: 0.0000 | Threshold: 0.6000
2025-02-17 20:23:55 - Arquivo: nonclear.0717.jpg | Prob: 0.0000 | Threshold: 0.6000
2025-02-17 20:24:28 - Arquivo: nonclear.0718.jpg | Prob: 0.0000 | Threshold: 0.6000
2025-02-17 20:24:52 - Arquivo: nonclear.0719.jpg | Prob: 0.0000 | Threshold: 0.6000
2025-02-17 20:25:16 - Arquivo: nonclear.0720.jpg | Prob: 0.0000 | Threshold: 0.6000
2025-02-17 20:25:52 - Arquivo: nonclear.0721.jpg | Prob: 0.0000 | Threshold: 0.6000
2025-02-17 20:26:44 - Arquivo: nonclear.0722.jpg | Prob: 0.0000 | Threshold: 0.6000
2025-02-17 20:27:28 - Arquivo: nonclear.0723.jpg | Prob: 0.0000 | Threshold: 0.6000
2025-02-17 20:28:12 - Arquivo: nonclear.0724.jpg | Prob: 0.0000 | Threshold: 0.6000
2025-02-17 20:28:42 - Arquivo: nonclear.0725.jpg | Prob: 0.0000 | Threshold: 0.6000
2025-02-17 20:29:11 - Arquivo: nonclear.0726.jpg | Prob: 0.0000 | Threshold: 0.6000
2025-02-17 20:29:34 - Arquivo: nonclear.0727.jpg | Prob: 0.0000 | Threshold: 0.6000
2025-02-17 20:29:59 - Arquivo: nonclear.0728.jpg | Prob: 0.0441 | Threshold: 0.6000
2025-02-17 20:30:24 - Arquivo: nonclear.0729.jpg | Prob: 0.0001 | Threshold: 0.6000
2025-02-17 20:30:46 - Arquivo: nonclear.0730.jpg | Prob: 0.9612 | Threshold: 0.6000
2025-02-17 20:31:14 - Arquivo: nonclear.0731.jpg | Prob: 0.0000 | Threshold: 0.6000
2025-02-17 20:31:42 - Arquivo: nonclear.0732.jpg | Prob: 0.0000 | Threshold: 0.6000
2025-02-17 20:32:08 - Arquivo: nonclear.0733.jpg | Prob: 0.0000 | Threshold: 0.6000
2025-02-17 20:32:35 - Arquivo: nonclear.0734.jpg | Prob: 0.0000 | Threshold: 0.6000
2025-02-17 20:33:09 - Arquivo: nonclear.0735.jpg | Prob: 0.0000 | Threshold: 0.6000
2025-02-17 20:33:49 - Arquivo: nonclear.0736.jpg | Prob: 0.0000 | Threshold: 0.6000
2025-02-17 20:34:20 - Arquivo: nonclear.0737.jpg | Prob: 0.0000 | Threshold: 0.6000
2025-02-17 20:35:10 - Arquivo: nonclear.0738.jpg | Prob: 0.0000 | Threshold: 0.6000
2025-02-17 20:35:36 - Arquivo: nonclear.0739.jpg | Prob: 0.0000 | Threshold: 0.6000
2025-02-17 20:36:05 - Arquivo: nonclear.0740.jpg | Prob: 0.0000 | Threshold: 0.6000
2025-02-17 20:36:27 - Arquivo: nonclear.0741.jpg | Prob: 0.0001 | Threshold: 0.6000
2025-02-17 20:36:58 - Arquivo: nonclear.0742.jpg | Prob: 0.0097 | Threshold: 0.6000
2025-02-17 20:37:21 - Arquivo: nonclear.0743.jpg | Prob: 0.0000 | Threshold: 0.6000
2025-02-17 20:37:45 - Arquivo: nonclear.0744.jpg | Prob: 0.0000 | Threshold: 0.6000
2025-02-17 20:38:19 - Arquivo: nonclear.0745.jpg | Prob: 0.0000 | Threshold: 0.6000
2025-02-17 20:38:48 - Arquivo: nonclear.0746.jpg | Prob: 0.0000 | Threshold: 0.6000
2025-02-17 20:39:29 - Arquivo: nonclear.0747.jpg | Prob: 0.0000 | Threshold: 0.6000
2025-02-17 20:39:51 - Arquivo: nonclear.0748.jpg | Prob: 0.0000 | Threshold: 0.6000
2025-02-17 20:40:15 - Arquivo: nonclear.0749.jpg | Prob: 0.0000 | Threshold: 0.6000
2025-02-17 20:40:40 - Arquivo: nonclear.0750.jpg | Prob: 0.0000 | Threshold: 0.6000
2025-02-17 20:41:05 - Arquivo: nonclear.0751.jpg | Prob: 0.0000 | Threshold: 0.6000
2025-02-17 20:41:39 - Arquivo: nonclear.0752.jpg | Prob: 0.0001 | Threshold: 0.6000
2025-02-17 20:42:14 - Arquivo: nonclear.0753.jpg | Prob: 0.0000 | Threshold: 0.6000
2025-02-17 20:42:46 - Arquivo: nonclear.0754.jpg | Prob: 0.0000 | Threshold: 0.6000
2025-02-17 20:43:09 - Arquivo: nonclear.0755.jpg | Prob: 0.0000 | Threshold: 0.6000
2025-02-17 20:43:38 - Arquivo: nonclear.0756.jpg | Prob: 0.0000 | Threshold: 0.6000
2025-02-17 20:44:03 - Arquivo: nonclear.0757.jpg | Prob: 0.0000 | Threshold: 0.6000
2025-02-17 20:44:42 - Arquivo: nonclear.0758.jpg | Prob: 0.0000 | Threshold: 0.6000
2025-02-17 20:45:11 - Arquivo: nonclear.0759.jpg | Prob: 0.0000 | Threshold: 0.6000
2025-02-17 20:45:44 - Arquivo: nonclear.0760.jpg | Prob: 0.0000 | Threshold: 0.6000
2025-02-17 20:46:11 - Arquivo: nonclear.0761.jpg | Prob: 0.0000 | Threshold: 0.6000
2025-02-17 20:46:33 - Arquivo: nonclear.0762.jpg | Prob: 0.0000 | Threshold: 0.6000
2025-02-17 20:46:56 - Arquivo: nonclear.0763.jpg | Prob: 0.0000 | Threshold: 0.6000
2025-02-17 20:47:20 - Arquivo: nonclear.0764.jpg | Prob: 0.8081 | Threshold: 0.6000
2025-02-17 20:48:14 - Arquivo: nonclear.0765.jpg | Prob: 0.0041 | Threshold: 0.6000
2025-02-17 20:48:38 - Arquivo: nonclear.0766.jpg | Prob: 0.0001 | Threshold: 0.6000
2025-02-17 20:49:29 - Arquivo: nonclear.0767.jpg | Prob: 0.0001 | Threshold: 0.6000
2025-02-17 20:49:53 - Arquivo: nonclear.0768.jpg | Prob: 0.0000 | Threshold: 0.6000
2025-02-17 20:50:19 - Arquivo: nonclear.0769.jpg | Prob: 0.0000 | Threshold: 0.6000
2025-02-17 20:50:53 - Arquivo: nonclear.0770.jpg | Prob: 0.0000 | Threshold: 0.6000
2025-02-17 20:51:15 - Arquivo: nonclear.0771.jpg | Prob: 0.0001 | Threshold: 0.6000
2025-02-17 20:51:43 - Arquivo: nonclear.0772.jpg | Prob: 0.0000 | Threshold: 0.6000
2025-02-17 20:52:10 - Arquivo: nonclear.0773.jpg | Prob: 0.0000 | Threshold: 0.6000
2025-02-17 20:52:32 - Arquivo: nonclear.0774.jpg | Prob: 0.0001 | Threshold: 0.6000
2025-02-17 20:53:02 - Arquivo: nonclear.0775.jpg | Prob: 0.0000 | Threshold: 0.6000
2025-02-17 20:53:31 - Arquivo: nonclear.0776.jpg | Prob: 0.0000 | Threshold: 0.6000
2025-02-17 20:53:56 - Arquivo: nonclear.0777.jpg | Prob: 0.0000 | Threshold: 0.6000
2025-02-17 20:54:26 - Arquivo: nonclear.0778.jpg | Prob: 0.0000 | Threshold: 0.6000
2025-02-17 20:54:52 - Arquivo: nonclear.0779.jpg | Prob: 0.0000 | Threshold: 0.6000
2025-02-17 20:55:16 - Arquivo: nonclear.0780.jpg | Prob: 0.0000 | Threshold: 0.6000
2025-02-17 20:55:39 - Arquivo: nonclear.0781.jpg | Prob: 0.0000 | Threshold: 0.6000
2025-02-17 20:56:30 - Arquivo: nonclear.0782.jpg | Prob: 0.0000 | Threshold: 0.6000
2025-02-17 20:56:59 - Arquivo: nonclear.0783.jpg | Prob: 0.0000 | Threshold: 0.6000
2025-02-17 20:57:25 - Arquivo: nonclear.0784.jpg | Prob: 0.0000 | Threshold: 0.6000
2025-02-17 20:58:04 - Arquivo: nonclear.0785.jpg | Prob: 0.0000 | Threshold: 0.6000
2025-02-17 20:58:27 - Arquivo: nonclear.0786.jpg | Prob: 0.0000 | Threshold: 0.6000
2025-02-17 20:58:50 - Arquivo: nonclear.0787.jpg | Prob: 0.0000 | Threshold: 0.6000
2025-02-17 20:59:13 - Arquivo: nonclear.0788.jpg | Prob: 0.0000 | Threshold: 0.6000
2025-02-17 20:59:36 - Arquivo: nonclear.0789.jpg | Prob: 0.0000 | Threshold: 0.6000
2025-02-17 21:00:14 - Arquivo: nonclear.0790.jpg | Prob: 0.0000 | Threshold: 0.6000
2025-02-17 21:00:44 - Arquivo: nonclear.0791.jpg | Prob: 0.0000 | Threshold: 0.6000
2025-02-17 21:01:19 - Arquivo: nonclear.0792.jpg | Prob: 0.0000 | Threshold: 0.6000
2025-02-17 21:02:24 - Arquivo: nonclear.0793.jpg | Prob: 0.0000 | Threshold: 0.6000
2025-02-17 21:03:03 - Arquivo: nonclear.0794.jpg | Prob: 0.0000 | Threshold: 0.6000
2025-02-17 21:03:30 - Arquivo: nonclear.0795.jpg | Prob: 1.0000 | Threshold: 0.6000
2025-02-17 21:03:57 - Arquivo: nonclear.0796.jpg | Prob: 0.0000 | Threshold: 0.6000
2025-02-17 21:04:40 - Arquivo: nonclear.0797.jpg | Prob: 0.0000 | Threshold: 0.6000
2025-02-17 21:05:07 - Arquivo: nonclear.0798.jpg | Prob: 0.0000 | Threshold: 0.6000
2025-02-17 21:05:45 - Arquivo: nonclear.0799.jpg | Prob: 0.0000 | Threshold: 0.6000
2025-02-17 21:06:19 - Arquivo: nonclear.0800.jpg | Prob: 0.0000 | Threshold: 0.6000
2025-02-17 21:06:46 - Arquivo: nonclear.0801.jpg | Prob: 0.0000 | Threshold: 0.6000
2025-02-17 21:07:15 - Arquivo: nonclear.0802.jpg | Prob: 0.0000 | Threshold: 0.6000
2025-02-17 21:07:42 - Arquivo: nonclear.0803.jpg | Prob: 0.0000 | Threshold: 0.6000
2025-02-17 21:08:09 - Arquivo: nonclear.0804.jpg | Prob: 0.0000 | Threshold: 0.6000
2025-02-17 21:08:36 - Arquivo: nonclear.0805.jpg | Prob: 0.0000 | Threshold: 0.6000
2025-02-17 21:09:09 - Arquivo: nonclear.0806.jpg | Prob: 0.0003 | Threshold: 0.6000
2025-02-17 21:10:33 - Arquivo: nonclear.0807.jpg | Prob: 0.0000 | Threshold: 0.6000
2025-02-17 21:11:03 - Arquivo: nonclear.0808.jpg | Prob: 0.0000 | Threshold: 0.6000
2025-02-17 21:11:34 - Arquivo: nonclear.0809.jpg | Prob: 0.0000 | Threshold: 0.6000
2025-02-17 21:12:00 - Arquivo: nonclear.0810.jpg | Prob: 0.0000 | Threshold: 0.6000
2025-02-17 21:12:26 - Arquivo: nonclear.0811.jpg | Prob: 0.0000 | Threshold: 0.6000
2025-02-17 21:13:12 - Arquivo: nonclear.0812.jpg | Prob: 0.0000 | Threshold: 0.6000
2025-02-17 21:13:39 - Arquivo: nonclear.0813.jpg | Prob: 0.0000 | Threshold: 0.6000
2025-02-17 21:14:35 - Arquivo: nonclear.0814.jpg | Prob: 0.0000 | Threshold: 0.6000
2025-02-17 21:15:01 - Arquivo: nonclear.0815.jpg | Prob: 0.0000 | Threshold: 0.6000
2025-02-17 21:15:27 - Arquivo: nonclear.0816.jpg | Prob: 0.7882 | Threshold: 0.6000
2025-02-17 21:16:11 - Arquivo: nonclear.0817.jpg | Prob: 0.0393 | Threshold: 0.6000
2025-02-17 21:16:39 - Arquivo: nonclear.0818.jpg | Prob: 0.0000 | Threshold: 0.6000
2025-02-17 21:17:31 - Arquivo: nonclear.0819.jpg | Prob: 1.0000 | Threshold: 0.6000
2025-02-17 21:18:15 - Arquivo: nonclear.0820.jpeg | Prob: 0.0000 | Threshold: 0.6000
2025-02-17 21:18:46 - Arquivo: nonclear.0821.jpeg | Prob: 0.0000 | Threshold: 0.6000
2025-02-17 21:19:15 - Arquivo: nonclear.0822.jpeg | Prob: 0.0000 | Threshold: 0.6000
2025-02-17 21:20:00 - Arquivo: nonclear.0823.jpeg | Prob: 0.0000 | Threshold: 0.6000
2025-02-17 21:20:32 - Arquivo: nonclear.0824.jpeg | Prob: 0.0000 | Threshold: 0.6000
2025-02-17 21:20:59 - Arquivo: nonclear.0825.jpg | Prob: 0.0000 | Threshold: 0.6000
2025-02-17 21:21:25 - Arquivo: nonclear.0826.jpg | Prob: 0.6412 | Threshold: 0.6000
2025-02-17 21:21:53 - Arquivo: nonclear.0827.jpg | Prob: 0.0000 | Threshold: 0.6000
2025-02-17 21:22:46 - Arquivo: nonclear.0828.jpg | Prob: 0.0000 | Threshold: 0.6000
2025-02-17 21:23:13 - Arquivo: nonclear.0829.jpg | Prob: 0.0027 | Threshold: 0.6000
2025-02-17 21:23:41 - Arquivo: nonclear.0830.jpg | Prob: 0.0000 | Threshold: 0.6000
2025-02-17 21:24:11 - Arquivo: nonclear.0831.jpg | Prob: 0.0000 | Threshold: 0.6000
2025-02-17 21:24:39 - Arquivo: nonclear.0832.jpg | Prob: 0.0000 | Threshold: 0.6000
2025-02-17 21:25:07 - Arquivo: nonclear.0833.jpg | Prob: 0.0000 | Threshold: 0.6000
2025-02-17 21:25:32 - Arquivo: nonclear.0834.jpg | Prob: 0.0000 | Threshold: 0.6000
2025-02-17 21:26:00 - Arquivo: nonclear.0835.jpg | Prob: 0.0000 | Threshold: 0.6000
2025-02-17 21:26:26 - Arquivo: nonclear.0836.jpg | Prob: 0.0000 | Threshold: 0.6000
2025-02-17 21:26:54 - Arquivo: nonclear.0837.jpg | Prob: 0.0000 | Threshold: 0.6000
2025-02-17 21:27:25 - Arquivo: nonclear.0838.jpeg | Prob: 0.0654 | Threshold: 0.6000
2025-02-17 21:27:59 - Arquivo: nonclear.0839.jpg | Prob: 0.0000 | Threshold: 0.6000
2025-02-17 21:28:24 - Arquivo: nonclear.0840.jpg | Prob: 0.0000 | Threshold: 0.6000
2025-02-17 21:28:50 - Arquivo: nonclear.0841.jpg | Prob: 0.0000 | Threshold: 0.6000
2025-02-17 21:29:16 - Arquivo: nonclear.0842.jpg | Prob: 0.0000 | Threshold: 0.6000
2025-02-17 21:29:42 - Arquivo: nonclear.0843.jpg | Prob: 0.0000 | Threshold: 0.6000
2025-02-17 21:30:06 - Arquivo: nonclear.0844.jpg | Prob: 0.0000 | Threshold: 0.6000
2025-02-17 21:30:32 - Arquivo: nonclear.0845.jpg | Prob: 0.0000 | Threshold: 0.6000
2025-02-17 21:31:15 - Arquivo: nonclear.0846.jpg | Prob: 0.0000 | Threshold: 0.6000
2025-02-17 21:31:42 - Arquivo: nonclear.0847.jpg | Prob: 0.0000 | Threshold: 0.6000
2025-02-17 21:32:06 - Arquivo: nonclear.0848.jpg | Prob: 0.0000 | Threshold: 0.6000
2025-02-17 21:32:37 - Arquivo: nonclear.0849.jpg | Prob: 0.0000 | Threshold: 0.6000
2025-02-17 21:33:06 - Arquivo: nonclear.0850.jpg | Prob: 0.0000 | Threshold: 0.6000
2025-02-17 21:33:30 - Arquivo: nonclear.0851.jpg | Prob: 0.0000 | Threshold: 0.6000
2025-02-17 21:34:05 - Arquivo: nonclear.0852.jpg | Prob: 0.0000 | Threshold: 0.6000
2025-02-17 21:34:30 - Arquivo: nonclear.0853.jpg | Prob: 0.0000 | Threshold: 0.6000
2025-02-17 21:35:34 - Arquivo: nonclear.0854.jpg | Prob: 0.0000 | Threshold: 0.6000
2025-02-17 21:35:58 - Arquivo: nonclear.0855.jpg | Prob: 0.0046 | Threshold: 0.6000
2025-02-17 21:36:23 - Arquivo: nonclear.0856.jpg | Prob: 0.0007 | Threshold: 0.6000
2025-02-17 21:37:06 - Arquivo: nonclear.0857.jpg | Prob: 0.0000 | Threshold: 0.6000
2025-02-17 21:37:33 - Arquivo: nonclear.0858.jpg | Prob: 0.0000 | Threshold: 0.6000
2025-02-17 21:37:59 - Arquivo: nonclear.0859.jpg | Prob: 0.0000 | Threshold: 0.6000
2025-02-17 21:38:23 - Arquivo: nonclear.0860.jpg | Prob: 0.9420 | Threshold: 0.6000
2025-02-17 21:38:47 - Arquivo: nonclear.0861.jpg | Prob: 0.0000 | Threshold: 0.6000
2025-02-17 21:39:12 - Arquivo: nonclear.0862.jpg | Prob: 0.0000 | Threshold: 0.6000
2025-02-17 21:39:41 - Arquivo: nonclear.0863.jpg | Prob: 0.0000 | Threshold: 0.6000
2025-02-17 21:40:06 - Arquivo: nonclear.0864.jpg | Prob: 0.0000 | Threshold: 0.6000
2025-02-17 21:40:34 - Arquivo: nonclear.0865.jpg | Prob: 0.0001 | Threshold: 0.6000
2025-02-17 21:41:00 - Arquivo: nonclear.0866.jpg | Prob: 0.0000 | Threshold: 0.6000
2025-02-17 21:41:41 - Arquivo: nonclear.0867.jpeg | Prob: 0.0000 | Threshold: 0.6000
2025-02-17 21:42:06 - Arquivo: nonclear.0868.jpeg | Prob: 0.0000 | Threshold: 0.6000
2025-02-17 21:42:35 - Arquivo: nonclear.0869.jpeg | Prob: 0.0000 | Threshold: 0.6000
2025-02-17 21:43:03 - Arquivo: nonclear.0870.jpeg | Prob: 0.0000 | Threshold: 0.6000
2025-02-17 21:43:28 - Arquivo: nonclear.0871.jpeg | Prob: 0.0000 | Threshold: 0.6000
2025-02-17 21:44:09 - Arquivo: nonclear.0872.jpeg | Prob: 0.0000 | Threshold: 0.6000
2025-02-17 21:44:37 - Arquivo: nonclear.0873.jpg | Prob: 0.0000 | Threshold: 0.6000
2025-02-17 21:45:03 - Arquivo: nonclear.0874.jpg | Prob: 0.0000 | Threshold: 0.6000
2025-02-17 21:45:27 - Arquivo: nonclear.0875.jpg | Prob: 0.0000 | Threshold: 0.6000
